2020-09-15 17:25:38,271 INFO org.springframework.boot.StartupInfoLogger [restartedMain] Starting PulseWorkFlowApplication on Arjun-PC with PID 9500 (D:\GSS\Dev-WorkSpace\PulseWorkForce\PulseWorkFlow\target\classes started by Arjun in D:\GSS\Dev-WorkSpace\PulseWorkForce\PulseWorkFlow)
2020-09-15 17:25:38,273 INFO org.springframework.boot.SpringApplication [restartedMain] No active profile set, falling back to default profiles: default
2020-09-15 17:25:38,715 INFO org.springframework.data.repository.config.RepositoryConfigurationDelegate [restartedMain] Multiple Spring Data modules found, entering strict repository configuration mode!
2020-09-15 17:25:38,716 INFO org.springframework.data.repository.config.RepositoryConfigurationDelegate [restartedMain] Bootstrapping Spring Data JDBC repositories in DEFAULT mode.
2020-09-15 17:25:38,726 INFO org.springframework.data.repository.config.RepositoryConfigurationExtensionSupport [restartedMain] Spring Data JDBC - Could not safely identify store assignment for repository candidate interface com.gss.pulseworkflow.dao.UserRepository. If you want this repository to be a JDBC repository, consider annotating your entities with one of these annotations: org.springframework.data.relational.core.mapping.Table.
2020-09-15 17:25:38,727 INFO org.springframework.data.repository.config.RepositoryConfigurationDelegate [restartedMain] Finished Spring Data repository scanning in 10ms. Found 0 JDBC repository interfaces.
2020-09-15 17:25:38,738 INFO org.springframework.data.repository.config.RepositoryConfigurationDelegate [restartedMain] Multiple Spring Data modules found, entering strict repository configuration mode!
2020-09-15 17:25:38,738 INFO org.springframework.data.repository.config.RepositoryConfigurationDelegate [restartedMain] Bootstrapping Spring Data JPA repositories in DEFERRED mode.
2020-09-15 17:25:38,748 INFO org.springframework.data.repository.config.RepositoryConfigurationDelegate [restartedMain] Finished Spring Data repository scanning in 9ms. Found 1 JPA repository interfaces.
2020-09-15 17:25:38,979 INFO org.springframework.boot.web.embedded.tomcat.TomcatWebServer [restartedMain] Tomcat initialized with port(s): 2011 (http)
2020-09-15 17:25:38,980 INFO org.apache.juli.logging.DirectJDKLog [restartedMain] Starting service [Tomcat]
2020-09-15 17:25:38,980 INFO org.apache.juli.logging.DirectJDKLog [restartedMain] Starting Servlet engine: [Apache Tomcat/9.0.37]
2020-09-15 17:25:38,995 INFO org.apache.juli.logging.DirectJDKLog [restartedMain] Initializing Spring embedded WebApplicationContext
2020-09-15 17:25:38,995 INFO org.springframework.boot.web.servlet.context.ServletWebServerApplicationContext [restartedMain] Root WebApplicationContext: initialization completed in 717 ms
2020-09-15 17:25:39,245 INFO org.springframework.scheduling.concurrent.ExecutorConfigurationSupport [restartedMain] Initializing ExecutorService 'applicationTaskExecutor'
2020-09-15 17:25:39,257 INFO org.hibernate.jpa.internal.util.LogHelper [task-1] HHH000204: Processing PersistenceUnitInfo [name: default]
2020-09-15 17:25:39,273 INFO com.zaxxer.hikari.HikariDataSource [task-1] HikariPool-6 - Starting...
2020-09-15 17:25:39,328 WARN org.springframework.boot.autoconfigure.orm.jpa.JpaBaseConfiguration$JpaWebConfiguration [restartedMain] spring.jpa.open-in-view is enabled by default. Therefore, database queries may be performed during view rendering. Explicitly configure spring.jpa.open-in-view to disable this warning
2020-09-15 17:25:41,815 INFO com.zaxxer.hikari.HikariDataSource [task-1] HikariPool-6 - Start completed.
2020-09-15 17:25:41,817 INFO org.hibernate.dialect.Dialect [task-1] HHH000400: Using dialect: org.hibernate.dialect.MySQL5InnoDBDialect
2020-09-15 17:25:43,592 INFO org.hibernate.engine.transaction.jta.platform.internal.JtaPlatformInitiator [task-1] HHH000490: Using JtaPlatform implementation: [org.hibernate.engine.transaction.jta.platform.internal.NoJtaPlatform]
2020-09-15 17:25:43,593 INFO org.springframework.orm.jpa.AbstractEntityManagerFactoryBean [task-1] Initialized JPA EntityManagerFactory for persistence unit 'default'
2020-09-15 17:25:43,602 INFO org.springframework.boot.devtools.autoconfigure.OptionalLiveReloadServer [task-2] LiveReload server is running on port 35729
2020-09-15 17:25:43,926 INFO org.springframework.boot.actuate.endpoint.web.EndpointLinksResolver [restartedMain] Exposing 2 endpoint(s) beneath base path '/actuator'
2020-09-15 17:25:44,068 INFO org.springframework.boot.web.embedded.tomcat.TomcatWebServer [restartedMain] Tomcat started on port(s): 2011 (http) with context path ''
2020-09-15 17:25:44,070 INFO org.springframework.data.repository.config.DeferredRepositoryInitializationListener [restartedMain] Triggering deferred initialization of Spring Data repositories…
2020-09-15 17:25:44,203 INFO org.springframework.data.repository.config.DeferredRepositoryInitializationListener [restartedMain] Spring Data repositories initialized!
2020-09-15 17:25:44,231 INFO org.springframework.boot.StartupInfoLogger [restartedMain] Started PulseWorkFlowApplication in 6.157 seconds (JVM running for 4630.946)
2020-09-15 17:25:44,377 INFO org.springframework.boot.devtools.autoconfigure.ConditionEvaluationDeltaLoggingListener [restartedMain] Condition evaluation unchanged
2020-09-15 17:26:41,309 INFO org.apache.juli.logging.DirectJDKLog [http-nio-2011-exec-3] Initializing Spring DispatcherServlet 'dispatcherServlet'
2020-09-15 17:26:41,310 INFO org.springframework.web.servlet.FrameworkServlet [http-nio-2011-exec-3] Initializing Servlet 'dispatcherServlet'
2020-09-15 17:26:41,317 INFO org.springframework.web.servlet.FrameworkServlet [http-nio-2011-exec-3] Completed initialization in 7 ms
2020-09-15 17:27:51,850 INFO org.springframework.orm.jpa.AbstractEntityManagerFactoryBean [Thread-33] Closing JPA EntityManagerFactory for persistence unit 'default'
2020-09-15 17:27:51,851 INFO org.springframework.scheduling.concurrent.ExecutorConfigurationSupport [Thread-33] Shutting down ExecutorService 'applicationTaskExecutor'
2020-09-15 17:27:51,852 INFO com.zaxxer.hikari.HikariDataSource [Thread-33] HikariPool-6 - Shutdown initiated...
2020-09-15 17:27:51,862 INFO com.zaxxer.hikari.HikariDataSource [Thread-33] HikariPool-6 - Shutdown completed.
2020-09-15 17:27:52,701 INFO org.springframework.boot.StartupInfoLogger [restartedMain] Starting PulseWorkFlowApplication on Arjun-PC with PID 9500 (D:\GSS\Dev-WorkSpace\PulseWorkForce\PulseWorkFlow\target\classes started by Arjun in D:\GSS\Dev-WorkSpace\PulseWorkForce\PulseWorkFlow)
2020-09-15 17:27:52,702 INFO org.springframework.boot.SpringApplication [restartedMain] No active profile set, falling back to default profiles: default
2020-09-15 17:27:53,262 INFO org.springframework.data.repository.config.RepositoryConfigurationDelegate [restartedMain] Multiple Spring Data modules found, entering strict repository configuration mode!
2020-09-15 17:27:53,262 INFO org.springframework.data.repository.config.RepositoryConfigurationDelegate [restartedMain] Bootstrapping Spring Data JDBC repositories in DEFAULT mode.
2020-09-15 17:27:53,272 INFO org.springframework.data.repository.config.RepositoryConfigurationExtensionSupport [restartedMain] Spring Data JDBC - Could not safely identify store assignment for repository candidate interface com.gss.pulseworkflow.dao.UserRepository. If you want this repository to be a JDBC repository, consider annotating your entities with one of these annotations: org.springframework.data.relational.core.mapping.Table.
2020-09-15 17:27:53,272 INFO org.springframework.data.repository.config.RepositoryConfigurationDelegate [restartedMain] Finished Spring Data repository scanning in 9ms. Found 0 JDBC repository interfaces.
2020-09-15 17:27:53,282 INFO org.springframework.data.repository.config.RepositoryConfigurationDelegate [restartedMain] Multiple Spring Data modules found, entering strict repository configuration mode!
2020-09-15 17:27:53,283 INFO org.springframework.data.repository.config.RepositoryConfigurationDelegate [restartedMain] Bootstrapping Spring Data JPA repositories in DEFERRED mode.
2020-09-15 17:27:53,295 INFO org.springframework.data.repository.config.RepositoryConfigurationDelegate [restartedMain] Finished Spring Data repository scanning in 11ms. Found 1 JPA repository interfaces.
2020-09-15 17:27:53,534 INFO org.springframework.boot.web.embedded.tomcat.TomcatWebServer [restartedMain] Tomcat initialized with port(s): 2011 (http)
2020-09-15 17:27:53,535 INFO org.apache.juli.logging.DirectJDKLog [restartedMain] Starting service [Tomcat]
2020-09-15 17:27:53,536 INFO org.apache.juli.logging.DirectJDKLog [restartedMain] Starting Servlet engine: [Apache Tomcat/9.0.37]
2020-09-15 17:27:53,551 INFO org.apache.juli.logging.DirectJDKLog [restartedMain] Initializing Spring embedded WebApplicationContext
2020-09-15 17:27:53,551 INFO org.springframework.boot.web.servlet.context.ServletWebServerApplicationContext [restartedMain] Root WebApplicationContext: initialization completed in 844 ms
2020-09-15 17:27:53,726 INFO org.springframework.scheduling.concurrent.ExecutorConfigurationSupport [restartedMain] Initializing ExecutorService 'applicationTaskExecutor'
2020-09-15 17:27:53,776 INFO org.hibernate.jpa.internal.util.LogHelper [task-1] HHH000204: Processing PersistenceUnitInfo [name: default]
2020-09-15 17:27:53,794 INFO com.zaxxer.hikari.HikariDataSource [task-1] HikariPool-7 - Starting...
2020-09-15 17:27:53,819 WARN org.springframework.boot.autoconfigure.orm.jpa.JpaBaseConfiguration$JpaWebConfiguration [restartedMain] spring.jpa.open-in-view is enabled by default. Therefore, database queries may be performed during view rendering. Explicitly configure spring.jpa.open-in-view to disable this warning
2020-09-15 17:27:56,503 INFO com.zaxxer.hikari.HikariDataSource [task-1] HikariPool-7 - Start completed.
2020-09-15 17:27:56,504 INFO org.hibernate.dialect.Dialect [task-1] HHH000400: Using dialect: org.hibernate.dialect.MySQL5InnoDBDialect
2020-09-15 17:27:58,292 INFO org.hibernate.engine.transaction.jta.platform.internal.JtaPlatformInitiator [task-1] HHH000490: Using JtaPlatform implementation: [org.hibernate.engine.transaction.jta.platform.internal.NoJtaPlatform]
2020-09-15 17:27:58,293 INFO org.springframework.orm.jpa.AbstractEntityManagerFactoryBean [task-1] Initialized JPA EntityManagerFactory for persistence unit 'default'
2020-09-15 17:27:58,308 INFO org.springframework.boot.devtools.autoconfigure.OptionalLiveReloadServer [task-2] LiveReload server is running on port 35729
2020-09-15 17:27:58,613 INFO org.springframework.boot.actuate.endpoint.web.EndpointLinksResolver [restartedMain] Exposing 2 endpoint(s) beneath base path '/actuator'
2020-09-15 17:27:58,659 INFO org.springframework.boot.web.embedded.tomcat.TomcatWebServer [restartedMain] Tomcat started on port(s): 2011 (http) with context path ''
2020-09-15 17:27:58,662 INFO org.springframework.data.repository.config.DeferredRepositoryInitializationListener [restartedMain] Triggering deferred initialization of Spring Data repositories…
2020-09-15 17:27:58,762 INFO org.springframework.data.repository.config.DeferredRepositoryInitializationListener [restartedMain] Spring Data repositories initialized!
2020-09-15 17:27:58,784 INFO org.springframework.boot.StartupInfoLogger [restartedMain] Started PulseWorkFlowApplication in 6.145 seconds (JVM running for 4765.495)
2020-09-15 17:27:58,790 INFO org.springframework.boot.devtools.autoconfigure.ConditionEvaluationDeltaLoggingListener [restartedMain] Condition evaluation unchanged
2020-09-15 17:28:06,697 INFO org.springframework.orm.jpa.AbstractEntityManagerFactoryBean [Thread-38] Closing JPA EntityManagerFactory for persistence unit 'default'
2020-09-15 17:28:06,698 INFO org.springframework.scheduling.concurrent.ExecutorConfigurationSupport [Thread-38] Shutting down ExecutorService 'applicationTaskExecutor'
2020-09-15 17:28:06,700 INFO com.zaxxer.hikari.HikariDataSource [Thread-38] HikariPool-7 - Shutdown initiated...
2020-09-15 17:28:07,939 INFO com.zaxxer.hikari.HikariDataSource [Thread-38] HikariPool-7 - Shutdown completed.
2020-09-15 17:28:08,956 INFO org.springframework.boot.StartupInfoLogger [restartedMain] Starting PulseWorkFlowApplication on Arjun-PC with PID 9500 (D:\GSS\Dev-WorkSpace\PulseWorkForce\PulseWorkFlow\target\classes started by Arjun in D:\GSS\Dev-WorkSpace\PulseWorkForce\PulseWorkFlow)
2020-09-15 17:28:08,957 INFO org.springframework.boot.SpringApplication [restartedMain] No active profile set, falling back to default profiles: default
2020-09-15 17:28:09,565 INFO org.springframework.data.repository.config.RepositoryConfigurationDelegate [restartedMain] Multiple Spring Data modules found, entering strict repository configuration mode!
2020-09-15 17:28:09,566 INFO org.springframework.data.repository.config.RepositoryConfigurationDelegate [restartedMain] Bootstrapping Spring Data JDBC repositories in DEFAULT mode.
2020-09-15 17:28:09,575 INFO org.springframework.data.repository.config.RepositoryConfigurationExtensionSupport [restartedMain] Spring Data JDBC - Could not safely identify store assignment for repository candidate interface com.gss.pulseworkflow.dao.UserRepository. If you want this repository to be a JDBC repository, consider annotating your entities with one of these annotations: org.springframework.data.relational.core.mapping.Table.
2020-09-15 17:28:09,576 INFO org.springframework.data.repository.config.RepositoryConfigurationDelegate [restartedMain] Finished Spring Data repository scanning in 9ms. Found 0 JDBC repository interfaces.
2020-09-15 17:28:09,583 INFO org.springframework.data.repository.config.RepositoryConfigurationDelegate [restartedMain] Multiple Spring Data modules found, entering strict repository configuration mode!
2020-09-15 17:28:09,583 INFO org.springframework.data.repository.config.RepositoryConfigurationDelegate [restartedMain] Bootstrapping Spring Data JPA repositories in DEFERRED mode.
2020-09-15 17:28:09,596 INFO org.springframework.data.repository.config.RepositoryConfigurationDelegate [restartedMain] Finished Spring Data repository scanning in 12ms. Found 1 JPA repository interfaces.
2020-09-15 17:28:09,851 INFO org.springframework.boot.web.embedded.tomcat.TomcatWebServer [restartedMain] Tomcat initialized with port(s): 2011 (http)
2020-09-15 17:28:09,852 INFO org.apache.juli.logging.DirectJDKLog [restartedMain] Starting service [Tomcat]
2020-09-15 17:28:09,853 INFO org.apache.juli.logging.DirectJDKLog [restartedMain] Starting Servlet engine: [Apache Tomcat/9.0.37]
2020-09-15 17:28:09,872 INFO org.apache.juli.logging.DirectJDKLog [restartedMain] Initializing Spring embedded WebApplicationContext
2020-09-15 17:28:09,873 INFO org.springframework.boot.web.servlet.context.ServletWebServerApplicationContext [restartedMain] Root WebApplicationContext: initialization completed in 907 ms
2020-09-15 17:28:10,066 INFO org.springframework.scheduling.concurrent.ExecutorConfigurationSupport [restartedMain] Initializing ExecutorService 'applicationTaskExecutor'
2020-09-15 17:28:10,083 INFO org.hibernate.jpa.internal.util.LogHelper [task-1] HHH000204: Processing PersistenceUnitInfo [name: default]
2020-09-15 17:28:10,099 INFO com.zaxxer.hikari.HikariDataSource [task-1] HikariPool-8 - Starting...
2020-09-15 17:28:10,159 WARN org.springframework.boot.autoconfigure.orm.jpa.JpaBaseConfiguration$JpaWebConfiguration [restartedMain] spring.jpa.open-in-view is enabled by default. Therefore, database queries may be performed during view rendering. Explicitly configure spring.jpa.open-in-view to disable this warning
2020-09-15 17:28:12,944 INFO com.zaxxer.hikari.HikariDataSource [task-1] HikariPool-8 - Start completed.
2020-09-15 17:28:12,945 INFO org.hibernate.dialect.Dialect [task-1] HHH000400: Using dialect: org.hibernate.dialect.MySQL5InnoDBDialect
2020-09-15 17:28:14,822 INFO org.hibernate.engine.transaction.jta.platform.internal.JtaPlatformInitiator [task-1] HHH000490: Using JtaPlatform implementation: [org.hibernate.engine.transaction.jta.platform.internal.NoJtaPlatform]
2020-09-15 17:28:14,823 INFO org.springframework.orm.jpa.AbstractEntityManagerFactoryBean [task-1] Initialized JPA EntityManagerFactory for persistence unit 'default'
2020-09-15 17:28:14,837 INFO org.springframework.boot.devtools.autoconfigure.OptionalLiveReloadServer [task-2] LiveReload server is running on port 35729
2020-09-15 17:28:15,203 INFO org.springframework.boot.actuate.endpoint.web.EndpointLinksResolver [restartedMain] Exposing 2 endpoint(s) beneath base path '/actuator'
2020-09-15 17:28:15,342 INFO org.springframework.boot.web.embedded.tomcat.TomcatWebServer [restartedMain] Tomcat started on port(s): 2011 (http) with context path ''
2020-09-15 17:28:15,345 INFO org.springframework.data.repository.config.DeferredRepositoryInitializationListener [restartedMain] Triggering deferred initialization of Spring Data repositories…
2020-09-15 17:28:15,484 INFO org.springframework.data.repository.config.DeferredRepositoryInitializationListener [restartedMain] Spring Data repositories initialized!
2020-09-15 17:28:15,519 INFO org.springframework.boot.StartupInfoLogger [restartedMain] Started PulseWorkFlowApplication in 6.715 seconds (JVM running for 4782.229)
2020-09-15 17:28:15,527 INFO org.springframework.boot.devtools.autoconfigure.ConditionEvaluationDeltaLoggingListener [restartedMain] Condition evaluation unchanged
2020-09-15 17:28:17,203 INFO org.springframework.orm.jpa.AbstractEntityManagerFactoryBean [Thread-43] Closing JPA EntityManagerFactory for persistence unit 'default'
2020-09-15 17:28:17,205 INFO org.springframework.scheduling.concurrent.ExecutorConfigurationSupport [Thread-43] Shutting down ExecutorService 'applicationTaskExecutor'
2020-09-15 17:28:17,206 INFO com.zaxxer.hikari.HikariDataSource [Thread-43] HikariPool-8 - Shutdown initiated...
2020-09-15 17:28:17,364 INFO com.zaxxer.hikari.HikariDataSource [Thread-43] HikariPool-8 - Shutdown completed.
2020-09-15 17:28:18,190 INFO org.springframework.boot.StartupInfoLogger [restartedMain] Starting PulseWorkFlowApplication on Arjun-PC with PID 9500 (D:\GSS\Dev-WorkSpace\PulseWorkForce\PulseWorkFlow\target\classes started by Arjun in D:\GSS\Dev-WorkSpace\PulseWorkForce\PulseWorkFlow)
2020-09-15 17:28:18,191 INFO org.springframework.boot.SpringApplication [restartedMain] No active profile set, falling back to default profiles: default
2020-09-15 17:28:18,690 INFO org.springframework.data.repository.config.RepositoryConfigurationDelegate [restartedMain] Multiple Spring Data modules found, entering strict repository configuration mode!
2020-09-15 17:28:18,691 INFO org.springframework.data.repository.config.RepositoryConfigurationDelegate [restartedMain] Bootstrapping Spring Data JDBC repositories in DEFAULT mode.
2020-09-15 17:28:18,707 INFO org.springframework.data.repository.config.RepositoryConfigurationExtensionSupport [restartedMain] Spring Data JDBC - Could not safely identify store assignment for repository candidate interface com.gss.pulseworkflow.dao.UserRepository. If you want this repository to be a JDBC repository, consider annotating your entities with one of these annotations: org.springframework.data.relational.core.mapping.Table.
2020-09-15 17:28:18,707 INFO org.springframework.data.repository.config.RepositoryConfigurationDelegate [restartedMain] Finished Spring Data repository scanning in 7ms. Found 0 JDBC repository interfaces.
2020-09-15 17:28:18,726 INFO org.springframework.data.repository.config.RepositoryConfigurationDelegate [restartedMain] Multiple Spring Data modules found, entering strict repository configuration mode!
2020-09-15 17:28:18,727 INFO org.springframework.data.repository.config.RepositoryConfigurationDelegate [restartedMain] Bootstrapping Spring Data JPA repositories in DEFERRED mode.
2020-09-15 17:28:18,740 INFO org.springframework.data.repository.config.RepositoryConfigurationDelegate [restartedMain] Finished Spring Data repository scanning in 12ms. Found 1 JPA repository interfaces.
2020-09-15 17:28:19,060 INFO org.springframework.boot.web.embedded.tomcat.TomcatWebServer [restartedMain] Tomcat initialized with port(s): 2011 (http)
2020-09-15 17:28:19,061 INFO org.apache.juli.logging.DirectJDKLog [restartedMain] Starting service [Tomcat]
2020-09-15 17:28:19,061 INFO org.apache.juli.logging.DirectJDKLog [restartedMain] Starting Servlet engine: [Apache Tomcat/9.0.37]
2020-09-15 17:28:19,075 INFO org.apache.juli.logging.DirectJDKLog [restartedMain] Initializing Spring embedded WebApplicationContext
2020-09-15 17:28:19,075 INFO org.springframework.boot.web.servlet.context.ServletWebServerApplicationContext [restartedMain] Root WebApplicationContext: initialization completed in 879 ms
2020-09-15 17:28:19,252 INFO org.springframework.scheduling.concurrent.ExecutorConfigurationSupport [restartedMain] Initializing ExecutorService 'applicationTaskExecutor'
2020-09-15 17:28:19,272 INFO org.hibernate.jpa.internal.util.LogHelper [task-1] HHH000204: Processing PersistenceUnitInfo [name: default]
2020-09-15 17:28:19,291 INFO com.zaxxer.hikari.HikariDataSource [task-1] HikariPool-9 - Starting...
2020-09-15 17:28:19,397 WARN org.springframework.boot.autoconfigure.orm.jpa.JpaBaseConfiguration$JpaWebConfiguration [restartedMain] spring.jpa.open-in-view is enabled by default. Therefore, database queries may be performed during view rendering. Explicitly configure spring.jpa.open-in-view to disable this warning
2020-09-15 17:28:22,233 INFO com.zaxxer.hikari.HikariDataSource [task-1] HikariPool-9 - Start completed.
2020-09-15 17:28:22,235 INFO org.hibernate.dialect.Dialect [task-1] HHH000400: Using dialect: org.hibernate.dialect.MySQL5InnoDBDialect
2020-09-15 17:28:24,172 INFO org.hibernate.engine.transaction.jta.platform.internal.JtaPlatformInitiator [task-1] HHH000490: Using JtaPlatform implementation: [org.hibernate.engine.transaction.jta.platform.internal.NoJtaPlatform]
2020-09-15 17:28:24,173 INFO org.springframework.orm.jpa.AbstractEntityManagerFactoryBean [task-1] Initialized JPA EntityManagerFactory for persistence unit 'default'
2020-09-15 17:28:24,183 INFO org.springframework.boot.devtools.autoconfigure.OptionalLiveReloadServer [task-2] LiveReload server is running on port 35729
2020-09-15 17:28:24,516 INFO org.springframework.boot.actuate.endpoint.web.EndpointLinksResolver [restartedMain] Exposing 2 endpoint(s) beneath base path '/actuator'
2020-09-15 17:28:24,561 INFO org.springframework.boot.web.embedded.tomcat.TomcatWebServer [restartedMain] Tomcat started on port(s): 2011 (http) with context path ''
2020-09-15 17:28:24,564 INFO org.springframework.data.repository.config.DeferredRepositoryInitializationListener [restartedMain] Triggering deferred initialization of Spring Data repositories…
2020-09-15 17:28:24,656 INFO org.springframework.data.repository.config.DeferredRepositoryInitializationListener [restartedMain] Spring Data repositories initialized!
2020-09-15 17:28:24,723 INFO org.springframework.boot.StartupInfoLogger [restartedMain] Started PulseWorkFlowApplication in 6.661 seconds (JVM running for 4791.434)
2020-09-15 17:28:24,731 INFO org.springframework.boot.devtools.autoconfigure.ConditionEvaluationDeltaLoggingListener [restartedMain] Condition evaluation unchanged
2020-09-15 17:29:33,835 INFO org.springframework.orm.jpa.AbstractEntityManagerFactoryBean [Thread-48] Closing JPA EntityManagerFactory for persistence unit 'default'
2020-09-15 17:29:33,836 INFO org.springframework.scheduling.concurrent.ExecutorConfigurationSupport [Thread-48] Shutting down ExecutorService 'applicationTaskExecutor'
2020-09-15 17:29:33,837 INFO com.zaxxer.hikari.HikariDataSource [Thread-48] HikariPool-9 - Shutdown initiated...
2020-09-15 17:29:33,845 INFO com.zaxxer.hikari.HikariDataSource [Thread-48] HikariPool-9 - Shutdown completed.
2020-09-15 17:29:34,533 INFO org.springframework.boot.StartupInfoLogger [restartedMain] Starting PulseWorkFlowApplication on Arjun-PC with PID 9500 (D:\GSS\Dev-WorkSpace\PulseWorkForce\PulseWorkFlow\target\classes started by Arjun in D:\GSS\Dev-WorkSpace\PulseWorkForce\PulseWorkFlow)
2020-09-15 17:29:34,534 INFO org.springframework.boot.SpringApplication [restartedMain] No active profile set, falling back to default profiles: default
2020-09-15 17:29:35,103 INFO org.springframework.data.repository.config.RepositoryConfigurationDelegate [restartedMain] Multiple Spring Data modules found, entering strict repository configuration mode!
2020-09-15 17:29:35,104 INFO org.springframework.data.repository.config.RepositoryConfigurationDelegate [restartedMain] Bootstrapping Spring Data JDBC repositories in DEFAULT mode.
2020-09-15 17:29:35,137 INFO org.springframework.data.repository.config.RepositoryConfigurationExtensionSupport [restartedMain] Spring Data JDBC - Could not safely identify store assignment for repository candidate interface com.gss.pulseworkflow.dao.UserRepository. If you want this repository to be a JDBC repository, consider annotating your entities with one of these annotations: org.springframework.data.relational.core.mapping.Table.
2020-09-15 17:29:35,140 INFO org.springframework.data.repository.config.RepositoryConfigurationDelegate [restartedMain] Finished Spring Data repository scanning in 35ms. Found 0 JDBC repository interfaces.
2020-09-15 17:29:35,157 INFO org.springframework.data.repository.config.RepositoryConfigurationDelegate [restartedMain] Multiple Spring Data modules found, entering strict repository configuration mode!
2020-09-15 17:29:35,158 INFO org.springframework.data.repository.config.RepositoryConfigurationDelegate [restartedMain] Bootstrapping Spring Data JPA repositories in DEFERRED mode.
2020-09-15 17:29:35,183 INFO org.springframework.data.repository.config.RepositoryConfigurationDelegate [restartedMain] Finished Spring Data repository scanning in 22ms. Found 1 JPA repository interfaces.
2020-09-15 17:29:35,539 INFO org.springframework.boot.web.embedded.tomcat.TomcatWebServer [restartedMain] Tomcat initialized with port(s): 2011 (http)
2020-09-15 17:29:35,540 INFO org.apache.juli.logging.DirectJDKLog [restartedMain] Starting service [Tomcat]
2020-09-15 17:29:35,541 INFO org.apache.juli.logging.DirectJDKLog [restartedMain] Starting Servlet engine: [Apache Tomcat/9.0.37]
2020-09-15 17:29:35,562 INFO org.apache.juli.logging.DirectJDKLog [restartedMain] Initializing Spring embedded WebApplicationContext
2020-09-15 17:29:35,562 INFO org.springframework.boot.web.servlet.context.ServletWebServerApplicationContext [restartedMain] Root WebApplicationContext: initialization completed in 1025 ms
2020-09-15 17:29:35,861 INFO org.springframework.scheduling.concurrent.ExecutorConfigurationSupport [restartedMain] Initializing ExecutorService 'applicationTaskExecutor'
2020-09-15 17:29:35,874 INFO org.hibernate.jpa.internal.util.LogHelper [task-1] HHH000204: Processing PersistenceUnitInfo [name: default]
2020-09-15 17:29:35,885 INFO com.zaxxer.hikari.HikariDataSource [task-1] HikariPool-10 - Starting...
2020-09-15 17:29:35,934 WARN org.springframework.boot.autoconfigure.orm.jpa.JpaBaseConfiguration$JpaWebConfiguration [restartedMain] spring.jpa.open-in-view is enabled by default. Therefore, database queries may be performed during view rendering. Explicitly configure spring.jpa.open-in-view to disable this warning
2020-09-15 17:29:38,778 INFO com.zaxxer.hikari.HikariDataSource [task-1] HikariPool-10 - Start completed.
2020-09-15 17:29:38,779 INFO org.hibernate.dialect.Dialect [task-1] HHH000400: Using dialect: org.hibernate.dialect.MySQL5InnoDBDialect
2020-09-15 17:29:40,692 INFO org.hibernate.engine.transaction.jta.platform.internal.JtaPlatformInitiator [task-1] HHH000490: Using JtaPlatform implementation: [org.hibernate.engine.transaction.jta.platform.internal.NoJtaPlatform]
2020-09-15 17:29:40,693 INFO org.springframework.orm.jpa.AbstractEntityManagerFactoryBean [task-1] Initialized JPA EntityManagerFactory for persistence unit 'default'
2020-09-15 17:29:40,704 INFO org.springframework.boot.devtools.autoconfigure.OptionalLiveReloadServer [task-2] LiveReload server is running on port 35729
2020-09-15 17:29:41,031 INFO org.springframework.boot.actuate.endpoint.web.EndpointLinksResolver [restartedMain] Exposing 2 endpoint(s) beneath base path '/actuator'
2020-09-15 17:29:41,077 INFO org.springframework.boot.web.embedded.tomcat.TomcatWebServer [restartedMain] Tomcat started on port(s): 2011 (http) with context path ''
2020-09-15 17:29:41,081 INFO org.springframework.data.repository.config.DeferredRepositoryInitializationListener [restartedMain] Triggering deferred initialization of Spring Data repositories…
2020-09-15 17:29:41,167 INFO org.springframework.data.repository.config.DeferredRepositoryInitializationListener [restartedMain] Spring Data repositories initialized!
2020-09-15 17:29:41,188 INFO org.springframework.boot.StartupInfoLogger [restartedMain] Started PulseWorkFlowApplication in 6.713 seconds (JVM running for 4867.896)
2020-09-15 17:29:41,193 INFO org.springframework.boot.devtools.autoconfigure.ConditionEvaluationDeltaLoggingListener [restartedMain] Condition evaluation unchanged
2020-09-15 17:29:54,978 INFO org.springframework.orm.jpa.AbstractEntityManagerFactoryBean [Thread-53] Closing JPA EntityManagerFactory for persistence unit 'default'
2020-09-15 17:29:54,980 INFO org.springframework.scheduling.concurrent.ExecutorConfigurationSupport [Thread-53] Shutting down ExecutorService 'applicationTaskExecutor'
2020-09-15 17:29:54,981 INFO com.zaxxer.hikari.HikariDataSource [Thread-53] HikariPool-10 - Shutdown initiated...
2020-09-15 17:29:56,851 INFO com.zaxxer.hikari.HikariDataSource [Thread-53] HikariPool-10 - Shutdown completed.
2020-09-15 17:29:58,055 INFO org.springframework.boot.StartupInfoLogger [restartedMain] Starting PulseWorkFlowApplication on Arjun-PC with PID 9500 (D:\GSS\Dev-WorkSpace\PulseWorkForce\PulseWorkFlow\target\classes started by Arjun in D:\GSS\Dev-WorkSpace\PulseWorkForce\PulseWorkFlow)
2020-09-15 17:29:58,056 INFO org.springframework.boot.SpringApplication [restartedMain] No active profile set, falling back to default profiles: default
2020-09-15 17:29:58,574 INFO org.springframework.data.repository.config.RepositoryConfigurationDelegate [restartedMain] Multiple Spring Data modules found, entering strict repository configuration mode!
2020-09-15 17:29:58,574 INFO org.springframework.data.repository.config.RepositoryConfigurationDelegate [restartedMain] Bootstrapping Spring Data JDBC repositories in DEFAULT mode.
2020-09-15 17:29:58,587 INFO org.springframework.data.repository.config.RepositoryConfigurationExtensionSupport [restartedMain] Spring Data JDBC - Could not safely identify store assignment for repository candidate interface com.gss.pulseworkflow.dao.UserRepository. If you want this repository to be a JDBC repository, consider annotating your entities with one of these annotations: org.springframework.data.relational.core.mapping.Table.
2020-09-15 17:29:58,588 INFO org.springframework.data.repository.config.RepositoryConfigurationDelegate [restartedMain] Finished Spring Data repository scanning in 13ms. Found 0 JDBC repository interfaces.
2020-09-15 17:29:58,597 INFO org.springframework.data.repository.config.RepositoryConfigurationDelegate [restartedMain] Multiple Spring Data modules found, entering strict repository configuration mode!
2020-09-15 17:29:58,598 INFO org.springframework.data.repository.config.RepositoryConfigurationDelegate [restartedMain] Bootstrapping Spring Data JPA repositories in DEFERRED mode.
2020-09-15 17:29:58,611 INFO org.springframework.data.repository.config.RepositoryConfigurationDelegate [restartedMain] Finished Spring Data repository scanning in 12ms. Found 1 JPA repository interfaces.
2020-09-15 17:29:58,905 INFO org.springframework.boot.web.embedded.tomcat.TomcatWebServer [restartedMain] Tomcat initialized with port(s): 2011 (http)
2020-09-15 17:29:58,907 INFO org.apache.juli.logging.DirectJDKLog [restartedMain] Starting service [Tomcat]
2020-09-15 17:29:58,907 INFO org.apache.juli.logging.DirectJDKLog [restartedMain] Starting Servlet engine: [Apache Tomcat/9.0.37]
2020-09-15 17:29:58,927 INFO org.apache.juli.logging.DirectJDKLog [restartedMain] Initializing Spring embedded WebApplicationContext
2020-09-15 17:29:58,928 INFO org.springframework.boot.web.servlet.context.ServletWebServerApplicationContext [restartedMain] Root WebApplicationContext: initialization completed in 866 ms
2020-09-15 17:29:59,145 INFO org.springframework.scheduling.concurrent.ExecutorConfigurationSupport [restartedMain] Initializing ExecutorService 'applicationTaskExecutor'
2020-09-15 17:29:59,184 INFO org.hibernate.jpa.internal.util.LogHelper [task-1] HHH000204: Processing PersistenceUnitInfo [name: default]
2020-09-15 17:29:59,215 INFO com.zaxxer.hikari.HikariDataSource [task-1] HikariPool-11 - Starting...
2020-09-15 17:29:59,261 WARN org.springframework.boot.autoconfigure.orm.jpa.JpaBaseConfiguration$JpaWebConfiguration [restartedMain] spring.jpa.open-in-view is enabled by default. Therefore, database queries may be performed during view rendering. Explicitly configure spring.jpa.open-in-view to disable this warning
2020-09-15 17:30:02,344 INFO com.zaxxer.hikari.HikariDataSource [task-1] HikariPool-11 - Start completed.
2020-09-15 17:30:02,345 INFO org.hibernate.dialect.Dialect [task-1] HHH000400: Using dialect: org.hibernate.dialect.MySQL5InnoDBDialect
2020-09-15 17:30:04,313 INFO org.hibernate.engine.transaction.jta.platform.internal.JtaPlatformInitiator [task-1] HHH000490: Using JtaPlatform implementation: [org.hibernate.engine.transaction.jta.platform.internal.NoJtaPlatform]
2020-09-15 17:30:04,314 INFO org.springframework.orm.jpa.AbstractEntityManagerFactoryBean [task-1] Initialized JPA EntityManagerFactory for persistence unit 'default'
2020-09-15 17:30:04,590 INFO org.springframework.boot.devtools.autoconfigure.OptionalLiveReloadServer [task-2] LiveReload server is running on port 35729
2020-09-15 17:30:04,947 INFO org.springframework.boot.actuate.endpoint.web.EndpointLinksResolver [restartedMain] Exposing 2 endpoint(s) beneath base path '/actuator'
2020-09-15 17:30:05,027 INFO org.springframework.boot.web.embedded.tomcat.TomcatWebServer [restartedMain] Tomcat started on port(s): 2011 (http) with context path ''
2020-09-15 17:30:05,029 INFO org.springframework.data.repository.config.DeferredRepositoryInitializationListener [restartedMain] Triggering deferred initialization of Spring Data repositories…
2020-09-15 17:30:05,142 INFO org.springframework.data.repository.config.DeferredRepositoryInitializationListener [restartedMain] Spring Data repositories initialized!
2020-09-15 17:30:05,164 INFO org.springframework.boot.StartupInfoLogger [restartedMain] Started PulseWorkFlowApplication in 7.272 seconds (JVM running for 4891.872)
2020-09-15 17:30:05,171 INFO org.springframework.boot.devtools.autoconfigure.ConditionEvaluationDeltaLoggingListener [restartedMain] Condition evaluation unchanged
2020-09-15 17:30:30,504 INFO org.springframework.orm.jpa.AbstractEntityManagerFactoryBean [Thread-58] Closing JPA EntityManagerFactory for persistence unit 'default'
2020-09-15 17:30:30,506 INFO org.springframework.scheduling.concurrent.ExecutorConfigurationSupport [Thread-58] Shutting down ExecutorService 'applicationTaskExecutor'
2020-09-15 17:30:30,507 INFO com.zaxxer.hikari.HikariDataSource [Thread-58] HikariPool-11 - Shutdown initiated...
2020-09-15 17:30:30,725 INFO com.zaxxer.hikari.HikariDataSource [Thread-58] HikariPool-11 - Shutdown completed.
2020-09-15 17:30:31,665 INFO org.springframework.boot.StartupInfoLogger [restartedMain] Starting PulseWorkFlowApplication on Arjun-PC with PID 9500 (D:\GSS\Dev-WorkSpace\PulseWorkForce\PulseWorkFlow\target\classes started by Arjun in D:\GSS\Dev-WorkSpace\PulseWorkForce\PulseWorkFlow)
2020-09-15 17:30:31,666 INFO org.springframework.boot.SpringApplication [restartedMain] No active profile set, falling back to default profiles: default
2020-09-15 17:30:32,485 INFO org.springframework.data.repository.config.RepositoryConfigurationDelegate [restartedMain] Multiple Spring Data modules found, entering strict repository configuration mode!
2020-09-15 17:30:32,485 INFO org.springframework.data.repository.config.RepositoryConfigurationDelegate [restartedMain] Bootstrapping Spring Data JDBC repositories in DEFAULT mode.
2020-09-15 17:30:32,496 INFO org.springframework.data.repository.config.RepositoryConfigurationExtensionSupport [restartedMain] Spring Data JDBC - Could not safely identify store assignment for repository candidate interface com.gss.pulseworkflow.dao.UserRepository. If you want this repository to be a JDBC repository, consider annotating your entities with one of these annotations: org.springframework.data.relational.core.mapping.Table.
2020-09-15 17:30:32,497 INFO org.springframework.data.repository.config.RepositoryConfigurationDelegate [restartedMain] Finished Spring Data repository scanning in 11ms. Found 0 JDBC repository interfaces.
2020-09-15 17:30:32,506 INFO org.springframework.data.repository.config.RepositoryConfigurationDelegate [restartedMain] Multiple Spring Data modules found, entering strict repository configuration mode!
2020-09-15 17:30:32,506 INFO org.springframework.data.repository.config.RepositoryConfigurationDelegate [restartedMain] Bootstrapping Spring Data JPA repositories in DEFERRED mode.
2020-09-15 17:30:32,518 INFO org.springframework.data.repository.config.RepositoryConfigurationDelegate [restartedMain] Finished Spring Data repository scanning in 11ms. Found 1 JPA repository interfaces.
2020-09-15 17:30:32,796 INFO org.springframework.boot.web.embedded.tomcat.TomcatWebServer [restartedMain] Tomcat initialized with port(s): 2011 (http)
2020-09-15 17:30:32,797 INFO org.apache.juli.logging.DirectJDKLog [restartedMain] Starting service [Tomcat]
2020-09-15 17:30:32,798 INFO org.apache.juli.logging.DirectJDKLog [restartedMain] Starting Servlet engine: [Apache Tomcat/9.0.37]
2020-09-15 17:30:32,864 INFO org.apache.juli.logging.DirectJDKLog [restartedMain] Initializing Spring embedded WebApplicationContext
2020-09-15 17:30:32,865 INFO org.springframework.boot.web.servlet.context.ServletWebServerApplicationContext [restartedMain] Root WebApplicationContext: initialization completed in 1194 ms
2020-09-15 17:30:33,074 INFO org.springframework.scheduling.concurrent.ExecutorConfigurationSupport [restartedMain] Initializing ExecutorService 'applicationTaskExecutor'
2020-09-15 17:30:33,080 INFO org.hibernate.jpa.internal.util.LogHelper [task-1] HHH000204: Processing PersistenceUnitInfo [name: default]
2020-09-15 17:30:33,088 INFO com.zaxxer.hikari.HikariDataSource [task-1] HikariPool-12 - Starting...
2020-09-15 17:30:33,119 WARN org.springframework.boot.autoconfigure.orm.jpa.JpaBaseConfiguration$JpaWebConfiguration [restartedMain] spring.jpa.open-in-view is enabled by default. Therefore, database queries may be performed during view rendering. Explicitly configure spring.jpa.open-in-view to disable this warning
2020-09-15 17:30:35,724 INFO com.zaxxer.hikari.HikariDataSource [task-1] HikariPool-12 - Start completed.
2020-09-15 17:30:35,725 INFO org.hibernate.dialect.Dialect [task-1] HHH000400: Using dialect: org.hibernate.dialect.MySQL5InnoDBDialect
2020-09-15 17:30:37,489 INFO org.hibernate.engine.transaction.jta.platform.internal.JtaPlatformInitiator [task-1] HHH000490: Using JtaPlatform implementation: [org.hibernate.engine.transaction.jta.platform.internal.NoJtaPlatform]
2020-09-15 17:30:37,490 INFO org.springframework.orm.jpa.AbstractEntityManagerFactoryBean [task-1] Initialized JPA EntityManagerFactory for persistence unit 'default'
2020-09-15 17:30:37,767 INFO org.springframework.boot.devtools.autoconfigure.OptionalLiveReloadServer [task-2] LiveReload server is running on port 35729
2020-09-15 17:30:37,804 INFO org.springframework.boot.actuate.endpoint.web.EndpointLinksResolver [restartedMain] Exposing 2 endpoint(s) beneath base path '/actuator'
2020-09-15 17:30:37,850 INFO org.springframework.boot.web.embedded.tomcat.TomcatWebServer [restartedMain] Tomcat started on port(s): 2011 (http) with context path ''
2020-09-15 17:30:37,851 INFO org.springframework.data.repository.config.DeferredRepositoryInitializationListener [restartedMain] Triggering deferred initialization of Spring Data repositories…
2020-09-15 17:30:37,943 INFO org.springframework.data.repository.config.DeferredRepositoryInitializationListener [restartedMain] Spring Data repositories initialized!
2020-09-15 17:30:37,964 INFO org.springframework.boot.StartupInfoLogger [restartedMain] Started PulseWorkFlowApplication in 6.371 seconds (JVM running for 4924.67)
2020-09-15 17:30:37,970 INFO org.springframework.boot.devtools.autoconfigure.ConditionEvaluationDeltaLoggingListener [restartedMain] Condition evaluation unchanged
2020-09-15 17:31:15,197 INFO org.springframework.orm.jpa.AbstractEntityManagerFactoryBean [Thread-63] Closing JPA EntityManagerFactory for persistence unit 'default'
2020-09-15 17:31:15,199 INFO org.springframework.scheduling.concurrent.ExecutorConfigurationSupport [Thread-63] Shutting down ExecutorService 'applicationTaskExecutor'
2020-09-15 17:31:15,201 INFO com.zaxxer.hikari.HikariDataSource [Thread-63] HikariPool-12 - Shutdown initiated...
2020-09-15 17:31:15,209 INFO com.zaxxer.hikari.HikariDataSource [Thread-63] HikariPool-12 - Shutdown completed.
2020-09-15 17:31:15,899 INFO org.springframework.boot.StartupInfoLogger [restartedMain] Starting PulseWorkFlowApplication on Arjun-PC with PID 9500 (D:\GSS\Dev-WorkSpace\PulseWorkForce\PulseWorkFlow\target\classes started by Arjun in D:\GSS\Dev-WorkSpace\PulseWorkForce\PulseWorkFlow)
2020-09-15 17:31:15,900 INFO org.springframework.boot.SpringApplication [restartedMain] No active profile set, falling back to default profiles: default
2020-09-15 17:31:16,455 INFO org.springframework.data.repository.config.RepositoryConfigurationDelegate [restartedMain] Multiple Spring Data modules found, entering strict repository configuration mode!
2020-09-15 17:31:16,456 INFO org.springframework.data.repository.config.RepositoryConfigurationDelegate [restartedMain] Bootstrapping Spring Data JDBC repositories in DEFAULT mode.
2020-09-15 17:31:16,468 INFO org.springframework.data.repository.config.RepositoryConfigurationExtensionSupport [restartedMain] Spring Data JDBC - Could not safely identify store assignment for repository candidate interface com.gss.pulseworkflow.dao.UserRepository. If you want this repository to be a JDBC repository, consider annotating your entities with one of these annotations: org.springframework.data.relational.core.mapping.Table.
2020-09-15 17:31:16,469 INFO org.springframework.data.repository.config.RepositoryConfigurationDelegate [restartedMain] Finished Spring Data repository scanning in 12ms. Found 0 JDBC repository interfaces.
2020-09-15 17:31:16,482 INFO org.springframework.data.repository.config.RepositoryConfigurationDelegate [restartedMain] Multiple Spring Data modules found, entering strict repository configuration mode!
2020-09-15 17:31:16,482 INFO org.springframework.data.repository.config.RepositoryConfigurationDelegate [restartedMain] Bootstrapping Spring Data JPA repositories in DEFERRED mode.
2020-09-15 17:31:16,495 INFO org.springframework.data.repository.config.RepositoryConfigurationDelegate [restartedMain] Finished Spring Data repository scanning in 12ms. Found 1 JPA repository interfaces.
2020-09-15 17:31:16,765 INFO org.springframework.boot.web.embedded.tomcat.TomcatWebServer [restartedMain] Tomcat initialized with port(s): 2011 (http)
2020-09-15 17:31:16,767 INFO org.apache.juli.logging.DirectJDKLog [restartedMain] Starting service [Tomcat]
2020-09-15 17:31:16,767 INFO org.apache.juli.logging.DirectJDKLog [restartedMain] Starting Servlet engine: [Apache Tomcat/9.0.37]
2020-09-15 17:31:16,857 INFO org.apache.juli.logging.DirectJDKLog [restartedMain] Initializing Spring embedded WebApplicationContext
2020-09-15 17:31:16,857 INFO org.springframework.boot.web.servlet.context.ServletWebServerApplicationContext [restartedMain] Root WebApplicationContext: initialization completed in 953 ms
2020-09-15 17:31:17,066 INFO org.springframework.scheduling.concurrent.ExecutorConfigurationSupport [restartedMain] Initializing ExecutorService 'applicationTaskExecutor'
2020-09-15 17:31:17,075 INFO org.hibernate.jpa.internal.util.LogHelper [task-1] HHH000204: Processing PersistenceUnitInfo [name: default]
2020-09-15 17:31:17,086 INFO com.zaxxer.hikari.HikariDataSource [task-1] HikariPool-13 - Starting...
2020-09-15 17:31:17,137 WARN org.springframework.boot.autoconfigure.orm.jpa.JpaBaseConfiguration$JpaWebConfiguration [restartedMain] spring.jpa.open-in-view is enabled by default. Therefore, database queries may be performed during view rendering. Explicitly configure spring.jpa.open-in-view to disable this warning
2020-09-15 17:31:19,681 INFO com.zaxxer.hikari.HikariDataSource [task-1] HikariPool-13 - Start completed.
2020-09-15 17:31:19,682 INFO org.hibernate.dialect.Dialect [task-1] HHH000400: Using dialect: org.hibernate.dialect.MySQL5InnoDBDialect
2020-09-15 17:31:21,411 INFO org.hibernate.engine.transaction.jta.platform.internal.JtaPlatformInitiator [task-1] HHH000490: Using JtaPlatform implementation: [org.hibernate.engine.transaction.jta.platform.internal.NoJtaPlatform]
2020-09-15 17:31:21,412 INFO org.springframework.orm.jpa.AbstractEntityManagerFactoryBean [task-1] Initialized JPA EntityManagerFactory for persistence unit 'default'
2020-09-15 17:31:21,428 INFO org.springframework.boot.devtools.autoconfigure.OptionalLiveReloadServer [task-2] LiveReload server is running on port 35729
2020-09-15 17:31:21,731 INFO org.springframework.boot.actuate.endpoint.web.EndpointLinksResolver [restartedMain] Exposing 2 endpoint(s) beneath base path '/actuator'
2020-09-15 17:31:21,777 INFO org.springframework.boot.web.embedded.tomcat.TomcatWebServer [restartedMain] Tomcat started on port(s): 2011 (http) with context path ''
2020-09-15 17:31:21,778 INFO org.springframework.data.repository.config.DeferredRepositoryInitializationListener [restartedMain] Triggering deferred initialization of Spring Data repositories…
2020-09-15 17:31:21,870 INFO org.springframework.data.repository.config.DeferredRepositoryInitializationListener [restartedMain] Spring Data repositories initialized!
2020-09-15 17:31:21,889 INFO org.springframework.boot.StartupInfoLogger [restartedMain] Started PulseWorkFlowApplication in 6.038 seconds (JVM running for 4968.594)
2020-09-15 17:31:21,896 INFO org.springframework.boot.devtools.autoconfigure.ConditionEvaluationDeltaLoggingListener [restartedMain] Condition evaluation unchanged
2020-09-15 17:31:34,905 INFO org.springframework.orm.jpa.AbstractEntityManagerFactoryBean [Thread-68] Closing JPA EntityManagerFactory for persistence unit 'default'
2020-09-15 17:31:34,907 INFO org.springframework.scheduling.concurrent.ExecutorConfigurationSupport [Thread-68] Shutting down ExecutorService 'applicationTaskExecutor'
2020-09-15 17:31:34,908 INFO com.zaxxer.hikari.HikariDataSource [Thread-68] HikariPool-13 - Shutdown initiated...
2020-09-15 17:31:40,955 INFO com.zaxxer.hikari.HikariDataSource [Thread-68] HikariPool-13 - Shutdown completed.
2020-09-15 17:31:41,882 INFO org.springframework.boot.StartupInfoLogger [restartedMain] Starting PulseWorkFlowApplication on Arjun-PC with PID 9500 (D:\GSS\Dev-WorkSpace\PulseWorkForce\PulseWorkFlow\target\classes started by Arjun in D:\GSS\Dev-WorkSpace\PulseWorkForce\PulseWorkFlow)
2020-09-15 17:31:41,883 INFO org.springframework.boot.SpringApplication [restartedMain] No active profile set, falling back to default profiles: default
2020-09-15 17:31:42,372 INFO org.springframework.data.repository.config.RepositoryConfigurationDelegate [restartedMain] Multiple Spring Data modules found, entering strict repository configuration mode!
2020-09-15 17:31:42,373 INFO org.springframework.data.repository.config.RepositoryConfigurationDelegate [restartedMain] Bootstrapping Spring Data JDBC repositories in DEFAULT mode.
2020-09-15 17:31:42,385 INFO org.springframework.data.repository.config.RepositoryConfigurationExtensionSupport [restartedMain] Spring Data JDBC - Could not safely identify store assignment for repository candidate interface com.gss.pulseworkflow.dao.UserRepository. If you want this repository to be a JDBC repository, consider annotating your entities with one of these annotations: org.springframework.data.relational.core.mapping.Table.
2020-09-15 17:31:42,385 INFO org.springframework.data.repository.config.RepositoryConfigurationDelegate [restartedMain] Finished Spring Data repository scanning in 12ms. Found 0 JDBC repository interfaces.
2020-09-15 17:31:42,394 INFO org.springframework.data.repository.config.RepositoryConfigurationDelegate [restartedMain] Multiple Spring Data modules found, entering strict repository configuration mode!
2020-09-15 17:31:42,394 INFO org.springframework.data.repository.config.RepositoryConfigurationDelegate [restartedMain] Bootstrapping Spring Data JPA repositories in DEFERRED mode.
2020-09-15 17:31:42,407 INFO org.springframework.data.repository.config.RepositoryConfigurationDelegate [restartedMain] Finished Spring Data repository scanning in 11ms. Found 1 JPA repository interfaces.
2020-09-15 17:31:42,710 INFO org.springframework.boot.web.embedded.tomcat.TomcatWebServer [restartedMain] Tomcat initialized with port(s): 2011 (http)
2020-09-15 17:31:42,711 INFO org.apache.juli.logging.DirectJDKLog [restartedMain] Starting service [Tomcat]
2020-09-15 17:31:42,712 INFO org.apache.juli.logging.DirectJDKLog [restartedMain] Starting Servlet engine: [Apache Tomcat/9.0.37]
2020-09-15 17:31:42,731 INFO org.apache.juli.logging.DirectJDKLog [restartedMain] Initializing Spring embedded WebApplicationContext
2020-09-15 17:31:42,732 INFO org.springframework.boot.web.servlet.context.ServletWebServerApplicationContext [restartedMain] Root WebApplicationContext: initialization completed in 845 ms
2020-09-15 17:31:42,916 INFO org.springframework.scheduling.concurrent.ExecutorConfigurationSupport [restartedMain] Initializing ExecutorService 'applicationTaskExecutor'
2020-09-15 17:31:42,925 INFO org.hibernate.jpa.internal.util.LogHelper [task-1] HHH000204: Processing PersistenceUnitInfo [name: default]
2020-09-15 17:31:42,937 INFO com.zaxxer.hikari.HikariDataSource [task-1] HikariPool-14 - Starting...
2020-09-15 17:31:42,997 WARN org.springframework.boot.autoconfigure.orm.jpa.JpaBaseConfiguration$JpaWebConfiguration [restartedMain] spring.jpa.open-in-view is enabled by default. Therefore, database queries may be performed during view rendering. Explicitly configure spring.jpa.open-in-view to disable this warning
2020-09-15 17:31:46,151 INFO com.zaxxer.hikari.HikariDataSource [task-1] HikariPool-14 - Start completed.
2020-09-15 17:31:46,152 INFO org.hibernate.dialect.Dialect [task-1] HHH000400: Using dialect: org.hibernate.dialect.MySQL5InnoDBDialect
2020-09-15 17:31:48,704 INFO org.hibernate.engine.transaction.jta.platform.internal.JtaPlatformInitiator [task-1] HHH000490: Using JtaPlatform implementation: [org.hibernate.engine.transaction.jta.platform.internal.NoJtaPlatform]
2020-09-15 17:31:48,706 INFO org.springframework.orm.jpa.AbstractEntityManagerFactoryBean [task-1] Initialized JPA EntityManagerFactory for persistence unit 'default'
2020-09-15 17:31:48,717 INFO org.springframework.boot.devtools.autoconfigure.OptionalLiveReloadServer [task-2] LiveReload server is running on port 35729
2020-09-15 17:31:49,119 INFO org.springframework.boot.actuate.endpoint.web.EndpointLinksResolver [restartedMain] Exposing 2 endpoint(s) beneath base path '/actuator'
2020-09-15 17:31:49,166 INFO org.springframework.boot.web.embedded.tomcat.TomcatWebServer [restartedMain] Tomcat started on port(s): 2011 (http) with context path ''
2020-09-15 17:31:49,168 INFO org.springframework.data.repository.config.DeferredRepositoryInitializationListener [restartedMain] Triggering deferred initialization of Spring Data repositories…
2020-09-15 17:31:49,244 INFO org.springframework.data.repository.config.DeferredRepositoryInitializationListener [restartedMain] Spring Data repositories initialized!
2020-09-15 17:31:49,266 INFO org.springframework.boot.StartupInfoLogger [restartedMain] Started PulseWorkFlowApplication in 7.43 seconds (JVM running for 4995.97)
2020-09-15 17:31:49,272 INFO org.springframework.boot.devtools.autoconfigure.ConditionEvaluationDeltaLoggingListener [restartedMain] Condition evaluation unchanged
2020-09-15 22:48:16,633 WARN com.zaxxer.hikari.pool.HikariPool$HouseKeeper [HikariPool-14 housekeeper] HikariPool-14 - Thread starvation or clock leap detected (housekeeper delta=4h21m57s408ms896µs417ns).
2020-09-15 22:48:38,848 INFO org.springframework.boot.admin.SpringApplicationAdminMXBeanRegistrar$SpringApplicationAdmin [RMI TCP Connection(111)-127.0.0.1] Application shutdown requested.
2020-09-15 22:48:39,448 INFO org.springframework.orm.jpa.AbstractEntityManagerFactoryBean [RMI TCP Connection(111)-127.0.0.1] Closing JPA EntityManagerFactory for persistence unit 'default'
2020-09-15 22:48:39,450 INFO org.springframework.scheduling.concurrent.ExecutorConfigurationSupport [RMI TCP Connection(111)-127.0.0.1] Shutting down ExecutorService 'applicationTaskExecutor'
2020-09-15 22:48:39,451 INFO com.zaxxer.hikari.HikariDataSource [RMI TCP Connection(111)-127.0.0.1] HikariPool-14 - Shutdown initiated...
2020-09-15 22:48:40,943 INFO com.zaxxer.hikari.HikariDataSource [RMI TCP Connection(111)-127.0.0.1] HikariPool-14 - Shutdown completed.
