2021-02-06 12:25:38,582 INFO org.springframework.boot.StartupInfoLogger [restartedMain] Starting PulseWorkFlowApplication on DESKTOP-LN0C744 with PID 10872 (D:\Pulseoftheworkorce\GSS\Dev-WorkSpace\PulseWorkForce\PulseWorkFlow\target\classes started by GSSADMIN in D:\Pulseoftheworkorce\GSS\Dev-WorkSpace\PulseWorkForce\PulseWorkFlow)
2021-02-06 12:25:38,591 INFO org.springframework.boot.SpringApplication [restartedMain] No active profile set, falling back to default profiles: default
2021-02-06 12:25:38,727 INFO org.springframework.boot.logging.DeferredLog [restartedMain] Devtools property defaults active! Set 'spring.devtools.add-properties' to 'false' to disable
2021-02-06 12:25:38,728 INFO org.springframework.boot.logging.DeferredLog [restartedMain] For additional web related logging consider setting the 'logging.level.web' property to 'DEBUG'
2021-02-06 12:25:41,241 INFO org.springframework.data.repository.config.RepositoryConfigurationDelegate [restartedMain] Multiple Spring Data modules found, entering strict repository configuration mode!
2021-02-06 12:25:41,243 INFO org.springframework.data.repository.config.RepositoryConfigurationDelegate [restartedMain] Bootstrapping Spring Data JDBC repositories in DEFAULT mode.
2021-02-06 12:25:41,310 INFO org.springframework.data.repository.config.RepositoryConfigurationDelegate [restartedMain] Finished Spring Data repository scanning in 53ms. Found 0 JDBC repository interfaces.
2021-02-06 12:25:41,329 INFO org.springframework.data.repository.config.RepositoryConfigurationDelegate [restartedMain] Multiple Spring Data modules found, entering strict repository configuration mode!
2021-02-06 12:25:41,331 INFO org.springframework.data.repository.config.RepositoryConfigurationDelegate [restartedMain] Bootstrapping Spring Data JPA repositories in DEFERRED mode.
2021-02-06 12:25:41,367 INFO org.springframework.data.repository.config.RepositoryConfigurationDelegate [restartedMain] Finished Spring Data repository scanning in 17ms. Found 0 JPA repository interfaces.
2021-02-06 12:25:42,961 INFO org.springframework.boot.web.embedded.tomcat.TomcatWebServer [restartedMain] Tomcat initialized with port(s): 8080 (http)
2021-02-06 12:25:42,982 INFO org.apache.juli.logging.DirectJDKLog [restartedMain] Initializing ProtocolHandler ["http-nio-8080"]
2021-02-06 12:25:42,984 INFO org.apache.juli.logging.DirectJDKLog [restartedMain] Starting service [Tomcat]
2021-02-06 12:25:42,985 INFO org.apache.juli.logging.DirectJDKLog [restartedMain] Starting Servlet engine: [Apache Tomcat/9.0.37]
2021-02-06 12:25:43,232 INFO org.apache.juli.logging.DirectJDKLog [restartedMain] Initializing Spring embedded WebApplicationContext
2021-02-06 12:25:43,232 INFO org.springframework.boot.web.servlet.context.ServletWebServerApplicationContext [restartedMain] Root WebApplicationContext: initialization completed in 4504 ms
2021-02-06 12:25:43,652 WARN org.springframework.boot.autoconfigure.orm.jpa.JpaBaseConfiguration$JpaWebConfiguration [restartedMain] spring.jpa.open-in-view is enabled by default. Therefore, database queries may be performed during view rendering. Explicitly configure spring.jpa.open-in-view to disable this warning
2021-02-06 12:25:43,919 INFO org.springframework.scheduling.concurrent.ExecutorConfigurationSupport [restartedMain] Initializing ExecutorService 'applicationTaskExecutor'
2021-02-06 12:25:43,942 INFO com.zaxxer.hikari.HikariDataSource [restartedMain] HikariPool-1 - Starting...
2021-02-06 12:25:49,042 INFO com.zaxxer.hikari.HikariDataSource [restartedMain] HikariPool-1 - Start completed.
2021-02-06 12:25:49,200 INFO org.hibernate.jpa.internal.util.LogHelper [task-1] HHH000204: Processing PersistenceUnitInfo [name: default]
2021-02-06 12:25:49,366 INFO org.hibernate.Version [task-1] HHH000412: Hibernate ORM core version 5.4.20.Final
2021-02-06 12:25:49,780 INFO org.hibernate.annotations.common.reflection.java.JavaReflectionManager [task-1] HCANN000001: Hibernate Commons Annotations {5.1.0.Final}
2021-02-06 12:25:49,936 INFO org.springframework.aop.framework.CglibAopProxy [restartedMain] Unable to proxy interface-implementing method [public final void org.springframework.dao.support.DaoSupport.afterPropertiesSet() throws java.lang.IllegalArgumentException,org.springframework.beans.factory.BeanInitializationException] because it is marked as final: Consider using interface-based JDK proxies instead!
2021-02-06 12:25:50,024 INFO org.springframework.aop.framework.CglibAopProxy [restartedMain] Unable to proxy interface-implementing method [public final void org.springframework.dao.support.DaoSupport.afterPropertiesSet() throws java.lang.IllegalArgumentException,org.springframework.beans.factory.BeanInitializationException] because it is marked as final: Consider using interface-based JDK proxies instead!
2021-02-06 12:25:50,259 INFO org.springframework.aop.framework.CglibAopProxy [restartedMain] Unable to proxy interface-implementing method [public final void org.springframework.dao.support.DaoSupport.afterPropertiesSet() throws java.lang.IllegalArgumentException,org.springframework.beans.factory.BeanInitializationException] because it is marked as final: Consider using interface-based JDK proxies instead!
2021-02-06 12:25:50,302 INFO org.springframework.aop.framework.CglibAopProxy [restartedMain] Unable to proxy interface-implementing method [public final void org.springframework.dao.support.DaoSupport.afterPropertiesSet() throws java.lang.IllegalArgumentException,org.springframework.beans.factory.BeanInitializationException] because it is marked as final: Consider using interface-based JDK proxies instead!
2021-02-06 12:25:50,547 INFO org.hibernate.dialect.Dialect [task-1] HHH000400: Using dialect: org.hibernate.dialect.MySQL57Dialect
2021-02-06 12:25:51,170 INFO org.hibernate.engine.transaction.jta.platform.internal.JtaPlatformInitiator [task-1] HHH000490: Using JtaPlatform implementation: [org.hibernate.engine.transaction.jta.platform.internal.NoJtaPlatform]
2021-02-06 12:25:51,192 INFO org.springframework.orm.jpa.AbstractEntityManagerFactoryBean [task-1] Initialized JPA EntityManagerFactory for persistence unit 'default'
2021-02-06 12:25:51,267 INFO org.springframework.aop.framework.CglibAopProxy [restartedMain] Unable to proxy interface-implementing method [public final void org.springframework.dao.support.DaoSupport.afterPropertiesSet() throws java.lang.IllegalArgumentException,org.springframework.beans.factory.BeanInitializationException] because it is marked as final: Consider using interface-based JDK proxies instead!
2021-02-06 12:25:51,282 INFO org.springframework.aop.framework.CglibAopProxy [restartedMain] Unable to proxy interface-implementing method [public final void org.springframework.dao.support.DaoSupport.afterPropertiesSet() throws java.lang.IllegalArgumentException,org.springframework.beans.factory.BeanInitializationException] because it is marked as final: Consider using interface-based JDK proxies instead!
2021-02-06 12:25:51,303 INFO org.springframework.aop.framework.CglibAopProxy [restartedMain] Unable to proxy interface-implementing method [public final void org.springframework.dao.support.DaoSupport.afterPropertiesSet() throws java.lang.IllegalArgumentException,org.springframework.beans.factory.BeanInitializationException] because it is marked as final: Consider using interface-based JDK proxies instead!
2021-02-06 12:25:51,339 INFO org.springframework.aop.framework.CglibAopProxy [restartedMain] Unable to proxy interface-implementing method [public final void org.springframework.dao.support.DaoSupport.afterPropertiesSet() throws java.lang.IllegalArgumentException,org.springframework.beans.factory.BeanInitializationException] because it is marked as final: Consider using interface-based JDK proxies instead!
2021-02-06 12:25:51,381 INFO org.springframework.aop.framework.CglibAopProxy [restartedMain] Unable to proxy interface-implementing method [public final void org.springframework.dao.support.DaoSupport.afterPropertiesSet() throws java.lang.IllegalArgumentException,org.springframework.beans.factory.BeanInitializationException] because it is marked as final: Consider using interface-based JDK proxies instead!
2021-02-06 12:25:51,397 INFO org.springframework.aop.framework.CglibAopProxy [restartedMain] Unable to proxy interface-implementing method [public final void org.springframework.dao.support.DaoSupport.afterPropertiesSet() throws java.lang.IllegalArgumentException,org.springframework.beans.factory.BeanInitializationException] because it is marked as final: Consider using interface-based JDK proxies instead!
2021-02-06 12:25:52,328 INFO org.springframework.boot.actuate.endpoint.web.EndpointLinksResolver [restartedMain] Exposing 2 endpoint(s) beneath base path '/actuator'
2021-02-06 12:25:52,871 INFO org.springframework.security.web.DefaultSecurityFilterChain [restartedMain] Creating filter chain: any request, [org.springframework.security.web.context.request.async.WebAsyncManagerIntegrationFilter@196679f, org.springframework.security.web.context.SecurityContextPersistenceFilter@3bf9e4, org.springframework.security.web.header.HeaderWriterFilter@1028327, org.springframework.web.filter.CorsFilter@12082d2, org.springframework.security.web.authentication.logout.LogoutFilter@e07f86, com.gss.pulseworkflow.oauth.filter.PulseLoginFilter@f62368, com.gss.pulseworkflow.oauth.filter.PulseAccessTokenFilter@1caa25e, com.gss.pulseworkflow.oauth.filter.PulseTokenCheckerFilter@1a08f8a, org.springframework.security.web.savedrequest.RequestCacheAwareFilter@83c757, org.springframework.security.web.servletapi.SecurityContextHolderAwareRequestFilter@5f94ed, org.springframework.security.web.authentication.AnonymousAuthenticationFilter@2a4d2c, org.springframework.security.web.session.SessionManagementFilter@7f2f59, org.springframework.security.web.access.ExceptionTranslationFilter@2fe663, org.springframework.security.web.access.intercept.FilterSecurityInterceptor@12603e1]
2021-02-06 12:25:53,087 INFO org.springframework.boot.devtools.autoconfigure.OptionalLiveReloadServer [restartedMain] LiveReload server is running on port 35729
2021-02-06 12:25:54,056 INFO org.apache.juli.logging.DirectJDKLog [restartedMain] Starting ProtocolHandler ["http-nio-8080"]
2021-02-06 12:25:54,097 INFO org.springframework.boot.web.embedded.tomcat.TomcatWebServer [restartedMain] Tomcat started on port(s): 8080 (http) with context path ''
2021-02-06 12:25:55,072 WARN springfox.documentation.schema.property.CachingModelPropertiesProvider [restartedMain] Exception calculating properties for model(com.gss.pulseworkflow.model.AccessTokenResponse) -> ModelContext{groupName=default, type=com.gss.pulseworkflow.model.AccessTokenResponse, isReturnType=true, view=Optional.empty}. Duplicate key [Property 'access_token'; ctors: null, field(s): null, getter(s): null, setter(s): [method com.gss.pulseworkflow.model.AccessTokenResponse#setAccessToken(1 params)][visible=true,ignore=false,explicitName=true]]
2021-02-06 12:25:55,073 WARN springfox.documentation.schema.property.CachingModelPropertiesProvider [restartedMain] Exception calculating properties for model(com.gss.pulseworkflow.model.AccessTokenResponse) -> ModelContext{groupName=default, type=com.gss.pulseworkflow.model.AccessTokenResponse, isReturnType=true, view=Optional.empty}. Duplicate key [Property 'access_token'; ctors: null, field(s): null, getter(s): null, setter(s): [method com.gss.pulseworkflow.model.AccessTokenResponse#setAccessToken(1 params)][visible=true,ignore=false,explicitName=true]]
2021-02-06 12:25:55,076 WARN springfox.documentation.schema.property.CachingModelPropertiesProvider [restartedMain] Exception calculating properties for model(com.gss.pulseworkflow.model.AccessTokenResponse) -> ModelContext{groupName=default, type=com.gss.pulseworkflow.model.AccessTokenResponse, isReturnType=true, view=Optional.empty}. Duplicate key [Property 'access_token'; ctors: null, field(s): null, getter(s): null, setter(s): [method com.gss.pulseworkflow.model.AccessTokenResponse#setAccessToken(1 params)][visible=true,ignore=false,explicitName=true]]
2021-02-06 12:25:55,085 WARN springfox.documentation.schema.property.CachingModelPropertiesProvider [restartedMain] Exception calculating properties for model(com.gss.pulseworkflow.model.AccessTokenResponse) -> ModelContext{groupName=default, type=com.gss.pulseworkflow.model.AccessTokenResponse, isReturnType=true, view=Optional.empty}. Duplicate key [Property 'access_token'; ctors: null, field(s): null, getter(s): null, setter(s): [method com.gss.pulseworkflow.model.AccessTokenResponse#setAccessToken(1 params)][visible=true,ignore=false,explicitName=true]]
2021-02-06 12:25:55,314 INFO org.springframework.data.repository.config.DeferredRepositoryInitializationListener [restartedMain] Triggering deferred initialization of Spring Data repositories…
2021-02-06 12:25:55,315 INFO org.springframework.data.repository.config.DeferredRepositoryInitializationListener [restartedMain] Spring Data repositories initialized!
2021-02-06 12:25:55,333 INFO org.springframework.boot.StartupInfoLogger [restartedMain] Started PulseWorkFlowApplication in 17.742 seconds (JVM running for 21.607)
2021-02-06 12:26:15,155 INFO org.apache.juli.logging.DirectJDKLog [http-nio-8080-exec-1] Initializing Spring DispatcherServlet 'dispatcherServlet'
2021-02-06 12:26:15,155 INFO org.springframework.web.servlet.FrameworkServlet [http-nio-8080-exec-1] Initializing Servlet 'dispatcherServlet'
2021-02-06 12:26:15,169 INFO org.springframework.web.servlet.FrameworkServlet [http-nio-8080-exec-1] Completed initialization in 13 ms
2021-02-06 12:35:07,686 WARN com.zaxxer.hikari.pool.PoolBase [http-nio-8080-exec-8] HikariPool-1 - Failed to validate connection com.mysql.cj.jdbc.ConnectionImpl@3675ce (No operations allowed after connection closed.). Possibly consider using a shorter maxLifetime value.
2021-02-06 12:35:12,715 WARN com.zaxxer.hikari.pool.PoolBase [http-nio-8080-exec-8] HikariPool-1 - Failed to validate connection com.mysql.cj.jdbc.ConnectionImpl@1f09ddd (No operations allowed after connection closed.). Possibly consider using a shorter maxLifetime value.
2021-02-06 12:35:17,727 WARN com.zaxxer.hikari.pool.PoolBase [http-nio-8080-exec-8] HikariPool-1 - Failed to validate connection com.mysql.cj.jdbc.ConnectionImpl@16dc109 (No operations allowed after connection closed.). Possibly consider using a shorter maxLifetime value.
2021-02-06 12:35:22,758 WARN com.zaxxer.hikari.pool.PoolBase [http-nio-8080-exec-8] HikariPool-1 - Failed to validate connection com.mysql.cj.jdbc.ConnectionImpl@1063c9a (No operations allowed after connection closed.). Possibly consider using a shorter maxLifetime value.
2021-02-06 12:35:27,770 WARN com.zaxxer.hikari.pool.PoolBase [http-nio-8080-exec-8] HikariPool-1 - Failed to validate connection com.mysql.cj.jdbc.ConnectionImpl@7dce3 (No operations allowed after connection closed.). Possibly consider using a shorter maxLifetime value.
2021-02-06 12:35:32,778 WARN com.zaxxer.hikari.pool.PoolBase [http-nio-8080-exec-8] HikariPool-1 - Failed to validate connection com.mysql.cj.jdbc.ConnectionImpl@855ef6 (No operations allowed after connection closed.). Possibly consider using a shorter maxLifetime value.
2021-02-06 12:35:32,788 WARN org.hibernate.engine.jdbc.spi.SqlExceptionHelper [http-nio-8080-exec-8] SQL Error: 0, SQLState: 08003
2021-02-06 12:35:32,790 ERROR org.hibernate.engine.jdbc.spi.SqlExceptionHelper [http-nio-8080-exec-8] HikariPool-1 - Connection is not available, request timed out after 30768ms.
2021-02-06 12:35:32,792 ERROR org.hibernate.engine.jdbc.spi.SqlExceptionHelper [http-nio-8080-exec-8] No operations allowed after connection closed.
2021-02-06 12:37:16,725 WARN com.zaxxer.hikari.pool.PoolBase [http-nio-8080-exec-3] HikariPool-1 - Failed to validate connection com.mysql.cj.jdbc.ConnectionImpl@15b8f82 (No operations allowed after connection closed.). Possibly consider using a shorter maxLifetime value.
2021-02-06 12:37:21,791 WARN com.zaxxer.hikari.pool.PoolBase [http-nio-8080-exec-3] HikariPool-1 - Failed to validate connection com.mysql.cj.jdbc.ConnectionImpl@fe957 (No operations allowed after connection closed.). Possibly consider using a shorter maxLifetime value.
2021-02-06 12:37:26,799 WARN com.zaxxer.hikari.pool.PoolBase [http-nio-8080-exec-3] HikariPool-1 - Failed to validate connection com.mysql.cj.jdbc.ConnectionImpl@12429eb (No operations allowed after connection closed.). Possibly consider using a shorter maxLifetime value.
2021-02-06 12:37:29,126 WARN com.zaxxer.hikari.pool.PoolBase [http-nio-8080-exec-5] HikariPool-1 - Failed to validate connection com.mysql.cj.jdbc.ConnectionImpl@d52d69 (No operations allowed after connection closed.). Possibly consider using a shorter maxLifetime value.
2021-02-06 14:18:51,503 WARN com.zaxxer.hikari.pool.HikariPool$HouseKeeper [HikariPool-1 housekeeper] HikariPool-1 - Thread starvation or clock leap detected (housekeeper delta=9m2s131ms559µs900ns).
2021-02-06 15:55:24,053 WARN com.zaxxer.hikari.pool.HikariPool$HouseKeeper [HikariPool-1 housekeeper] HikariPool-1 - Thread starvation or clock leap detected (housekeeper delta=42m32s437ms501µs).
2021-02-06 17:40:33,009 WARN com.zaxxer.hikari.pool.HikariPool$HouseKeeper [HikariPool-1 housekeeper] HikariPool-1 - Thread starvation or clock leap detected (housekeeper delta=1h30m8s924ms122µs900ns).
2021-02-06 19:08:14,610 WARN com.zaxxer.hikari.pool.HikariPool$HouseKeeper [HikariPool-1 housekeeper] HikariPool-1 - Thread starvation or clock leap detected (housekeeper delta=41m11s499ms780µs).
2021-02-06 19:25:26,635 WARN com.zaxxer.hikari.pool.HikariPool$HouseKeeper [HikariPool-1 housekeeper] HikariPool-1 - Thread starvation or clock leap detected (housekeeper delta=2m11s996ms548µs300ns).
2021-02-06 20:00:25,970 WARN com.zaxxer.hikari.pool.HikariPool$HouseKeeper [HikariPool-1 housekeeper] HikariPool-1 - Thread starvation or clock leap detected (housekeeper delta=19m59s311ms590µs500ns).
