2020-12-25 18:43:27,978 INFO org.springframework.boot.StartupInfoLogger [restartedMain] Starting PulseWorkFlowApplication on DESKTOP-LN0C744 with PID 4884 (D:\Pulseoftheworkorce\GSS\Dev-WorkSpace\PulseWorkForce\PulseWorkFlow\target\classes started by GSSADMIN in D:\Pulseoftheworkorce\GSS\Dev-WorkSpace\PulseWorkForce\PulseWorkFlow)
2020-12-25 18:43:27,983 INFO org.springframework.boot.SpringApplication [restartedMain] No active profile set, falling back to default profiles: default
2020-12-25 18:43:28,462 INFO org.springframework.boot.logging.DeferredLog [restartedMain] Devtools property defaults active! Set 'spring.devtools.add-properties' to 'false' to disable
2020-12-25 18:43:28,463 INFO org.springframework.boot.logging.DeferredLog [restartedMain] For additional web related logging consider setting the 'logging.level.web' property to 'DEBUG'
2020-12-25 18:43:33,239 INFO org.springframework.data.repository.config.RepositoryConfigurationDelegate [restartedMain] Multiple Spring Data modules found, entering strict repository configuration mode!
2020-12-25 18:43:33,241 INFO org.springframework.data.repository.config.RepositoryConfigurationDelegate [restartedMain] Bootstrapping Spring Data JDBC repositories in DEFAULT mode.
2020-12-25 18:43:33,400 INFO org.springframework.data.repository.config.RepositoryConfigurationExtensionSupport [restartedMain] Spring Data JDBC - Could not safely identify store assignment for repository candidate interface com.gss.pulseworkflow.dao.UserRepository. If you want this repository to be a JDBC repository, consider annotating your entities with one of these annotations: org.springframework.data.relational.core.mapping.Table.
2020-12-25 18:43:33,419 INFO org.springframework.data.repository.config.RepositoryConfigurationDelegate [restartedMain] Finished Spring Data repository scanning in 151ms. Found 0 JDBC repository interfaces.
2020-12-25 18:43:33,490 INFO org.springframework.data.repository.config.RepositoryConfigurationDelegate [restartedMain] Multiple Spring Data modules found, entering strict repository configuration mode!
2020-12-25 18:43:33,496 INFO org.springframework.data.repository.config.RepositoryConfigurationDelegate [restartedMain] Bootstrapping Spring Data JPA repositories in DEFERRED mode.
2020-12-25 18:43:33,614 INFO org.springframework.data.repository.config.RepositoryConfigurationDelegate [restartedMain] Finished Spring Data repository scanning in 104ms. Found 1 JPA repository interfaces.
2020-12-25 18:43:35,473 INFO org.springframework.boot.web.embedded.tomcat.TomcatWebServer [restartedMain] Tomcat initialized with port(s): 8080 (http)
2020-12-25 18:43:35,502 INFO org.apache.juli.logging.DirectJDKLog [restartedMain] Initializing ProtocolHandler ["http-nio-8080"]
2020-12-25 18:43:35,503 INFO org.apache.juli.logging.DirectJDKLog [restartedMain] Starting service [Tomcat]
2020-12-25 18:43:35,503 INFO org.apache.juli.logging.DirectJDKLog [restartedMain] Starting Servlet engine: [Apache Tomcat/9.0.37]
2020-12-25 18:43:35,742 INFO org.apache.juli.logging.DirectJDKLog [restartedMain] Initializing Spring embedded WebApplicationContext
2020-12-25 18:43:35,743 INFO org.springframework.boot.web.servlet.context.ServletWebServerApplicationContext [restartedMain] Root WebApplicationContext: initialization completed in 7278 ms
2020-12-25 18:43:36,712 INFO org.springframework.scheduling.concurrent.ExecutorConfigurationSupport [restartedMain] Initializing ExecutorService 'applicationTaskExecutor'
2020-12-25 18:43:36,739 INFO com.zaxxer.hikari.HikariDataSource [restartedMain] HikariPool-1 - Starting...
2020-12-25 18:43:41,190 INFO com.zaxxer.hikari.HikariDataSource [restartedMain] HikariPool-1 - Start completed.
2020-12-25 18:43:41,479 INFO org.hibernate.jpa.internal.util.LogHelper [task-1] HHH000204: Processing PersistenceUnitInfo [name: default]
2020-12-25 18:43:41,504 INFO org.springframework.aop.framework.CglibAopProxy [restartedMain] Unable to proxy interface-implementing method [public final void org.springframework.dao.support.DaoSupport.afterPropertiesSet() throws java.lang.IllegalArgumentException,org.springframework.beans.factory.BeanInitializationException] because it is marked as final: Consider using interface-based JDK proxies instead!
2020-12-25 18:43:41,569 INFO org.springframework.aop.framework.CglibAopProxy [restartedMain] Unable to proxy interface-implementing method [public final void org.springframework.dao.support.DaoSupport.afterPropertiesSet() throws java.lang.IllegalArgumentException,org.springframework.beans.factory.BeanInitializationException] because it is marked as final: Consider using interface-based JDK proxies instead!
2020-12-25 18:43:41,627 INFO org.springframework.aop.framework.CglibAopProxy [restartedMain] Unable to proxy interface-implementing method [public final void org.springframework.dao.support.DaoSupport.afterPropertiesSet() throws java.lang.IllegalArgumentException,org.springframework.beans.factory.BeanInitializationException] because it is marked as final: Consider using interface-based JDK proxies instead!
2020-12-25 18:43:41,649 INFO org.springframework.aop.framework.CglibAopProxy [restartedMain] Unable to proxy interface-implementing method [public final void org.springframework.dao.support.DaoSupport.afterPropertiesSet() throws java.lang.IllegalArgumentException,org.springframework.beans.factory.BeanInitializationException] because it is marked as final: Consider using interface-based JDK proxies instead!
2020-12-25 18:43:41,985 INFO org.hibernate.Version [task-1] HHH000412: Hibernate ORM core version 5.4.20.Final
2020-12-25 18:43:43,715 INFO org.hibernate.annotations.common.reflection.java.JavaReflectionManager [task-1] HCANN000001: Hibernate Commons Annotations {5.1.0.Final}
2020-12-25 18:43:44,029 INFO org.springframework.aop.framework.CglibAopProxy [restartedMain] Unable to proxy interface-implementing method [public final void org.springframework.dao.support.DaoSupport.afterPropertiesSet() throws java.lang.IllegalArgumentException,org.springframework.beans.factory.BeanInitializationException] because it is marked as final: Consider using interface-based JDK proxies instead!
2020-12-25 18:43:44,056 INFO org.springframework.aop.framework.CglibAopProxy [restartedMain] Unable to proxy interface-implementing method [public final void org.springframework.dao.support.DaoSupport.afterPropertiesSet() throws java.lang.IllegalArgumentException,org.springframework.beans.factory.BeanInitializationException] because it is marked as final: Consider using interface-based JDK proxies instead!
2020-12-25 18:43:44,078 INFO org.springframework.aop.framework.CglibAopProxy [restartedMain] Unable to proxy interface-implementing method [public final void org.springframework.dao.support.DaoSupport.afterPropertiesSet() throws java.lang.IllegalArgumentException,org.springframework.beans.factory.BeanInitializationException] because it is marked as final: Consider using interface-based JDK proxies instead!
2020-12-25 18:43:44,092 INFO org.springframework.aop.framework.CglibAopProxy [restartedMain] Unable to proxy interface-implementing method [public final void org.springframework.dao.support.DaoSupport.afterPropertiesSet() throws java.lang.IllegalArgumentException,org.springframework.beans.factory.BeanInitializationException] because it is marked as final: Consider using interface-based JDK proxies instead!
2020-12-25 18:43:44,240 WARN org.springframework.boot.autoconfigure.orm.jpa.JpaBaseConfiguration$JpaWebConfiguration [restartedMain] spring.jpa.open-in-view is enabled by default. Therefore, database queries may be performed during view rendering. Explicitly configure spring.jpa.open-in-view to disable this warning
2020-12-25 18:43:44,881 INFO org.hibernate.dialect.Dialect [task-1] HHH000400: Using dialect: org.hibernate.dialect.MySQL57Dialect
2020-12-25 18:43:47,271 INFO org.hibernate.engine.transaction.jta.platform.internal.JtaPlatformInitiator [task-1] HHH000490: Using JtaPlatform implementation: [org.hibernate.engine.transaction.jta.platform.internal.NoJtaPlatform]
2020-12-25 18:43:47,283 INFO org.springframework.orm.jpa.AbstractEntityManagerFactoryBean [task-1] Initialized JPA EntityManagerFactory for persistence unit 'default'
2020-12-25 18:43:47,940 INFO org.springframework.boot.devtools.autoconfigure.OptionalLiveReloadServer [restartedMain] LiveReload server is running on port 35729
2020-12-25 18:43:47,948 INFO org.springframework.boot.actuate.endpoint.web.EndpointLinksResolver [restartedMain] Exposing 2 endpoint(s) beneath base path '/actuator'
2020-12-25 18:43:48,021 INFO org.apache.juli.logging.DirectJDKLog [restartedMain] Starting ProtocolHandler ["http-nio-8080"]
2020-12-25 18:43:48,145 INFO org.springframework.boot.web.embedded.tomcat.TomcatWebServer [restartedMain] Tomcat started on port(s): 8080 (http) with context path ''
2020-12-25 18:43:48,149 INFO org.springframework.data.repository.config.DeferredRepositoryInitializationListener [restartedMain] Triggering deferred initialization of Spring Data repositories…
2020-12-25 18:43:48,647 INFO org.springframework.data.repository.config.DeferredRepositoryInitializationListener [restartedMain] Spring Data repositories initialized!
2020-12-25 18:43:48,663 INFO org.springframework.boot.StartupInfoLogger [restartedMain] Started PulseWorkFlowApplication in 22.172 seconds (JVM running for 24.824)
2020-12-25 21:54:38,790 INFO org.springframework.boot.admin.SpringApplicationAdminMXBeanRegistrar$SpringApplicationAdmin [RMI TCP Connection(193)-127.0.0.1] Application shutdown requested.
2020-12-25 21:54:39,091 INFO org.springframework.orm.jpa.AbstractEntityManagerFactoryBean [RMI TCP Connection(193)-127.0.0.1] Closing JPA EntityManagerFactory for persistence unit 'default'
2020-12-25 21:54:39,094 INFO org.springframework.scheduling.concurrent.ExecutorConfigurationSupport [RMI TCP Connection(193)-127.0.0.1] Shutting down ExecutorService 'applicationTaskExecutor'
2020-12-25 21:54:39,097 INFO com.zaxxer.hikari.HikariDataSource [RMI TCP Connection(193)-127.0.0.1] HikariPool-1 - Shutdown initiated...
2020-12-25 21:54:39,101 INFO com.zaxxer.hikari.HikariDataSource [RMI TCP Connection(193)-127.0.0.1] HikariPool-1 - Shutdown completed.
