2021-02-20 19:20:47,609 INFO org.springframework.boot.StartupInfoLogger [restartedMain] Starting PulseWorkFlowApplication on DESKTOP-LN0C744 with PID 13112 (D:\Pulseoftheworkorce\GSS\Dev-WorkSpace\PulseWorkForce\PulseWorkFlow\target\classes started by GSSADMIN in D:\Pulseoftheworkorce\GSS\Dev-WorkSpace\PulseWorkForce\PulseWorkFlow)
2021-02-20 19:20:47,623 INFO org.springframework.boot.SpringApplication [restartedMain] No active profile set, falling back to default profiles: default
2021-02-20 19:20:47,723 INFO org.springframework.boot.logging.DeferredLog [restartedMain] Devtools property defaults active! Set 'spring.devtools.add-properties' to 'false' to disable
2021-02-20 19:20:47,724 INFO org.springframework.boot.logging.DeferredLog [restartedMain] For additional web related logging consider setting the 'logging.level.web' property to 'DEBUG'
2021-02-20 19:20:51,318 INFO org.springframework.data.repository.config.RepositoryConfigurationDelegate [restartedMain] Multiple Spring Data modules found, entering strict repository configuration mode!
2021-02-20 19:20:51,321 INFO org.springframework.data.repository.config.RepositoryConfigurationDelegate [restartedMain] Bootstrapping Spring Data JDBC repositories in DEFAULT mode.
2021-02-20 19:20:51,386 INFO org.springframework.data.repository.config.RepositoryConfigurationDelegate [restartedMain] Finished Spring Data repository scanning in 53ms. Found 0 JDBC repository interfaces.
2021-02-20 19:20:51,404 INFO org.springframework.data.repository.config.RepositoryConfigurationDelegate [restartedMain] Multiple Spring Data modules found, entering strict repository configuration mode!
2021-02-20 19:20:51,406 INFO org.springframework.data.repository.config.RepositoryConfigurationDelegate [restartedMain] Bootstrapping Spring Data JPA repositories in DEFERRED mode.
2021-02-20 19:20:51,439 INFO org.springframework.data.repository.config.RepositoryConfigurationDelegate [restartedMain] Finished Spring Data repository scanning in 18ms. Found 0 JPA repository interfaces.
2021-02-20 19:20:53,821 INFO org.springframework.boot.web.embedded.tomcat.TomcatWebServer [restartedMain] Tomcat initialized with port(s): 8080 (http)
2021-02-20 19:20:53,907 INFO org.apache.juli.logging.DirectJDKLog [restartedMain] Initializing ProtocolHandler ["http-nio-8080"]
2021-02-20 19:20:53,908 INFO org.apache.juli.logging.DirectJDKLog [restartedMain] Starting service [Tomcat]
2021-02-20 19:20:53,909 INFO org.apache.juli.logging.DirectJDKLog [restartedMain] Starting Servlet engine: [Apache Tomcat/9.0.37]
2021-02-20 19:20:54,232 INFO org.apache.juli.logging.DirectJDKLog [restartedMain] Initializing Spring embedded WebApplicationContext
2021-02-20 19:20:54,233 INFO org.springframework.boot.web.servlet.context.ServletWebServerApplicationContext [restartedMain] Root WebApplicationContext: initialization completed in 6508 ms
2021-02-20 19:20:54,981 WARN org.springframework.boot.autoconfigure.orm.jpa.JpaBaseConfiguration$JpaWebConfiguration [restartedMain] spring.jpa.open-in-view is enabled by default. Therefore, database queries may be performed during view rendering. Explicitly configure spring.jpa.open-in-view to disable this warning
2021-02-20 19:20:55,546 INFO org.springframework.scheduling.concurrent.ExecutorConfigurationSupport [restartedMain] Initializing ExecutorService 'applicationTaskExecutor'
2021-02-20 19:20:55,593 INFO com.zaxxer.hikari.HikariDataSource [restartedMain] HikariPool-1 - Starting...
2021-02-20 19:20:59,505 INFO com.zaxxer.hikari.HikariDataSource [restartedMain] HikariPool-1 - Start completed.
2021-02-20 19:20:59,834 INFO org.hibernate.jpa.internal.util.LogHelper [task-1] HHH000204: Processing PersistenceUnitInfo [name: default]
2021-02-20 19:21:00,797 INFO org.hibernate.Version [task-1] HHH000412: Hibernate ORM core version 5.4.20.Final
2021-02-20 19:21:02,076 INFO org.hibernate.annotations.common.reflection.java.JavaReflectionManager [task-1] HCANN000001: Hibernate Commons Annotations {5.1.0.Final}
2021-02-20 19:21:02,459 INFO org.springframework.aop.framework.CglibAopProxy [restartedMain] Unable to proxy interface-implementing method [public final void org.springframework.dao.support.DaoSupport.afterPropertiesSet() throws java.lang.IllegalArgumentException,org.springframework.beans.factory.BeanInitializationException] because it is marked as final: Consider using interface-based JDK proxies instead!
2021-02-20 19:21:02,586 INFO org.springframework.aop.framework.CglibAopProxy [restartedMain] Unable to proxy interface-implementing method [public final void org.springframework.dao.support.DaoSupport.afterPropertiesSet() throws java.lang.IllegalArgumentException,org.springframework.beans.factory.BeanInitializationException] because it is marked as final: Consider using interface-based JDK proxies instead!
2021-02-20 19:21:03,522 INFO org.hibernate.dialect.Dialect [task-1] HHH000400: Using dialect: org.hibernate.dialect.MySQL57Dialect
2021-02-20 19:21:04,034 INFO org.springframework.aop.framework.CglibAopProxy [restartedMain] Unable to proxy interface-implementing method [public final void org.springframework.dao.support.DaoSupport.afterPropertiesSet() throws java.lang.IllegalArgumentException,org.springframework.beans.factory.BeanInitializationException] because it is marked as final: Consider using interface-based JDK proxies instead!
2021-02-20 19:21:04,130 INFO org.springframework.aop.framework.CglibAopProxy [restartedMain] Unable to proxy interface-implementing method [public final void org.springframework.dao.support.DaoSupport.afterPropertiesSet() throws java.lang.IllegalArgumentException,org.springframework.beans.factory.BeanInitializationException] because it is marked as final: Consider using interface-based JDK proxies instead!
2021-02-20 19:21:04,978 INFO org.hibernate.engine.transaction.jta.platform.internal.JtaPlatformInitiator [task-1] HHH000490: Using JtaPlatform implementation: [org.hibernate.engine.transaction.jta.platform.internal.NoJtaPlatform]
2021-02-20 19:21:05,041 INFO org.springframework.orm.jpa.AbstractEntityManagerFactoryBean [task-1] Initialized JPA EntityManagerFactory for persistence unit 'default'
2021-02-20 19:21:05,848 INFO org.springframework.aop.framework.CglibAopProxy [restartedMain] Unable to proxy interface-implementing method [public final void org.springframework.dao.support.DaoSupport.afterPropertiesSet() throws java.lang.IllegalArgumentException,org.springframework.beans.factory.BeanInitializationException] because it is marked as final: Consider using interface-based JDK proxies instead!
2021-02-20 19:21:05,865 INFO org.springframework.aop.framework.CglibAopProxy [restartedMain] Unable to proxy interface-implementing method [public final void org.springframework.dao.support.DaoSupport.afterPropertiesSet() throws java.lang.IllegalArgumentException,org.springframework.beans.factory.BeanInitializationException] because it is marked as final: Consider using interface-based JDK proxies instead!
2021-02-20 19:21:05,885 INFO org.springframework.aop.framework.CglibAopProxy [restartedMain] Unable to proxy interface-implementing method [public final void org.springframework.dao.support.DaoSupport.afterPropertiesSet() throws java.lang.IllegalArgumentException,org.springframework.beans.factory.BeanInitializationException] because it is marked as final: Consider using interface-based JDK proxies instead!
2021-02-20 19:21:05,920 INFO org.springframework.aop.framework.CglibAopProxy [restartedMain] Unable to proxy interface-implementing method [public final void org.springframework.dao.support.DaoSupport.afterPropertiesSet() throws java.lang.IllegalArgumentException,org.springframework.beans.factory.BeanInitializationException] because it is marked as final: Consider using interface-based JDK proxies instead!
2021-02-20 19:21:05,967 INFO org.springframework.aop.framework.CglibAopProxy [restartedMain] Unable to proxy interface-implementing method [public final void org.springframework.dao.support.DaoSupport.afterPropertiesSet() throws java.lang.IllegalArgumentException,org.springframework.beans.factory.BeanInitializationException] because it is marked as final: Consider using interface-based JDK proxies instead!
2021-02-20 19:21:05,980 INFO org.springframework.aop.framework.CglibAopProxy [restartedMain] Unable to proxy interface-implementing method [public final void org.springframework.dao.support.DaoSupport.afterPropertiesSet() throws java.lang.IllegalArgumentException,org.springframework.beans.factory.BeanInitializationException] because it is marked as final: Consider using interface-based JDK proxies instead!
2021-02-20 19:21:07,099 INFO org.springframework.boot.actuate.endpoint.web.EndpointLinksResolver [restartedMain] Exposing 2 endpoint(s) beneath base path '/actuator'
2021-02-20 19:21:08,337 INFO org.springframework.security.web.DefaultSecurityFilterChain [restartedMain] Creating filter chain: any request, [org.springframework.security.web.context.request.async.WebAsyncManagerIntegrationFilter@161d897, org.springframework.security.web.context.SecurityContextPersistenceFilter@1b0cc12, org.springframework.security.web.header.HeaderWriterFilter@166303c, org.springframework.web.filter.CorsFilter@5767d2, org.springframework.security.web.authentication.logout.LogoutFilter@c6e8d5, com.gss.pulseworkflow.oauth.filter.PulseLoginFilter@12af9e1, com.gss.pulseworkflow.oauth.filter.PulseAccessTokenFilter@13a65f9, com.gss.pulseworkflow.oauth.filter.PulseTokenCheckerFilter@18b66b4, org.springframework.security.web.savedrequest.RequestCacheAwareFilter@196c990, org.springframework.security.web.servletapi.SecurityContextHolderAwareRequestFilter@55b2d1, org.springframework.security.web.authentication.AnonymousAuthenticationFilter@17817f6, org.springframework.security.web.session.SessionManagementFilter@ef58bb, org.springframework.security.web.access.ExceptionTranslationFilter@11ce559, org.springframework.security.web.access.intercept.FilterSecurityInterceptor@7cbf38]
2021-02-20 19:21:08,705 INFO org.springframework.boot.devtools.autoconfigure.OptionalLiveReloadServer [restartedMain] LiveReload server is running on port 35729
2021-02-20 19:21:10,038 INFO org.apache.juli.logging.DirectJDKLog [restartedMain] Starting ProtocolHandler ["http-nio-8080"]
2021-02-20 19:21:10,181 INFO org.springframework.boot.web.embedded.tomcat.TomcatWebServer [restartedMain] Tomcat started on port(s): 8080 (http) with context path ''
2021-02-20 19:21:11,232 WARN springfox.documentation.schema.property.CachingModelPropertiesProvider [restartedMain] Exception calculating properties for model(com.gss.pulseworkflow.model.AccessTokenResponse) -> ModelContext{groupName=default, type=com.gss.pulseworkflow.model.AccessTokenResponse, isReturnType=true, view=Optional.empty}. Duplicate key [Property 'access_token'; ctors: null, field(s): null, getter(s): null, setter(s): [method com.gss.pulseworkflow.model.AccessTokenResponse#setAccessToken(1 params)][visible=true,ignore=false,explicitName=true]]
2021-02-20 19:21:11,234 WARN springfox.documentation.schema.property.CachingModelPropertiesProvider [restartedMain] Exception calculating properties for model(com.gss.pulseworkflow.model.AccessTokenResponse) -> ModelContext{groupName=default, type=com.gss.pulseworkflow.model.AccessTokenResponse, isReturnType=true, view=Optional.empty}. Duplicate key [Property 'access_token'; ctors: null, field(s): null, getter(s): null, setter(s): [method com.gss.pulseworkflow.model.AccessTokenResponse#setAccessToken(1 params)][visible=true,ignore=false,explicitName=true]]
2021-02-20 19:21:11,235 WARN springfox.documentation.schema.property.CachingModelPropertiesProvider [restartedMain] Exception calculating properties for model(com.gss.pulseworkflow.model.AccessTokenResponse) -> ModelContext{groupName=default, type=com.gss.pulseworkflow.model.AccessTokenResponse, isReturnType=true, view=Optional.empty}. Duplicate key [Property 'access_token'; ctors: null, field(s): null, getter(s): null, setter(s): [method com.gss.pulseworkflow.model.AccessTokenResponse#setAccessToken(1 params)][visible=true,ignore=false,explicitName=true]]
2021-02-20 19:21:11,246 WARN springfox.documentation.schema.property.CachingModelPropertiesProvider [restartedMain] Exception calculating properties for model(com.gss.pulseworkflow.model.AccessTokenResponse) -> ModelContext{groupName=default, type=com.gss.pulseworkflow.model.AccessTokenResponse, isReturnType=true, view=Optional.empty}. Duplicate key [Property 'access_token'; ctors: null, field(s): null, getter(s): null, setter(s): [method com.gss.pulseworkflow.model.AccessTokenResponse#setAccessToken(1 params)][visible=true,ignore=false,explicitName=true]]
2021-02-20 19:21:11,526 INFO org.springframework.data.repository.config.DeferredRepositoryInitializationListener [restartedMain] Triggering deferred initialization of Spring Data repositories…
2021-02-20 19:21:11,527 INFO org.springframework.data.repository.config.DeferredRepositoryInitializationListener [restartedMain] Spring Data repositories initialized!
2021-02-20 19:21:11,578 INFO org.springframework.boot.StartupInfoLogger [restartedMain] Started PulseWorkFlowApplication in 24.679 seconds (JVM running for 27.643)
2021-02-20 19:23:34,216 INFO org.apache.juli.logging.DirectJDKLog [http-nio-8080-exec-2] Initializing Spring DispatcherServlet 'dispatcherServlet'
2021-02-20 19:23:34,217 INFO org.springframework.web.servlet.FrameworkServlet [http-nio-8080-exec-2] Initializing Servlet 'dispatcherServlet'
2021-02-20 19:23:34,241 INFO org.springframework.web.servlet.FrameworkServlet [http-nio-8080-exec-2] Completed initialization in 24 ms
2021-02-20 19:31:49,120 INFO org.springframework.orm.jpa.AbstractEntityManagerFactoryBean [Thread-6] Closing JPA EntityManagerFactory for persistence unit 'default'
2021-02-20 19:31:49,124 INFO org.springframework.scheduling.concurrent.ExecutorConfigurationSupport [Thread-6] Shutting down ExecutorService 'applicationTaskExecutor'
2021-02-20 19:31:49,131 INFO com.zaxxer.hikari.HikariDataSource [Thread-6] HikariPool-1 - Shutdown initiated...
2021-02-20 19:31:49,158 INFO com.zaxxer.hikari.HikariDataSource [Thread-6] HikariPool-1 - Shutdown completed.
2021-02-20 19:31:49,477 INFO org.springframework.boot.StartupInfoLogger [restartedMain] Starting PulseWorkFlowApplication on DESKTOP-LN0C744 with PID 13112 (D:\Pulseoftheworkorce\GSS\Dev-WorkSpace\PulseWorkForce\PulseWorkFlow\target\classes started by GSSADMIN in D:\Pulseoftheworkorce\GSS\Dev-WorkSpace\PulseWorkForce\PulseWorkFlow)
2021-02-20 19:31:49,480 INFO org.springframework.boot.SpringApplication [restartedMain] No active profile set, falling back to default profiles: default
2021-02-20 19:31:51,228 INFO org.springframework.data.repository.config.RepositoryConfigurationDelegate [restartedMain] Multiple Spring Data modules found, entering strict repository configuration mode!
2021-02-20 19:31:51,229 INFO org.springframework.data.repository.config.RepositoryConfigurationDelegate [restartedMain] Bootstrapping Spring Data JDBC repositories in DEFAULT mode.
2021-02-20 19:31:51,279 INFO org.springframework.data.repository.config.RepositoryConfigurationDelegate [restartedMain] Finished Spring Data repository scanning in 49ms. Found 0 JDBC repository interfaces.
2021-02-20 19:31:51,335 INFO org.springframework.data.repository.config.RepositoryConfigurationDelegate [restartedMain] Multiple Spring Data modules found, entering strict repository configuration mode!
2021-02-20 19:31:51,335 INFO org.springframework.data.repository.config.RepositoryConfigurationDelegate [restartedMain] Bootstrapping Spring Data JPA repositories in DEFERRED mode.
2021-02-20 19:31:51,354 INFO org.springframework.data.repository.config.RepositoryConfigurationDelegate [restartedMain] Finished Spring Data repository scanning in 17ms. Found 0 JPA repository interfaces.
2021-02-20 19:31:52,062 INFO org.springframework.boot.web.embedded.tomcat.TomcatWebServer [restartedMain] Tomcat initialized with port(s): 8080 (http)
2021-02-20 19:31:52,066 INFO org.apache.juli.logging.DirectJDKLog [restartedMain] Initializing ProtocolHandler ["http-nio-8080"]
2021-02-20 19:31:52,073 INFO org.apache.juli.logging.DirectJDKLog [restartedMain] Starting service [Tomcat]
2021-02-20 19:31:52,080 INFO org.apache.juli.logging.DirectJDKLog [restartedMain] Starting Servlet engine: [Apache Tomcat/9.0.37]
2021-02-20 19:31:52,236 INFO org.apache.juli.logging.DirectJDKLog [restartedMain] Initializing Spring embedded WebApplicationContext
2021-02-20 19:31:52,240 INFO org.springframework.boot.web.servlet.context.ServletWebServerApplicationContext [restartedMain] Root WebApplicationContext: initialization completed in 2749 ms
2021-02-20 19:31:52,503 WARN org.springframework.boot.autoconfigure.orm.jpa.JpaBaseConfiguration$JpaWebConfiguration [restartedMain] spring.jpa.open-in-view is enabled by default. Therefore, database queries may be performed during view rendering. Explicitly configure spring.jpa.open-in-view to disable this warning
2021-02-20 19:31:52,585 INFO org.springframework.scheduling.concurrent.ExecutorConfigurationSupport [restartedMain] Initializing ExecutorService 'applicationTaskExecutor'
2021-02-20 19:31:52,593 INFO com.zaxxer.hikari.HikariDataSource [restartedMain] HikariPool-2 - Starting...
2021-02-20 19:31:55,723 INFO com.zaxxer.hikari.HikariDataSource [restartedMain] HikariPool-2 - Start completed.
2021-02-20 19:31:55,781 INFO org.hibernate.jpa.internal.util.LogHelper [task-1] HHH000204: Processing PersistenceUnitInfo [name: default]
2021-02-20 19:31:55,799 INFO org.hibernate.dialect.Dialect [task-1] HHH000400: Using dialect: org.hibernate.dialect.MySQL57Dialect
2021-02-20 19:31:55,831 INFO org.hibernate.engine.transaction.jta.platform.internal.JtaPlatformInitiator [task-1] HHH000490: Using JtaPlatform implementation: [org.hibernate.engine.transaction.jta.platform.internal.NoJtaPlatform]
2021-02-20 19:31:55,832 INFO org.springframework.orm.jpa.AbstractEntityManagerFactoryBean [task-1] Initialized JPA EntityManagerFactory for persistence unit 'default'
2021-02-20 19:31:55,978 INFO org.springframework.aop.framework.CglibAopProxy [restartedMain] Unable to proxy interface-implementing method [public final void org.springframework.dao.support.DaoSupport.afterPropertiesSet() throws java.lang.IllegalArgumentException,org.springframework.beans.factory.BeanInitializationException] because it is marked as final: Consider using interface-based JDK proxies instead!
2021-02-20 19:31:55,998 INFO org.springframework.aop.framework.CglibAopProxy [restartedMain] Unable to proxy interface-implementing method [public final void org.springframework.dao.support.DaoSupport.afterPropertiesSet() throws java.lang.IllegalArgumentException,org.springframework.beans.factory.BeanInitializationException] because it is marked as final: Consider using interface-based JDK proxies instead!
2021-02-20 19:31:56,059 INFO org.springframework.aop.framework.CglibAopProxy [restartedMain] Unable to proxy interface-implementing method [public final void org.springframework.dao.support.DaoSupport.afterPropertiesSet() throws java.lang.IllegalArgumentException,org.springframework.beans.factory.BeanInitializationException] because it is marked as final: Consider using interface-based JDK proxies instead!
2021-02-20 19:31:56,102 INFO org.springframework.aop.framework.CglibAopProxy [restartedMain] Unable to proxy interface-implementing method [public final void org.springframework.dao.support.DaoSupport.afterPropertiesSet() throws java.lang.IllegalArgumentException,org.springframework.beans.factory.BeanInitializationException] because it is marked as final: Consider using interface-based JDK proxies instead!
2021-02-20 19:31:56,225 INFO org.springframework.aop.framework.CglibAopProxy [restartedMain] Unable to proxy interface-implementing method [public final void org.springframework.dao.support.DaoSupport.afterPropertiesSet() throws java.lang.IllegalArgumentException,org.springframework.beans.factory.BeanInitializationException] because it is marked as final: Consider using interface-based JDK proxies instead!
2021-02-20 19:31:56,239 INFO org.springframework.aop.framework.CglibAopProxy [restartedMain] Unable to proxy interface-implementing method [public final void org.springframework.dao.support.DaoSupport.afterPropertiesSet() throws java.lang.IllegalArgumentException,org.springframework.beans.factory.BeanInitializationException] because it is marked as final: Consider using interface-based JDK proxies instead!
2021-02-20 19:31:56,259 INFO org.springframework.aop.framework.CglibAopProxy [restartedMain] Unable to proxy interface-implementing method [public final void org.springframework.dao.support.DaoSupport.afterPropertiesSet() throws java.lang.IllegalArgumentException,org.springframework.beans.factory.BeanInitializationException] because it is marked as final: Consider using interface-based JDK proxies instead!
2021-02-20 19:31:56,330 INFO org.springframework.aop.framework.CglibAopProxy [restartedMain] Unable to proxy interface-implementing method [public final void org.springframework.dao.support.DaoSupport.afterPropertiesSet() throws java.lang.IllegalArgumentException,org.springframework.beans.factory.BeanInitializationException] because it is marked as final: Consider using interface-based JDK proxies instead!
2021-02-20 19:31:56,366 INFO org.springframework.aop.framework.CglibAopProxy [restartedMain] Unable to proxy interface-implementing method [public final void org.springframework.dao.support.DaoSupport.afterPropertiesSet() throws java.lang.IllegalArgumentException,org.springframework.beans.factory.BeanInitializationException] because it is marked as final: Consider using interface-based JDK proxies instead!
2021-02-20 19:31:56,376 INFO org.springframework.aop.framework.CglibAopProxy [restartedMain] Unable to proxy interface-implementing method [public final void org.springframework.dao.support.DaoSupport.afterPropertiesSet() throws java.lang.IllegalArgumentException,org.springframework.beans.factory.BeanInitializationException] because it is marked as final: Consider using interface-based JDK proxies instead!
2021-02-20 19:31:56,666 INFO org.springframework.boot.actuate.endpoint.web.EndpointLinksResolver [restartedMain] Exposing 2 endpoint(s) beneath base path '/actuator'
2021-02-20 19:31:56,799 INFO org.springframework.security.web.DefaultSecurityFilterChain [restartedMain] Creating filter chain: any request, [org.springframework.security.web.context.request.async.WebAsyncManagerIntegrationFilter@10aec65, org.springframework.security.web.context.SecurityContextPersistenceFilter@9acf20, org.springframework.security.web.header.HeaderWriterFilter@15af43a, org.springframework.web.filter.CorsFilter@1fab283, org.springframework.security.web.authentication.logout.LogoutFilter@12bde5a, com.gss.pulseworkflow.oauth.filter.PulseLoginFilter@c540ae, com.gss.pulseworkflow.oauth.filter.PulseAccessTokenFilter@8989b9, com.gss.pulseworkflow.oauth.filter.PulseTokenCheckerFilter@b38e30, org.springframework.security.web.savedrequest.RequestCacheAwareFilter@191f496, org.springframework.security.web.servletapi.SecurityContextHolderAwareRequestFilter@1dc21ba, org.springframework.security.web.authentication.AnonymousAuthenticationFilter@1e0b0b7, org.springframework.security.web.session.SessionManagementFilter@f65759, org.springframework.security.web.access.ExceptionTranslationFilter@150105d, org.springframework.security.web.access.intercept.FilterSecurityInterceptor@416aa]
2021-02-20 19:31:56,883 INFO org.springframework.boot.devtools.autoconfigure.OptionalLiveReloadServer [restartedMain] LiveReload server is running on port 35729
2021-02-20 19:31:57,425 INFO org.apache.juli.logging.DirectJDKLog [restartedMain] Starting ProtocolHandler ["http-nio-8080"]
2021-02-20 19:31:57,434 INFO org.springframework.boot.web.embedded.tomcat.TomcatWebServer [restartedMain] Tomcat started on port(s): 8080 (http) with context path ''
2021-02-20 19:31:58,091 WARN springfox.documentation.schema.property.CachingModelPropertiesProvider [restartedMain] Exception calculating properties for model(com.gss.pulseworkflow.model.AccessTokenResponse) -> ModelContext{groupName=default, type=com.gss.pulseworkflow.model.AccessTokenResponse, isReturnType=true, view=Optional.empty}. Duplicate key [Property 'access_token'; ctors: null, field(s): null, getter(s): null, setter(s): [method com.gss.pulseworkflow.model.AccessTokenResponse#setAccessToken(1 params)][visible=true,ignore=false,explicitName=true]]
2021-02-20 19:31:58,092 WARN springfox.documentation.schema.property.CachingModelPropertiesProvider [restartedMain] Exception calculating properties for model(com.gss.pulseworkflow.model.AccessTokenResponse) -> ModelContext{groupName=default, type=com.gss.pulseworkflow.model.AccessTokenResponse, isReturnType=true, view=Optional.empty}. Duplicate key [Property 'access_token'; ctors: null, field(s): null, getter(s): null, setter(s): [method com.gss.pulseworkflow.model.AccessTokenResponse#setAccessToken(1 params)][visible=true,ignore=false,explicitName=true]]
2021-02-20 19:31:58,094 WARN springfox.documentation.schema.property.CachingModelPropertiesProvider [restartedMain] Exception calculating properties for model(com.gss.pulseworkflow.model.AccessTokenResponse) -> ModelContext{groupName=default, type=com.gss.pulseworkflow.model.AccessTokenResponse, isReturnType=true, view=Optional.empty}. Duplicate key [Property 'access_token'; ctors: null, field(s): null, getter(s): null, setter(s): [method com.gss.pulseworkflow.model.AccessTokenResponse#setAccessToken(1 params)][visible=true,ignore=false,explicitName=true]]
2021-02-20 19:31:58,103 WARN springfox.documentation.schema.property.CachingModelPropertiesProvider [restartedMain] Exception calculating properties for model(com.gss.pulseworkflow.model.AccessTokenResponse) -> ModelContext{groupName=default, type=com.gss.pulseworkflow.model.AccessTokenResponse, isReturnType=true, view=Optional.empty}. Duplicate key [Property 'access_token'; ctors: null, field(s): null, getter(s): null, setter(s): [method com.gss.pulseworkflow.model.AccessTokenResponse#setAccessToken(1 params)][visible=true,ignore=false,explicitName=true]]
2021-02-20 19:32:03,795 INFO org.springframework.boot.StartupInfoLogger [restartedMain] Starting PulseWorkFlowApplication on DESKTOP-LN0C744 with PID 13920 (D:\Pulseoftheworkorce\GSS\Dev-WorkSpace\PulseWorkForce\PulseWorkFlow\target\classes started by GSSADMIN in D:\Pulseoftheworkorce\GSS\Dev-WorkSpace\PulseWorkForce\PulseWorkFlow)
2021-02-20 19:32:03,806 INFO org.springframework.boot.SpringApplication [restartedMain] No active profile set, falling back to default profiles: default
2021-02-20 19:32:03,911 INFO org.springframework.boot.logging.DeferredLog [restartedMain] Devtools property defaults active! Set 'spring.devtools.add-properties' to 'false' to disable
2021-02-20 19:32:03,912 INFO org.springframework.boot.logging.DeferredLog [restartedMain] For additional web related logging consider setting the 'logging.level.web' property to 'DEBUG'
2021-02-20 19:32:06,209 INFO org.springframework.data.repository.config.RepositoryConfigurationDelegate [restartedMain] Multiple Spring Data modules found, entering strict repository configuration mode!
2021-02-20 19:32:06,212 INFO org.springframework.data.repository.config.RepositoryConfigurationDelegate [restartedMain] Bootstrapping Spring Data JDBC repositories in DEFAULT mode.
2021-02-20 19:32:06,277 INFO org.springframework.data.repository.config.RepositoryConfigurationDelegate [restartedMain] Finished Spring Data repository scanning in 51ms. Found 0 JDBC repository interfaces.
2021-02-20 19:32:06,296 INFO org.springframework.data.repository.config.RepositoryConfigurationDelegate [restartedMain] Multiple Spring Data modules found, entering strict repository configuration mode!
2021-02-20 19:32:06,299 INFO org.springframework.data.repository.config.RepositoryConfigurationDelegate [restartedMain] Bootstrapping Spring Data JPA repositories in DEFERRED mode.
2021-02-20 19:32:06,337 INFO org.springframework.data.repository.config.RepositoryConfigurationDelegate [restartedMain] Finished Spring Data repository scanning in 29ms. Found 0 JPA repository interfaces.
2021-02-20 19:32:07,786 INFO org.springframework.boot.web.embedded.tomcat.TomcatWebServer [restartedMain] Tomcat initialized with port(s): 8080 (http)
2021-02-20 19:32:07,812 INFO org.apache.juli.logging.DirectJDKLog [restartedMain] Initializing ProtocolHandler ["http-nio-8080"]
2021-02-20 19:32:07,813 INFO org.apache.juli.logging.DirectJDKLog [restartedMain] Starting service [Tomcat]
2021-02-20 19:32:07,814 INFO org.apache.juli.logging.DirectJDKLog [restartedMain] Starting Servlet engine: [Apache Tomcat/9.0.37]
2021-02-20 19:32:08,036 INFO org.apache.juli.logging.DirectJDKLog [restartedMain] Initializing Spring embedded WebApplicationContext
2021-02-20 19:32:08,037 INFO org.springframework.boot.web.servlet.context.ServletWebServerApplicationContext [restartedMain] Root WebApplicationContext: initialization completed in 4125 ms
2021-02-20 19:32:08,403 WARN org.springframework.boot.autoconfigure.orm.jpa.JpaBaseConfiguration$JpaWebConfiguration [restartedMain] spring.jpa.open-in-view is enabled by default. Therefore, database queries may be performed during view rendering. Explicitly configure spring.jpa.open-in-view to disable this warning
2021-02-20 19:32:08,649 INFO org.springframework.scheduling.concurrent.ExecutorConfigurationSupport [restartedMain] Initializing ExecutorService 'applicationTaskExecutor'
2021-02-20 19:32:08,672 INFO com.zaxxer.hikari.HikariDataSource [restartedMain] HikariPool-1 - Starting...
2021-02-20 19:32:12,069 INFO com.zaxxer.hikari.HikariDataSource [restartedMain] HikariPool-1 - Start completed.
2021-02-20 19:32:12,193 INFO org.hibernate.jpa.internal.util.LogHelper [task-1] HHH000204: Processing PersistenceUnitInfo [name: default]
2021-02-20 19:32:12,343 INFO org.hibernate.Version [task-1] HHH000412: Hibernate ORM core version 5.4.20.Final
2021-02-20 19:32:12,766 INFO org.hibernate.annotations.common.reflection.java.JavaReflectionManager [task-1] HCANN000001: Hibernate Commons Annotations {5.1.0.Final}
2021-02-20 19:32:12,773 INFO org.springframework.aop.framework.CglibAopProxy [restartedMain] Unable to proxy interface-implementing method [public final void org.springframework.dao.support.DaoSupport.afterPropertiesSet() throws java.lang.IllegalArgumentException,org.springframework.beans.factory.BeanInitializationException] because it is marked as final: Consider using interface-based JDK proxies instead!
2021-02-20 19:32:12,837 INFO org.springframework.aop.framework.CglibAopProxy [restartedMain] Unable to proxy interface-implementing method [public final void org.springframework.dao.support.DaoSupport.afterPropertiesSet() throws java.lang.IllegalArgumentException,org.springframework.beans.factory.BeanInitializationException] because it is marked as final: Consider using interface-based JDK proxies instead!
2021-02-20 19:32:13,026 INFO org.springframework.aop.framework.CglibAopProxy [restartedMain] Unable to proxy interface-implementing method [public final void org.springframework.dao.support.DaoSupport.afterPropertiesSet() throws java.lang.IllegalArgumentException,org.springframework.beans.factory.BeanInitializationException] because it is marked as final: Consider using interface-based JDK proxies instead!
2021-02-20 19:32:13,075 INFO org.springframework.aop.framework.CglibAopProxy [restartedMain] Unable to proxy interface-implementing method [public final void org.springframework.dao.support.DaoSupport.afterPropertiesSet() throws java.lang.IllegalArgumentException,org.springframework.beans.factory.BeanInitializationException] because it is marked as final: Consider using interface-based JDK proxies instead!
2021-02-20 19:32:13,450 INFO org.hibernate.dialect.Dialect [task-1] HHH000400: Using dialect: org.hibernate.dialect.MySQL57Dialect
2021-02-20 19:32:13,791 INFO org.springframework.aop.framework.CglibAopProxy [restartedMain] Unable to proxy interface-implementing method [public final void org.springframework.dao.support.DaoSupport.afterPropertiesSet() throws java.lang.IllegalArgumentException,org.springframework.beans.factory.BeanInitializationException] because it is marked as final: Consider using interface-based JDK proxies instead!
2021-02-20 19:32:13,829 INFO org.springframework.aop.framework.CglibAopProxy [restartedMain] Unable to proxy interface-implementing method [public final void org.springframework.dao.support.DaoSupport.afterPropertiesSet() throws java.lang.IllegalArgumentException,org.springframework.beans.factory.BeanInitializationException] because it is marked as final: Consider using interface-based JDK proxies instead!
2021-02-20 19:32:13,856 INFO org.springframework.aop.framework.CglibAopProxy [restartedMain] Unable to proxy interface-implementing method [public final void org.springframework.dao.support.DaoSupport.afterPropertiesSet() throws java.lang.IllegalArgumentException,org.springframework.beans.factory.BeanInitializationException] because it is marked as final: Consider using interface-based JDK proxies instead!
2021-02-20 19:32:13,917 INFO org.springframework.aop.framework.CglibAopProxy [restartedMain] Unable to proxy interface-implementing method [public final void org.springframework.dao.support.DaoSupport.afterPropertiesSet() throws java.lang.IllegalArgumentException,org.springframework.beans.factory.BeanInitializationException] because it is marked as final: Consider using interface-based JDK proxies instead!
2021-02-20 19:32:13,960 INFO org.springframework.aop.framework.CglibAopProxy [restartedMain] Unable to proxy interface-implementing method [public final void org.springframework.dao.support.DaoSupport.afterPropertiesSet() throws java.lang.IllegalArgumentException,org.springframework.beans.factory.BeanInitializationException] because it is marked as final: Consider using interface-based JDK proxies instead!
2021-02-20 19:32:13,974 INFO org.springframework.aop.framework.CglibAopProxy [restartedMain] Unable to proxy interface-implementing method [public final void org.springframework.dao.support.DaoSupport.afterPropertiesSet() throws java.lang.IllegalArgumentException,org.springframework.beans.factory.BeanInitializationException] because it is marked as final: Consider using interface-based JDK proxies instead!
2021-02-20 19:32:14,057 INFO org.hibernate.engine.transaction.jta.platform.internal.JtaPlatformInitiator [task-1] HHH000490: Using JtaPlatform implementation: [org.hibernate.engine.transaction.jta.platform.internal.NoJtaPlatform]
2021-02-20 19:32:14,103 INFO org.springframework.orm.jpa.AbstractEntityManagerFactoryBean [task-1] Initialized JPA EntityManagerFactory for persistence unit 'default'
2021-02-20 19:32:15,110 INFO org.springframework.boot.actuate.endpoint.web.EndpointLinksResolver [restartedMain] Exposing 2 endpoint(s) beneath base path '/actuator'
2021-02-20 19:32:15,695 INFO org.springframework.security.web.DefaultSecurityFilterChain [restartedMain] Creating filter chain: any request, [org.springframework.security.web.context.request.async.WebAsyncManagerIntegrationFilter@1a5e5db, org.springframework.security.web.context.SecurityContextPersistenceFilter@c66d52, org.springframework.security.web.header.HeaderWriterFilter@1f405f7, org.springframework.web.filter.CorsFilter@716d6f, org.springframework.security.web.authentication.logout.LogoutFilter@aa7b8, com.gss.pulseworkflow.oauth.filter.PulseLoginFilter@1ca8972, com.gss.pulseworkflow.oauth.filter.PulseAccessTokenFilter@16b7927, com.gss.pulseworkflow.oauth.filter.PulseTokenCheckerFilter@1588337, org.springframework.security.web.savedrequest.RequestCacheAwareFilter@75be86, org.springframework.security.web.servletapi.SecurityContextHolderAwareRequestFilter@eb9686, org.springframework.security.web.authentication.AnonymousAuthenticationFilter@a9c413, org.springframework.security.web.session.SessionManagementFilter@aa9146, org.springframework.security.web.access.ExceptionTranslationFilter@ed87d3, org.springframework.security.web.access.intercept.FilterSecurityInterceptor@69fda5]
2021-02-20 19:32:15,903 INFO org.springframework.boot.devtools.autoconfigure.OptionalLiveReloadServer [restartedMain] LiveReload server is running on port 35729
2021-02-20 19:32:16,840 INFO org.apache.juli.logging.DirectJDKLog [restartedMain] Starting ProtocolHandler ["http-nio-8080"]
2021-02-20 19:32:16,897 INFO org.springframework.boot.web.embedded.tomcat.TomcatWebServer [restartedMain] Tomcat started on port(s): 8080 (http) with context path ''
2021-02-20 19:32:18,009 WARN springfox.documentation.schema.property.CachingModelPropertiesProvider [restartedMain] Exception calculating properties for model(com.gss.pulseworkflow.model.AccessTokenResponse) -> ModelContext{groupName=default, type=com.gss.pulseworkflow.model.AccessTokenResponse, isReturnType=true, view=Optional.empty}. Duplicate key [Property 'access_token'; ctors: null, field(s): null, getter(s): null, setter(s): [method com.gss.pulseworkflow.model.AccessTokenResponse#setAccessToken(1 params)][visible=true,ignore=false,explicitName=true]]
2021-02-20 19:32:18,011 WARN springfox.documentation.schema.property.CachingModelPropertiesProvider [restartedMain] Exception calculating properties for model(com.gss.pulseworkflow.model.AccessTokenResponse) -> ModelContext{groupName=default, type=com.gss.pulseworkflow.model.AccessTokenResponse, isReturnType=true, view=Optional.empty}. Duplicate key [Property 'access_token'; ctors: null, field(s): null, getter(s): null, setter(s): [method com.gss.pulseworkflow.model.AccessTokenResponse#setAccessToken(1 params)][visible=true,ignore=false,explicitName=true]]
2021-02-20 19:32:18,012 WARN springfox.documentation.schema.property.CachingModelPropertiesProvider [restartedMain] Exception calculating properties for model(com.gss.pulseworkflow.model.AccessTokenResponse) -> ModelContext{groupName=default, type=com.gss.pulseworkflow.model.AccessTokenResponse, isReturnType=true, view=Optional.empty}. Duplicate key [Property 'access_token'; ctors: null, field(s): null, getter(s): null, setter(s): [method com.gss.pulseworkflow.model.AccessTokenResponse#setAccessToken(1 params)][visible=true,ignore=false,explicitName=true]]
2021-02-20 19:32:18,022 WARN springfox.documentation.schema.property.CachingModelPropertiesProvider [restartedMain] Exception calculating properties for model(com.gss.pulseworkflow.model.AccessTokenResponse) -> ModelContext{groupName=default, type=com.gss.pulseworkflow.model.AccessTokenResponse, isReturnType=true, view=Optional.empty}. Duplicate key [Property 'access_token'; ctors: null, field(s): null, getter(s): null, setter(s): [method com.gss.pulseworkflow.model.AccessTokenResponse#setAccessToken(1 params)][visible=true,ignore=false,explicitName=true]]
2021-02-20 19:32:18,281 INFO org.springframework.data.repository.config.DeferredRepositoryInitializationListener [restartedMain] Triggering deferred initialization of Spring Data repositories…
2021-02-20 19:32:18,282 INFO org.springframework.data.repository.config.DeferredRepositoryInitializationListener [restartedMain] Spring Data repositories initialized!
2021-02-20 19:32:18,299 INFO org.springframework.boot.StartupInfoLogger [restartedMain] Started PulseWorkFlowApplication in 15.221 seconds (JVM running for 17.108)
2021-02-20 19:33:04,424 INFO org.springframework.orm.jpa.AbstractEntityManagerFactoryBean [Thread-6] Closing JPA EntityManagerFactory for persistence unit 'default'
2021-02-20 19:33:04,427 INFO org.springframework.scheduling.concurrent.ExecutorConfigurationSupport [Thread-6] Shutting down ExecutorService 'applicationTaskExecutor'
2021-02-20 19:33:04,432 INFO com.zaxxer.hikari.HikariDataSource [Thread-6] HikariPool-1 - Shutdown initiated...
2021-02-20 19:33:04,455 INFO com.zaxxer.hikari.HikariDataSource [Thread-6] HikariPool-1 - Shutdown completed.
2021-02-20 19:33:10,629 INFO org.springframework.boot.StartupInfoLogger [restartedMain] Starting PulseWorkFlowApplication on DESKTOP-LN0C744 with PID 9732 (D:\Pulseoftheworkorce\GSS\Dev-WorkSpace\PulseWorkForce\PulseWorkFlow\target\classes started by GSSADMIN in D:\Pulseoftheworkorce\GSS\Dev-WorkSpace\PulseWorkForce\PulseWorkFlow)
2021-02-20 19:33:10,635 INFO org.springframework.boot.SpringApplication [restartedMain] No active profile set, falling back to default profiles: default
2021-02-20 19:33:10,748 INFO org.springframework.boot.logging.DeferredLog [restartedMain] Devtools property defaults active! Set 'spring.devtools.add-properties' to 'false' to disable
2021-02-20 19:33:10,748 INFO org.springframework.boot.logging.DeferredLog [restartedMain] For additional web related logging consider setting the 'logging.level.web' property to 'DEBUG'
2021-02-20 19:33:13,131 INFO org.springframework.data.repository.config.RepositoryConfigurationDelegate [restartedMain] Multiple Spring Data modules found, entering strict repository configuration mode!
2021-02-20 19:33:13,134 INFO org.springframework.data.repository.config.RepositoryConfigurationDelegate [restartedMain] Bootstrapping Spring Data JDBC repositories in DEFAULT mode.
2021-02-20 19:33:13,213 INFO org.springframework.data.repository.config.RepositoryConfigurationDelegate [restartedMain] Finished Spring Data repository scanning in 62ms. Found 0 JDBC repository interfaces.
2021-02-20 19:33:13,236 INFO org.springframework.data.repository.config.RepositoryConfigurationDelegate [restartedMain] Multiple Spring Data modules found, entering strict repository configuration mode!
2021-02-20 19:33:13,238 INFO org.springframework.data.repository.config.RepositoryConfigurationDelegate [restartedMain] Bootstrapping Spring Data JPA repositories in DEFERRED mode.
2021-02-20 19:33:13,263 INFO org.springframework.data.repository.config.RepositoryConfigurationDelegate [restartedMain] Finished Spring Data repository scanning in 18ms. Found 0 JPA repository interfaces.
2021-02-20 19:33:14,775 INFO org.springframework.boot.web.embedded.tomcat.TomcatWebServer [restartedMain] Tomcat initialized with port(s): 8080 (http)
2021-02-20 19:33:14,796 INFO org.apache.juli.logging.DirectJDKLog [restartedMain] Initializing ProtocolHandler ["http-nio-8080"]
2021-02-20 19:33:14,798 INFO org.apache.juli.logging.DirectJDKLog [restartedMain] Starting service [Tomcat]
2021-02-20 19:33:14,799 INFO org.apache.juli.logging.DirectJDKLog [restartedMain] Starting Servlet engine: [Apache Tomcat/9.0.37]
2021-02-20 19:33:15,098 INFO org.apache.juli.logging.DirectJDKLog [restartedMain] Initializing Spring embedded WebApplicationContext
2021-02-20 19:33:15,099 INFO org.springframework.boot.web.servlet.context.ServletWebServerApplicationContext [restartedMain] Root WebApplicationContext: initialization completed in 4350 ms
2021-02-20 19:33:15,475 WARN org.springframework.boot.autoconfigure.orm.jpa.JpaBaseConfiguration$JpaWebConfiguration [restartedMain] spring.jpa.open-in-view is enabled by default. Therefore, database queries may be performed during view rendering. Explicitly configure spring.jpa.open-in-view to disable this warning
2021-02-20 19:33:15,714 INFO org.springframework.scheduling.concurrent.ExecutorConfigurationSupport [restartedMain] Initializing ExecutorService 'applicationTaskExecutor'
2021-02-20 19:33:15,750 INFO com.zaxxer.hikari.HikariDataSource [restartedMain] HikariPool-1 - Starting...
2021-02-20 19:33:19,171 INFO com.zaxxer.hikari.HikariDataSource [restartedMain] HikariPool-1 - Start completed.
2021-02-20 19:33:19,302 INFO org.hibernate.jpa.internal.util.LogHelper [task-1] HHH000204: Processing PersistenceUnitInfo [name: default]
2021-02-20 19:33:19,468 INFO org.hibernate.Version [task-1] HHH000412: Hibernate ORM core version 5.4.20.Final
2021-02-20 19:33:19,867 INFO org.hibernate.annotations.common.reflection.java.JavaReflectionManager [task-1] HCANN000001: Hibernate Commons Annotations {5.1.0.Final}
2021-02-20 19:33:19,893 INFO org.springframework.aop.framework.CglibAopProxy [restartedMain] Unable to proxy interface-implementing method [public final void org.springframework.dao.support.DaoSupport.afterPropertiesSet() throws java.lang.IllegalArgumentException,org.springframework.beans.factory.BeanInitializationException] because it is marked as final: Consider using interface-based JDK proxies instead!
2021-02-20 19:33:19,960 INFO org.springframework.aop.framework.CglibAopProxy [restartedMain] Unable to proxy interface-implementing method [public final void org.springframework.dao.support.DaoSupport.afterPropertiesSet() throws java.lang.IllegalArgumentException,org.springframework.beans.factory.BeanInitializationException] because it is marked as final: Consider using interface-based JDK proxies instead!
2021-02-20 19:33:20,152 INFO org.springframework.aop.framework.CglibAopProxy [restartedMain] Unable to proxy interface-implementing method [public final void org.springframework.dao.support.DaoSupport.afterPropertiesSet() throws java.lang.IllegalArgumentException,org.springframework.beans.factory.BeanInitializationException] because it is marked as final: Consider using interface-based JDK proxies instead!
2021-02-20 19:33:20,200 INFO org.springframework.aop.framework.CglibAopProxy [restartedMain] Unable to proxy interface-implementing method [public final void org.springframework.dao.support.DaoSupport.afterPropertiesSet() throws java.lang.IllegalArgumentException,org.springframework.beans.factory.BeanInitializationException] because it is marked as final: Consider using interface-based JDK proxies instead!
2021-02-20 19:33:20,585 INFO org.hibernate.dialect.Dialect [task-1] HHH000400: Using dialect: org.hibernate.dialect.MySQL57Dialect
2021-02-20 19:33:21,099 INFO org.springframework.aop.framework.CglibAopProxy [restartedMain] Unable to proxy interface-implementing method [public final void org.springframework.dao.support.DaoSupport.afterPropertiesSet() throws java.lang.IllegalArgumentException,org.springframework.beans.factory.BeanInitializationException] because it is marked as final: Consider using interface-based JDK proxies instead!
2021-02-20 19:33:21,119 INFO org.springframework.aop.framework.CglibAopProxy [restartedMain] Unable to proxy interface-implementing method [public final void org.springframework.dao.support.DaoSupport.afterPropertiesSet() throws java.lang.IllegalArgumentException,org.springframework.beans.factory.BeanInitializationException] because it is marked as final: Consider using interface-based JDK proxies instead!
2021-02-20 19:33:21,155 INFO org.springframework.aop.framework.CglibAopProxy [restartedMain] Unable to proxy interface-implementing method [public final void org.springframework.dao.support.DaoSupport.afterPropertiesSet() throws java.lang.IllegalArgumentException,org.springframework.beans.factory.BeanInitializationException] because it is marked as final: Consider using interface-based JDK proxies instead!
2021-02-20 19:33:21,237 INFO org.springframework.aop.framework.CglibAopProxy [restartedMain] Unable to proxy interface-implementing method [public final void org.springframework.dao.support.DaoSupport.afterPropertiesSet() throws java.lang.IllegalArgumentException,org.springframework.beans.factory.BeanInitializationException] because it is marked as final: Consider using interface-based JDK proxies instead!
2021-02-20 19:33:21,288 INFO org.springframework.aop.framework.CglibAopProxy [restartedMain] Unable to proxy interface-implementing method [public final void org.springframework.dao.support.DaoSupport.afterPropertiesSet() throws java.lang.IllegalArgumentException,org.springframework.beans.factory.BeanInitializationException] because it is marked as final: Consider using interface-based JDK proxies instead!
2021-02-20 19:33:21,308 INFO org.springframework.aop.framework.CglibAopProxy [restartedMain] Unable to proxy interface-implementing method [public final void org.springframework.dao.support.DaoSupport.afterPropertiesSet() throws java.lang.IllegalArgumentException,org.springframework.beans.factory.BeanInitializationException] because it is marked as final: Consider using interface-based JDK proxies instead!
2021-02-20 19:33:21,406 INFO org.hibernate.engine.transaction.jta.platform.internal.JtaPlatformInitiator [task-1] HHH000490: Using JtaPlatform implementation: [org.hibernate.engine.transaction.jta.platform.internal.NoJtaPlatform]
2021-02-20 19:33:21,425 INFO org.springframework.orm.jpa.AbstractEntityManagerFactoryBean [task-1] Initialized JPA EntityManagerFactory for persistence unit 'default'
2021-02-20 19:33:22,078 INFO org.springframework.boot.actuate.endpoint.web.EndpointLinksResolver [restartedMain] Exposing 2 endpoint(s) beneath base path '/actuator'
2021-02-20 19:33:23,228 INFO org.springframework.security.web.DefaultSecurityFilterChain [restartedMain] Creating filter chain: any request, [org.springframework.security.web.context.request.async.WebAsyncManagerIntegrationFilter@19fc107, org.springframework.security.web.context.SecurityContextPersistenceFilter@f11cd5, org.springframework.security.web.header.HeaderWriterFilter@13b94a1, org.springframework.web.filter.CorsFilter@1d21f51, org.springframework.security.web.authentication.logout.LogoutFilter@86b1e3, com.gss.pulseworkflow.oauth.filter.PulseLoginFilter@15f07aa, com.gss.pulseworkflow.oauth.filter.PulseAccessTokenFilter@85bfef, com.gss.pulseworkflow.oauth.filter.PulseTokenCheckerFilter@1706949, org.springframework.security.web.savedrequest.RequestCacheAwareFilter@1d2d689, org.springframework.security.web.servletapi.SecurityContextHolderAwareRequestFilter@584b18, org.springframework.security.web.authentication.AnonymousAuthenticationFilter@88c9c8, org.springframework.security.web.session.SessionManagementFilter@1593d9, org.springframework.security.web.access.ExceptionTranslationFilter@10bd6f4, org.springframework.security.web.access.intercept.FilterSecurityInterceptor@1a67c11]
2021-02-20 19:33:23,434 INFO org.springframework.boot.devtools.autoconfigure.OptionalLiveReloadServer [restartedMain] LiveReload server is running on port 35729
2021-02-20 19:33:24,364 INFO org.apache.juli.logging.DirectJDKLog [restartedMain] Starting ProtocolHandler ["http-nio-8080"]
2021-02-20 19:33:24,413 INFO org.springframework.boot.web.embedded.tomcat.TomcatWebServer [restartedMain] Tomcat started on port(s): 8080 (http) with context path ''
2021-02-20 19:33:25,416 WARN springfox.documentation.schema.property.CachingModelPropertiesProvider [restartedMain] Exception calculating properties for model(com.gss.pulseworkflow.model.AccessTokenResponse) -> ModelContext{groupName=default, type=com.gss.pulseworkflow.model.AccessTokenResponse, isReturnType=true, view=Optional.empty}. Duplicate key [Property 'access_token'; ctors: null, field(s): null, getter(s): null, setter(s): [method com.gss.pulseworkflow.model.AccessTokenResponse#setAccessToken(1 params)][visible=true,ignore=false,explicitName=true]]
2021-02-20 19:33:25,418 WARN springfox.documentation.schema.property.CachingModelPropertiesProvider [restartedMain] Exception calculating properties for model(com.gss.pulseworkflow.model.AccessTokenResponse) -> ModelContext{groupName=default, type=com.gss.pulseworkflow.model.AccessTokenResponse, isReturnType=true, view=Optional.empty}. Duplicate key [Property 'access_token'; ctors: null, field(s): null, getter(s): null, setter(s): [method com.gss.pulseworkflow.model.AccessTokenResponse#setAccessToken(1 params)][visible=true,ignore=false,explicitName=true]]
2021-02-20 19:33:25,419 WARN springfox.documentation.schema.property.CachingModelPropertiesProvider [restartedMain] Exception calculating properties for model(com.gss.pulseworkflow.model.AccessTokenResponse) -> ModelContext{groupName=default, type=com.gss.pulseworkflow.model.AccessTokenResponse, isReturnType=true, view=Optional.empty}. Duplicate key [Property 'access_token'; ctors: null, field(s): null, getter(s): null, setter(s): [method com.gss.pulseworkflow.model.AccessTokenResponse#setAccessToken(1 params)][visible=true,ignore=false,explicitName=true]]
2021-02-20 19:33:25,430 WARN springfox.documentation.schema.property.CachingModelPropertiesProvider [restartedMain] Exception calculating properties for model(com.gss.pulseworkflow.model.AccessTokenResponse) -> ModelContext{groupName=default, type=com.gss.pulseworkflow.model.AccessTokenResponse, isReturnType=true, view=Optional.empty}. Duplicate key [Property 'access_token'; ctors: null, field(s): null, getter(s): null, setter(s): [method com.gss.pulseworkflow.model.AccessTokenResponse#setAccessToken(1 params)][visible=true,ignore=false,explicitName=true]]
2021-02-20 19:33:25,644 INFO org.springframework.data.repository.config.DeferredRepositoryInitializationListener [restartedMain] Triggering deferred initialization of Spring Data repositories…
2021-02-20 19:33:25,645 INFO org.springframework.data.repository.config.DeferredRepositoryInitializationListener [restartedMain] Spring Data repositories initialized!
2021-02-20 19:33:25,666 INFO org.springframework.boot.StartupInfoLogger [restartedMain] Started PulseWorkFlowApplication in 15.741 seconds (JVM running for 17.83)
2021-02-20 19:33:44,864 INFO org.springframework.orm.jpa.AbstractEntityManagerFactoryBean [Thread-6] Closing JPA EntityManagerFactory for persistence unit 'default'
2021-02-20 19:33:44,867 INFO org.springframework.scheduling.concurrent.ExecutorConfigurationSupport [Thread-6] Shutting down ExecutorService 'applicationTaskExecutor'
2021-02-20 19:33:44,874 INFO com.zaxxer.hikari.HikariDataSource [Thread-6] HikariPool-1 - Shutdown initiated...
2021-02-20 19:33:44,897 INFO com.zaxxer.hikari.HikariDataSource [Thread-6] HikariPool-1 - Shutdown completed.
2021-02-20 19:33:45,118 INFO org.springframework.boot.StartupInfoLogger [restartedMain] Starting PulseWorkFlowApplication on DESKTOP-LN0C744 with PID 9732 (D:\Pulseoftheworkorce\GSS\Dev-WorkSpace\PulseWorkForce\PulseWorkFlow\target\classes started by GSSADMIN in D:\Pulseoftheworkorce\GSS\Dev-WorkSpace\PulseWorkForce\PulseWorkFlow)
2021-02-20 19:33:45,120 INFO org.springframework.boot.SpringApplication [restartedMain] No active profile set, falling back to default profiles: default
2021-02-20 19:33:46,266 INFO org.springframework.data.repository.config.RepositoryConfigurationDelegate [restartedMain] Multiple Spring Data modules found, entering strict repository configuration mode!
2021-02-20 19:33:46,266 INFO org.springframework.data.repository.config.RepositoryConfigurationDelegate [restartedMain] Bootstrapping Spring Data JDBC repositories in DEFAULT mode.
2021-02-20 19:33:46,295 INFO org.springframework.data.repository.config.RepositoryConfigurationDelegate [restartedMain] Finished Spring Data repository scanning in 28ms. Found 0 JDBC repository interfaces.
2021-02-20 19:33:46,302 INFO org.springframework.data.repository.config.RepositoryConfigurationDelegate [restartedMain] Multiple Spring Data modules found, entering strict repository configuration mode!
2021-02-20 19:33:46,302 INFO org.springframework.data.repository.config.RepositoryConfigurationDelegate [restartedMain] Bootstrapping Spring Data JPA repositories in DEFERRED mode.
2021-02-20 19:33:46,316 INFO org.springframework.data.repository.config.RepositoryConfigurationDelegate [restartedMain] Finished Spring Data repository scanning in 13ms. Found 0 JPA repository interfaces.
2021-02-20 19:33:46,764 INFO org.springframework.boot.web.embedded.tomcat.TomcatWebServer [restartedMain] Tomcat initialized with port(s): 8080 (http)
2021-02-20 19:33:46,765 INFO org.apache.juli.logging.DirectJDKLog [restartedMain] Initializing ProtocolHandler ["http-nio-8080"]
2021-02-20 19:33:46,765 INFO org.apache.juli.logging.DirectJDKLog [restartedMain] Starting service [Tomcat]
2021-02-20 19:33:46,766 INFO org.apache.juli.logging.DirectJDKLog [restartedMain] Starting Servlet engine: [Apache Tomcat/9.0.37]
2021-02-20 19:33:46,812 INFO org.apache.juli.logging.DirectJDKLog [restartedMain] Initializing Spring embedded WebApplicationContext
2021-02-20 19:33:46,812 INFO org.springframework.boot.web.servlet.context.ServletWebServerApplicationContext [restartedMain] Root WebApplicationContext: initialization completed in 1684 ms
2021-02-20 19:33:46,967 WARN org.springframework.boot.autoconfigure.orm.jpa.JpaBaseConfiguration$JpaWebConfiguration [restartedMain] spring.jpa.open-in-view is enabled by default. Therefore, database queries may be performed during view rendering. Explicitly configure spring.jpa.open-in-view to disable this warning
2021-02-20 19:33:47,065 INFO org.springframework.scheduling.concurrent.ExecutorConfigurationSupport [restartedMain] Initializing ExecutorService 'applicationTaskExecutor'
2021-02-20 19:33:47,068 INFO com.zaxxer.hikari.HikariDataSource [restartedMain] HikariPool-2 - Starting...
2021-02-20 19:33:50,175 INFO com.zaxxer.hikari.HikariDataSource [restartedMain] HikariPool-2 - Start completed.
2021-02-20 19:33:50,192 INFO org.hibernate.jpa.internal.util.LogHelper [task-1] HHH000204: Processing PersistenceUnitInfo [name: default]
2021-02-20 19:33:50,205 INFO org.hibernate.dialect.Dialect [task-1] HHH000400: Using dialect: org.hibernate.dialect.MySQL57Dialect
2021-02-20 19:33:50,230 INFO org.hibernate.engine.transaction.jta.platform.internal.JtaPlatformInitiator [task-1] HHH000490: Using JtaPlatform implementation: [org.hibernate.engine.transaction.jta.platform.internal.NoJtaPlatform]
2021-02-20 19:33:50,231 INFO org.springframework.orm.jpa.AbstractEntityManagerFactoryBean [task-1] Initialized JPA EntityManagerFactory for persistence unit 'default'
2021-02-20 19:33:50,356 INFO org.springframework.aop.framework.CglibAopProxy [restartedMain] Unable to proxy interface-implementing method [public final void org.springframework.dao.support.DaoSupport.afterPropertiesSet() throws java.lang.IllegalArgumentException,org.springframework.beans.factory.BeanInitializationException] because it is marked as final: Consider using interface-based JDK proxies instead!
2021-02-20 19:33:50,381 INFO org.springframework.aop.framework.CglibAopProxy [restartedMain] Unable to proxy interface-implementing method [public final void org.springframework.dao.support.DaoSupport.afterPropertiesSet() throws java.lang.IllegalArgumentException,org.springframework.beans.factory.BeanInitializationException] because it is marked as final: Consider using interface-based JDK proxies instead!
2021-02-20 19:33:50,447 INFO org.springframework.aop.framework.CglibAopProxy [restartedMain] Unable to proxy interface-implementing method [public final void org.springframework.dao.support.DaoSupport.afterPropertiesSet() throws java.lang.IllegalArgumentException,org.springframework.beans.factory.BeanInitializationException] because it is marked as final: Consider using interface-based JDK proxies instead!
2021-02-20 19:33:50,477 INFO org.springframework.aop.framework.CglibAopProxy [restartedMain] Unable to proxy interface-implementing method [public final void org.springframework.dao.support.DaoSupport.afterPropertiesSet() throws java.lang.IllegalArgumentException,org.springframework.beans.factory.BeanInitializationException] because it is marked as final: Consider using interface-based JDK proxies instead!
2021-02-20 19:33:50,603 INFO org.springframework.aop.framework.CglibAopProxy [restartedMain] Unable to proxy interface-implementing method [public final void org.springframework.dao.support.DaoSupport.afterPropertiesSet() throws java.lang.IllegalArgumentException,org.springframework.beans.factory.BeanInitializationException] because it is marked as final: Consider using interface-based JDK proxies instead!
2021-02-20 19:33:50,618 INFO org.springframework.aop.framework.CglibAopProxy [restartedMain] Unable to proxy interface-implementing method [public final void org.springframework.dao.support.DaoSupport.afterPropertiesSet() throws java.lang.IllegalArgumentException,org.springframework.beans.factory.BeanInitializationException] because it is marked as final: Consider using interface-based JDK proxies instead!
2021-02-20 19:33:50,635 INFO org.springframework.aop.framework.CglibAopProxy [restartedMain] Unable to proxy interface-implementing method [public final void org.springframework.dao.support.DaoSupport.afterPropertiesSet() throws java.lang.IllegalArgumentException,org.springframework.beans.factory.BeanInitializationException] because it is marked as final: Consider using interface-based JDK proxies instead!
2021-02-20 19:33:50,701 INFO org.springframework.aop.framework.CglibAopProxy [restartedMain] Unable to proxy interface-implementing method [public final void org.springframework.dao.support.DaoSupport.afterPropertiesSet() throws java.lang.IllegalArgumentException,org.springframework.beans.factory.BeanInitializationException] because it is marked as final: Consider using interface-based JDK proxies instead!
2021-02-20 19:33:50,733 INFO org.springframework.aop.framework.CglibAopProxy [restartedMain] Unable to proxy interface-implementing method [public final void org.springframework.dao.support.DaoSupport.afterPropertiesSet() throws java.lang.IllegalArgumentException,org.springframework.beans.factory.BeanInitializationException] because it is marked as final: Consider using interface-based JDK proxies instead!
2021-02-20 19:33:50,744 INFO org.springframework.aop.framework.CglibAopProxy [restartedMain] Unable to proxy interface-implementing method [public final void org.springframework.dao.support.DaoSupport.afterPropertiesSet() throws java.lang.IllegalArgumentException,org.springframework.beans.factory.BeanInitializationException] because it is marked as final: Consider using interface-based JDK proxies instead!
2021-02-20 19:33:50,996 INFO org.springframework.boot.actuate.endpoint.web.EndpointLinksResolver [restartedMain] Exposing 2 endpoint(s) beneath base path '/actuator'
2021-02-20 19:33:51,091 INFO org.springframework.security.web.DefaultSecurityFilterChain [restartedMain] Creating filter chain: any request, [org.springframework.security.web.context.request.async.WebAsyncManagerIntegrationFilter@1c3b0d1, org.springframework.security.web.context.SecurityContextPersistenceFilter@602ec7, org.springframework.security.web.header.HeaderWriterFilter@147690f, org.springframework.web.filter.CorsFilter@85653c, org.springframework.security.web.authentication.logout.LogoutFilter@3289df, com.gss.pulseworkflow.oauth.filter.PulseLoginFilter@19da8de, com.gss.pulseworkflow.oauth.filter.PulseAccessTokenFilter@ca3764, com.gss.pulseworkflow.oauth.filter.PulseTokenCheckerFilter@1562da, org.springframework.security.web.savedrequest.RequestCacheAwareFilter@1313f25, org.springframework.security.web.servletapi.SecurityContextHolderAwareRequestFilter@17c3add, org.springframework.security.web.authentication.AnonymousAuthenticationFilter@17237f, org.springframework.security.web.session.SessionManagementFilter@104f9b0, org.springframework.security.web.access.ExceptionTranslationFilter@13146e8, org.springframework.security.web.access.intercept.FilterSecurityInterceptor@6a2599]
2021-02-20 19:33:51,178 INFO org.springframework.boot.devtools.autoconfigure.OptionalLiveReloadServer [restartedMain] LiveReload server is running on port 35729
2021-02-20 19:33:51,663 INFO org.apache.juli.logging.DirectJDKLog [restartedMain] Starting ProtocolHandler ["http-nio-8080"]
2021-02-20 19:33:51,669 INFO org.springframework.boot.web.embedded.tomcat.TomcatWebServer [restartedMain] Tomcat started on port(s): 8080 (http) with context path ''
2021-02-20 19:33:52,177 WARN springfox.documentation.schema.property.CachingModelPropertiesProvider [restartedMain] Exception calculating properties for model(com.gss.pulseworkflow.model.AccessTokenResponse) -> ModelContext{groupName=default, type=com.gss.pulseworkflow.model.AccessTokenResponse, isReturnType=true, view=Optional.empty}. Duplicate key [Property 'access_token'; ctors: null, field(s): null, getter(s): null, setter(s): [method com.gss.pulseworkflow.model.AccessTokenResponse#setAccessToken(1 params)][visible=true,ignore=false,explicitName=true]]
2021-02-20 19:33:52,178 WARN springfox.documentation.schema.property.CachingModelPropertiesProvider [restartedMain] Exception calculating properties for model(com.gss.pulseworkflow.model.AccessTokenResponse) -> ModelContext{groupName=default, type=com.gss.pulseworkflow.model.AccessTokenResponse, isReturnType=true, view=Optional.empty}. Duplicate key [Property 'access_token'; ctors: null, field(s): null, getter(s): null, setter(s): [method com.gss.pulseworkflow.model.AccessTokenResponse#setAccessToken(1 params)][visible=true,ignore=false,explicitName=true]]
2021-02-20 19:33:52,179 WARN springfox.documentation.schema.property.CachingModelPropertiesProvider [restartedMain] Exception calculating properties for model(com.gss.pulseworkflow.model.AccessTokenResponse) -> ModelContext{groupName=default, type=com.gss.pulseworkflow.model.AccessTokenResponse, isReturnType=true, view=Optional.empty}. Duplicate key [Property 'access_token'; ctors: null, field(s): null, getter(s): null, setter(s): [method com.gss.pulseworkflow.model.AccessTokenResponse#setAccessToken(1 params)][visible=true,ignore=false,explicitName=true]]
2021-02-20 19:33:52,184 WARN springfox.documentation.schema.property.CachingModelPropertiesProvider [restartedMain] Exception calculating properties for model(com.gss.pulseworkflow.model.AccessTokenResponse) -> ModelContext{groupName=default, type=com.gss.pulseworkflow.model.AccessTokenResponse, isReturnType=true, view=Optional.empty}. Duplicate key [Property 'access_token'; ctors: null, field(s): null, getter(s): null, setter(s): [method com.gss.pulseworkflow.model.AccessTokenResponse#setAccessToken(1 params)][visible=true,ignore=false,explicitName=true]]
2021-02-20 19:33:52,367 INFO org.springframework.data.repository.config.DeferredRepositoryInitializationListener [restartedMain] Triggering deferred initialization of Spring Data repositories…
2021-02-20 19:33:52,368 INFO org.springframework.data.repository.config.DeferredRepositoryInitializationListener [restartedMain] Spring Data repositories initialized!
2021-02-20 19:33:52,379 INFO org.springframework.boot.StartupInfoLogger [restartedMain] Started PulseWorkFlowApplication in 7.34 seconds (JVM running for 44.543)
2021-02-20 19:33:52,384 INFO org.springframework.boot.devtools.autoconfigure.ConditionEvaluationDeltaLoggingListener [restartedMain] Condition evaluation unchanged
2021-02-20 19:35:45,324 INFO org.springframework.orm.jpa.AbstractEntityManagerFactoryBean [Thread-10] Closing JPA EntityManagerFactory for persistence unit 'default'
2021-02-20 19:35:45,326 INFO org.springframework.scheduling.concurrent.ExecutorConfigurationSupport [Thread-10] Shutting down ExecutorService 'applicationTaskExecutor'
2021-02-20 19:35:45,328 INFO com.zaxxer.hikari.HikariDataSource [Thread-10] HikariPool-2 - Shutdown initiated...
2021-02-20 19:35:45,338 INFO com.zaxxer.hikari.HikariDataSource [Thread-10] HikariPool-2 - Shutdown completed.
2021-02-20 19:35:45,597 INFO org.springframework.boot.StartupInfoLogger [restartedMain] Starting PulseWorkFlowApplication on DESKTOP-LN0C744 with PID 9732 (D:\Pulseoftheworkorce\GSS\Dev-WorkSpace\PulseWorkForce\PulseWorkFlow\target\classes started by GSSADMIN in D:\Pulseoftheworkorce\GSS\Dev-WorkSpace\PulseWorkForce\PulseWorkFlow)
2021-02-20 19:35:45,597 INFO org.springframework.boot.SpringApplication [restartedMain] No active profile set, falling back to default profiles: default
2021-02-20 19:35:46,976 INFO org.springframework.data.repository.config.RepositoryConfigurationDelegate [restartedMain] Multiple Spring Data modules found, entering strict repository configuration mode!
2021-02-20 19:35:46,977 INFO org.springframework.data.repository.config.RepositoryConfigurationDelegate [restartedMain] Bootstrapping Spring Data JDBC repositories in DEFAULT mode.
2021-02-20 19:35:47,025 INFO org.springframework.data.repository.config.RepositoryConfigurationDelegate [restartedMain] Finished Spring Data repository scanning in 47ms. Found 0 JDBC repository interfaces.
2021-02-20 19:35:47,035 INFO org.springframework.data.repository.config.RepositoryConfigurationDelegate [restartedMain] Multiple Spring Data modules found, entering strict repository configuration mode!
2021-02-20 19:35:47,036 INFO org.springframework.data.repository.config.RepositoryConfigurationDelegate [restartedMain] Bootstrapping Spring Data JPA repositories in DEFERRED mode.
2021-02-20 19:35:47,058 INFO org.springframework.data.repository.config.RepositoryConfigurationDelegate [restartedMain] Finished Spring Data repository scanning in 21ms. Found 0 JPA repository interfaces.
2021-02-20 19:35:47,494 INFO org.springframework.boot.web.embedded.tomcat.TomcatWebServer [restartedMain] Tomcat initialized with port(s): 8080 (http)
2021-02-20 19:35:47,495 INFO org.apache.juli.logging.DirectJDKLog [restartedMain] Initializing ProtocolHandler ["http-nio-8080"]
2021-02-20 19:35:47,496 INFO org.apache.juli.logging.DirectJDKLog [restartedMain] Starting service [Tomcat]
2021-02-20 19:35:47,496 INFO org.apache.juli.logging.DirectJDKLog [restartedMain] Starting Servlet engine: [Apache Tomcat/9.0.37]
2021-02-20 19:35:47,557 INFO org.apache.juli.logging.DirectJDKLog [restartedMain] Initializing Spring embedded WebApplicationContext
2021-02-20 19:35:47,557 INFO org.springframework.boot.web.servlet.context.ServletWebServerApplicationContext [restartedMain] Root WebApplicationContext: initialization completed in 1952 ms
2021-02-20 19:35:47,751 WARN org.springframework.boot.autoconfigure.orm.jpa.JpaBaseConfiguration$JpaWebConfiguration [restartedMain] spring.jpa.open-in-view is enabled by default. Therefore, database queries may be performed during view rendering. Explicitly configure spring.jpa.open-in-view to disable this warning
2021-02-20 19:35:47,815 INFO org.springframework.scheduling.concurrent.ExecutorConfigurationSupport [restartedMain] Initializing ExecutorService 'applicationTaskExecutor'
2021-02-20 19:35:47,819 INFO com.zaxxer.hikari.HikariDataSource [restartedMain] HikariPool-3 - Starting...
2021-02-20 19:35:50,929 INFO com.zaxxer.hikari.HikariDataSource [restartedMain] HikariPool-3 - Start completed.
2021-02-20 19:35:50,951 INFO org.hibernate.jpa.internal.util.LogHelper [task-1] HHH000204: Processing PersistenceUnitInfo [name: default]
2021-02-20 19:35:50,973 INFO org.hibernate.dialect.Dialect [task-1] HHH000400: Using dialect: org.hibernate.dialect.MySQL57Dialect
2021-02-20 19:35:51,001 INFO org.hibernate.engine.transaction.jta.platform.internal.JtaPlatformInitiator [task-1] HHH000490: Using JtaPlatform implementation: [org.hibernate.engine.transaction.jta.platform.internal.NoJtaPlatform]
2021-02-20 19:35:51,002 INFO org.springframework.orm.jpa.AbstractEntityManagerFactoryBean [task-1] Initialized JPA EntityManagerFactory for persistence unit 'default'
2021-02-20 19:35:51,142 INFO org.springframework.aop.framework.CglibAopProxy [restartedMain] Unable to proxy interface-implementing method [public final void org.springframework.dao.support.DaoSupport.afterPropertiesSet() throws java.lang.IllegalArgumentException,org.springframework.beans.factory.BeanInitializationException] because it is marked as final: Consider using interface-based JDK proxies instead!
2021-02-20 19:35:51,168 INFO org.springframework.aop.framework.CglibAopProxy [restartedMain] Unable to proxy interface-implementing method [public final void org.springframework.dao.support.DaoSupport.afterPropertiesSet() throws java.lang.IllegalArgumentException,org.springframework.beans.factory.BeanInitializationException] because it is marked as final: Consider using interface-based JDK proxies instead!
2021-02-20 19:35:51,229 INFO org.springframework.aop.framework.CglibAopProxy [restartedMain] Unable to proxy interface-implementing method [public final void org.springframework.dao.support.DaoSupport.afterPropertiesSet() throws java.lang.IllegalArgumentException,org.springframework.beans.factory.BeanInitializationException] because it is marked as final: Consider using interface-based JDK proxies instead!
2021-02-20 19:35:51,254 INFO org.springframework.aop.framework.CglibAopProxy [restartedMain] Unable to proxy interface-implementing method [public final void org.springframework.dao.support.DaoSupport.afterPropertiesSet() throws java.lang.IllegalArgumentException,org.springframework.beans.factory.BeanInitializationException] because it is marked as final: Consider using interface-based JDK proxies instead!
2021-02-20 19:35:51,408 INFO org.springframework.aop.framework.CglibAopProxy [restartedMain] Unable to proxy interface-implementing method [public final void org.springframework.dao.support.DaoSupport.afterPropertiesSet() throws java.lang.IllegalArgumentException,org.springframework.beans.factory.BeanInitializationException] because it is marked as final: Consider using interface-based JDK proxies instead!
2021-02-20 19:35:51,424 INFO org.springframework.aop.framework.CglibAopProxy [restartedMain] Unable to proxy interface-implementing method [public final void org.springframework.dao.support.DaoSupport.afterPropertiesSet() throws java.lang.IllegalArgumentException,org.springframework.beans.factory.BeanInitializationException] because it is marked as final: Consider using interface-based JDK proxies instead!
2021-02-20 19:35:51,441 INFO org.springframework.aop.framework.CglibAopProxy [restartedMain] Unable to proxy interface-implementing method [public final void org.springframework.dao.support.DaoSupport.afterPropertiesSet() throws java.lang.IllegalArgumentException,org.springframework.beans.factory.BeanInitializationException] because it is marked as final: Consider using interface-based JDK proxies instead!
2021-02-20 19:35:51,471 INFO org.springframework.aop.framework.CglibAopProxy [restartedMain] Unable to proxy interface-implementing method [public final void org.springframework.dao.support.DaoSupport.afterPropertiesSet() throws java.lang.IllegalArgumentException,org.springframework.beans.factory.BeanInitializationException] because it is marked as final: Consider using interface-based JDK proxies instead!
2021-02-20 19:35:51,509 INFO org.springframework.aop.framework.CglibAopProxy [restartedMain] Unable to proxy interface-implementing method [public final void org.springframework.dao.support.DaoSupport.afterPropertiesSet() throws java.lang.IllegalArgumentException,org.springframework.beans.factory.BeanInitializationException] because it is marked as final: Consider using interface-based JDK proxies instead!
2021-02-20 19:35:51,522 INFO org.springframework.aop.framework.CglibAopProxy [restartedMain] Unable to proxy interface-implementing method [public final void org.springframework.dao.support.DaoSupport.afterPropertiesSet() throws java.lang.IllegalArgumentException,org.springframework.beans.factory.BeanInitializationException] because it is marked as final: Consider using interface-based JDK proxies instead!
2021-02-20 19:35:51,845 INFO org.springframework.boot.actuate.endpoint.web.EndpointLinksResolver [restartedMain] Exposing 2 endpoint(s) beneath base path '/actuator'
2021-02-20 19:35:51,948 INFO org.springframework.security.web.DefaultSecurityFilterChain [restartedMain] Creating filter chain: any request, [org.springframework.security.web.context.request.async.WebAsyncManagerIntegrationFilter@b2e40f, org.springframework.security.web.context.SecurityContextPersistenceFilter@81089, org.springframework.security.web.header.HeaderWriterFilter@c4190b, org.springframework.web.filter.CorsFilter@1702527, org.springframework.security.web.authentication.logout.LogoutFilter@69f78c, com.gss.pulseworkflow.oauth.filter.PulseLoginFilter@1429194, com.gss.pulseworkflow.oauth.filter.PulseAccessTokenFilter@ea66cd, com.gss.pulseworkflow.oauth.filter.PulseTokenCheckerFilter@1c28378, org.springframework.security.web.savedrequest.RequestCacheAwareFilter@210a78, org.springframework.security.web.servletapi.SecurityContextHolderAwareRequestFilter@b551b6, org.springframework.security.web.authentication.AnonymousAuthenticationFilter@139da6e, org.springframework.security.web.session.SessionManagementFilter@9b05fb, org.springframework.security.web.access.ExceptionTranslationFilter@1f5e242, org.springframework.security.web.access.intercept.FilterSecurityInterceptor@1a93a41]
2021-02-20 19:35:52,034 INFO org.springframework.boot.devtools.autoconfigure.OptionalLiveReloadServer [restartedMain] LiveReload server is running on port 35729
2021-02-20 19:35:52,565 INFO org.apache.juli.logging.DirectJDKLog [restartedMain] Starting ProtocolHandler ["http-nio-8080"]
2021-02-20 19:35:52,572 INFO org.springframework.boot.web.embedded.tomcat.TomcatWebServer [restartedMain] Tomcat started on port(s): 8080 (http) with context path ''
2021-02-20 19:35:53,076 WARN springfox.documentation.schema.property.CachingModelPropertiesProvider [restartedMain] Exception calculating properties for model(com.gss.pulseworkflow.model.AccessTokenResponse) -> ModelContext{groupName=default, type=com.gss.pulseworkflow.model.AccessTokenResponse, isReturnType=true, view=Optional.empty}. Duplicate key [Property 'access_token'; ctors: null, field(s): null, getter(s): null, setter(s): [method com.gss.pulseworkflow.model.AccessTokenResponse#setAccessToken(1 params)][visible=true,ignore=false,explicitName=true]]
2021-02-20 19:35:53,078 WARN springfox.documentation.schema.property.CachingModelPropertiesProvider [restartedMain] Exception calculating properties for model(com.gss.pulseworkflow.model.AccessTokenResponse) -> ModelContext{groupName=default, type=com.gss.pulseworkflow.model.AccessTokenResponse, isReturnType=true, view=Optional.empty}. Duplicate key [Property 'access_token'; ctors: null, field(s): null, getter(s): null, setter(s): [method com.gss.pulseworkflow.model.AccessTokenResponse#setAccessToken(1 params)][visible=true,ignore=false,explicitName=true]]
2021-02-20 19:35:53,079 WARN springfox.documentation.schema.property.CachingModelPropertiesProvider [restartedMain] Exception calculating properties for model(com.gss.pulseworkflow.model.AccessTokenResponse) -> ModelContext{groupName=default, type=com.gss.pulseworkflow.model.AccessTokenResponse, isReturnType=true, view=Optional.empty}. Duplicate key [Property 'access_token'; ctors: null, field(s): null, getter(s): null, setter(s): [method com.gss.pulseworkflow.model.AccessTokenResponse#setAccessToken(1 params)][visible=true,ignore=false,explicitName=true]]
2021-02-20 19:35:53,085 WARN springfox.documentation.schema.property.CachingModelPropertiesProvider [restartedMain] Exception calculating properties for model(com.gss.pulseworkflow.model.AccessTokenResponse) -> ModelContext{groupName=default, type=com.gss.pulseworkflow.model.AccessTokenResponse, isReturnType=true, view=Optional.empty}. Duplicate key [Property 'access_token'; ctors: null, field(s): null, getter(s): null, setter(s): [method com.gss.pulseworkflow.model.AccessTokenResponse#setAccessToken(1 params)][visible=true,ignore=false,explicitName=true]]
2021-02-20 19:35:53,310 INFO org.springframework.data.repository.config.DeferredRepositoryInitializationListener [restartedMain] Triggering deferred initialization of Spring Data repositories…
2021-02-20 19:35:53,311 INFO org.springframework.data.repository.config.DeferredRepositoryInitializationListener [restartedMain] Spring Data repositories initialized!
2021-02-20 19:35:53,321 INFO org.springframework.boot.StartupInfoLogger [restartedMain] Started PulseWorkFlowApplication in 7.802 seconds (JVM running for 165.484)
2021-02-20 19:35:53,326 INFO org.springframework.boot.devtools.autoconfigure.ConditionEvaluationDeltaLoggingListener [restartedMain] Condition evaluation unchanged
2021-02-20 19:36:22,900 INFO org.apache.juli.logging.DirectJDKLog [http-nio-8080-exec-1] Initializing Spring DispatcherServlet 'dispatcherServlet'
2021-02-20 19:36:22,900 INFO org.springframework.web.servlet.FrameworkServlet [http-nio-8080-exec-1] Initializing Servlet 'dispatcherServlet'
2021-02-20 19:36:22,918 INFO org.springframework.web.servlet.FrameworkServlet [http-nio-8080-exec-1] Completed initialization in 18 ms
