2020-12-05 00:04:18,203 INFO org.springframework.orm.jpa.AbstractEntityManagerFactoryBean [Thread-60] Closing JPA EntityManagerFactory for persistence unit 'default'
2020-12-05 00:04:18,503 INFO org.springframework.scheduling.concurrent.ExecutorConfigurationSupport [Thread-60] Shutting down ExecutorService 'applicationTaskExecutor'
2020-12-05 00:04:18,505 INFO com.zaxxer.hikari.HikariDataSource [Thread-60] HikariPool-12 - Shutdown initiated...
2020-12-05 00:04:18,551 INFO com.zaxxer.hikari.HikariDataSource [Thread-60] HikariPool-12 - Shutdown completed.
2020-12-05 00:04:20,061 INFO org.springframework.boot.StartupInfoLogger [restartedMain] Starting PulseWorkFlowApplication on DESKTOP-A59D7NI with PID 13732 (D:\Arjun\GSS\Dev-WorkSpace\PulseWorkForce\PulseWorkFlow\target\classes started by MECHNER in D:\Arjun\GSS\Dev-WorkSpace\PulseWorkForce\PulseWorkFlow)
2020-12-05 00:04:20,062 INFO org.springframework.boot.SpringApplication [restartedMain] No active profile set, falling back to default profiles: default
2020-12-05 00:04:22,471 INFO org.springframework.data.repository.config.RepositoryConfigurationDelegate [restartedMain] Multiple Spring Data modules found, entering strict repository configuration mode!
2020-12-05 00:04:22,472 INFO org.springframework.data.repository.config.RepositoryConfigurationDelegate [restartedMain] Bootstrapping Spring Data JDBC repositories in DEFAULT mode.
2020-12-05 00:04:22,485 INFO org.springframework.data.repository.config.RepositoryConfigurationExtensionSupport [restartedMain] Spring Data JDBC - Could not safely identify store assignment for repository candidate interface com.gss.pulseworkflow.dao.UserRepository. If you want this repository to be a JDBC repository, consider annotating your entities with one of these annotations: org.springframework.data.relational.core.mapping.Table.
2020-12-05 00:04:22,486 INFO org.springframework.data.repository.config.RepositoryConfigurationDelegate [restartedMain] Finished Spring Data repository scanning in 13ms. Found 0 JDBC repository interfaces.
2020-12-05 00:04:22,491 INFO org.springframework.data.repository.config.RepositoryConfigurationDelegate [restartedMain] Multiple Spring Data modules found, entering strict repository configuration mode!
2020-12-05 00:04:22,491 INFO org.springframework.data.repository.config.RepositoryConfigurationDelegate [restartedMain] Bootstrapping Spring Data JPA repositories in DEFERRED mode.
2020-12-05 00:04:22,506 INFO org.springframework.data.repository.config.RepositoryConfigurationDelegate [restartedMain] Finished Spring Data repository scanning in 14ms. Found 1 JPA repository interfaces.
2020-12-05 00:04:22,764 INFO org.springframework.boot.web.embedded.tomcat.TomcatWebServer [restartedMain] Tomcat initialized with port(s): 2087 (http)
2020-12-05 00:04:22,766 INFO org.apache.juli.logging.DirectJDKLog [restartedMain] Initializing ProtocolHandler ["http-nio-2087"]
2020-12-05 00:04:22,767 INFO org.apache.juli.logging.DirectJDKLog [restartedMain] Starting service [Tomcat]
2020-12-05 00:04:22,767 INFO org.apache.juli.logging.DirectJDKLog [restartedMain] Starting Servlet engine: [Apache Tomcat/9.0.37]
2020-12-05 00:04:22,801 INFO org.apache.juli.logging.DirectJDKLog [restartedMain] Initializing Spring embedded WebApplicationContext
2020-12-05 00:04:22,802 INFO org.springframework.boot.web.servlet.context.ServletWebServerApplicationContext [restartedMain] Root WebApplicationContext: initialization completed in 2733 ms
2020-12-05 00:04:22,925 INFO org.springframework.scheduling.concurrent.ExecutorConfigurationSupport [restartedMain] Initializing ExecutorService 'applicationTaskExecutor'
2020-12-05 00:04:22,956 INFO org.hibernate.jpa.internal.util.LogHelper [task-1] HHH000204: Processing PersistenceUnitInfo [name: default]
2020-12-05 00:04:22,965 INFO com.zaxxer.hikari.HikariDataSource [task-1] HikariPool-13 - Starting...
2020-12-05 00:04:23,096 WARN org.springframework.boot.autoconfigure.orm.jpa.JpaBaseConfiguration$JpaWebConfiguration [restartedMain] spring.jpa.open-in-view is enabled by default. Therefore, database queries may be performed during view rendering. Explicitly configure spring.jpa.open-in-view to disable this warning
2020-12-05 00:04:26,140 INFO com.zaxxer.hikari.HikariDataSource [task-1] HikariPool-13 - Start completed.
2020-12-05 00:04:26,155 INFO org.hibernate.dialect.Dialect [task-1] HHH000400: Using dialect: org.hibernate.dialect.MySQL5InnoDBDialect
2020-12-05 00:04:37,536 INFO org.hibernate.engine.transaction.jta.platform.internal.JtaPlatformInitiator [task-1] HHH000490: Using JtaPlatform implementation: [org.hibernate.engine.transaction.jta.platform.internal.NoJtaPlatform]
2020-12-05 00:04:37,537 INFO org.springframework.orm.jpa.AbstractEntityManagerFactoryBean [task-1] Initialized JPA EntityManagerFactory for persistence unit 'default'
2020-12-05 00:04:37,547 INFO org.springframework.boot.devtools.autoconfigure.OptionalLiveReloadServer [task-2] LiveReload server is running on port 35729
2020-12-05 00:04:37,911 INFO org.springframework.boot.actuate.endpoint.web.EndpointLinksResolver [restartedMain] Exposing 2 endpoint(s) beneath base path '/actuator'
2020-12-05 00:04:37,946 INFO org.apache.juli.logging.DirectJDKLog [restartedMain] Starting ProtocolHandler ["http-nio-2087"]
2020-12-05 00:04:37,978 INFO org.springframework.boot.web.embedded.tomcat.TomcatWebServer [restartedMain] Tomcat started on port(s): 2087 (http) with context path ''
2020-12-05 00:04:37,979 INFO org.springframework.data.repository.config.DeferredRepositoryInitializationListener [restartedMain] Triggering deferred initialization of Spring Data repositories…
2020-12-05 00:04:38,060 INFO org.springframework.data.repository.config.DeferredRepositoryInitializationListener [restartedMain] Spring Data repositories initialized!
2020-12-05 00:04:38,071 INFO org.springframework.boot.StartupInfoLogger [restartedMain] Started PulseWorkFlowApplication in 18.169 seconds (JVM running for 6176.112)
2020-12-05 00:04:38,074 INFO org.springframework.boot.devtools.autoconfigure.ConditionEvaluationDeltaLoggingListener [restartedMain] Condition evaluation unchanged
2020-12-05 00:04:42,859 INFO org.apache.juli.logging.DirectJDKLog [http-nio-2087-exec-1] Initializing Spring DispatcherServlet 'dispatcherServlet'
2020-12-05 00:04:42,862 INFO org.springframework.web.servlet.FrameworkServlet [http-nio-2087-exec-1] Initializing Servlet 'dispatcherServlet'
2020-12-05 00:04:42,869 INFO org.springframework.web.servlet.FrameworkServlet [http-nio-2087-exec-1] Completed initialization in 7 ms
2020-12-05 00:08:14,183 INFO org.springframework.boot.admin.SpringApplicationAdminMXBeanRegistrar$SpringApplicationAdmin [RMI TCP Connection(110)-127.0.0.1] Application shutdown requested.
2020-12-05 00:08:14,530 INFO org.springframework.orm.jpa.AbstractEntityManagerFactoryBean [RMI TCP Connection(110)-127.0.0.1] Closing JPA EntityManagerFactory for persistence unit 'default'
2020-12-05 00:08:14,531 INFO org.springframework.scheduling.concurrent.ExecutorConfigurationSupport [RMI TCP Connection(110)-127.0.0.1] Shutting down ExecutorService 'applicationTaskExecutor'
2020-12-05 00:08:14,532 INFO com.zaxxer.hikari.HikariDataSource [RMI TCP Connection(110)-127.0.0.1] HikariPool-13 - Shutdown initiated...
2020-12-05 00:08:14,539 INFO com.zaxxer.hikari.HikariDataSource [RMI TCP Connection(110)-127.0.0.1] HikariPool-13 - Shutdown completed.
