2021-02-18 10:23:24,708 INFO org.springframework.boot.StartupInfoLogger [restartedMain] Starting PulseWorkFlowApplication on DESKTOP-LN0C744 with PID 9464 (D:\Pulseoftheworkorce\GSS\Dev-WorkSpace\PulseWorkForce\PulseWorkFlow\target\classes started by GSSADMIN in D:\Pulseoftheworkorce\GSS\Dev-WorkSpace\PulseWorkForce\PulseWorkFlow)
2021-02-18 10:23:24,728 INFO org.springframework.boot.SpringApplication [restartedMain] No active profile set, falling back to default profiles: default
2021-02-18 10:23:25,336 INFO org.springframework.boot.logging.DeferredLog [restartedMain] Devtools property defaults active! Set 'spring.devtools.add-properties' to 'false' to disable
2021-02-18 10:23:25,340 INFO org.springframework.boot.logging.DeferredLog [restartedMain] For additional web related logging consider setting the 'logging.level.web' property to 'DEBUG'
2021-02-18 10:23:35,627 INFO org.springframework.data.repository.config.RepositoryConfigurationDelegate [restartedMain] Multiple Spring Data modules found, entering strict repository configuration mode!
2021-02-18 10:23:35,634 INFO org.springframework.data.repository.config.RepositoryConfigurationDelegate [restartedMain] Bootstrapping Spring Data JDBC repositories in DEFAULT mode.
2021-02-18 10:23:35,964 INFO org.springframework.data.repository.config.RepositoryConfigurationDelegate [restartedMain] Finished Spring Data repository scanning in 213ms. Found 0 JDBC repository interfaces.
2021-02-18 10:23:36,099 INFO org.springframework.data.repository.config.RepositoryConfigurationDelegate [restartedMain] Multiple Spring Data modules found, entering strict repository configuration mode!
2021-02-18 10:23:36,102 INFO org.springframework.data.repository.config.RepositoryConfigurationDelegate [restartedMain] Bootstrapping Spring Data JPA repositories in DEFERRED mode.
2021-02-18 10:23:36,136 INFO org.springframework.data.repository.config.RepositoryConfigurationDelegate [restartedMain] Finished Spring Data repository scanning in 22ms. Found 0 JPA repository interfaces.
2021-02-18 10:23:39,497 INFO org.springframework.boot.web.embedded.tomcat.TomcatWebServer [restartedMain] Tomcat initialized with port(s): 8080 (http)
2021-02-18 10:23:39,592 INFO org.apache.juli.logging.DirectJDKLog [restartedMain] Initializing ProtocolHandler ["http-nio-8080"]
2021-02-18 10:23:39,594 INFO org.apache.juli.logging.DirectJDKLog [restartedMain] Starting service [Tomcat]
2021-02-18 10:23:39,595 INFO org.apache.juli.logging.DirectJDKLog [restartedMain] Starting Servlet engine: [Apache Tomcat/9.0.37]
2021-02-18 10:23:39,910 INFO org.apache.juli.logging.DirectJDKLog [restartedMain] Initializing Spring embedded WebApplicationContext
2021-02-18 10:23:39,910 INFO org.springframework.boot.web.servlet.context.ServletWebServerApplicationContext [restartedMain] Root WebApplicationContext: initialization completed in 14566 ms
2021-02-18 10:23:40,939 WARN org.springframework.boot.autoconfigure.orm.jpa.JpaBaseConfiguration$JpaWebConfiguration [restartedMain] spring.jpa.open-in-view is enabled by default. Therefore, database queries may be performed during view rendering. Explicitly configure spring.jpa.open-in-view to disable this warning
2021-02-18 10:23:41,939 INFO org.springframework.scheduling.concurrent.ExecutorConfigurationSupport [restartedMain] Initializing ExecutorService 'applicationTaskExecutor'
2021-02-18 10:23:41,995 INFO com.zaxxer.hikari.HikariDataSource [restartedMain] HikariPool-1 - Starting...
2021-02-18 10:23:46,696 INFO com.zaxxer.hikari.HikariDataSource [restartedMain] HikariPool-1 - Start completed.
2021-02-18 10:23:47,053 INFO org.hibernate.jpa.internal.util.LogHelper [task-1] HHH000204: Processing PersistenceUnitInfo [name: default]
2021-02-18 10:23:47,848 INFO org.hibernate.Version [task-1] HHH000412: Hibernate ORM core version 5.4.20.Final
2021-02-18 10:23:50,531 INFO org.hibernate.annotations.common.reflection.java.JavaReflectionManager [task-1] HCANN000001: Hibernate Commons Annotations {5.1.0.Final}
2021-02-18 10:23:51,045 INFO org.springframework.aop.framework.CglibAopProxy [restartedMain] Unable to proxy interface-implementing method [public final void org.springframework.dao.support.DaoSupport.afterPropertiesSet() throws java.lang.IllegalArgumentException,org.springframework.beans.factory.BeanInitializationException] because it is marked as final: Consider using interface-based JDK proxies instead!
2021-02-18 10:23:51,137 INFO org.springframework.aop.framework.CglibAopProxy [restartedMain] Unable to proxy interface-implementing method [public final void org.springframework.dao.support.DaoSupport.afterPropertiesSet() throws java.lang.IllegalArgumentException,org.springframework.beans.factory.BeanInitializationException] because it is marked as final: Consider using interface-based JDK proxies instead!
2021-02-18 10:23:52,103 INFO org.springframework.aop.framework.CglibAopProxy [restartedMain] Unable to proxy interface-implementing method [public final void org.springframework.dao.support.DaoSupport.afterPropertiesSet() throws java.lang.IllegalArgumentException,org.springframework.beans.factory.BeanInitializationException] because it is marked as final: Consider using interface-based JDK proxies instead!
2021-02-18 10:23:52,223 INFO org.springframework.aop.framework.CglibAopProxy [restartedMain] Unable to proxy interface-implementing method [public final void org.springframework.dao.support.DaoSupport.afterPropertiesSet() throws java.lang.IllegalArgumentException,org.springframework.beans.factory.BeanInitializationException] because it is marked as final: Consider using interface-based JDK proxies instead!
2021-02-18 10:23:52,782 INFO org.hibernate.dialect.Dialect [task-1] HHH000400: Using dialect: org.hibernate.dialect.MySQL57Dialect
2021-02-18 10:23:54,385 INFO org.hibernate.engine.transaction.jta.platform.internal.JtaPlatformInitiator [task-1] HHH000490: Using JtaPlatform implementation: [org.hibernate.engine.transaction.jta.platform.internal.NoJtaPlatform]
2021-02-18 10:23:54,461 INFO org.springframework.orm.jpa.AbstractEntityManagerFactoryBean [task-1] Initialized JPA EntityManagerFactory for persistence unit 'default'
2021-02-18 10:23:55,050 INFO org.springframework.aop.framework.CglibAopProxy [restartedMain] Unable to proxy interface-implementing method [public final void org.springframework.dao.support.DaoSupport.afterPropertiesSet() throws java.lang.IllegalArgumentException,org.springframework.beans.factory.BeanInitializationException] because it is marked as final: Consider using interface-based JDK proxies instead!
2021-02-18 10:23:55,066 INFO org.springframework.aop.framework.CglibAopProxy [restartedMain] Unable to proxy interface-implementing method [public final void org.springframework.dao.support.DaoSupport.afterPropertiesSet() throws java.lang.IllegalArgumentException,org.springframework.beans.factory.BeanInitializationException] because it is marked as final: Consider using interface-based JDK proxies instead!
2021-02-18 10:23:55,085 INFO org.springframework.aop.framework.CglibAopProxy [restartedMain] Unable to proxy interface-implementing method [public final void org.springframework.dao.support.DaoSupport.afterPropertiesSet() throws java.lang.IllegalArgumentException,org.springframework.beans.factory.BeanInitializationException] because it is marked as final: Consider using interface-based JDK proxies instead!
2021-02-18 10:23:55,121 INFO org.springframework.aop.framework.CglibAopProxy [restartedMain] Unable to proxy interface-implementing method [public final void org.springframework.dao.support.DaoSupport.afterPropertiesSet() throws java.lang.IllegalArgumentException,org.springframework.beans.factory.BeanInitializationException] because it is marked as final: Consider using interface-based JDK proxies instead!
2021-02-18 10:23:55,168 INFO org.springframework.aop.framework.CglibAopProxy [restartedMain] Unable to proxy interface-implementing method [public final void org.springframework.dao.support.DaoSupport.afterPropertiesSet() throws java.lang.IllegalArgumentException,org.springframework.beans.factory.BeanInitializationException] because it is marked as final: Consider using interface-based JDK proxies instead!
2021-02-18 10:23:55,185 INFO org.springframework.aop.framework.CglibAopProxy [restartedMain] Unable to proxy interface-implementing method [public final void org.springframework.dao.support.DaoSupport.afterPropertiesSet() throws java.lang.IllegalArgumentException,org.springframework.beans.factory.BeanInitializationException] because it is marked as final: Consider using interface-based JDK proxies instead!
2021-02-18 10:23:56,544 INFO org.springframework.boot.actuate.endpoint.web.EndpointLinksResolver [restartedMain] Exposing 2 endpoint(s) beneath base path '/actuator'
2021-02-18 10:23:57,760 INFO org.springframework.security.web.DefaultSecurityFilterChain [restartedMain] Creating filter chain: any request, [org.springframework.security.web.context.request.async.WebAsyncManagerIntegrationFilter@13ee14b, org.springframework.security.web.context.SecurityContextPersistenceFilter@15a124f, org.springframework.security.web.header.HeaderWriterFilter@1ac24bc, org.springframework.web.filter.CorsFilter@13a41c6, org.springframework.security.web.authentication.logout.LogoutFilter@7dacb4, com.gss.pulseworkflow.oauth.filter.PulseLoginFilter@19d1da6, com.gss.pulseworkflow.oauth.filter.PulseAccessTokenFilter@2f3be3, com.gss.pulseworkflow.oauth.filter.PulseTokenCheckerFilter@15af974, org.springframework.security.web.savedrequest.RequestCacheAwareFilter@dcc14, org.springframework.security.web.servletapi.SecurityContextHolderAwareRequestFilter@18b3d8d, org.springframework.security.web.authentication.AnonymousAuthenticationFilter@4954f3, org.springframework.security.web.session.SessionManagementFilter@9a3772, org.springframework.security.web.access.ExceptionTranslationFilter@652cbc, org.springframework.security.web.access.intercept.FilterSecurityInterceptor@1b0004e]
2021-02-18 10:23:58,183 INFO org.springframework.boot.devtools.autoconfigure.OptionalLiveReloadServer [restartedMain] LiveReload server is running on port 35729
2021-02-18 10:24:00,432 INFO org.apache.juli.logging.DirectJDKLog [restartedMain] Starting ProtocolHandler ["http-nio-8080"]
2021-02-18 10:24:00,556 WARN org.springframework.context.support.AbstractApplicationContext [restartedMain] Exception encountered during context initialization - cancelling refresh attempt: org.springframework.context.ApplicationContextException: Failed to start bean 'webServerStartStop'; nested exception is org.springframework.boot.web.server.PortInUseException: Port 8080 is already in use
2021-02-18 10:24:00,564 INFO org.springframework.orm.jpa.AbstractEntityManagerFactoryBean [restartedMain] Closing JPA EntityManagerFactory for persistence unit 'default'
2021-02-18 10:24:00,570 INFO org.springframework.scheduling.concurrent.ExecutorConfigurationSupport [restartedMain] Shutting down ExecutorService 'applicationTaskExecutor'
2021-02-18 10:24:00,575 INFO com.zaxxer.hikari.HikariDataSource [restartedMain] HikariPool-1 - Shutdown initiated...
2021-02-18 10:24:01,530 INFO com.zaxxer.hikari.HikariDataSource [restartedMain] HikariPool-1 - Shutdown completed.
2021-02-18 10:24:01,535 INFO org.apache.juli.logging.DirectJDKLog [restartedMain] Pausing ProtocolHandler ["http-nio-8080"]
2021-02-18 10:24:01,536 INFO org.apache.juli.logging.DirectJDKLog [restartedMain] Stopping service [Tomcat]
2021-02-18 10:24:01,559 INFO org.apache.juli.logging.DirectJDKLog [restartedMain] Stopping ProtocolHandler ["http-nio-8080"]
2021-02-18 10:24:01,559 INFO org.apache.juli.logging.DirectJDKLog [restartedMain] Destroying ProtocolHandler ["http-nio-8080"]
2021-02-18 10:24:01,576 INFO org.springframework.boot.autoconfigure.logging.ConditionEvaluationReportLoggingListener [restartedMain] 

Error starting ApplicationContext. To display the conditions report re-run your application with 'debug' enabled.
2021-02-18 10:24:01,586 ERROR org.springframework.boot.diagnostics.LoggingFailureAnalysisReporter [restartedMain] 

***************************
APPLICATION FAILED TO START
***************************

Description:

Web server failed to start. Port 8080 was already in use.

Action:

Identify and stop the process that's listening on port 8080 or configure this application to listen on another port.

2021-02-18 10:25:34,086 INFO org.springframework.boot.StartupInfoLogger [restartedMain] Starting PulseWorkFlowApplication on DESKTOP-LN0C744 with PID 9988 (D:\Pulseoftheworkorce\GSS\Dev-WorkSpace\PulseWorkForce\PulseWorkFlow\target\classes started by GSSADMIN in D:\Pulseoftheworkorce\GSS\Dev-WorkSpace\PulseWorkForce\PulseWorkFlow)
2021-02-18 10:25:34,092 INFO org.springframework.boot.SpringApplication [restartedMain] No active profile set, falling back to default profiles: default
2021-02-18 10:25:34,204 INFO org.springframework.boot.logging.DeferredLog [restartedMain] Devtools property defaults active! Set 'spring.devtools.add-properties' to 'false' to disable
2021-02-18 10:25:34,205 INFO org.springframework.boot.logging.DeferredLog [restartedMain] For additional web related logging consider setting the 'logging.level.web' property to 'DEBUG'
2021-02-18 10:25:36,447 INFO org.springframework.data.repository.config.RepositoryConfigurationDelegate [restartedMain] Multiple Spring Data modules found, entering strict repository configuration mode!
2021-02-18 10:25:36,449 INFO org.springframework.data.repository.config.RepositoryConfigurationDelegate [restartedMain] Bootstrapping Spring Data JDBC repositories in DEFAULT mode.
2021-02-18 10:25:36,509 INFO org.springframework.data.repository.config.RepositoryConfigurationDelegate [restartedMain] Finished Spring Data repository scanning in 47ms. Found 0 JDBC repository interfaces.
2021-02-18 10:25:36,528 INFO org.springframework.data.repository.config.RepositoryConfigurationDelegate [restartedMain] Multiple Spring Data modules found, entering strict repository configuration mode!
2021-02-18 10:25:36,530 INFO org.springframework.data.repository.config.RepositoryConfigurationDelegate [restartedMain] Bootstrapping Spring Data JPA repositories in DEFERRED mode.
2021-02-18 10:25:36,570 INFO org.springframework.data.repository.config.RepositoryConfigurationDelegate [restartedMain] Finished Spring Data repository scanning in 31ms. Found 0 JPA repository interfaces.
2021-02-18 10:25:38,033 INFO org.springframework.boot.web.embedded.tomcat.TomcatWebServer [restartedMain] Tomcat initialized with port(s): 8080 (http)
2021-02-18 10:25:38,055 INFO org.apache.juli.logging.DirectJDKLog [restartedMain] Initializing ProtocolHandler ["http-nio-8080"]
2021-02-18 10:25:38,056 INFO org.apache.juli.logging.DirectJDKLog [restartedMain] Starting service [Tomcat]
2021-02-18 10:25:38,057 INFO org.apache.juli.logging.DirectJDKLog [restartedMain] Starting Servlet engine: [Apache Tomcat/9.0.37]
2021-02-18 10:25:38,293 INFO org.apache.juli.logging.DirectJDKLog [restartedMain] Initializing Spring embedded WebApplicationContext
2021-02-18 10:25:38,293 INFO org.springframework.boot.web.servlet.context.ServletWebServerApplicationContext [restartedMain] Root WebApplicationContext: initialization completed in 4088 ms
2021-02-18 10:25:38,688 WARN org.springframework.boot.autoconfigure.orm.jpa.JpaBaseConfiguration$JpaWebConfiguration [restartedMain] spring.jpa.open-in-view is enabled by default. Therefore, database queries may be performed during view rendering. Explicitly configure spring.jpa.open-in-view to disable this warning
2021-02-18 10:25:38,921 INFO org.springframework.scheduling.concurrent.ExecutorConfigurationSupport [restartedMain] Initializing ExecutorService 'applicationTaskExecutor'
2021-02-18 10:25:38,956 INFO com.zaxxer.hikari.HikariDataSource [restartedMain] HikariPool-1 - Starting...
2021-02-18 10:25:43,170 INFO com.zaxxer.hikari.HikariDataSource [restartedMain] HikariPool-1 - Start completed.
2021-02-18 10:25:43,306 INFO org.hibernate.jpa.internal.util.LogHelper [task-1] HHH000204: Processing PersistenceUnitInfo [name: default]
2021-02-18 10:25:43,439 INFO org.hibernate.Version [task-1] HHH000412: Hibernate ORM core version 5.4.20.Final
2021-02-18 10:25:43,835 INFO org.springframework.aop.framework.CglibAopProxy [restartedMain] Unable to proxy interface-implementing method [public final void org.springframework.dao.support.DaoSupport.afterPropertiesSet() throws java.lang.IllegalArgumentException,org.springframework.beans.factory.BeanInitializationException] because it is marked as final: Consider using interface-based JDK proxies instead!
2021-02-18 10:25:43,847 INFO org.hibernate.annotations.common.reflection.java.JavaReflectionManager [task-1] HCANN000001: Hibernate Commons Annotations {5.1.0.Final}
2021-02-18 10:25:43,902 INFO org.springframework.aop.framework.CglibAopProxy [restartedMain] Unable to proxy interface-implementing method [public final void org.springframework.dao.support.DaoSupport.afterPropertiesSet() throws java.lang.IllegalArgumentException,org.springframework.beans.factory.BeanInitializationException] because it is marked as final: Consider using interface-based JDK proxies instead!
2021-02-18 10:25:44,084 INFO org.springframework.aop.framework.CglibAopProxy [restartedMain] Unable to proxy interface-implementing method [public final void org.springframework.dao.support.DaoSupport.afterPropertiesSet() throws java.lang.IllegalArgumentException,org.springframework.beans.factory.BeanInitializationException] because it is marked as final: Consider using interface-based JDK proxies instead!
2021-02-18 10:25:44,128 INFO org.springframework.aop.framework.CglibAopProxy [restartedMain] Unable to proxy interface-implementing method [public final void org.springframework.dao.support.DaoSupport.afterPropertiesSet() throws java.lang.IllegalArgumentException,org.springframework.beans.factory.BeanInitializationException] because it is marked as final: Consider using interface-based JDK proxies instead!
2021-02-18 10:25:44,551 INFO org.hibernate.dialect.Dialect [task-1] HHH000400: Using dialect: org.hibernate.dialect.MySQL57Dialect
2021-02-18 10:25:44,839 INFO org.springframework.aop.framework.CglibAopProxy [restartedMain] Unable to proxy interface-implementing method [public final void org.springframework.dao.support.DaoSupport.afterPropertiesSet() throws java.lang.IllegalArgumentException,org.springframework.beans.factory.BeanInitializationException] because it is marked as final: Consider using interface-based JDK proxies instead!
2021-02-18 10:25:44,855 INFO org.springframework.aop.framework.CglibAopProxy [restartedMain] Unable to proxy interface-implementing method [public final void org.springframework.dao.support.DaoSupport.afterPropertiesSet() throws java.lang.IllegalArgumentException,org.springframework.beans.factory.BeanInitializationException] because it is marked as final: Consider using interface-based JDK proxies instead!
2021-02-18 10:25:44,877 INFO org.springframework.aop.framework.CglibAopProxy [restartedMain] Unable to proxy interface-implementing method [public final void org.springframework.dao.support.DaoSupport.afterPropertiesSet() throws java.lang.IllegalArgumentException,org.springframework.beans.factory.BeanInitializationException] because it is marked as final: Consider using interface-based JDK proxies instead!
2021-02-18 10:25:44,943 INFO org.springframework.aop.framework.CglibAopProxy [restartedMain] Unable to proxy interface-implementing method [public final void org.springframework.dao.support.DaoSupport.afterPropertiesSet() throws java.lang.IllegalArgumentException,org.springframework.beans.factory.BeanInitializationException] because it is marked as final: Consider using interface-based JDK proxies instead!
2021-02-18 10:25:44,985 INFO org.springframework.aop.framework.CglibAopProxy [restartedMain] Unable to proxy interface-implementing method [public final void org.springframework.dao.support.DaoSupport.afterPropertiesSet() throws java.lang.IllegalArgumentException,org.springframework.beans.factory.BeanInitializationException] because it is marked as final: Consider using interface-based JDK proxies instead!
2021-02-18 10:25:45,000 INFO org.springframework.aop.framework.CglibAopProxy [restartedMain] Unable to proxy interface-implementing method [public final void org.springframework.dao.support.DaoSupport.afterPropertiesSet() throws java.lang.IllegalArgumentException,org.springframework.beans.factory.BeanInitializationException] because it is marked as final: Consider using interface-based JDK proxies instead!
2021-02-18 10:25:45,159 INFO org.hibernate.engine.transaction.jta.platform.internal.JtaPlatformInitiator [task-1] HHH000490: Using JtaPlatform implementation: [org.hibernate.engine.transaction.jta.platform.internal.NoJtaPlatform]
2021-02-18 10:25:45,187 INFO org.springframework.orm.jpa.AbstractEntityManagerFactoryBean [task-1] Initialized JPA EntityManagerFactory for persistence unit 'default'
2021-02-18 10:25:46,024 INFO org.springframework.boot.actuate.endpoint.web.EndpointLinksResolver [restartedMain] Exposing 2 endpoint(s) beneath base path '/actuator'
2021-02-18 10:25:46,527 INFO org.springframework.security.web.DefaultSecurityFilterChain [restartedMain] Creating filter chain: any request, [org.springframework.security.web.context.request.async.WebAsyncManagerIntegrationFilter@17fe3ce, org.springframework.security.web.context.SecurityContextPersistenceFilter@1f69c10, org.springframework.security.web.header.HeaderWriterFilter@5dcae2, org.springframework.web.filter.CorsFilter@1ca27e, org.springframework.security.web.authentication.logout.LogoutFilter@1fdfa0b, com.gss.pulseworkflow.oauth.filter.PulseLoginFilter@126ced, com.gss.pulseworkflow.oauth.filter.PulseAccessTokenFilter@1d8c6d1, com.gss.pulseworkflow.oauth.filter.PulseTokenCheckerFilter@4abb38, org.springframework.security.web.savedrequest.RequestCacheAwareFilter@1518da4, org.springframework.security.web.servletapi.SecurityContextHolderAwareRequestFilter@12883ed, org.springframework.security.web.authentication.AnonymousAuthenticationFilter@1f7a026, org.springframework.security.web.session.SessionManagementFilter@de3f9d, org.springframework.security.web.access.ExceptionTranslationFilter@1d883e6, org.springframework.security.web.access.intercept.FilterSecurityInterceptor@902a93]
2021-02-18 10:25:46,766 INFO org.springframework.boot.devtools.autoconfigure.OptionalLiveReloadServer [restartedMain] LiveReload server is running on port 35729
2021-02-18 10:25:47,729 INFO org.apache.juli.logging.DirectJDKLog [restartedMain] Starting ProtocolHandler ["http-nio-8080"]
2021-02-18 10:25:47,893 INFO org.springframework.boot.web.embedded.tomcat.TomcatWebServer [restartedMain] Tomcat started on port(s): 8080 (http) with context path ''
2021-02-18 10:25:48,916 WARN springfox.documentation.schema.property.CachingModelPropertiesProvider [restartedMain] Exception calculating properties for model(com.gss.pulseworkflow.model.AccessTokenResponse) -> ModelContext{groupName=default, type=com.gss.pulseworkflow.model.AccessTokenResponse, isReturnType=true, view=Optional.empty}. Duplicate key [Property 'access_token'; ctors: null, field(s): null, getter(s): null, setter(s): [method com.gss.pulseworkflow.model.AccessTokenResponse#setAccessToken(1 params)][visible=true,ignore=false,explicitName=true]]
2021-02-18 10:25:48,918 WARN springfox.documentation.schema.property.CachingModelPropertiesProvider [restartedMain] Exception calculating properties for model(com.gss.pulseworkflow.model.AccessTokenResponse) -> ModelContext{groupName=default, type=com.gss.pulseworkflow.model.AccessTokenResponse, isReturnType=true, view=Optional.empty}. Duplicate key [Property 'access_token'; ctors: null, field(s): null, getter(s): null, setter(s): [method com.gss.pulseworkflow.model.AccessTokenResponse#setAccessToken(1 params)][visible=true,ignore=false,explicitName=true]]
2021-02-18 10:25:48,920 WARN springfox.documentation.schema.property.CachingModelPropertiesProvider [restartedMain] Exception calculating properties for model(com.gss.pulseworkflow.model.AccessTokenResponse) -> ModelContext{groupName=default, type=com.gss.pulseworkflow.model.AccessTokenResponse, isReturnType=true, view=Optional.empty}. Duplicate key [Property 'access_token'; ctors: null, field(s): null, getter(s): null, setter(s): [method com.gss.pulseworkflow.model.AccessTokenResponse#setAccessToken(1 params)][visible=true,ignore=false,explicitName=true]]
2021-02-18 10:25:48,932 WARN springfox.documentation.schema.property.CachingModelPropertiesProvider [restartedMain] Exception calculating properties for model(com.gss.pulseworkflow.model.AccessTokenResponse) -> ModelContext{groupName=default, type=com.gss.pulseworkflow.model.AccessTokenResponse, isReturnType=true, view=Optional.empty}. Duplicate key [Property 'access_token'; ctors: null, field(s): null, getter(s): null, setter(s): [method com.gss.pulseworkflow.model.AccessTokenResponse#setAccessToken(1 params)][visible=true,ignore=false,explicitName=true]]
2021-02-18 10:25:49,147 INFO org.springframework.data.repository.config.DeferredRepositoryInitializationListener [restartedMain] Triggering deferred initialization of Spring Data repositories…
2021-02-18 10:25:49,148 INFO org.springframework.data.repository.config.DeferredRepositoryInitializationListener [restartedMain] Spring Data repositories initialized!
2021-02-18 10:25:49,181 INFO org.springframework.boot.StartupInfoLogger [restartedMain] Started PulseWorkFlowApplication in 15.8 seconds (JVM running for 17.829)
2021-02-18 10:27:54,904 INFO org.apache.juli.logging.DirectJDKLog [http-nio-8080-exec-2] Initializing Spring DispatcherServlet 'dispatcherServlet'
2021-02-18 10:27:54,906 INFO org.springframework.web.servlet.FrameworkServlet [http-nio-8080-exec-2] Initializing Servlet 'dispatcherServlet'
2021-02-18 10:27:54,930 INFO org.springframework.web.servlet.FrameworkServlet [http-nio-8080-exec-2] Completed initialization in 24 ms
2021-02-18 10:34:49,307 INFO org.springframework.orm.jpa.AbstractEntityManagerFactoryBean [Thread-6] Closing JPA EntityManagerFactory for persistence unit 'default'
2021-02-18 10:34:49,315 INFO org.springframework.scheduling.concurrent.ExecutorConfigurationSupport [Thread-6] Shutting down ExecutorService 'applicationTaskExecutor'
2021-02-18 10:34:49,323 INFO com.zaxxer.hikari.HikariDataSource [Thread-6] HikariPool-1 - Shutdown initiated...
2021-02-18 10:34:49,354 INFO com.zaxxer.hikari.HikariDataSource [Thread-6] HikariPool-1 - Shutdown completed.
2021-02-18 10:34:49,966 INFO org.springframework.boot.StartupInfoLogger [restartedMain] Starting PulseWorkFlowApplication on DESKTOP-LN0C744 with PID 9988 (D:\Pulseoftheworkorce\GSS\Dev-WorkSpace\PulseWorkForce\PulseWorkFlow\target\classes started by GSSADMIN in D:\Pulseoftheworkorce\GSS\Dev-WorkSpace\PulseWorkForce\PulseWorkFlow)
2021-02-18 10:34:49,967 INFO org.springframework.boot.SpringApplication [restartedMain] No active profile set, falling back to default profiles: default
2021-02-18 10:34:52,939 INFO org.springframework.data.repository.config.RepositoryConfigurationDelegate [restartedMain] Multiple Spring Data modules found, entering strict repository configuration mode!
2021-02-18 10:34:52,939 INFO org.springframework.data.repository.config.RepositoryConfigurationDelegate [restartedMain] Bootstrapping Spring Data JDBC repositories in DEFAULT mode.
2021-02-18 10:34:52,970 INFO org.springframework.data.repository.config.RepositoryConfigurationDelegate [restartedMain] Finished Spring Data repository scanning in 30ms. Found 0 JDBC repository interfaces.
2021-02-18 10:34:52,977 INFO org.springframework.data.repository.config.RepositoryConfigurationDelegate [restartedMain] Multiple Spring Data modules found, entering strict repository configuration mode!
2021-02-18 10:34:52,978 INFO org.springframework.data.repository.config.RepositoryConfigurationDelegate [restartedMain] Bootstrapping Spring Data JPA repositories in DEFERRED mode.
2021-02-18 10:34:52,994 INFO org.springframework.data.repository.config.RepositoryConfigurationDelegate [restartedMain] Finished Spring Data repository scanning in 14ms. Found 0 JPA repository interfaces.
2021-02-18 10:34:53,469 INFO org.springframework.boot.web.embedded.tomcat.TomcatWebServer [restartedMain] Tomcat initialized with port(s): 8080 (http)
2021-02-18 10:34:53,470 INFO org.apache.juli.logging.DirectJDKLog [restartedMain] Initializing ProtocolHandler ["http-nio-8080"]
2021-02-18 10:34:53,470 INFO org.apache.juli.logging.DirectJDKLog [restartedMain] Starting service [Tomcat]
2021-02-18 10:34:53,471 INFO org.apache.juli.logging.DirectJDKLog [restartedMain] Starting Servlet engine: [Apache Tomcat/9.0.37]
2021-02-18 10:34:53,551 INFO org.apache.juli.logging.DirectJDKLog [restartedMain] Initializing Spring embedded WebApplicationContext
2021-02-18 10:34:53,552 INFO org.springframework.boot.web.servlet.context.ServletWebServerApplicationContext [restartedMain] Root WebApplicationContext: initialization completed in 3573 ms
2021-02-18 10:34:53,714 WARN org.springframework.boot.autoconfigure.orm.jpa.JpaBaseConfiguration$JpaWebConfiguration [restartedMain] spring.jpa.open-in-view is enabled by default. Therefore, database queries may be performed during view rendering. Explicitly configure spring.jpa.open-in-view to disable this warning
2021-02-18 10:34:53,788 INFO org.springframework.scheduling.concurrent.ExecutorConfigurationSupport [restartedMain] Initializing ExecutorService 'applicationTaskExecutor'
2021-02-18 10:34:53,791 INFO com.zaxxer.hikari.HikariDataSource [restartedMain] HikariPool-2 - Starting...
2021-02-18 10:34:57,511 INFO com.zaxxer.hikari.HikariDataSource [restartedMain] HikariPool-2 - Start completed.
2021-02-18 10:34:57,550 INFO org.hibernate.jpa.internal.util.LogHelper [task-1] HHH000204: Processing PersistenceUnitInfo [name: default]
2021-02-18 10:34:57,616 INFO org.hibernate.dialect.Dialect [task-1] HHH000400: Using dialect: org.hibernate.dialect.MySQL57Dialect
2021-02-18 10:34:57,647 INFO org.hibernate.engine.transaction.jta.platform.internal.JtaPlatformInitiator [task-1] HHH000490: Using JtaPlatform implementation: [org.hibernate.engine.transaction.jta.platform.internal.NoJtaPlatform]
2021-02-18 10:34:57,648 INFO org.springframework.orm.jpa.AbstractEntityManagerFactoryBean [task-1] Initialized JPA EntityManagerFactory for persistence unit 'default'
2021-02-18 10:34:57,777 INFO org.springframework.aop.framework.CglibAopProxy [restartedMain] Unable to proxy interface-implementing method [public final void org.springframework.dao.support.DaoSupport.afterPropertiesSet() throws java.lang.IllegalArgumentException,org.springframework.beans.factory.BeanInitializationException] because it is marked as final: Consider using interface-based JDK proxies instead!
2021-02-18 10:34:57,798 INFO org.springframework.aop.framework.CglibAopProxy [restartedMain] Unable to proxy interface-implementing method [public final void org.springframework.dao.support.DaoSupport.afterPropertiesSet() throws java.lang.IllegalArgumentException,org.springframework.beans.factory.BeanInitializationException] because it is marked as final: Consider using interface-based JDK proxies instead!
2021-02-18 10:34:57,868 INFO org.springframework.aop.framework.CglibAopProxy [restartedMain] Unable to proxy interface-implementing method [public final void org.springframework.dao.support.DaoSupport.afterPropertiesSet() throws java.lang.IllegalArgumentException,org.springframework.beans.factory.BeanInitializationException] because it is marked as final: Consider using interface-based JDK proxies instead!
2021-02-18 10:34:57,960 INFO org.springframework.aop.framework.CglibAopProxy [restartedMain] Unable to proxy interface-implementing method [public final void org.springframework.dao.support.DaoSupport.afterPropertiesSet() throws java.lang.IllegalArgumentException,org.springframework.beans.factory.BeanInitializationException] because it is marked as final: Consider using interface-based JDK proxies instead!
2021-02-18 10:34:58,085 INFO org.springframework.aop.framework.CglibAopProxy [restartedMain] Unable to proxy interface-implementing method [public final void org.springframework.dao.support.DaoSupport.afterPropertiesSet() throws java.lang.IllegalArgumentException,org.springframework.beans.factory.BeanInitializationException] because it is marked as final: Consider using interface-based JDK proxies instead!
2021-02-18 10:34:58,100 INFO org.springframework.aop.framework.CglibAopProxy [restartedMain] Unable to proxy interface-implementing method [public final void org.springframework.dao.support.DaoSupport.afterPropertiesSet() throws java.lang.IllegalArgumentException,org.springframework.beans.factory.BeanInitializationException] because it is marked as final: Consider using interface-based JDK proxies instead!
2021-02-18 10:34:58,124 INFO org.springframework.aop.framework.CglibAopProxy [restartedMain] Unable to proxy interface-implementing method [public final void org.springframework.dao.support.DaoSupport.afterPropertiesSet() throws java.lang.IllegalArgumentException,org.springframework.beans.factory.BeanInitializationException] because it is marked as final: Consider using interface-based JDK proxies instead!
2021-02-18 10:34:58,159 INFO org.springframework.aop.framework.CglibAopProxy [restartedMain] Unable to proxy interface-implementing method [public final void org.springframework.dao.support.DaoSupport.afterPropertiesSet() throws java.lang.IllegalArgumentException,org.springframework.beans.factory.BeanInitializationException] because it is marked as final: Consider using interface-based JDK proxies instead!
2021-02-18 10:34:58,199 INFO org.springframework.aop.framework.CglibAopProxy [restartedMain] Unable to proxy interface-implementing method [public final void org.springframework.dao.support.DaoSupport.afterPropertiesSet() throws java.lang.IllegalArgumentException,org.springframework.beans.factory.BeanInitializationException] because it is marked as final: Consider using interface-based JDK proxies instead!
2021-02-18 10:34:58,208 INFO org.springframework.aop.framework.CglibAopProxy [restartedMain] Unable to proxy interface-implementing method [public final void org.springframework.dao.support.DaoSupport.afterPropertiesSet() throws java.lang.IllegalArgumentException,org.springframework.beans.factory.BeanInitializationException] because it is marked as final: Consider using interface-based JDK proxies instead!
2021-02-18 10:34:58,541 INFO org.springframework.boot.actuate.endpoint.web.EndpointLinksResolver [restartedMain] Exposing 2 endpoint(s) beneath base path '/actuator'
2021-02-18 10:34:58,639 INFO org.springframework.security.web.DefaultSecurityFilterChain [restartedMain] Creating filter chain: any request, [org.springframework.security.web.context.request.async.WebAsyncManagerIntegrationFilter@1893bc1, org.springframework.security.web.context.SecurityContextPersistenceFilter@13bb3f5, org.springframework.security.web.header.HeaderWriterFilter@19a8b89, org.springframework.web.filter.CorsFilter@18e0cea, org.springframework.security.web.authentication.logout.LogoutFilter@897a5c, com.gss.pulseworkflow.oauth.filter.PulseLoginFilter@637b62, com.gss.pulseworkflow.oauth.filter.PulseAccessTokenFilter@1e81630, com.gss.pulseworkflow.oauth.filter.PulseTokenCheckerFilter@16d042, org.springframework.security.web.savedrequest.RequestCacheAwareFilter@754284, org.springframework.security.web.servletapi.SecurityContextHolderAwareRequestFilter@12a5680, org.springframework.security.web.authentication.AnonymousAuthenticationFilter@cefde7, org.springframework.security.web.session.SessionManagementFilter@1e60e81, org.springframework.security.web.access.ExceptionTranslationFilter@1c58e98, org.springframework.security.web.access.intercept.FilterSecurityInterceptor@83aa4e]
2021-02-18 10:34:58,765 INFO org.springframework.boot.devtools.autoconfigure.OptionalLiveReloadServer [restartedMain] LiveReload server is running on port 35729
2021-02-18 10:34:59,335 INFO org.apache.juli.logging.DirectJDKLog [restartedMain] Starting ProtocolHandler ["http-nio-8080"]
2021-02-18 10:34:59,346 INFO org.springframework.boot.web.embedded.tomcat.TomcatWebServer [restartedMain] Tomcat started on port(s): 8080 (http) with context path ''
2021-02-18 10:34:59,857 WARN springfox.documentation.schema.property.CachingModelPropertiesProvider [restartedMain] Exception calculating properties for model(com.gss.pulseworkflow.model.AccessTokenResponse) -> ModelContext{groupName=default, type=com.gss.pulseworkflow.model.AccessTokenResponse, isReturnType=true, view=Optional.empty}. Duplicate key [Property 'access_token'; ctors: null, field(s): null, getter(s): null, setter(s): [method com.gss.pulseworkflow.model.AccessTokenResponse#setAccessToken(1 params)][visible=true,ignore=false,explicitName=true]]
2021-02-18 10:34:59,858 WARN springfox.documentation.schema.property.CachingModelPropertiesProvider [restartedMain] Exception calculating properties for model(com.gss.pulseworkflow.model.AccessTokenResponse) -> ModelContext{groupName=default, type=com.gss.pulseworkflow.model.AccessTokenResponse, isReturnType=true, view=Optional.empty}. Duplicate key [Property 'access_token'; ctors: null, field(s): null, getter(s): null, setter(s): [method com.gss.pulseworkflow.model.AccessTokenResponse#setAccessToken(1 params)][visible=true,ignore=false,explicitName=true]]
2021-02-18 10:34:59,859 WARN springfox.documentation.schema.property.CachingModelPropertiesProvider [restartedMain] Exception calculating properties for model(com.gss.pulseworkflow.model.AccessTokenResponse) -> ModelContext{groupName=default, type=com.gss.pulseworkflow.model.AccessTokenResponse, isReturnType=true, view=Optional.empty}. Duplicate key [Property 'access_token'; ctors: null, field(s): null, getter(s): null, setter(s): [method com.gss.pulseworkflow.model.AccessTokenResponse#setAccessToken(1 params)][visible=true,ignore=false,explicitName=true]]
2021-02-18 10:34:59,866 WARN springfox.documentation.schema.property.CachingModelPropertiesProvider [restartedMain] Exception calculating properties for model(com.gss.pulseworkflow.model.AccessTokenResponse) -> ModelContext{groupName=default, type=com.gss.pulseworkflow.model.AccessTokenResponse, isReturnType=true, view=Optional.empty}. Duplicate key [Property 'access_token'; ctors: null, field(s): null, getter(s): null, setter(s): [method com.gss.pulseworkflow.model.AccessTokenResponse#setAccessToken(1 params)][visible=true,ignore=false,explicitName=true]]
2021-02-18 10:35:00,113 INFO org.springframework.data.repository.config.DeferredRepositoryInitializationListener [restartedMain] Triggering deferred initialization of Spring Data repositories…
2021-02-18 10:35:00,115 INFO org.springframework.data.repository.config.DeferredRepositoryInitializationListener [restartedMain] Spring Data repositories initialized!
2021-02-18 10:35:00,127 INFO org.springframework.boot.StartupInfoLogger [restartedMain] Started PulseWorkFlowApplication in 10.486 seconds (JVM running for 568.775)
2021-02-18 10:35:00,132 INFO org.springframework.boot.devtools.autoconfigure.ConditionEvaluationDeltaLoggingListener [restartedMain] Condition evaluation unchanged
2021-02-18 10:39:37,953 INFO org.springframework.orm.jpa.AbstractEntityManagerFactoryBean [Thread-10] Closing JPA EntityManagerFactory for persistence unit 'default'
2021-02-18 10:39:37,955 INFO org.springframework.scheduling.concurrent.ExecutorConfigurationSupport [Thread-10] Shutting down ExecutorService 'applicationTaskExecutor'
2021-02-18 10:39:37,958 INFO com.zaxxer.hikari.HikariDataSource [Thread-10] HikariPool-2 - Shutdown initiated...
2021-02-18 10:39:37,964 INFO com.zaxxer.hikari.HikariDataSource [Thread-10] HikariPool-2 - Shutdown completed.
2021-02-18 10:39:38,260 INFO org.springframework.boot.StartupInfoLogger [restartedMain] Starting PulseWorkFlowApplication on DESKTOP-LN0C744 with PID 9988 (D:\Pulseoftheworkorce\GSS\Dev-WorkSpace\PulseWorkForce\PulseWorkFlow\target\classes started by GSSADMIN in D:\Pulseoftheworkorce\GSS\Dev-WorkSpace\PulseWorkForce\PulseWorkFlow)
2021-02-18 10:39:38,261 INFO org.springframework.boot.SpringApplication [restartedMain] No active profile set, falling back to default profiles: default
2021-02-18 10:39:39,416 INFO org.springframework.data.repository.config.RepositoryConfigurationDelegate [restartedMain] Multiple Spring Data modules found, entering strict repository configuration mode!
2021-02-18 10:39:39,417 INFO org.springframework.data.repository.config.RepositoryConfigurationDelegate [restartedMain] Bootstrapping Spring Data JDBC repositories in DEFAULT mode.
2021-02-18 10:39:39,446 INFO org.springframework.data.repository.config.RepositoryConfigurationDelegate [restartedMain] Finished Spring Data repository scanning in 29ms. Found 0 JDBC repository interfaces.
2021-02-18 10:39:39,453 INFO org.springframework.data.repository.config.RepositoryConfigurationDelegate [restartedMain] Multiple Spring Data modules found, entering strict repository configuration mode!
2021-02-18 10:39:39,454 INFO org.springframework.data.repository.config.RepositoryConfigurationDelegate [restartedMain] Bootstrapping Spring Data JPA repositories in DEFERRED mode.
2021-02-18 10:39:39,467 INFO org.springframework.data.repository.config.RepositoryConfigurationDelegate [restartedMain] Finished Spring Data repository scanning in 13ms. Found 0 JPA repository interfaces.
2021-02-18 10:39:40,017 INFO org.springframework.boot.web.embedded.tomcat.TomcatWebServer [restartedMain] Tomcat initialized with port(s): 8080 (http)
2021-02-18 10:39:40,019 INFO org.apache.juli.logging.DirectJDKLog [restartedMain] Initializing ProtocolHandler ["http-nio-8080"]
2021-02-18 10:39:40,019 INFO org.apache.juli.logging.DirectJDKLog [restartedMain] Starting service [Tomcat]
2021-02-18 10:39:40,019 INFO org.apache.juli.logging.DirectJDKLog [restartedMain] Starting Servlet engine: [Apache Tomcat/9.0.37]
2021-02-18 10:39:40,088 INFO org.apache.juli.logging.DirectJDKLog [restartedMain] Initializing Spring embedded WebApplicationContext
2021-02-18 10:39:40,088 INFO org.springframework.boot.web.servlet.context.ServletWebServerApplicationContext [restartedMain] Root WebApplicationContext: initialization completed in 1819 ms
2021-02-18 10:39:40,330 WARN org.springframework.boot.autoconfigure.orm.jpa.JpaBaseConfiguration$JpaWebConfiguration [restartedMain] spring.jpa.open-in-view is enabled by default. Therefore, database queries may be performed during view rendering. Explicitly configure spring.jpa.open-in-view to disable this warning
2021-02-18 10:39:40,414 INFO org.springframework.scheduling.concurrent.ExecutorConfigurationSupport [restartedMain] Initializing ExecutorService 'applicationTaskExecutor'
2021-02-18 10:39:40,419 INFO com.zaxxer.hikari.HikariDataSource [restartedMain] HikariPool-3 - Starting...
2021-02-18 10:39:43,492 INFO com.zaxxer.hikari.HikariDataSource [restartedMain] HikariPool-3 - Start completed.
2021-02-18 10:39:43,586 INFO org.hibernate.jpa.internal.util.LogHelper [task-1] HHH000204: Processing PersistenceUnitInfo [name: default]
2021-02-18 10:39:43,605 INFO org.hibernate.dialect.Dialect [task-1] HHH000400: Using dialect: org.hibernate.dialect.MySQL57Dialect
2021-02-18 10:39:43,637 INFO org.hibernate.engine.transaction.jta.platform.internal.JtaPlatformInitiator [task-1] HHH000490: Using JtaPlatform implementation: [org.hibernate.engine.transaction.jta.platform.internal.NoJtaPlatform]
2021-02-18 10:39:43,638 INFO org.springframework.orm.jpa.AbstractEntityManagerFactoryBean [task-1] Initialized JPA EntityManagerFactory for persistence unit 'default'
2021-02-18 10:39:43,732 INFO org.springframework.aop.framework.CglibAopProxy [restartedMain] Unable to proxy interface-implementing method [public final void org.springframework.dao.support.DaoSupport.afterPropertiesSet() throws java.lang.IllegalArgumentException,org.springframework.beans.factory.BeanInitializationException] because it is marked as final: Consider using interface-based JDK proxies instead!
2021-02-18 10:39:43,760 INFO org.springframework.aop.framework.CglibAopProxy [restartedMain] Unable to proxy interface-implementing method [public final void org.springframework.dao.support.DaoSupport.afterPropertiesSet() throws java.lang.IllegalArgumentException,org.springframework.beans.factory.BeanInitializationException] because it is marked as final: Consider using interface-based JDK proxies instead!
2021-02-18 10:39:43,832 INFO org.springframework.aop.framework.CglibAopProxy [restartedMain] Unable to proxy interface-implementing method [public final void org.springframework.dao.support.DaoSupport.afterPropertiesSet() throws java.lang.IllegalArgumentException,org.springframework.beans.factory.BeanInitializationException] because it is marked as final: Consider using interface-based JDK proxies instead!
2021-02-18 10:39:43,862 INFO org.springframework.aop.framework.CglibAopProxy [restartedMain] Unable to proxy interface-implementing method [public final void org.springframework.dao.support.DaoSupport.afterPropertiesSet() throws java.lang.IllegalArgumentException,org.springframework.beans.factory.BeanInitializationException] because it is marked as final: Consider using interface-based JDK proxies instead!
2021-02-18 10:39:44,018 INFO org.springframework.aop.framework.CglibAopProxy [restartedMain] Unable to proxy interface-implementing method [public final void org.springframework.dao.support.DaoSupport.afterPropertiesSet() throws java.lang.IllegalArgumentException,org.springframework.beans.factory.BeanInitializationException] because it is marked as final: Consider using interface-based JDK proxies instead!
2021-02-18 10:39:44,034 INFO org.springframework.aop.framework.CglibAopProxy [restartedMain] Unable to proxy interface-implementing method [public final void org.springframework.dao.support.DaoSupport.afterPropertiesSet() throws java.lang.IllegalArgumentException,org.springframework.beans.factory.BeanInitializationException] because it is marked as final: Consider using interface-based JDK proxies instead!
2021-02-18 10:39:44,054 INFO org.springframework.aop.framework.CglibAopProxy [restartedMain] Unable to proxy interface-implementing method [public final void org.springframework.dao.support.DaoSupport.afterPropertiesSet() throws java.lang.IllegalArgumentException,org.springframework.beans.factory.BeanInitializationException] because it is marked as final: Consider using interface-based JDK proxies instead!
2021-02-18 10:39:44,091 INFO org.springframework.aop.framework.CglibAopProxy [restartedMain] Unable to proxy interface-implementing method [public final void org.springframework.dao.support.DaoSupport.afterPropertiesSet() throws java.lang.IllegalArgumentException,org.springframework.beans.factory.BeanInitializationException] because it is marked as final: Consider using interface-based JDK proxies instead!
2021-02-18 10:39:44,135 INFO org.springframework.aop.framework.CglibAopProxy [restartedMain] Unable to proxy interface-implementing method [public final void org.springframework.dao.support.DaoSupport.afterPropertiesSet() throws java.lang.IllegalArgumentException,org.springframework.beans.factory.BeanInitializationException] because it is marked as final: Consider using interface-based JDK proxies instead!
2021-02-18 10:39:44,147 INFO org.springframework.aop.framework.CglibAopProxy [restartedMain] Unable to proxy interface-implementing method [public final void org.springframework.dao.support.DaoSupport.afterPropertiesSet() throws java.lang.IllegalArgumentException,org.springframework.beans.factory.BeanInitializationException] because it is marked as final: Consider using interface-based JDK proxies instead!
2021-02-18 10:39:44,514 INFO org.springframework.boot.actuate.endpoint.web.EndpointLinksResolver [restartedMain] Exposing 2 endpoint(s) beneath base path '/actuator'
2021-02-18 10:39:44,615 INFO org.springframework.security.web.DefaultSecurityFilterChain [restartedMain] Creating filter chain: any request, [org.springframework.security.web.context.request.async.WebAsyncManagerIntegrationFilter@195e78e, org.springframework.security.web.context.SecurityContextPersistenceFilter@1e6f758, org.springframework.security.web.header.HeaderWriterFilter@50b125, org.springframework.web.filter.CorsFilter@33635f, org.springframework.security.web.authentication.logout.LogoutFilter@e9b618, com.gss.pulseworkflow.oauth.filter.PulseLoginFilter@10cf81c, com.gss.pulseworkflow.oauth.filter.PulseAccessTokenFilter@4b66c4, com.gss.pulseworkflow.oauth.filter.PulseTokenCheckerFilter@198ac1a, org.springframework.security.web.savedrequest.RequestCacheAwareFilter@359371, org.springframework.security.web.servletapi.SecurityContextHolderAwareRequestFilter@18bdbcb, org.springframework.security.web.authentication.AnonymousAuthenticationFilter@ca0241, org.springframework.security.web.session.SessionManagementFilter@1930d6, org.springframework.security.web.access.ExceptionTranslationFilter@e725b0, org.springframework.security.web.access.intercept.FilterSecurityInterceptor@186aa41]
2021-02-18 10:39:44,699 INFO org.springframework.boot.devtools.autoconfigure.OptionalLiveReloadServer [restartedMain] LiveReload server is running on port 35729
2021-02-18 10:39:45,241 INFO org.apache.juli.logging.DirectJDKLog [restartedMain] Starting ProtocolHandler ["http-nio-8080"]
2021-02-18 10:39:45,265 INFO org.springframework.boot.web.embedded.tomcat.TomcatWebServer [restartedMain] Tomcat started on port(s): 8080 (http) with context path ''
2021-02-18 10:39:46,005 WARN springfox.documentation.schema.property.CachingModelPropertiesProvider [restartedMain] Exception calculating properties for model(com.gss.pulseworkflow.model.AccessTokenResponse) -> ModelContext{groupName=default, type=com.gss.pulseworkflow.model.AccessTokenResponse, isReturnType=true, view=Optional.empty}. Duplicate key [Property 'access_token'; ctors: null, field(s): null, getter(s): null, setter(s): [method com.gss.pulseworkflow.model.AccessTokenResponse#setAccessToken(1 params)][visible=true,ignore=false,explicitName=true]]
2021-02-18 10:39:46,006 WARN springfox.documentation.schema.property.CachingModelPropertiesProvider [restartedMain] Exception calculating properties for model(com.gss.pulseworkflow.model.AccessTokenResponse) -> ModelContext{groupName=default, type=com.gss.pulseworkflow.model.AccessTokenResponse, isReturnType=true, view=Optional.empty}. Duplicate key [Property 'access_token'; ctors: null, field(s): null, getter(s): null, setter(s): [method com.gss.pulseworkflow.model.AccessTokenResponse#setAccessToken(1 params)][visible=true,ignore=false,explicitName=true]]
2021-02-18 10:39:46,006 WARN springfox.documentation.schema.property.CachingModelPropertiesProvider [restartedMain] Exception calculating properties for model(com.gss.pulseworkflow.model.AccessTokenResponse) -> ModelContext{groupName=default, type=com.gss.pulseworkflow.model.AccessTokenResponse, isReturnType=true, view=Optional.empty}. Duplicate key [Property 'access_token'; ctors: null, field(s): null, getter(s): null, setter(s): [method com.gss.pulseworkflow.model.AccessTokenResponse#setAccessToken(1 params)][visible=true,ignore=false,explicitName=true]]
2021-02-18 10:39:46,014 WARN springfox.documentation.schema.property.CachingModelPropertiesProvider [restartedMain] Exception calculating properties for model(com.gss.pulseworkflow.model.AccessTokenResponse) -> ModelContext{groupName=default, type=com.gss.pulseworkflow.model.AccessTokenResponse, isReturnType=true, view=Optional.empty}. Duplicate key [Property 'access_token'; ctors: null, field(s): null, getter(s): null, setter(s): [method com.gss.pulseworkflow.model.AccessTokenResponse#setAccessToken(1 params)][visible=true,ignore=false,explicitName=true]]
2021-02-18 10:39:46,214 INFO org.springframework.data.repository.config.DeferredRepositoryInitializationListener [restartedMain] Triggering deferred initialization of Spring Data repositories…
2021-02-18 10:39:46,216 INFO org.springframework.data.repository.config.DeferredRepositoryInitializationListener [restartedMain] Spring Data repositories initialized!
2021-02-18 10:39:46,226 INFO org.springframework.boot.StartupInfoLogger [restartedMain] Started PulseWorkFlowApplication in 8.059 seconds (JVM running for 854.874)
2021-02-18 10:39:46,230 INFO org.springframework.boot.devtools.autoconfigure.ConditionEvaluationDeltaLoggingListener [restartedMain] Condition evaluation unchanged
2021-02-18 10:40:00,837 INFO org.springframework.orm.jpa.AbstractEntityManagerFactoryBean [Thread-15] Closing JPA EntityManagerFactory for persistence unit 'default'
2021-02-18 10:40:00,838 INFO org.springframework.scheduling.concurrent.ExecutorConfigurationSupport [Thread-15] Shutting down ExecutorService 'applicationTaskExecutor'
2021-02-18 10:40:00,841 INFO com.zaxxer.hikari.HikariDataSource [Thread-15] HikariPool-3 - Shutdown initiated...
2021-02-18 10:40:01,447 INFO com.zaxxer.hikari.HikariDataSource [Thread-15] HikariPool-3 - Shutdown completed.
2021-02-18 20:14:47,238 INFO org.springframework.boot.StartupInfoLogger [restartedMain] Starting PulseWorkFlowApplication on DESKTOP-LN0C744 with PID 8032 (D:\Pulseoftheworkorce\GSS\Dev-WorkSpace\PulseWorkForce\PulseWorkFlow\target\classes started by GSSADMIN in D:\Pulseoftheworkorce\GSS\Dev-WorkSpace\PulseWorkForce\PulseWorkFlow)
2021-02-18 20:14:47,243 INFO org.springframework.boot.SpringApplication [restartedMain] No active profile set, falling back to default profiles: default
2021-02-18 20:14:47,320 INFO org.springframework.boot.logging.DeferredLog [restartedMain] Devtools property defaults active! Set 'spring.devtools.add-properties' to 'false' to disable
2021-02-18 20:14:47,320 INFO org.springframework.boot.logging.DeferredLog [restartedMain] For additional web related logging consider setting the 'logging.level.web' property to 'DEBUG'
2021-02-18 20:14:49,099 INFO org.springframework.data.repository.config.RepositoryConfigurationDelegate [restartedMain] Multiple Spring Data modules found, entering strict repository configuration mode!
2021-02-18 20:14:49,101 INFO org.springframework.data.repository.config.RepositoryConfigurationDelegate [restartedMain] Bootstrapping Spring Data JDBC repositories in DEFAULT mode.
2021-02-18 20:14:49,154 INFO org.springframework.data.repository.config.RepositoryConfigurationDelegate [restartedMain] Finished Spring Data repository scanning in 45ms. Found 0 JDBC repository interfaces.
2021-02-18 20:14:49,173 INFO org.springframework.data.repository.config.RepositoryConfigurationDelegate [restartedMain] Multiple Spring Data modules found, entering strict repository configuration mode!
2021-02-18 20:14:49,175 INFO org.springframework.data.repository.config.RepositoryConfigurationDelegate [restartedMain] Bootstrapping Spring Data JPA repositories in DEFERRED mode.
2021-02-18 20:14:49,199 INFO org.springframework.data.repository.config.RepositoryConfigurationDelegate [restartedMain] Finished Spring Data repository scanning in 17ms. Found 0 JPA repository interfaces.
2021-02-18 20:14:50,420 INFO org.springframework.boot.web.embedded.tomcat.TomcatWebServer [restartedMain] Tomcat initialized with port(s): 8080 (http)
2021-02-18 20:14:50,435 INFO org.apache.juli.logging.DirectJDKLog [restartedMain] Initializing ProtocolHandler ["http-nio-8080"]
2021-02-18 20:14:50,436 INFO org.apache.juli.logging.DirectJDKLog [restartedMain] Starting service [Tomcat]
2021-02-18 20:14:50,436 INFO org.apache.juli.logging.DirectJDKLog [restartedMain] Starting Servlet engine: [Apache Tomcat/9.0.37]
2021-02-18 20:14:50,636 INFO org.apache.juli.logging.DirectJDKLog [restartedMain] Initializing Spring embedded WebApplicationContext
2021-02-18 20:14:50,636 INFO org.springframework.boot.web.servlet.context.ServletWebServerApplicationContext [restartedMain] Root WebApplicationContext: initialization completed in 3315 ms
2021-02-18 20:14:50,957 WARN org.springframework.boot.autoconfigure.orm.jpa.JpaBaseConfiguration$JpaWebConfiguration [restartedMain] spring.jpa.open-in-view is enabled by default. Therefore, database queries may be performed during view rendering. Explicitly configure spring.jpa.open-in-view to disable this warning
2021-02-18 20:14:51,155 INFO org.springframework.scheduling.concurrent.ExecutorConfigurationSupport [restartedMain] Initializing ExecutorService 'applicationTaskExecutor'
2021-02-18 20:14:51,181 INFO com.zaxxer.hikari.HikariDataSource [restartedMain] HikariPool-1 - Starting...
2021-02-18 20:14:54,717 INFO com.zaxxer.hikari.HikariDataSource [restartedMain] HikariPool-1 - Start completed.
2021-02-18 20:14:54,836 INFO org.hibernate.jpa.internal.util.LogHelper [task-1] HHH000204: Processing PersistenceUnitInfo [name: default]
2021-02-18 20:14:54,933 INFO org.hibernate.Version [task-1] HHH000412: Hibernate ORM core version 5.4.20.Final
2021-02-18 20:14:55,156 INFO org.hibernate.annotations.common.reflection.java.JavaReflectionManager [task-1] HCANN000001: Hibernate Commons Annotations {5.1.0.Final}
2021-02-18 20:14:55,451 INFO org.springframework.aop.framework.CglibAopProxy [restartedMain] Unable to proxy interface-implementing method [public final void org.springframework.dao.support.DaoSupport.afterPropertiesSet() throws java.lang.IllegalArgumentException,org.springframework.beans.factory.BeanInitializationException] because it is marked as final: Consider using interface-based JDK proxies instead!
2021-02-18 20:14:55,486 INFO org.springframework.aop.framework.CglibAopProxy [restartedMain] Unable to proxy interface-implementing method [public final void org.springframework.dao.support.DaoSupport.afterPropertiesSet() throws java.lang.IllegalArgumentException,org.springframework.beans.factory.BeanInitializationException] because it is marked as final: Consider using interface-based JDK proxies instead!
2021-02-18 20:14:55,600 INFO org.springframework.aop.framework.CglibAopProxy [restartedMain] Unable to proxy interface-implementing method [public final void org.springframework.dao.support.DaoSupport.afterPropertiesSet() throws java.lang.IllegalArgumentException,org.springframework.beans.factory.BeanInitializationException] because it is marked as final: Consider using interface-based JDK proxies instead!
2021-02-18 20:14:55,634 INFO org.springframework.aop.framework.CglibAopProxy [restartedMain] Unable to proxy interface-implementing method [public final void org.springframework.dao.support.DaoSupport.afterPropertiesSet() throws java.lang.IllegalArgumentException,org.springframework.beans.factory.BeanInitializationException] because it is marked as final: Consider using interface-based JDK proxies instead!
2021-02-18 20:14:55,692 INFO org.hibernate.dialect.Dialect [task-1] HHH000400: Using dialect: org.hibernate.dialect.MySQL57Dialect
2021-02-18 20:14:56,018 INFO org.hibernate.engine.transaction.jta.platform.internal.JtaPlatformInitiator [task-1] HHH000490: Using JtaPlatform implementation: [org.hibernate.engine.transaction.jta.platform.internal.NoJtaPlatform]
2021-02-18 20:14:56,031 INFO org.springframework.orm.jpa.AbstractEntityManagerFactoryBean [task-1] Initialized JPA EntityManagerFactory for persistence unit 'default'
2021-02-18 20:14:56,214 INFO org.springframework.aop.framework.CglibAopProxy [restartedMain] Unable to proxy interface-implementing method [public final void org.springframework.dao.support.DaoSupport.afterPropertiesSet() throws java.lang.IllegalArgumentException,org.springframework.beans.factory.BeanInitializationException] because it is marked as final: Consider using interface-based JDK proxies instead!
2021-02-18 20:14:56,231 INFO org.springframework.aop.framework.CglibAopProxy [restartedMain] Unable to proxy interface-implementing method [public final void org.springframework.dao.support.DaoSupport.afterPropertiesSet() throws java.lang.IllegalArgumentException,org.springframework.beans.factory.BeanInitializationException] because it is marked as final: Consider using interface-based JDK proxies instead!
2021-02-18 20:14:56,248 INFO org.springframework.aop.framework.CglibAopProxy [restartedMain] Unable to proxy interface-implementing method [public final void org.springframework.dao.support.DaoSupport.afterPropertiesSet() throws java.lang.IllegalArgumentException,org.springframework.beans.factory.BeanInitializationException] because it is marked as final: Consider using interface-based JDK proxies instead!
2021-02-18 20:14:56,281 INFO org.springframework.aop.framework.CglibAopProxy [restartedMain] Unable to proxy interface-implementing method [public final void org.springframework.dao.support.DaoSupport.afterPropertiesSet() throws java.lang.IllegalArgumentException,org.springframework.beans.factory.BeanInitializationException] because it is marked as final: Consider using interface-based JDK proxies instead!
2021-02-18 20:14:56,304 INFO org.springframework.aop.framework.CglibAopProxy [restartedMain] Unable to proxy interface-implementing method [public final void org.springframework.dao.support.DaoSupport.afterPropertiesSet() throws java.lang.IllegalArgumentException,org.springframework.beans.factory.BeanInitializationException] because it is marked as final: Consider using interface-based JDK proxies instead!
2021-02-18 20:14:56,315 INFO org.springframework.aop.framework.CglibAopProxy [restartedMain] Unable to proxy interface-implementing method [public final void org.springframework.dao.support.DaoSupport.afterPropertiesSet() throws java.lang.IllegalArgumentException,org.springframework.beans.factory.BeanInitializationException] because it is marked as final: Consider using interface-based JDK proxies instead!
2021-02-18 20:14:56,965 INFO org.springframework.boot.actuate.endpoint.web.EndpointLinksResolver [restartedMain] Exposing 2 endpoint(s) beneath base path '/actuator'
2021-02-18 20:14:57,321 INFO org.springframework.security.web.DefaultSecurityFilterChain [restartedMain] Creating filter chain: any request, [org.springframework.security.web.context.request.async.WebAsyncManagerIntegrationFilter@1ace015, org.springframework.security.web.context.SecurityContextPersistenceFilter@a069c9, org.springframework.security.web.header.HeaderWriterFilter@120d89b, org.springframework.web.filter.CorsFilter@13d2be1, org.springframework.security.web.authentication.logout.LogoutFilter@1459c7e, com.gss.pulseworkflow.oauth.filter.PulseLoginFilter@1badd56, com.gss.pulseworkflow.oauth.filter.PulseAccessTokenFilter@6533fb, com.gss.pulseworkflow.oauth.filter.PulseTokenCheckerFilter@baf2b3, org.springframework.security.web.savedrequest.RequestCacheAwareFilter@12b59fd, org.springframework.security.web.servletapi.SecurityContextHolderAwareRequestFilter@a32fe0, org.springframework.security.web.authentication.AnonymousAuthenticationFilter@c553c0, org.springframework.security.web.session.SessionManagementFilter@1f719a0, org.springframework.security.web.access.ExceptionTranslationFilter@7807e4, org.springframework.security.web.access.intercept.FilterSecurityInterceptor@276a09]
2021-02-18 20:14:57,481 INFO org.springframework.boot.devtools.autoconfigure.OptionalLiveReloadServer [restartedMain] LiveReload server is running on port 35729
2021-02-18 20:14:58,264 INFO org.apache.juli.logging.DirectJDKLog [restartedMain] Starting ProtocolHandler ["http-nio-8080"]
2021-02-18 20:14:58,294 INFO org.springframework.boot.web.embedded.tomcat.TomcatWebServer [restartedMain] Tomcat started on port(s): 8080 (http) with context path ''
2021-02-18 20:14:59,072 WARN springfox.documentation.schema.property.CachingModelPropertiesProvider [restartedMain] Exception calculating properties for model(com.gss.pulseworkflow.model.AccessTokenResponse) -> ModelContext{groupName=default, type=com.gss.pulseworkflow.model.AccessTokenResponse, isReturnType=true, view=Optional.empty}. Duplicate key [Property 'access_token'; ctors: null, field(s): null, getter(s): null, setter(s): [method com.gss.pulseworkflow.model.AccessTokenResponse#setAccessToken(1 params)][visible=true,ignore=false,explicitName=true]]
2021-02-18 20:14:59,073 WARN springfox.documentation.schema.property.CachingModelPropertiesProvider [restartedMain] Exception calculating properties for model(com.gss.pulseworkflow.model.AccessTokenResponse) -> ModelContext{groupName=default, type=com.gss.pulseworkflow.model.AccessTokenResponse, isReturnType=true, view=Optional.empty}. Duplicate key [Property 'access_token'; ctors: null, field(s): null, getter(s): null, setter(s): [method com.gss.pulseworkflow.model.AccessTokenResponse#setAccessToken(1 params)][visible=true,ignore=false,explicitName=true]]
2021-02-18 20:14:59,074 WARN springfox.documentation.schema.property.CachingModelPropertiesProvider [restartedMain] Exception calculating properties for model(com.gss.pulseworkflow.model.AccessTokenResponse) -> ModelContext{groupName=default, type=com.gss.pulseworkflow.model.AccessTokenResponse, isReturnType=true, view=Optional.empty}. Duplicate key [Property 'access_token'; ctors: null, field(s): null, getter(s): null, setter(s): [method com.gss.pulseworkflow.model.AccessTokenResponse#setAccessToken(1 params)][visible=true,ignore=false,explicitName=true]]
2021-02-18 20:14:59,083 WARN springfox.documentation.schema.property.CachingModelPropertiesProvider [restartedMain] Exception calculating properties for model(com.gss.pulseworkflow.model.AccessTokenResponse) -> ModelContext{groupName=default, type=com.gss.pulseworkflow.model.AccessTokenResponse, isReturnType=true, view=Optional.empty}. Duplicate key [Property 'access_token'; ctors: null, field(s): null, getter(s): null, setter(s): [method com.gss.pulseworkflow.model.AccessTokenResponse#setAccessToken(1 params)][visible=true,ignore=false,explicitName=true]]
2021-02-18 20:14:59,275 INFO org.springframework.data.repository.config.DeferredRepositoryInitializationListener [restartedMain] Triggering deferred initialization of Spring Data repositories…
2021-02-18 20:14:59,276 INFO org.springframework.data.repository.config.DeferredRepositoryInitializationListener [restartedMain] Spring Data repositories initialized!
2021-02-18 20:14:59,291 INFO org.springframework.boot.StartupInfoLogger [restartedMain] Started PulseWorkFlowApplication in 12.599 seconds (JVM running for 14.35)
2021-02-18 20:15:50,311 INFO org.springframework.boot.admin.SpringApplicationAdminMXBeanRegistrar$SpringApplicationAdmin [RMI TCP Connection(3)-127.0.0.1] Application shutdown requested.
2021-02-18 20:15:50,644 INFO org.springframework.orm.jpa.AbstractEntityManagerFactoryBean [RMI TCP Connection(3)-127.0.0.1] Closing JPA EntityManagerFactory for persistence unit 'default'
2021-02-18 20:15:50,648 INFO org.springframework.scheduling.concurrent.ExecutorConfigurationSupport [RMI TCP Connection(3)-127.0.0.1] Shutting down ExecutorService 'applicationTaskExecutor'
2021-02-18 20:15:50,651 INFO com.zaxxer.hikari.HikariDataSource [RMI TCP Connection(3)-127.0.0.1] HikariPool-1 - Shutdown initiated...
2021-02-18 20:15:50,669 INFO com.zaxxer.hikari.HikariDataSource [RMI TCP Connection(3)-127.0.0.1] HikariPool-1 - Shutdown completed.
2021-02-18 20:16:09,633 INFO org.springframework.boot.StartupInfoLogger [restartedMain] Starting PulseWorkFlowApplication on DESKTOP-LN0C744 with PID 8144 (D:\Pulseoftheworkorce\GSS\Dev-WorkSpace\PulseWorkForce\PulseWorkFlow\target\classes started by GSSADMIN in D:\Pulseoftheworkorce\GSS\Dev-WorkSpace\PulseWorkForce\PulseWorkFlow)
2021-02-18 20:16:09,645 INFO org.springframework.boot.SpringApplication [restartedMain] No active profile set, falling back to default profiles: default
2021-02-18 20:16:09,744 INFO org.springframework.boot.logging.DeferredLog [restartedMain] Devtools property defaults active! Set 'spring.devtools.add-properties' to 'false' to disable
2021-02-18 20:16:09,745 INFO org.springframework.boot.logging.DeferredLog [restartedMain] For additional web related logging consider setting the 'logging.level.web' property to 'DEBUG'
2021-02-18 20:16:12,010 INFO org.springframework.data.repository.config.RepositoryConfigurationDelegate [restartedMain] Multiple Spring Data modules found, entering strict repository configuration mode!
2021-02-18 20:16:12,013 INFO org.springframework.data.repository.config.RepositoryConfigurationDelegate [restartedMain] Bootstrapping Spring Data JDBC repositories in DEFAULT mode.
2021-02-18 20:16:12,085 INFO org.springframework.data.repository.config.RepositoryConfigurationDelegate [restartedMain] Finished Spring Data repository scanning in 47ms. Found 0 JDBC repository interfaces.
2021-02-18 20:16:12,104 INFO org.springframework.data.repository.config.RepositoryConfigurationDelegate [restartedMain] Multiple Spring Data modules found, entering strict repository configuration mode!
2021-02-18 20:16:12,106 INFO org.springframework.data.repository.config.RepositoryConfigurationDelegate [restartedMain] Bootstrapping Spring Data JPA repositories in DEFERRED mode.
2021-02-18 20:16:12,134 INFO org.springframework.data.repository.config.RepositoryConfigurationDelegate [restartedMain] Finished Spring Data repository scanning in 17ms. Found 0 JPA repository interfaces.
2021-02-18 20:16:13,629 INFO org.springframework.boot.web.embedded.tomcat.TomcatWebServer [restartedMain] Tomcat initialized with port(s): 8080 (http)
2021-02-18 20:16:13,647 INFO org.apache.juli.logging.DirectJDKLog [restartedMain] Initializing ProtocolHandler ["http-nio-8080"]
2021-02-18 20:16:13,648 INFO org.apache.juli.logging.DirectJDKLog [restartedMain] Starting service [Tomcat]
2021-02-18 20:16:13,648 INFO org.apache.juli.logging.DirectJDKLog [restartedMain] Starting Servlet engine: [Apache Tomcat/9.0.37]
2021-02-18 20:16:13,861 INFO org.apache.juli.logging.DirectJDKLog [restartedMain] Initializing Spring embedded WebApplicationContext
2021-02-18 20:16:13,861 INFO org.springframework.boot.web.servlet.context.ServletWebServerApplicationContext [restartedMain] Root WebApplicationContext: initialization completed in 4115 ms
2021-02-18 20:16:14,224 WARN org.springframework.boot.autoconfigure.orm.jpa.JpaBaseConfiguration$JpaWebConfiguration [restartedMain] spring.jpa.open-in-view is enabled by default. Therefore, database queries may be performed during view rendering. Explicitly configure spring.jpa.open-in-view to disable this warning
2021-02-18 20:16:14,488 INFO org.springframework.scheduling.concurrent.ExecutorConfigurationSupport [restartedMain] Initializing ExecutorService 'applicationTaskExecutor'
2021-02-18 20:16:14,517 INFO com.zaxxer.hikari.HikariDataSource [restartedMain] HikariPool-1 - Starting...
2021-02-18 20:16:20,347 INFO com.zaxxer.hikari.HikariDataSource [restartedMain] HikariPool-1 - Start completed.
2021-02-18 20:16:20,487 INFO org.hibernate.jpa.internal.util.LogHelper [task-1] HHH000204: Processing PersistenceUnitInfo [name: default]
2021-02-18 20:16:20,627 INFO org.hibernate.Version [task-1] HHH000412: Hibernate ORM core version 5.4.20.Final
2021-02-18 20:16:21,056 INFO org.hibernate.annotations.common.reflection.java.JavaReflectionManager [task-1] HCANN000001: Hibernate Commons Annotations {5.1.0.Final}
2021-02-18 20:16:21,056 INFO org.springframework.aop.framework.CglibAopProxy [restartedMain] Unable to proxy interface-implementing method [public final void org.springframework.dao.support.DaoSupport.afterPropertiesSet() throws java.lang.IllegalArgumentException,org.springframework.beans.factory.BeanInitializationException] because it is marked as final: Consider using interface-based JDK proxies instead!
2021-02-18 20:16:21,096 INFO org.springframework.aop.framework.CglibAopProxy [restartedMain] Unable to proxy interface-implementing method [public final void org.springframework.dao.support.DaoSupport.afterPropertiesSet() throws java.lang.IllegalArgumentException,org.springframework.beans.factory.BeanInitializationException] because it is marked as final: Consider using interface-based JDK proxies instead!
2021-02-18 20:16:21,284 INFO org.springframework.aop.framework.CglibAopProxy [restartedMain] Unable to proxy interface-implementing method [public final void org.springframework.dao.support.DaoSupport.afterPropertiesSet() throws java.lang.IllegalArgumentException,org.springframework.beans.factory.BeanInitializationException] because it is marked as final: Consider using interface-based JDK proxies instead!
2021-02-18 20:16:21,351 INFO org.springframework.aop.framework.CglibAopProxy [restartedMain] Unable to proxy interface-implementing method [public final void org.springframework.dao.support.DaoSupport.afterPropertiesSet() throws java.lang.IllegalArgumentException,org.springframework.beans.factory.BeanInitializationException] because it is marked as final: Consider using interface-based JDK proxies instead!
2021-02-18 20:16:21,712 INFO org.hibernate.dialect.Dialect [task-1] HHH000400: Using dialect: org.hibernate.dialect.MySQL57Dialect
2021-02-18 20:16:22,161 INFO org.springframework.aop.framework.CglibAopProxy [restartedMain] Unable to proxy interface-implementing method [public final void org.springframework.dao.support.DaoSupport.afterPropertiesSet() throws java.lang.IllegalArgumentException,org.springframework.beans.factory.BeanInitializationException] because it is marked as final: Consider using interface-based JDK proxies instead!
2021-02-18 20:16:22,182 INFO org.springframework.aop.framework.CglibAopProxy [restartedMain] Unable to proxy interface-implementing method [public final void org.springframework.dao.support.DaoSupport.afterPropertiesSet() throws java.lang.IllegalArgumentException,org.springframework.beans.factory.BeanInitializationException] because it is marked as final: Consider using interface-based JDK proxies instead!
2021-02-18 20:16:22,230 INFO org.springframework.aop.framework.CglibAopProxy [restartedMain] Unable to proxy interface-implementing method [public final void org.springframework.dao.support.DaoSupport.afterPropertiesSet() throws java.lang.IllegalArgumentException,org.springframework.beans.factory.BeanInitializationException] because it is marked as final: Consider using interface-based JDK proxies instead!
2021-02-18 20:16:22,284 INFO org.springframework.aop.framework.CglibAopProxy [restartedMain] Unable to proxy interface-implementing method [public final void org.springframework.dao.support.DaoSupport.afterPropertiesSet() throws java.lang.IllegalArgumentException,org.springframework.beans.factory.BeanInitializationException] because it is marked as final: Consider using interface-based JDK proxies instead!
2021-02-18 20:16:22,327 INFO org.springframework.aop.framework.CglibAopProxy [restartedMain] Unable to proxy interface-implementing method [public final void org.springframework.dao.support.DaoSupport.afterPropertiesSet() throws java.lang.IllegalArgumentException,org.springframework.beans.factory.BeanInitializationException] because it is marked as final: Consider using interface-based JDK proxies instead!
2021-02-18 20:16:22,365 INFO org.springframework.aop.framework.CglibAopProxy [restartedMain] Unable to proxy interface-implementing method [public final void org.springframework.dao.support.DaoSupport.afterPropertiesSet() throws java.lang.IllegalArgumentException,org.springframework.beans.factory.BeanInitializationException] because it is marked as final: Consider using interface-based JDK proxies instead!
2021-02-18 20:16:22,404 INFO org.hibernate.engine.transaction.jta.platform.internal.JtaPlatformInitiator [task-1] HHH000490: Using JtaPlatform implementation: [org.hibernate.engine.transaction.jta.platform.internal.NoJtaPlatform]
2021-02-18 20:16:22,433 INFO org.springframework.orm.jpa.AbstractEntityManagerFactoryBean [task-1] Initialized JPA EntityManagerFactory for persistence unit 'default'
2021-02-18 20:16:23,242 INFO org.springframework.boot.actuate.endpoint.web.EndpointLinksResolver [restartedMain] Exposing 2 endpoint(s) beneath base path '/actuator'
2021-02-18 20:16:24,391 INFO org.springframework.security.web.DefaultSecurityFilterChain [restartedMain] Creating filter chain: any request, [org.springframework.security.web.context.request.async.WebAsyncManagerIntegrationFilter@357481, org.springframework.security.web.context.SecurityContextPersistenceFilter@a71a9b, org.springframework.security.web.header.HeaderWriterFilter@1ecf8da, org.springframework.web.filter.CorsFilter@584af4, org.springframework.security.web.authentication.logout.LogoutFilter@44ebe7, com.gss.pulseworkflow.oauth.filter.PulseLoginFilter@1cb8aad, com.gss.pulseworkflow.oauth.filter.PulseAccessTokenFilter@1c46c99, com.gss.pulseworkflow.oauth.filter.PulseTokenCheckerFilter@614d4, org.springframework.security.web.savedrequest.RequestCacheAwareFilter@10da2db, org.springframework.security.web.servletapi.SecurityContextHolderAwareRequestFilter@1640df0, org.springframework.security.web.authentication.AnonymousAuthenticationFilter@1ab5b4a, org.springframework.security.web.session.SessionManagementFilter@5b5e63, org.springframework.security.web.access.ExceptionTranslationFilter@1b2ea2c, org.springframework.security.web.access.intercept.FilterSecurityInterceptor@454e7c]
2021-02-18 20:16:24,596 INFO org.springframework.boot.devtools.autoconfigure.OptionalLiveReloadServer [restartedMain] LiveReload server is running on port 35729
2021-02-18 20:16:25,534 INFO org.apache.juli.logging.DirectJDKLog [restartedMain] Starting ProtocolHandler ["http-nio-8080"]
2021-02-18 20:16:25,586 INFO org.springframework.boot.web.embedded.tomcat.TomcatWebServer [restartedMain] Tomcat started on port(s): 8080 (http) with context path ''
2021-02-18 20:16:26,715 WARN springfox.documentation.schema.property.CachingModelPropertiesProvider [restartedMain] Exception calculating properties for model(com.gss.pulseworkflow.model.AccessTokenResponse) -> ModelContext{groupName=default, type=com.gss.pulseworkflow.model.AccessTokenResponse, isReturnType=true, view=Optional.empty}. Duplicate key [Property 'access_token'; ctors: null, field(s): null, getter(s): null, setter(s): [method com.gss.pulseworkflow.model.AccessTokenResponse#setAccessToken(1 params)][visible=true,ignore=false,explicitName=true]]
2021-02-18 20:16:26,717 WARN springfox.documentation.schema.property.CachingModelPropertiesProvider [restartedMain] Exception calculating properties for model(com.gss.pulseworkflow.model.AccessTokenResponse) -> ModelContext{groupName=default, type=com.gss.pulseworkflow.model.AccessTokenResponse, isReturnType=true, view=Optional.empty}. Duplicate key [Property 'access_token'; ctors: null, field(s): null, getter(s): null, setter(s): [method com.gss.pulseworkflow.model.AccessTokenResponse#setAccessToken(1 params)][visible=true,ignore=false,explicitName=true]]
2021-02-18 20:16:26,719 WARN springfox.documentation.schema.property.CachingModelPropertiesProvider [restartedMain] Exception calculating properties for model(com.gss.pulseworkflow.model.AccessTokenResponse) -> ModelContext{groupName=default, type=com.gss.pulseworkflow.model.AccessTokenResponse, isReturnType=true, view=Optional.empty}. Duplicate key [Property 'access_token'; ctors: null, field(s): null, getter(s): null, setter(s): [method com.gss.pulseworkflow.model.AccessTokenResponse#setAccessToken(1 params)][visible=true,ignore=false,explicitName=true]]
2021-02-18 20:16:26,731 WARN springfox.documentation.schema.property.CachingModelPropertiesProvider [restartedMain] Exception calculating properties for model(com.gss.pulseworkflow.model.AccessTokenResponse) -> ModelContext{groupName=default, type=com.gss.pulseworkflow.model.AccessTokenResponse, isReturnType=true, view=Optional.empty}. Duplicate key [Property 'access_token'; ctors: null, field(s): null, getter(s): null, setter(s): [method com.gss.pulseworkflow.model.AccessTokenResponse#setAccessToken(1 params)][visible=true,ignore=false,explicitName=true]]
2021-02-18 20:16:26,944 INFO org.springframework.data.repository.config.DeferredRepositoryInitializationListener [restartedMain] Triggering deferred initialization of Spring Data repositories…
2021-02-18 20:16:26,945 INFO org.springframework.data.repository.config.DeferredRepositoryInitializationListener [restartedMain] Spring Data repositories initialized!
2021-02-18 20:16:26,961 INFO org.springframework.boot.StartupInfoLogger [restartedMain] Started PulseWorkFlowApplication in 18.049 seconds (JVM running for 20.422)
2021-02-18 20:18:00,532 INFO org.apache.juli.logging.DirectJDKLog [http-nio-8080-exec-2] Initializing Spring DispatcherServlet 'dispatcherServlet'
2021-02-18 20:18:00,532 INFO org.springframework.web.servlet.FrameworkServlet [http-nio-8080-exec-2] Initializing Servlet 'dispatcherServlet'
2021-02-18 20:18:00,553 INFO org.springframework.web.servlet.FrameworkServlet [http-nio-8080-exec-2] Completed initialization in 21 ms
2021-02-18 22:53:28,296 WARN com.zaxxer.hikari.pool.HikariPool$HouseKeeper [HikariPool-1 housekeeper] HikariPool-1 - Thread starvation or clock leap detected (housekeeper delta=1h43m7s712ms819µs700ns).
