2020-10-08 00:00:04,274 INFO org.apache.juli.logging.DirectJDKLog [http-nio-2027-exec-3] Initializing Spring DispatcherServlet 'dispatcherServlet'
2020-10-08 00:00:04,278 INFO org.springframework.web.servlet.FrameworkServlet [http-nio-2027-exec-3] Initializing Servlet 'dispatcherServlet'
2020-10-08 00:00:04,286 INFO org.springframework.web.servlet.FrameworkServlet [http-nio-2027-exec-3] Completed initialization in 8 ms
2020-10-08 00:00:34,294 INFO org.springframework.orm.jpa.AbstractEntityManagerFactoryBean [Thread-74] Closing JPA EntityManagerFactory for persistence unit 'default'
2020-10-08 00:00:34,296 INFO org.springframework.scheduling.concurrent.ExecutorConfigurationSupport [Thread-74] Shutting down ExecutorService 'applicationTaskExecutor'
2020-10-08 00:00:34,298 INFO com.zaxxer.hikari.HikariDataSource [Thread-74] HikariPool-15 - Shutdown initiated...
2020-10-08 00:00:34,306 INFO com.zaxxer.hikari.HikariDataSource [Thread-74] HikariPool-15 - Shutdown completed.
2020-10-08 00:00:34,880 INFO org.springframework.boot.StartupInfoLogger [restartedMain] Starting PulseWorkFlowApplication on Arjun-PC with PID 10756 (D:\GSS\Dev-WorkSpace\PulseWorkForce\PulseWorkFlow\target\classes started by Arjun in D:\GSS\Dev-WorkSpace\PulseWorkForce\PulseWorkFlow)
2020-10-08 00:00:34,880 INFO org.springframework.boot.SpringApplication [restartedMain] No active profile set, falling back to default profiles: default
2020-10-08 00:00:35,401 INFO org.springframework.data.repository.config.RepositoryConfigurationDelegate [restartedMain] Multiple Spring Data modules found, entering strict repository configuration mode!
2020-10-08 00:00:35,401 INFO org.springframework.data.repository.config.RepositoryConfigurationDelegate [restartedMain] Bootstrapping Spring Data JDBC repositories in DEFAULT mode.
2020-10-08 00:00:35,421 INFO org.springframework.data.repository.config.RepositoryConfigurationExtensionSupport [restartedMain] Spring Data JDBC - Could not safely identify store assignment for repository candidate interface com.gss.pulseworkflow.dao.UserRepository. If you want this repository to be a JDBC repository, consider annotating your entities with one of these annotations: org.springframework.data.relational.core.mapping.Table.
2020-10-08 00:00:35,421 INFO org.springframework.data.repository.config.RepositoryConfigurationDelegate [restartedMain] Finished Spring Data repository scanning in 19ms. Found 0 JDBC repository interfaces.
2020-10-08 00:00:35,432 INFO org.springframework.data.repository.config.RepositoryConfigurationDelegate [restartedMain] Multiple Spring Data modules found, entering strict repository configuration mode!
2020-10-08 00:00:35,433 INFO org.springframework.data.repository.config.RepositoryConfigurationDelegate [restartedMain] Bootstrapping Spring Data JPA repositories in DEFERRED mode.
2020-10-08 00:00:35,454 INFO org.springframework.data.repository.config.RepositoryConfigurationDelegate [restartedMain] Finished Spring Data repository scanning in 21ms. Found 1 JPA repository interfaces.
2020-10-08 00:00:35,750 INFO org.springframework.boot.web.embedded.tomcat.TomcatWebServer [restartedMain] Tomcat initialized with port(s): 2027 (http)
2020-10-08 00:00:35,752 INFO org.apache.juli.logging.DirectJDKLog [restartedMain] Initializing ProtocolHandler ["http-nio-2027"]
2020-10-08 00:00:35,752 INFO org.apache.juli.logging.DirectJDKLog [restartedMain] Starting service [Tomcat]
2020-10-08 00:00:35,753 INFO org.apache.juli.logging.DirectJDKLog [restartedMain] Starting Servlet engine: [Apache Tomcat/9.0.37]
2020-10-08 00:00:35,775 INFO org.apache.juli.logging.DirectJDKLog [restartedMain] Initializing Spring embedded WebApplicationContext
2020-10-08 00:00:35,776 INFO org.springframework.boot.web.servlet.context.ServletWebServerApplicationContext [restartedMain] Root WebApplicationContext: initialization completed in 892 ms
2020-10-08 00:00:35,994 INFO org.springframework.scheduling.concurrent.ExecutorConfigurationSupport [restartedMain] Initializing ExecutorService 'applicationTaskExecutor'
2020-10-08 00:00:36,008 INFO org.hibernate.jpa.internal.util.LogHelper [task-1] HHH000204: Processing PersistenceUnitInfo [name: default]
2020-10-08 00:00:36,021 INFO com.zaxxer.hikari.HikariDataSource [task-1] HikariPool-16 - Starting...
2020-10-08 00:00:36,150 WARN org.springframework.boot.autoconfigure.orm.jpa.JpaBaseConfiguration$JpaWebConfiguration [restartedMain] spring.jpa.open-in-view is enabled by default. Therefore, database queries may be performed during view rendering. Explicitly configure spring.jpa.open-in-view to disable this warning
2020-10-08 00:00:38,704 INFO com.zaxxer.hikari.HikariDataSource [task-1] HikariPool-16 - Start completed.
2020-10-08 00:00:38,705 INFO org.hibernate.dialect.Dialect [task-1] HHH000400: Using dialect: org.hibernate.dialect.MySQL5InnoDBDialect
2020-10-08 00:00:42,953 INFO org.hibernate.engine.transaction.jta.platform.internal.JtaPlatformInitiator [task-1] HHH000490: Using JtaPlatform implementation: [org.hibernate.engine.transaction.jta.platform.internal.NoJtaPlatform]
2020-10-08 00:00:42,954 INFO org.springframework.orm.jpa.AbstractEntityManagerFactoryBean [task-1] Initialized JPA EntityManagerFactory for persistence unit 'default'
2020-10-08 00:00:42,965 INFO org.springframework.boot.devtools.autoconfigure.OptionalLiveReloadServer [task-2] LiveReload server is running on port 35729
2020-10-08 00:00:43,449 INFO org.springframework.boot.actuate.endpoint.web.EndpointLinksResolver [restartedMain] Exposing 2 endpoint(s) beneath base path '/actuator'
2020-10-08 00:00:43,492 INFO org.apache.juli.logging.DirectJDKLog [restartedMain] Starting ProtocolHandler ["http-nio-2027"]
2020-10-08 00:00:43,499 INFO org.springframework.boot.web.embedded.tomcat.TomcatWebServer [restartedMain] Tomcat started on port(s): 2027 (http) with context path ''
2020-10-08 00:00:43,500 INFO org.springframework.data.repository.config.DeferredRepositoryInitializationListener [restartedMain] Triggering deferred initialization of Spring Data repositories…
2020-10-08 00:00:43,592 INFO org.springframework.data.repository.config.DeferredRepositoryInitializationListener [restartedMain] Spring Data repositories initialized!
2020-10-08 00:00:43,616 INFO org.springframework.boot.StartupInfoLogger [restartedMain] Started PulseWorkFlowApplication in 8.784 seconds (JVM running for 2134.575)
2020-10-08 00:00:43,620 INFO org.springframework.boot.devtools.autoconfigure.ConditionEvaluationDeltaLoggingListener [restartedMain] Condition evaluation unchanged
2020-10-08 00:01:04,716 INFO org.apache.juli.logging.DirectJDKLog [http-nio-2027-exec-1] Initializing Spring DispatcherServlet 'dispatcherServlet'
2020-10-08 00:01:04,717 INFO org.springframework.web.servlet.FrameworkServlet [http-nio-2027-exec-1] Initializing Servlet 'dispatcherServlet'
2020-10-08 00:01:04,723 INFO org.springframework.web.servlet.FrameworkServlet [http-nio-2027-exec-1] Completed initialization in 6 ms
2020-10-08 00:08:31,201 INFO org.springframework.orm.jpa.AbstractEntityManagerFactoryBean [Thread-79] Closing JPA EntityManagerFactory for persistence unit 'default'
2020-10-08 00:08:31,203 INFO org.springframework.scheduling.concurrent.ExecutorConfigurationSupport [Thread-79] Shutting down ExecutorService 'applicationTaskExecutor'
2020-10-08 00:08:31,205 INFO com.zaxxer.hikari.HikariDataSource [Thread-79] HikariPool-16 - Shutdown initiated...
2020-10-08 00:08:31,217 INFO com.zaxxer.hikari.HikariDataSource [Thread-79] HikariPool-16 - Shutdown completed.
2020-10-08 00:08:32,010 INFO org.springframework.boot.StartupInfoLogger [restartedMain] Starting PulseWorkFlowApplication on Arjun-PC with PID 10756 (D:\GSS\Dev-WorkSpace\PulseWorkForce\PulseWorkFlow\target\classes started by Arjun in D:\GSS\Dev-WorkSpace\PulseWorkForce\PulseWorkFlow)
2020-10-08 00:08:32,011 INFO org.springframework.boot.SpringApplication [restartedMain] No active profile set, falling back to default profiles: default
2020-10-08 00:08:32,596 INFO org.springframework.data.repository.config.RepositoryConfigurationDelegate [restartedMain] Multiple Spring Data modules found, entering strict repository configuration mode!
2020-10-08 00:08:32,596 INFO org.springframework.data.repository.config.RepositoryConfigurationDelegate [restartedMain] Bootstrapping Spring Data JDBC repositories in DEFAULT mode.
2020-10-08 00:08:32,613 INFO org.springframework.data.repository.config.RepositoryConfigurationExtensionSupport [restartedMain] Spring Data JDBC - Could not safely identify store assignment for repository candidate interface com.gss.pulseworkflow.dao.UserRepository. If you want this repository to be a JDBC repository, consider annotating your entities with one of these annotations: org.springframework.data.relational.core.mapping.Table.
2020-10-08 00:08:32,614 INFO org.springframework.data.repository.config.RepositoryConfigurationDelegate [restartedMain] Finished Spring Data repository scanning in 16ms. Found 0 JDBC repository interfaces.
2020-10-08 00:08:32,622 INFO org.springframework.data.repository.config.RepositoryConfigurationDelegate [restartedMain] Multiple Spring Data modules found, entering strict repository configuration mode!
2020-10-08 00:08:32,623 INFO org.springframework.data.repository.config.RepositoryConfigurationDelegate [restartedMain] Bootstrapping Spring Data JPA repositories in DEFERRED mode.
2020-10-08 00:08:32,642 INFO org.springframework.data.repository.config.RepositoryConfigurationDelegate [restartedMain] Finished Spring Data repository scanning in 18ms. Found 1 JPA repository interfaces.
2020-10-08 00:08:32,897 INFO org.springframework.boot.web.embedded.tomcat.TomcatWebServer [restartedMain] Tomcat initialized with port(s): 2027 (http)
2020-10-08 00:08:32,898 INFO org.apache.juli.logging.DirectJDKLog [restartedMain] Initializing ProtocolHandler ["http-nio-2027"]
2020-10-08 00:08:32,899 INFO org.apache.juli.logging.DirectJDKLog [restartedMain] Starting service [Tomcat]
2020-10-08 00:08:32,899 INFO org.apache.juli.logging.DirectJDKLog [restartedMain] Starting Servlet engine: [Apache Tomcat/9.0.37]
2020-10-08 00:08:32,919 INFO org.apache.juli.logging.DirectJDKLog [restartedMain] Initializing Spring embedded WebApplicationContext
2020-10-08 00:08:32,919 INFO org.springframework.boot.web.servlet.context.ServletWebServerApplicationContext [restartedMain] Root WebApplicationContext: initialization completed in 904 ms
2020-10-08 00:08:33,118 INFO org.springframework.scheduling.concurrent.ExecutorConfigurationSupport [restartedMain] Initializing ExecutorService 'applicationTaskExecutor'
2020-10-08 00:08:33,134 INFO org.hibernate.jpa.internal.util.LogHelper [task-1] HHH000204: Processing PersistenceUnitInfo [name: default]
2020-10-08 00:08:33,150 INFO com.zaxxer.hikari.HikariDataSource [task-1] HikariPool-17 - Starting...
2020-10-08 00:08:33,277 WARN org.springframework.boot.autoconfigure.orm.jpa.JpaBaseConfiguration$JpaWebConfiguration [restartedMain] spring.jpa.open-in-view is enabled by default. Therefore, database queries may be performed during view rendering. Explicitly configure spring.jpa.open-in-view to disable this warning
2020-10-08 00:08:35,874 INFO com.zaxxer.hikari.HikariDataSource [task-1] HikariPool-17 - Start completed.
2020-10-08 00:08:35,875 INFO org.hibernate.dialect.Dialect [task-1] HHH000400: Using dialect: org.hibernate.dialect.MySQL5InnoDBDialect
2020-10-08 00:08:40,283 INFO org.hibernate.engine.transaction.jta.platform.internal.JtaPlatformInitiator [task-1] HHH000490: Using JtaPlatform implementation: [org.hibernate.engine.transaction.jta.platform.internal.NoJtaPlatform]
2020-10-08 00:08:40,284 INFO org.springframework.orm.jpa.AbstractEntityManagerFactoryBean [task-1] Initialized JPA EntityManagerFactory for persistence unit 'default'
2020-10-08 00:08:40,298 INFO org.springframework.boot.devtools.autoconfigure.OptionalLiveReloadServer [task-2] LiveReload server is running on port 35729
2020-10-08 00:08:40,631 INFO org.springframework.boot.actuate.endpoint.web.EndpointLinksResolver [restartedMain] Exposing 2 endpoint(s) beneath base path '/actuator'
2020-10-08 00:08:40,675 INFO org.apache.juli.logging.DirectJDKLog [restartedMain] Starting ProtocolHandler ["http-nio-2027"]
2020-10-08 00:08:40,681 INFO org.springframework.boot.web.embedded.tomcat.TomcatWebServer [restartedMain] Tomcat started on port(s): 2027 (http) with context path ''
2020-10-08 00:08:40,683 INFO org.springframework.data.repository.config.DeferredRepositoryInitializationListener [restartedMain] Triggering deferred initialization of Spring Data repositories…
2020-10-08 00:08:40,813 INFO org.springframework.data.repository.config.DeferredRepositoryInitializationListener [restartedMain] Spring Data repositories initialized!
2020-10-08 00:08:40,838 INFO org.springframework.boot.StartupInfoLogger [restartedMain] Started PulseWorkFlowApplication in 8.874 seconds (JVM running for 2611.784)
2020-10-08 00:08:40,845 INFO org.springframework.boot.devtools.autoconfigure.ConditionEvaluationDeltaLoggingListener [restartedMain] Condition evaluation unchanged
2020-10-08 00:08:50,138 INFO org.apache.juli.logging.DirectJDKLog [http-nio-2027-exec-1] Initializing Spring DispatcherServlet 'dispatcherServlet'
2020-10-08 00:08:50,139 INFO org.springframework.web.servlet.FrameworkServlet [http-nio-2027-exec-1] Initializing Servlet 'dispatcherServlet'
2020-10-08 00:08:50,145 INFO org.springframework.web.servlet.FrameworkServlet [http-nio-2027-exec-1] Completed initialization in 6 ms
2020-10-08 00:09:36,021 INFO org.springframework.orm.jpa.AbstractEntityManagerFactoryBean [Thread-84] Closing JPA EntityManagerFactory for persistence unit 'default'
2020-10-08 00:09:36,023 INFO org.springframework.scheduling.concurrent.ExecutorConfigurationSupport [Thread-84] Shutting down ExecutorService 'applicationTaskExecutor'
2020-10-08 00:09:36,025 INFO com.zaxxer.hikari.HikariDataSource [Thread-84] HikariPool-17 - Shutdown initiated...
2020-10-08 00:09:36,034 INFO com.zaxxer.hikari.HikariDataSource [Thread-84] HikariPool-17 - Shutdown completed.
2020-10-08 00:09:36,765 INFO org.springframework.boot.StartupInfoLogger [restartedMain] Starting PulseWorkFlowApplication on Arjun-PC with PID 10756 (D:\GSS\Dev-WorkSpace\PulseWorkForce\PulseWorkFlow\target\classes started by Arjun in D:\GSS\Dev-WorkSpace\PulseWorkForce\PulseWorkFlow)
2020-10-08 00:09:36,766 INFO org.springframework.boot.SpringApplication [restartedMain] No active profile set, falling back to default profiles: default
2020-10-08 00:09:37,345 INFO org.springframework.data.repository.config.RepositoryConfigurationDelegate [restartedMain] Multiple Spring Data modules found, entering strict repository configuration mode!
2020-10-08 00:09:37,346 INFO org.springframework.data.repository.config.RepositoryConfigurationDelegate [restartedMain] Bootstrapping Spring Data JDBC repositories in DEFAULT mode.
2020-10-08 00:09:37,362 INFO org.springframework.data.repository.config.RepositoryConfigurationExtensionSupport [restartedMain] Spring Data JDBC - Could not safely identify store assignment for repository candidate interface com.gss.pulseworkflow.dao.UserRepository. If you want this repository to be a JDBC repository, consider annotating your entities with one of these annotations: org.springframework.data.relational.core.mapping.Table.
2020-10-08 00:09:37,362 INFO org.springframework.data.repository.config.RepositoryConfigurationDelegate [restartedMain] Finished Spring Data repository scanning in 16ms. Found 0 JDBC repository interfaces.
2020-10-08 00:09:37,370 INFO org.springframework.data.repository.config.RepositoryConfigurationDelegate [restartedMain] Multiple Spring Data modules found, entering strict repository configuration mode!
2020-10-08 00:09:37,370 INFO org.springframework.data.repository.config.RepositoryConfigurationDelegate [restartedMain] Bootstrapping Spring Data JPA repositories in DEFERRED mode.
2020-10-08 00:09:37,388 INFO org.springframework.data.repository.config.RepositoryConfigurationDelegate [restartedMain] Finished Spring Data repository scanning in 17ms. Found 1 JPA repository interfaces.
2020-10-08 00:09:37,638 INFO org.springframework.boot.web.embedded.tomcat.TomcatWebServer [restartedMain] Tomcat initialized with port(s): 2027 (http)
2020-10-08 00:09:37,640 INFO org.apache.juli.logging.DirectJDKLog [restartedMain] Initializing ProtocolHandler ["http-nio-2027"]
2020-10-08 00:09:37,640 INFO org.apache.juli.logging.DirectJDKLog [restartedMain] Starting service [Tomcat]
2020-10-08 00:09:37,641 INFO org.apache.juli.logging.DirectJDKLog [restartedMain] Starting Servlet engine: [Apache Tomcat/9.0.37]
2020-10-08 00:09:37,665 INFO org.apache.juli.logging.DirectJDKLog [restartedMain] Initializing Spring embedded WebApplicationContext
2020-10-08 00:09:37,665 INFO org.springframework.boot.web.servlet.context.ServletWebServerApplicationContext [restartedMain] Root WebApplicationContext: initialization completed in 894 ms
2020-10-08 00:09:37,839 INFO org.springframework.scheduling.concurrent.ExecutorConfigurationSupport [restartedMain] Initializing ExecutorService 'applicationTaskExecutor'
2020-10-08 00:09:37,943 INFO org.hibernate.jpa.internal.util.LogHelper [task-1] HHH000204: Processing PersistenceUnitInfo [name: default]
2020-10-08 00:09:37,957 INFO com.zaxxer.hikari.HikariDataSource [task-1] HikariPool-18 - Starting...
2020-10-08 00:09:37,961 WARN org.springframework.boot.autoconfigure.orm.jpa.JpaBaseConfiguration$JpaWebConfiguration [restartedMain] spring.jpa.open-in-view is enabled by default. Therefore, database queries may be performed during view rendering. Explicitly configure spring.jpa.open-in-view to disable this warning
2020-10-08 00:09:40,838 INFO com.zaxxer.hikari.HikariDataSource [task-1] HikariPool-18 - Start completed.
2020-10-08 00:09:40,839 INFO org.hibernate.dialect.Dialect [task-1] HHH000400: Using dialect: org.hibernate.dialect.MySQL5InnoDBDialect
2020-10-08 00:09:45,340 INFO org.hibernate.engine.transaction.jta.platform.internal.JtaPlatformInitiator [task-1] HHH000490: Using JtaPlatform implementation: [org.hibernate.engine.transaction.jta.platform.internal.NoJtaPlatform]
2020-10-08 00:09:45,341 INFO org.springframework.orm.jpa.AbstractEntityManagerFactoryBean [task-1] Initialized JPA EntityManagerFactory for persistence unit 'default'
2020-10-08 00:09:45,352 INFO org.springframework.boot.devtools.autoconfigure.OptionalLiveReloadServer [task-2] LiveReload server is running on port 35729
2020-10-08 00:09:45,678 INFO org.springframework.boot.actuate.endpoint.web.EndpointLinksResolver [restartedMain] Exposing 2 endpoint(s) beneath base path '/actuator'
2020-10-08 00:09:45,719 INFO org.apache.juli.logging.DirectJDKLog [restartedMain] Starting ProtocolHandler ["http-nio-2027"]
2020-10-08 00:09:45,724 INFO org.springframework.boot.web.embedded.tomcat.TomcatWebServer [restartedMain] Tomcat started on port(s): 2027 (http) with context path ''
2020-10-08 00:09:45,726 INFO org.springframework.data.repository.config.DeferredRepositoryInitializationListener [restartedMain] Triggering deferred initialization of Spring Data repositories…
2020-10-08 00:09:45,805 INFO org.springframework.data.repository.config.DeferredRepositoryInitializationListener [restartedMain] Spring Data repositories initialized!
2020-10-08 00:09:45,824 INFO org.springframework.boot.StartupInfoLogger [restartedMain] Started PulseWorkFlowApplication in 9.118 seconds (JVM running for 2676.77)
2020-10-08 00:09:45,829 INFO org.springframework.boot.devtools.autoconfigure.ConditionEvaluationDeltaLoggingListener [restartedMain] Condition evaluation unchanged
2020-10-08 00:09:49,733 INFO org.apache.juli.logging.DirectJDKLog [http-nio-2027-exec-1] Initializing Spring DispatcherServlet 'dispatcherServlet'
2020-10-08 00:09:49,734 INFO org.springframework.web.servlet.FrameworkServlet [http-nio-2027-exec-1] Initializing Servlet 'dispatcherServlet'
2020-10-08 00:09:49,738 INFO org.springframework.web.servlet.FrameworkServlet [http-nio-2027-exec-1] Completed initialization in 4 ms
2020-10-08 00:09:49,796 WARN org.springframework.web.servlet.handler.AbstractHandlerExceptionResolver [http-nio-2027-exec-1] Resolved [org.springframework.http.converter.HttpMessageConversionException: Type definition error: [simple type, class com.gss.pulseworkflow.model.Users]; nested exception is com.fasterxml.jackson.databind.exc.InvalidDefinitionException: Cannot construct instance of `com.gss.pulseworkflow.model.Users` (no Creators, like default constructor, exist): cannot deserialize from Object value (no delegate- or property-based Creator)
 at [Source: (PushbackInputStream); line: 2, column: 3]]
2020-10-08 00:10:21,909 INFO org.springframework.orm.jpa.AbstractEntityManagerFactoryBean [Thread-89] Closing JPA EntityManagerFactory for persistence unit 'default'
2020-10-08 00:10:21,910 INFO org.springframework.scheduling.concurrent.ExecutorConfigurationSupport [Thread-89] Shutting down ExecutorService 'applicationTaskExecutor'
2020-10-08 00:10:21,911 INFO com.zaxxer.hikari.HikariDataSource [Thread-89] HikariPool-18 - Shutdown initiated...
2020-10-08 00:10:21,924 INFO com.zaxxer.hikari.HikariDataSource [Thread-89] HikariPool-18 - Shutdown completed.
2020-10-08 00:10:22,658 INFO org.springframework.boot.StartupInfoLogger [restartedMain] Starting PulseWorkFlowApplication on Arjun-PC with PID 10756 (D:\GSS\Dev-WorkSpace\PulseWorkForce\PulseWorkFlow\target\classes started by Arjun in D:\GSS\Dev-WorkSpace\PulseWorkForce\PulseWorkFlow)
2020-10-08 00:10:22,659 INFO org.springframework.boot.SpringApplication [restartedMain] No active profile set, falling back to default profiles: default
2020-10-08 00:10:23,220 INFO org.springframework.data.repository.config.RepositoryConfigurationDelegate [restartedMain] Multiple Spring Data modules found, entering strict repository configuration mode!
2020-10-08 00:10:23,220 INFO org.springframework.data.repository.config.RepositoryConfigurationDelegate [restartedMain] Bootstrapping Spring Data JDBC repositories in DEFAULT mode.
2020-10-08 00:10:23,237 INFO org.springframework.data.repository.config.RepositoryConfigurationExtensionSupport [restartedMain] Spring Data JDBC - Could not safely identify store assignment for repository candidate interface com.gss.pulseworkflow.dao.UserRepository. If you want this repository to be a JDBC repository, consider annotating your entities with one of these annotations: org.springframework.data.relational.core.mapping.Table.
2020-10-08 00:10:23,238 INFO org.springframework.data.repository.config.RepositoryConfigurationDelegate [restartedMain] Finished Spring Data repository scanning in 17ms. Found 0 JDBC repository interfaces.
2020-10-08 00:10:23,246 INFO org.springframework.data.repository.config.RepositoryConfigurationDelegate [restartedMain] Multiple Spring Data modules found, entering strict repository configuration mode!
2020-10-08 00:10:23,247 INFO org.springframework.data.repository.config.RepositoryConfigurationDelegate [restartedMain] Bootstrapping Spring Data JPA repositories in DEFERRED mode.
2020-10-08 00:10:23,269 INFO org.springframework.data.repository.config.RepositoryConfigurationDelegate [restartedMain] Finished Spring Data repository scanning in 21ms. Found 1 JPA repository interfaces.
2020-10-08 00:10:23,539 INFO org.springframework.boot.web.embedded.tomcat.TomcatWebServer [restartedMain] Tomcat initialized with port(s): 2027 (http)
2020-10-08 00:10:23,540 INFO org.apache.juli.logging.DirectJDKLog [restartedMain] Initializing ProtocolHandler ["http-nio-2027"]
2020-10-08 00:10:23,541 INFO org.apache.juli.logging.DirectJDKLog [restartedMain] Starting service [Tomcat]
2020-10-08 00:10:23,542 INFO org.apache.juli.logging.DirectJDKLog [restartedMain] Starting Servlet engine: [Apache Tomcat/9.0.37]
2020-10-08 00:10:23,634 INFO org.apache.juli.logging.DirectJDKLog [restartedMain] Initializing Spring embedded WebApplicationContext
2020-10-08 00:10:23,634 INFO org.springframework.boot.web.servlet.context.ServletWebServerApplicationContext [restartedMain] Root WebApplicationContext: initialization completed in 972 ms
2020-10-08 00:10:23,822 INFO org.springframework.scheduling.concurrent.ExecutorConfigurationSupport [restartedMain] Initializing ExecutorService 'applicationTaskExecutor'
2020-10-08 00:10:23,835 INFO org.hibernate.jpa.internal.util.LogHelper [task-1] HHH000204: Processing PersistenceUnitInfo [name: default]
2020-10-08 00:10:23,844 INFO com.zaxxer.hikari.HikariDataSource [task-1] HikariPool-19 - Starting...
2020-10-08 00:10:23,961 WARN org.springframework.boot.autoconfigure.orm.jpa.JpaBaseConfiguration$JpaWebConfiguration [restartedMain] spring.jpa.open-in-view is enabled by default. Therefore, database queries may be performed during view rendering. Explicitly configure spring.jpa.open-in-view to disable this warning
2020-10-08 00:10:26,419 INFO com.zaxxer.hikari.HikariDataSource [task-1] HikariPool-19 - Start completed.
2020-10-08 00:10:26,421 INFO org.hibernate.dialect.Dialect [task-1] HHH000400: Using dialect: org.hibernate.dialect.MySQL5InnoDBDialect
2020-10-08 00:10:30,468 INFO org.hibernate.engine.transaction.jta.platform.internal.JtaPlatformInitiator [task-1] HHH000490: Using JtaPlatform implementation: [org.hibernate.engine.transaction.jta.platform.internal.NoJtaPlatform]
2020-10-08 00:10:30,469 INFO org.springframework.orm.jpa.AbstractEntityManagerFactoryBean [task-1] Initialized JPA EntityManagerFactory for persistence unit 'default'
2020-10-08 00:10:30,479 INFO org.springframework.boot.devtools.autoconfigure.OptionalLiveReloadServer [task-2] LiveReload server is running on port 35729
2020-10-08 00:10:30,775 INFO org.springframework.boot.actuate.endpoint.web.EndpointLinksResolver [restartedMain] Exposing 2 endpoint(s) beneath base path '/actuator'
2020-10-08 00:10:30,820 INFO org.apache.juli.logging.DirectJDKLog [restartedMain] Starting ProtocolHandler ["http-nio-2027"]
2020-10-08 00:10:30,825 INFO org.springframework.boot.web.embedded.tomcat.TomcatWebServer [restartedMain] Tomcat started on port(s): 2027 (http) with context path ''
2020-10-08 00:10:30,826 INFO org.springframework.data.repository.config.DeferredRepositoryInitializationListener [restartedMain] Triggering deferred initialization of Spring Data repositories…
2020-10-08 00:10:30,904 INFO org.springframework.data.repository.config.DeferredRepositoryInitializationListener [restartedMain] Spring Data repositories initialized!
2020-10-08 00:10:30,927 INFO org.springframework.boot.StartupInfoLogger [restartedMain] Started PulseWorkFlowApplication in 8.312 seconds (JVM running for 2721.871)
2020-10-08 00:10:30,932 INFO org.springframework.boot.devtools.autoconfigure.ConditionEvaluationDeltaLoggingListener [restartedMain] Condition evaluation unchanged
2020-10-08 00:10:34,556 INFO org.apache.juli.logging.DirectJDKLog [http-nio-2027-exec-1] Initializing Spring DispatcherServlet 'dispatcherServlet'
2020-10-08 00:10:34,557 INFO org.springframework.web.servlet.FrameworkServlet [http-nio-2027-exec-1] Initializing Servlet 'dispatcherServlet'
2020-10-08 00:10:34,563 INFO org.springframework.web.servlet.FrameworkServlet [http-nio-2027-exec-1] Completed initialization in 6 ms
2020-10-08 00:12:07,638 INFO org.springframework.orm.jpa.AbstractEntityManagerFactoryBean [Thread-94] Closing JPA EntityManagerFactory for persistence unit 'default'
2020-10-08 00:12:07,639 INFO org.springframework.scheduling.concurrent.ExecutorConfigurationSupport [Thread-94] Shutting down ExecutorService 'applicationTaskExecutor'
2020-10-08 00:12:07,640 INFO com.zaxxer.hikari.HikariDataSource [Thread-94] HikariPool-19 - Shutdown initiated...
2020-10-08 00:12:07,648 INFO com.zaxxer.hikari.HikariDataSource [Thread-94] HikariPool-19 - Shutdown completed.
2020-10-08 00:12:08,877 INFO org.springframework.boot.StartupInfoLogger [restartedMain] Starting PulseWorkFlowApplication on Arjun-PC with PID 10756 (D:\GSS\Dev-WorkSpace\PulseWorkForce\PulseWorkFlow\target\classes started by Arjun in D:\GSS\Dev-WorkSpace\PulseWorkForce\PulseWorkFlow)
2020-10-08 00:12:08,878 INFO org.springframework.boot.SpringApplication [restartedMain] No active profile set, falling back to default profiles: default
2020-10-08 00:12:09,351 INFO org.springframework.data.repository.config.RepositoryConfigurationDelegate [restartedMain] Multiple Spring Data modules found, entering strict repository configuration mode!
2020-10-08 00:12:09,352 INFO org.springframework.data.repository.config.RepositoryConfigurationDelegate [restartedMain] Bootstrapping Spring Data JDBC repositories in DEFAULT mode.
2020-10-08 00:12:09,364 INFO org.springframework.data.repository.config.RepositoryConfigurationExtensionSupport [restartedMain] Spring Data JDBC - Could not safely identify store assignment for repository candidate interface com.gss.pulseworkflow.dao.UserRepository. If you want this repository to be a JDBC repository, consider annotating your entities with one of these annotations: org.springframework.data.relational.core.mapping.Table.
2020-10-08 00:12:09,364 INFO org.springframework.data.repository.config.RepositoryConfigurationDelegate [restartedMain] Finished Spring Data repository scanning in 12ms. Found 0 JDBC repository interfaces.
2020-10-08 00:12:09,370 INFO org.springframework.data.repository.config.RepositoryConfigurationDelegate [restartedMain] Multiple Spring Data modules found, entering strict repository configuration mode!
2020-10-08 00:12:09,371 INFO org.springframework.data.repository.config.RepositoryConfigurationDelegate [restartedMain] Bootstrapping Spring Data JPA repositories in DEFERRED mode.
2020-10-08 00:12:09,385 INFO org.springframework.data.repository.config.RepositoryConfigurationDelegate [restartedMain] Finished Spring Data repository scanning in 13ms. Found 1 JPA repository interfaces.
2020-10-08 00:12:09,661 INFO org.springframework.boot.web.embedded.tomcat.TomcatWebServer [restartedMain] Tomcat initialized with port(s): 2027 (http)
2020-10-08 00:12:09,663 INFO org.apache.juli.logging.DirectJDKLog [restartedMain] Initializing ProtocolHandler ["http-nio-2027"]
2020-10-08 00:12:09,663 INFO org.apache.juli.logging.DirectJDKLog [restartedMain] Starting service [Tomcat]
2020-10-08 00:12:09,664 INFO org.apache.juli.logging.DirectJDKLog [restartedMain] Starting Servlet engine: [Apache Tomcat/9.0.37]
2020-10-08 00:12:09,701 INFO org.apache.juli.logging.DirectJDKLog [restartedMain] Initializing Spring embedded WebApplicationContext
2020-10-08 00:12:09,702 INFO org.springframework.boot.web.servlet.context.ServletWebServerApplicationContext [restartedMain] Root WebApplicationContext: initialization completed in 809 ms
2020-10-08 00:12:09,927 INFO org.springframework.scheduling.concurrent.ExecutorConfigurationSupport [restartedMain] Initializing ExecutorService 'applicationTaskExecutor'
2020-10-08 00:12:09,945 INFO org.hibernate.jpa.internal.util.LogHelper [task-1] HHH000204: Processing PersistenceUnitInfo [name: default]
2020-10-08 00:12:09,997 INFO com.zaxxer.hikari.HikariDataSource [task-1] HikariPool-20 - Starting...
2020-10-08 00:12:10,092 WARN org.springframework.boot.autoconfigure.orm.jpa.JpaBaseConfiguration$JpaWebConfiguration [restartedMain] spring.jpa.open-in-view is enabled by default. Therefore, database queries may be performed during view rendering. Explicitly configure spring.jpa.open-in-view to disable this warning
2020-10-08 00:12:12,611 INFO com.zaxxer.hikari.HikariDataSource [task-1] HikariPool-20 - Start completed.
2020-10-08 00:12:12,612 INFO org.hibernate.dialect.Dialect [task-1] HHH000400: Using dialect: org.hibernate.dialect.MySQL5InnoDBDialect
2020-10-08 00:12:16,613 INFO org.hibernate.engine.transaction.jta.platform.internal.JtaPlatformInitiator [task-1] HHH000490: Using JtaPlatform implementation: [org.hibernate.engine.transaction.jta.platform.internal.NoJtaPlatform]
2020-10-08 00:12:16,614 INFO org.springframework.orm.jpa.AbstractEntityManagerFactoryBean [task-1] Initialized JPA EntityManagerFactory for persistence unit 'default'
2020-10-08 00:12:16,623 INFO org.springframework.boot.devtools.autoconfigure.OptionalLiveReloadServer [task-2] LiveReload server is running on port 35729
2020-10-08 00:12:16,921 INFO org.springframework.boot.actuate.endpoint.web.EndpointLinksResolver [restartedMain] Exposing 2 endpoint(s) beneath base path '/actuator'
2020-10-08 00:12:16,962 INFO org.apache.juli.logging.DirectJDKLog [restartedMain] Starting ProtocolHandler ["http-nio-2027"]
2020-10-08 00:12:16,966 INFO org.springframework.boot.web.embedded.tomcat.TomcatWebServer [restartedMain] Tomcat started on port(s): 2027 (http) with context path ''
2020-10-08 00:12:16,968 INFO org.springframework.data.repository.config.DeferredRepositoryInitializationListener [restartedMain] Triggering deferred initialization of Spring Data repositories…
2020-10-08 00:12:17,046 INFO org.springframework.data.repository.config.DeferredRepositoryInitializationListener [restartedMain] Spring Data repositories initialized!
2020-10-08 00:12:17,068 INFO org.springframework.boot.StartupInfoLogger [restartedMain] Started PulseWorkFlowApplication in 8.32 seconds (JVM running for 2828.009)
2020-10-08 00:12:17,073 INFO org.springframework.boot.devtools.autoconfigure.ConditionEvaluationDeltaLoggingListener [restartedMain] Condition evaluation unchanged
2020-10-08 00:12:20,527 INFO org.apache.juli.logging.DirectJDKLog [http-nio-2027-exec-2] Initializing Spring DispatcherServlet 'dispatcherServlet'
2020-10-08 00:12:20,528 INFO org.springframework.web.servlet.FrameworkServlet [http-nio-2027-exec-2] Initializing Servlet 'dispatcherServlet'
2020-10-08 00:12:20,532 INFO org.springframework.web.servlet.FrameworkServlet [http-nio-2027-exec-2] Completed initialization in 4 ms
2020-10-08 00:12:20,553 WARN org.springframework.web.servlet.handler.AbstractHandlerExceptionResolver [http-nio-2027-exec-2] Resolved [org.springframework.http.converter.HttpMessageNotReadableException: JSON parse error: Cannot deserialize instance of `java.util.ArrayList<com.gss.pulseworkflow.model.Employee>` out of START_OBJECT token; nested exception is com.fasterxml.jackson.databind.exc.MismatchedInputException: Cannot deserialize instance of `java.util.ArrayList<com.gss.pulseworkflow.model.Employee>` out of START_OBJECT token
 at [Source: (PushbackInputStream); line: 1, column: 1]]
2020-10-08 00:12:49,117 INFO org.springframework.orm.jpa.AbstractEntityManagerFactoryBean [Thread-99] Closing JPA EntityManagerFactory for persistence unit 'default'
2020-10-08 00:12:49,118 INFO org.springframework.scheduling.concurrent.ExecutorConfigurationSupport [Thread-99] Shutting down ExecutorService 'applicationTaskExecutor'
2020-10-08 00:12:49,119 INFO com.zaxxer.hikari.HikariDataSource [Thread-99] HikariPool-20 - Shutdown initiated...
2020-10-08 00:12:49,133 INFO com.zaxxer.hikari.HikariDataSource [Thread-99] HikariPool-20 - Shutdown completed.
2020-10-08 00:12:49,671 INFO org.springframework.boot.StartupInfoLogger [restartedMain] Starting PulseWorkFlowApplication on Arjun-PC with PID 10756 (D:\GSS\Dev-WorkSpace\PulseWorkForce\PulseWorkFlow\target\classes started by Arjun in D:\GSS\Dev-WorkSpace\PulseWorkForce\PulseWorkFlow)
2020-10-08 00:12:49,672 INFO org.springframework.boot.SpringApplication [restartedMain] No active profile set, falling back to default profiles: default
2020-10-08 00:12:50,274 INFO org.springframework.data.repository.config.RepositoryConfigurationDelegate [restartedMain] Multiple Spring Data modules found, entering strict repository configuration mode!
2020-10-08 00:12:50,274 INFO org.springframework.data.repository.config.RepositoryConfigurationDelegate [restartedMain] Bootstrapping Spring Data JDBC repositories in DEFAULT mode.
2020-10-08 00:12:50,291 INFO org.springframework.data.repository.config.RepositoryConfigurationExtensionSupport [restartedMain] Spring Data JDBC - Could not safely identify store assignment for repository candidate interface com.gss.pulseworkflow.dao.UserRepository. If you want this repository to be a JDBC repository, consider annotating your entities with one of these annotations: org.springframework.data.relational.core.mapping.Table.
2020-10-08 00:12:50,291 INFO org.springframework.data.repository.config.RepositoryConfigurationDelegate [restartedMain] Finished Spring Data repository scanning in 16ms. Found 0 JDBC repository interfaces.
2020-10-08 00:12:50,299 INFO org.springframework.data.repository.config.RepositoryConfigurationDelegate [restartedMain] Multiple Spring Data modules found, entering strict repository configuration mode!
2020-10-08 00:12:50,300 INFO org.springframework.data.repository.config.RepositoryConfigurationDelegate [restartedMain] Bootstrapping Spring Data JPA repositories in DEFERRED mode.
2020-10-08 00:12:50,318 INFO org.springframework.data.repository.config.RepositoryConfigurationDelegate [restartedMain] Finished Spring Data repository scanning in 18ms. Found 1 JPA repository interfaces.
2020-10-08 00:12:50,575 INFO org.springframework.boot.web.embedded.tomcat.TomcatWebServer [restartedMain] Tomcat initialized with port(s): 2027 (http)
2020-10-08 00:12:50,577 INFO org.apache.juli.logging.DirectJDKLog [restartedMain] Initializing ProtocolHandler ["http-nio-2027"]
2020-10-08 00:12:50,577 INFO org.apache.juli.logging.DirectJDKLog [restartedMain] Starting service [Tomcat]
2020-10-08 00:12:50,578 INFO org.apache.juli.logging.DirectJDKLog [restartedMain] Starting Servlet engine: [Apache Tomcat/9.0.37]
2020-10-08 00:12:50,597 INFO org.apache.juli.logging.DirectJDKLog [restartedMain] Initializing Spring embedded WebApplicationContext
2020-10-08 00:12:50,598 INFO org.springframework.boot.web.servlet.context.ServletWebServerApplicationContext [restartedMain] Root WebApplicationContext: initialization completed in 922 ms
2020-10-08 00:12:50,779 INFO org.springframework.scheduling.concurrent.ExecutorConfigurationSupport [restartedMain] Initializing ExecutorService 'applicationTaskExecutor'
2020-10-08 00:12:50,797 INFO org.hibernate.jpa.internal.util.LogHelper [task-1] HHH000204: Processing PersistenceUnitInfo [name: default]
2020-10-08 00:12:50,809 INFO com.zaxxer.hikari.HikariDataSource [task-1] HikariPool-21 - Starting...
2020-10-08 00:12:50,927 WARN org.springframework.boot.autoconfigure.orm.jpa.JpaBaseConfiguration$JpaWebConfiguration [restartedMain] spring.jpa.open-in-view is enabled by default. Therefore, database queries may be performed during view rendering. Explicitly configure spring.jpa.open-in-view to disable this warning
2020-10-08 00:12:53,499 INFO com.zaxxer.hikari.HikariDataSource [task-1] HikariPool-21 - Start completed.
2020-10-08 00:12:53,500 INFO org.hibernate.dialect.Dialect [task-1] HHH000400: Using dialect: org.hibernate.dialect.MySQL5InnoDBDialect
2020-10-08 00:12:57,773 INFO org.hibernate.engine.transaction.jta.platform.internal.JtaPlatformInitiator [task-1] HHH000490: Using JtaPlatform implementation: [org.hibernate.engine.transaction.jta.platform.internal.NoJtaPlatform]
2020-10-08 00:12:57,774 INFO org.springframework.orm.jpa.AbstractEntityManagerFactoryBean [task-1] Initialized JPA EntityManagerFactory for persistence unit 'default'
2020-10-08 00:12:57,787 INFO org.springframework.boot.devtools.autoconfigure.OptionalLiveReloadServer [task-2] LiveReload server is running on port 35729
2020-10-08 00:12:58,095 INFO org.springframework.boot.actuate.endpoint.web.EndpointLinksResolver [restartedMain] Exposing 2 endpoint(s) beneath base path '/actuator'
2020-10-08 00:12:58,137 INFO org.apache.juli.logging.DirectJDKLog [restartedMain] Starting ProtocolHandler ["http-nio-2027"]
2020-10-08 00:12:58,144 INFO org.springframework.boot.web.embedded.tomcat.TomcatWebServer [restartedMain] Tomcat started on port(s): 2027 (http) with context path ''
2020-10-08 00:12:58,145 INFO org.springframework.data.repository.config.DeferredRepositoryInitializationListener [restartedMain] Triggering deferred initialization of Spring Data repositories…
2020-10-08 00:12:58,224 INFO org.springframework.data.repository.config.DeferredRepositoryInitializationListener [restartedMain] Spring Data repositories initialized!
2020-10-08 00:12:58,245 INFO org.springframework.boot.StartupInfoLogger [restartedMain] Started PulseWorkFlowApplication in 8.625 seconds (JVM running for 2869.186)
2020-10-08 00:12:58,251 INFO org.springframework.boot.devtools.autoconfigure.ConditionEvaluationDeltaLoggingListener [restartedMain] Condition evaluation unchanged
2020-10-08 00:13:02,575 INFO org.apache.juli.logging.DirectJDKLog [http-nio-2027-exec-1] Initializing Spring DispatcherServlet 'dispatcherServlet'
2020-10-08 00:13:02,575 INFO org.springframework.web.servlet.FrameworkServlet [http-nio-2027-exec-1] Initializing Servlet 'dispatcherServlet'
2020-10-08 00:13:02,589 INFO org.springframework.web.servlet.FrameworkServlet [http-nio-2027-exec-1] Completed initialization in 13 ms
2020-10-08 00:13:02,622 WARN org.springframework.web.servlet.handler.AbstractHandlerExceptionResolver [http-nio-2027-exec-1] Resolved [org.springframework.http.converter.HttpMessageNotReadableException: JSON parse error: Cannot deserialize instance of `java.util.ArrayList<com.gss.pulseworkflow.model.Employee>` out of START_OBJECT token; nested exception is com.fasterxml.jackson.databind.exc.MismatchedInputException: Cannot deserialize instance of `java.util.ArrayList<com.gss.pulseworkflow.model.Employee>` out of START_OBJECT token
 at [Source: (PushbackInputStream); line: 1, column: 1]]
2020-10-08 00:13:19,172 INFO org.springframework.orm.jpa.AbstractEntityManagerFactoryBean [Thread-104] Closing JPA EntityManagerFactory for persistence unit 'default'
2020-10-08 00:13:19,173 INFO org.springframework.scheduling.concurrent.ExecutorConfigurationSupport [Thread-104] Shutting down ExecutorService 'applicationTaskExecutor'
2020-10-08 00:13:19,176 INFO com.zaxxer.hikari.HikariDataSource [Thread-104] HikariPool-21 - Shutdown initiated...
2020-10-08 00:13:19,182 INFO com.zaxxer.hikari.HikariDataSource [Thread-104] HikariPool-21 - Shutdown completed.
2020-10-08 00:13:19,896 INFO org.springframework.boot.StartupInfoLogger [restartedMain] Starting PulseWorkFlowApplication on Arjun-PC with PID 10756 (D:\GSS\Dev-WorkSpace\PulseWorkForce\PulseWorkFlow\target\classes started by Arjun in D:\GSS\Dev-WorkSpace\PulseWorkForce\PulseWorkFlow)
2020-10-08 00:13:19,896 INFO org.springframework.boot.SpringApplication [restartedMain] No active profile set, falling back to default profiles: default
2020-10-08 00:13:20,380 INFO org.springframework.data.repository.config.RepositoryConfigurationDelegate [restartedMain] Multiple Spring Data modules found, entering strict repository configuration mode!
2020-10-08 00:13:20,380 INFO org.springframework.data.repository.config.RepositoryConfigurationDelegate [restartedMain] Bootstrapping Spring Data JDBC repositories in DEFAULT mode.
2020-10-08 00:13:20,395 INFO org.springframework.data.repository.config.RepositoryConfigurationExtensionSupport [restartedMain] Spring Data JDBC - Could not safely identify store assignment for repository candidate interface com.gss.pulseworkflow.dao.UserRepository. If you want this repository to be a JDBC repository, consider annotating your entities with one of these annotations: org.springframework.data.relational.core.mapping.Table.
2020-10-08 00:13:20,396 INFO org.springframework.data.repository.config.RepositoryConfigurationDelegate [restartedMain] Finished Spring Data repository scanning in 15ms. Found 0 JDBC repository interfaces.
2020-10-08 00:13:20,408 INFO org.springframework.data.repository.config.RepositoryConfigurationDelegate [restartedMain] Multiple Spring Data modules found, entering strict repository configuration mode!
2020-10-08 00:13:20,408 INFO org.springframework.data.repository.config.RepositoryConfigurationDelegate [restartedMain] Bootstrapping Spring Data JPA repositories in DEFERRED mode.
2020-10-08 00:13:20,430 INFO org.springframework.data.repository.config.RepositoryConfigurationDelegate [restartedMain] Finished Spring Data repository scanning in 21ms. Found 1 JPA repository interfaces.
2020-10-08 00:13:20,691 INFO org.springframework.boot.web.embedded.tomcat.TomcatWebServer [restartedMain] Tomcat initialized with port(s): 2027 (http)
2020-10-08 00:13:20,693 INFO org.apache.juli.logging.DirectJDKLog [restartedMain] Initializing ProtocolHandler ["http-nio-2027"]
2020-10-08 00:13:20,694 INFO org.apache.juli.logging.DirectJDKLog [restartedMain] Starting service [Tomcat]
2020-10-08 00:13:20,694 INFO org.apache.juli.logging.DirectJDKLog [restartedMain] Starting Servlet engine: [Apache Tomcat/9.0.37]
2020-10-08 00:13:20,744 INFO org.apache.juli.logging.DirectJDKLog [restartedMain] Initializing Spring embedded WebApplicationContext
2020-10-08 00:13:20,745 INFO org.springframework.boot.web.servlet.context.ServletWebServerApplicationContext [restartedMain] Root WebApplicationContext: initialization completed in 845 ms
2020-10-08 00:13:20,941 INFO org.springframework.scheduling.concurrent.ExecutorConfigurationSupport [restartedMain] Initializing ExecutorService 'applicationTaskExecutor'
2020-10-08 00:13:20,961 INFO org.hibernate.jpa.internal.util.LogHelper [task-1] HHH000204: Processing PersistenceUnitInfo [name: default]
2020-10-08 00:13:20,974 INFO com.zaxxer.hikari.HikariDataSource [task-1] HikariPool-22 - Starting...
2020-10-08 00:13:21,117 WARN org.springframework.boot.autoconfigure.orm.jpa.JpaBaseConfiguration$JpaWebConfiguration [restartedMain] spring.jpa.open-in-view is enabled by default. Therefore, database queries may be performed during view rendering. Explicitly configure spring.jpa.open-in-view to disable this warning
2020-10-08 00:13:23,590 INFO com.zaxxer.hikari.HikariDataSource [task-1] HikariPool-22 - Start completed.
2020-10-08 00:13:23,591 INFO org.hibernate.dialect.Dialect [task-1] HHH000400: Using dialect: org.hibernate.dialect.MySQL5InnoDBDialect
2020-10-08 00:13:27,682 INFO org.hibernate.engine.transaction.jta.platform.internal.JtaPlatformInitiator [task-1] HHH000490: Using JtaPlatform implementation: [org.hibernate.engine.transaction.jta.platform.internal.NoJtaPlatform]
2020-10-08 00:13:27,683 INFO org.springframework.orm.jpa.AbstractEntityManagerFactoryBean [task-1] Initialized JPA EntityManagerFactory for persistence unit 'default'
2020-10-08 00:13:27,698 INFO org.springframework.boot.devtools.autoconfigure.OptionalLiveReloadServer [task-2] LiveReload server is running on port 35729
2020-10-08 00:13:28,000 INFO org.springframework.boot.actuate.endpoint.web.EndpointLinksResolver [restartedMain] Exposing 2 endpoint(s) beneath base path '/actuator'
2020-10-08 00:13:28,041 INFO org.apache.juli.logging.DirectJDKLog [restartedMain] Starting ProtocolHandler ["http-nio-2027"]
2020-10-08 00:13:28,047 INFO org.springframework.boot.web.embedded.tomcat.TomcatWebServer [restartedMain] Tomcat started on port(s): 2027 (http) with context path ''
2020-10-08 00:13:28,049 INFO org.springframework.data.repository.config.DeferredRepositoryInitializationListener [restartedMain] Triggering deferred initialization of Spring Data repositories…
2020-10-08 00:13:28,132 INFO org.springframework.data.repository.config.DeferredRepositoryInitializationListener [restartedMain] Spring Data repositories initialized!
2020-10-08 00:13:28,153 INFO org.springframework.boot.StartupInfoLogger [restartedMain] Started PulseWorkFlowApplication in 8.298 seconds (JVM running for 2899.092)
2020-10-08 00:13:28,157 INFO org.springframework.boot.devtools.autoconfigure.ConditionEvaluationDeltaLoggingListener [restartedMain] Condition evaluation unchanged
2020-10-08 00:14:27,974 INFO org.springframework.orm.jpa.AbstractEntityManagerFactoryBean [Thread-109] Closing JPA EntityManagerFactory for persistence unit 'default'
2020-10-08 00:14:27,976 INFO org.springframework.scheduling.concurrent.ExecutorConfigurationSupport [Thread-109] Shutting down ExecutorService 'applicationTaskExecutor'
2020-10-08 00:14:27,977 INFO com.zaxxer.hikari.HikariDataSource [Thread-109] HikariPool-22 - Shutdown initiated...
2020-10-08 00:14:27,985 INFO com.zaxxer.hikari.HikariDataSource [Thread-109] HikariPool-22 - Shutdown completed.
2020-10-08 00:14:28,781 INFO org.springframework.boot.StartupInfoLogger [restartedMain] Starting PulseWorkFlowApplication on Arjun-PC with PID 10756 (D:\GSS\Dev-WorkSpace\PulseWorkForce\PulseWorkFlow\target\classes started by Arjun in D:\GSS\Dev-WorkSpace\PulseWorkForce\PulseWorkFlow)
2020-10-08 00:14:28,782 INFO org.springframework.boot.SpringApplication [restartedMain] No active profile set, falling back to default profiles: default
2020-10-08 00:14:29,321 INFO org.springframework.data.repository.config.RepositoryConfigurationDelegate [restartedMain] Multiple Spring Data modules found, entering strict repository configuration mode!
2020-10-08 00:14:29,321 INFO org.springframework.data.repository.config.RepositoryConfigurationDelegate [restartedMain] Bootstrapping Spring Data JDBC repositories in DEFAULT mode.
2020-10-08 00:14:29,334 INFO org.springframework.data.repository.config.RepositoryConfigurationExtensionSupport [restartedMain] Spring Data JDBC - Could not safely identify store assignment for repository candidate interface com.gss.pulseworkflow.dao.UserRepository. If you want this repository to be a JDBC repository, consider annotating your entities with one of these annotations: org.springframework.data.relational.core.mapping.Table.
2020-10-08 00:14:29,335 INFO org.springframework.data.repository.config.RepositoryConfigurationDelegate [restartedMain] Finished Spring Data repository scanning in 13ms. Found 0 JDBC repository interfaces.
2020-10-08 00:14:29,341 INFO org.springframework.data.repository.config.RepositoryConfigurationDelegate [restartedMain] Multiple Spring Data modules found, entering strict repository configuration mode!
2020-10-08 00:14:29,342 INFO org.springframework.data.repository.config.RepositoryConfigurationDelegate [restartedMain] Bootstrapping Spring Data JPA repositories in DEFERRED mode.
2020-10-08 00:14:29,356 INFO org.springframework.data.repository.config.RepositoryConfigurationDelegate [restartedMain] Finished Spring Data repository scanning in 13ms. Found 1 JPA repository interfaces.
2020-10-08 00:14:29,624 INFO org.springframework.boot.web.embedded.tomcat.TomcatWebServer [restartedMain] Tomcat initialized with port(s): 2027 (http)
2020-10-08 00:14:29,625 INFO org.apache.juli.logging.DirectJDKLog [restartedMain] Initializing ProtocolHandler ["http-nio-2027"]
2020-10-08 00:14:29,626 INFO org.apache.juli.logging.DirectJDKLog [restartedMain] Starting service [Tomcat]
2020-10-08 00:14:29,626 INFO org.apache.juli.logging.DirectJDKLog [restartedMain] Starting Servlet engine: [Apache Tomcat/9.0.37]
2020-10-08 00:14:29,658 INFO org.apache.juli.logging.DirectJDKLog [restartedMain] Initializing Spring embedded WebApplicationContext
2020-10-08 00:14:29,658 INFO org.springframework.boot.web.servlet.context.ServletWebServerApplicationContext [restartedMain] Root WebApplicationContext: initialization completed in 871 ms
2020-10-08 00:14:29,830 INFO org.springframework.scheduling.concurrent.ExecutorConfigurationSupport [restartedMain] Initializing ExecutorService 'applicationTaskExecutor'
2020-10-08 00:14:29,841 INFO org.hibernate.jpa.internal.util.LogHelper [task-1] HHH000204: Processing PersistenceUnitInfo [name: default]
2020-10-08 00:14:29,849 INFO com.zaxxer.hikari.HikariDataSource [task-1] HikariPool-23 - Starting...
2020-10-08 00:14:29,935 WARN org.springframework.boot.autoconfigure.orm.jpa.JpaBaseConfiguration$JpaWebConfiguration [restartedMain] spring.jpa.open-in-view is enabled by default. Therefore, database queries may be performed during view rendering. Explicitly configure spring.jpa.open-in-view to disable this warning
2020-10-08 00:14:32,600 INFO com.zaxxer.hikari.HikariDataSource [task-1] HikariPool-23 - Start completed.
2020-10-08 00:14:32,601 INFO org.hibernate.dialect.Dialect [task-1] HHH000400: Using dialect: org.hibernate.dialect.MySQL5InnoDBDialect
2020-10-08 00:14:37,083 INFO org.hibernate.engine.transaction.jta.platform.internal.JtaPlatformInitiator [task-1] HHH000490: Using JtaPlatform implementation: [org.hibernate.engine.transaction.jta.platform.internal.NoJtaPlatform]
2020-10-08 00:14:37,084 INFO org.springframework.orm.jpa.AbstractEntityManagerFactoryBean [task-1] Initialized JPA EntityManagerFactory for persistence unit 'default'
2020-10-08 00:14:37,094 INFO org.springframework.boot.devtools.autoconfigure.OptionalLiveReloadServer [task-2] LiveReload server is running on port 35729
2020-10-08 00:14:37,408 INFO org.springframework.boot.actuate.endpoint.web.EndpointLinksResolver [restartedMain] Exposing 2 endpoint(s) beneath base path '/actuator'
2020-10-08 00:14:37,449 INFO org.apache.juli.logging.DirectJDKLog [restartedMain] Starting ProtocolHandler ["http-nio-2027"]
2020-10-08 00:14:37,455 INFO org.springframework.boot.web.embedded.tomcat.TomcatWebServer [restartedMain] Tomcat started on port(s): 2027 (http) with context path ''
2020-10-08 00:14:37,456 INFO org.springframework.data.repository.config.DeferredRepositoryInitializationListener [restartedMain] Triggering deferred initialization of Spring Data repositories…
2020-10-08 00:14:37,548 INFO org.springframework.data.repository.config.DeferredRepositoryInitializationListener [restartedMain] Spring Data repositories initialized!
2020-10-08 00:14:37,568 INFO org.springframework.boot.StartupInfoLogger [restartedMain] Started PulseWorkFlowApplication in 8.835 seconds (JVM running for 2968.505)
2020-10-08 00:14:37,573 INFO org.springframework.boot.devtools.autoconfigure.ConditionEvaluationDeltaLoggingListener [restartedMain] Condition evaluation unchanged
2020-10-08 00:14:40,924 INFO org.apache.juli.logging.DirectJDKLog [http-nio-2027-exec-1] Initializing Spring DispatcherServlet 'dispatcherServlet'
2020-10-08 00:14:40,925 INFO org.springframework.web.servlet.FrameworkServlet [http-nio-2027-exec-1] Initializing Servlet 'dispatcherServlet'
2020-10-08 00:14:40,930 INFO org.springframework.web.servlet.FrameworkServlet [http-nio-2027-exec-1] Completed initialization in 5 ms
2020-10-08 00:15:56,342 INFO org.springframework.orm.jpa.AbstractEntityManagerFactoryBean [Thread-114] Closing JPA EntityManagerFactory for persistence unit 'default'
2020-10-08 00:15:56,344 INFO org.springframework.scheduling.concurrent.ExecutorConfigurationSupport [Thread-114] Shutting down ExecutorService 'applicationTaskExecutor'
2020-10-08 00:15:56,345 INFO com.zaxxer.hikari.HikariDataSource [Thread-114] HikariPool-23 - Shutdown initiated...
2020-10-08 00:15:56,356 INFO com.zaxxer.hikari.HikariDataSource [Thread-114] HikariPool-23 - Shutdown completed.
2020-10-08 00:15:56,978 INFO org.springframework.boot.StartupInfoLogger [restartedMain] Starting PulseWorkFlowApplication on Arjun-PC with PID 10756 (D:\GSS\Dev-WorkSpace\PulseWorkForce\PulseWorkFlow\target\classes started by Arjun in D:\GSS\Dev-WorkSpace\PulseWorkForce\PulseWorkFlow)
2020-10-08 00:15:56,979 INFO org.springframework.boot.SpringApplication [restartedMain] No active profile set, falling back to default profiles: default
2020-10-08 00:15:57,472 INFO org.springframework.data.repository.config.RepositoryConfigurationDelegate [restartedMain] Multiple Spring Data modules found, entering strict repository configuration mode!
2020-10-08 00:15:57,473 INFO org.springframework.data.repository.config.RepositoryConfigurationDelegate [restartedMain] Bootstrapping Spring Data JDBC repositories in DEFAULT mode.
2020-10-08 00:15:57,485 INFO org.springframework.data.repository.config.RepositoryConfigurationExtensionSupport [restartedMain] Spring Data JDBC - Could not safely identify store assignment for repository candidate interface com.gss.pulseworkflow.dao.UserRepository. If you want this repository to be a JDBC repository, consider annotating your entities with one of these annotations: org.springframework.data.relational.core.mapping.Table.
2020-10-08 00:15:57,485 INFO org.springframework.data.repository.config.RepositoryConfigurationDelegate [restartedMain] Finished Spring Data repository scanning in 12ms. Found 0 JDBC repository interfaces.
2020-10-08 00:15:57,492 INFO org.springframework.data.repository.config.RepositoryConfigurationDelegate [restartedMain] Multiple Spring Data modules found, entering strict repository configuration mode!
2020-10-08 00:15:57,492 INFO org.springframework.data.repository.config.RepositoryConfigurationDelegate [restartedMain] Bootstrapping Spring Data JPA repositories in DEFERRED mode.
2020-10-08 00:15:57,505 INFO org.springframework.data.repository.config.RepositoryConfigurationDelegate [restartedMain] Finished Spring Data repository scanning in 12ms. Found 1 JPA repository interfaces.
2020-10-08 00:15:57,710 INFO org.springframework.boot.web.embedded.tomcat.TomcatWebServer [restartedMain] Tomcat initialized with port(s): 2027 (http)
2020-10-08 00:15:57,711 INFO org.apache.juli.logging.DirectJDKLog [restartedMain] Initializing ProtocolHandler ["http-nio-2027"]
2020-10-08 00:15:57,712 INFO org.apache.juli.logging.DirectJDKLog [restartedMain] Starting service [Tomcat]
2020-10-08 00:15:57,712 INFO org.apache.juli.logging.DirectJDKLog [restartedMain] Starting Servlet engine: [Apache Tomcat/9.0.37]
2020-10-08 00:15:57,735 INFO org.apache.juli.logging.DirectJDKLog [restartedMain] Initializing Spring embedded WebApplicationContext
2020-10-08 00:15:57,736 INFO org.springframework.boot.web.servlet.context.ServletWebServerApplicationContext [restartedMain] Root WebApplicationContext: initialization completed in 754 ms
2020-10-08 00:15:57,877 INFO org.springframework.scheduling.concurrent.ExecutorConfigurationSupport [restartedMain] Initializing ExecutorService 'applicationTaskExecutor'
2020-10-08 00:15:57,887 INFO org.hibernate.jpa.internal.util.LogHelper [task-1] HHH000204: Processing PersistenceUnitInfo [name: default]
2020-10-08 00:15:57,899 INFO com.zaxxer.hikari.HikariDataSource [task-1] HikariPool-24 - Starting...
2020-10-08 00:15:57,972 WARN org.springframework.boot.autoconfigure.orm.jpa.JpaBaseConfiguration$JpaWebConfiguration [restartedMain] spring.jpa.open-in-view is enabled by default. Therefore, database queries may be performed during view rendering. Explicitly configure spring.jpa.open-in-view to disable this warning
2020-10-08 00:16:00,698 INFO com.zaxxer.hikari.HikariDataSource [task-1] HikariPool-24 - Start completed.
2020-10-08 00:16:00,699 INFO org.hibernate.dialect.Dialect [task-1] HHH000400: Using dialect: org.hibernate.dialect.MySQL5InnoDBDialect
2020-10-08 00:16:05,099 INFO org.hibernate.engine.transaction.jta.platform.internal.JtaPlatformInitiator [task-1] HHH000490: Using JtaPlatform implementation: [org.hibernate.engine.transaction.jta.platform.internal.NoJtaPlatform]
2020-10-08 00:16:05,100 INFO org.springframework.orm.jpa.AbstractEntityManagerFactoryBean [task-1] Initialized JPA EntityManagerFactory for persistence unit 'default'
2020-10-08 00:16:05,113 INFO org.springframework.boot.devtools.autoconfigure.OptionalLiveReloadServer [task-2] LiveReload server is running on port 35729
2020-10-08 00:16:05,430 INFO org.springframework.boot.actuate.endpoint.web.EndpointLinksResolver [restartedMain] Exposing 2 endpoint(s) beneath base path '/actuator'
2020-10-08 00:16:05,471 INFO org.apache.juli.logging.DirectJDKLog [restartedMain] Starting ProtocolHandler ["http-nio-2027"]
2020-10-08 00:16:05,477 INFO org.springframework.boot.web.embedded.tomcat.TomcatWebServer [restartedMain] Tomcat started on port(s): 2027 (http) with context path ''
2020-10-08 00:16:05,478 INFO org.springframework.data.repository.config.DeferredRepositoryInitializationListener [restartedMain] Triggering deferred initialization of Spring Data repositories…
2020-10-08 00:16:05,575 INFO org.springframework.data.repository.config.DeferredRepositoryInitializationListener [restartedMain] Spring Data repositories initialized!
2020-10-08 00:16:05,596 INFO org.springframework.boot.StartupInfoLogger [restartedMain] Started PulseWorkFlowApplication in 8.664 seconds (JVM running for 3056.531)
2020-10-08 00:16:05,602 INFO org.springframework.boot.devtools.autoconfigure.ConditionEvaluationDeltaLoggingListener [restartedMain] Condition evaluation unchanged
2020-10-08 00:16:10,520 INFO org.apache.juli.logging.DirectJDKLog [http-nio-2027-exec-1] Initializing Spring DispatcherServlet 'dispatcherServlet'
2020-10-08 00:16:10,526 INFO org.springframework.web.servlet.FrameworkServlet [http-nio-2027-exec-1] Initializing Servlet 'dispatcherServlet'
2020-10-08 00:16:10,535 INFO org.springframework.web.servlet.FrameworkServlet [http-nio-2027-exec-1] Completed initialization in 8 ms
2020-10-08 00:27:13,977 INFO org.springframework.orm.jpa.AbstractEntityManagerFactoryBean [Thread-119] Closing JPA EntityManagerFactory for persistence unit 'default'
2020-10-08 00:27:13,978 INFO org.springframework.scheduling.concurrent.ExecutorConfigurationSupport [Thread-119] Shutting down ExecutorService 'applicationTaskExecutor'
2020-10-08 00:27:13,979 INFO com.zaxxer.hikari.HikariDataSource [Thread-119] HikariPool-24 - Shutdown initiated...
2020-10-08 00:27:13,987 INFO com.zaxxer.hikari.HikariDataSource [Thread-119] HikariPool-24 - Shutdown completed.
2020-10-08 00:27:14,826 INFO org.springframework.boot.StartupInfoLogger [restartedMain] Starting PulseWorkFlowApplication on Arjun-PC with PID 10756 (D:\GSS\Dev-WorkSpace\PulseWorkForce\PulseWorkFlow\target\classes started by Arjun in D:\GSS\Dev-WorkSpace\PulseWorkForce\PulseWorkFlow)
2020-10-08 00:27:14,826 INFO org.springframework.boot.SpringApplication [restartedMain] No active profile set, falling back to default profiles: default
2020-10-08 00:27:15,362 INFO org.springframework.data.repository.config.RepositoryConfigurationDelegate [restartedMain] Multiple Spring Data modules found, entering strict repository configuration mode!
2020-10-08 00:27:15,363 INFO org.springframework.data.repository.config.RepositoryConfigurationDelegate [restartedMain] Bootstrapping Spring Data JDBC repositories in DEFAULT mode.
2020-10-08 00:27:15,379 INFO org.springframework.data.repository.config.RepositoryConfigurationExtensionSupport [restartedMain] Spring Data JDBC - Could not safely identify store assignment for repository candidate interface com.gss.pulseworkflow.dao.UserRepository. If you want this repository to be a JDBC repository, consider annotating your entities with one of these annotations: org.springframework.data.relational.core.mapping.Table.
2020-10-08 00:27:15,380 INFO org.springframework.data.repository.config.RepositoryConfigurationDelegate [restartedMain] Finished Spring Data repository scanning in 16ms. Found 0 JDBC repository interfaces.
2020-10-08 00:27:15,388 INFO org.springframework.data.repository.config.RepositoryConfigurationDelegate [restartedMain] Multiple Spring Data modules found, entering strict repository configuration mode!
2020-10-08 00:27:15,388 INFO org.springframework.data.repository.config.RepositoryConfigurationDelegate [restartedMain] Bootstrapping Spring Data JPA repositories in DEFERRED mode.
2020-10-08 00:27:15,407 INFO org.springframework.data.repository.config.RepositoryConfigurationDelegate [restartedMain] Finished Spring Data repository scanning in 17ms. Found 1 JPA repository interfaces.
2020-10-08 00:27:15,650 INFO org.springframework.boot.web.embedded.tomcat.TomcatWebServer [restartedMain] Tomcat initialized with port(s): 2027 (http)
2020-10-08 00:27:15,652 INFO org.apache.juli.logging.DirectJDKLog [restartedMain] Initializing ProtocolHandler ["http-nio-2027"]
2020-10-08 00:27:15,652 INFO org.apache.juli.logging.DirectJDKLog [restartedMain] Starting service [Tomcat]
2020-10-08 00:27:15,653 INFO org.apache.juli.logging.DirectJDKLog [restartedMain] Starting Servlet engine: [Apache Tomcat/9.0.37]
2020-10-08 00:27:15,693 INFO org.apache.juli.logging.DirectJDKLog [restartedMain] Initializing Spring embedded WebApplicationContext
2020-10-08 00:27:15,693 INFO org.springframework.boot.web.servlet.context.ServletWebServerApplicationContext [restartedMain] Root WebApplicationContext: initialization completed in 864 ms
2020-10-08 00:27:15,872 INFO org.springframework.scheduling.concurrent.ExecutorConfigurationSupport [restartedMain] Initializing ExecutorService 'applicationTaskExecutor'
2020-10-08 00:27:15,897 INFO org.hibernate.jpa.internal.util.LogHelper [task-1] HHH000204: Processing PersistenceUnitInfo [name: default]
2020-10-08 00:27:15,906 INFO com.zaxxer.hikari.HikariDataSource [task-1] HikariPool-25 - Starting...
2020-10-08 00:27:16,009 WARN org.springframework.boot.autoconfigure.orm.jpa.JpaBaseConfiguration$JpaWebConfiguration [restartedMain] spring.jpa.open-in-view is enabled by default. Therefore, database queries may be performed during view rendering. Explicitly configure spring.jpa.open-in-view to disable this warning
2020-10-08 00:27:18,562 INFO com.zaxxer.hikari.HikariDataSource [task-1] HikariPool-25 - Start completed.
2020-10-08 00:27:18,563 INFO org.hibernate.dialect.Dialect [task-1] HHH000400: Using dialect: org.hibernate.dialect.MySQL5InnoDBDialect
2020-10-08 00:27:22,765 INFO org.hibernate.engine.transaction.jta.platform.internal.JtaPlatformInitiator [task-1] HHH000490: Using JtaPlatform implementation: [org.hibernate.engine.transaction.jta.platform.internal.NoJtaPlatform]
2020-10-08 00:27:22,766 INFO org.springframework.orm.jpa.AbstractEntityManagerFactoryBean [task-1] Initialized JPA EntityManagerFactory for persistence unit 'default'
2020-10-08 00:27:22,780 INFO org.springframework.boot.devtools.autoconfigure.OptionalLiveReloadServer [task-2] LiveReload server is running on port 35729
2020-10-08 00:27:23,099 INFO org.springframework.boot.actuate.endpoint.web.EndpointLinksResolver [restartedMain] Exposing 2 endpoint(s) beneath base path '/actuator'
2020-10-08 00:27:23,146 INFO org.apache.juli.logging.DirectJDKLog [restartedMain] Starting ProtocolHandler ["http-nio-2027"]
2020-10-08 00:27:23,153 INFO org.springframework.boot.web.embedded.tomcat.TomcatWebServer [restartedMain] Tomcat started on port(s): 2027 (http) with context path ''
2020-10-08 00:27:23,155 INFO org.springframework.data.repository.config.DeferredRepositoryInitializationListener [restartedMain] Triggering deferred initialization of Spring Data repositories…
2020-10-08 00:27:23,234 INFO org.springframework.data.repository.config.DeferredRepositoryInitializationListener [restartedMain] Spring Data repositories initialized!
2020-10-08 00:27:23,255 INFO org.springframework.boot.StartupInfoLogger [restartedMain] Started PulseWorkFlowApplication in 8.48 seconds (JVM running for 3734.172)
2020-10-08 00:27:23,259 INFO org.springframework.boot.devtools.autoconfigure.ConditionEvaluationDeltaLoggingListener [restartedMain] Condition evaluation unchanged
2020-10-08 00:27:29,980 INFO org.apache.juli.logging.DirectJDKLog [http-nio-2027-exec-3] Initializing Spring DispatcherServlet 'dispatcherServlet'
2020-10-08 00:27:29,981 INFO org.springframework.web.servlet.FrameworkServlet [http-nio-2027-exec-3] Initializing Servlet 'dispatcherServlet'
2020-10-08 00:27:29,991 INFO org.springframework.web.servlet.FrameworkServlet [http-nio-2027-exec-3] Completed initialization in 10 ms
2020-10-08 00:43:53,364 INFO org.springframework.orm.jpa.AbstractEntityManagerFactoryBean [Thread-124] Closing JPA EntityManagerFactory for persistence unit 'default'
2020-10-08 00:43:53,365 INFO org.springframework.scheduling.concurrent.ExecutorConfigurationSupport [Thread-124] Shutting down ExecutorService 'applicationTaskExecutor'
2020-10-08 00:43:53,366 INFO com.zaxxer.hikari.HikariDataSource [Thread-124] HikariPool-25 - Shutdown initiated...
2020-10-08 00:43:53,375 INFO com.zaxxer.hikari.HikariDataSource [Thread-124] HikariPool-25 - Shutdown completed.
2020-10-08 00:43:53,995 INFO org.springframework.boot.StartupInfoLogger [restartedMain] Starting PulseWorkFlowApplication on Arjun-PC with PID 10756 (D:\GSS\Dev-WorkSpace\PulseWorkForce\PulseWorkFlow\target\classes started by Arjun in D:\GSS\Dev-WorkSpace\PulseWorkForce\PulseWorkFlow)
2020-10-08 00:43:53,995 INFO org.springframework.boot.SpringApplication [restartedMain] No active profile set, falling back to default profiles: default
2020-10-08 00:43:54,544 INFO org.springframework.data.repository.config.RepositoryConfigurationDelegate [restartedMain] Multiple Spring Data modules found, entering strict repository configuration mode!
2020-10-08 00:43:54,544 INFO org.springframework.data.repository.config.RepositoryConfigurationDelegate [restartedMain] Bootstrapping Spring Data JDBC repositories in DEFAULT mode.
2020-10-08 00:43:54,558 INFO org.springframework.data.repository.config.RepositoryConfigurationExtensionSupport [restartedMain] Spring Data JDBC - Could not safely identify store assignment for repository candidate interface com.gss.pulseworkflow.dao.UserRepository. If you want this repository to be a JDBC repository, consider annotating your entities with one of these annotations: org.springframework.data.relational.core.mapping.Table.
2020-10-08 00:43:54,559 INFO org.springframework.data.repository.config.RepositoryConfigurationDelegate [restartedMain] Finished Spring Data repository scanning in 14ms. Found 0 JDBC repository interfaces.
2020-10-08 00:43:54,567 INFO org.springframework.data.repository.config.RepositoryConfigurationDelegate [restartedMain] Multiple Spring Data modules found, entering strict repository configuration mode!
2020-10-08 00:43:54,567 INFO org.springframework.data.repository.config.RepositoryConfigurationDelegate [restartedMain] Bootstrapping Spring Data JPA repositories in DEFERRED mode.
2020-10-08 00:43:54,584 INFO org.springframework.data.repository.config.RepositoryConfigurationDelegate [restartedMain] Finished Spring Data repository scanning in 15ms. Found 1 JPA repository interfaces.
2020-10-08 00:43:54,803 INFO org.springframework.boot.web.embedded.tomcat.TomcatWebServer [restartedMain] Tomcat initialized with port(s): 2027 (http)
2020-10-08 00:43:54,804 INFO org.apache.juli.logging.DirectJDKLog [restartedMain] Initializing ProtocolHandler ["http-nio-2027"]
2020-10-08 00:43:54,804 INFO org.apache.juli.logging.DirectJDKLog [restartedMain] Starting service [Tomcat]
2020-10-08 00:43:54,805 INFO org.apache.juli.logging.DirectJDKLog [restartedMain] Starting Servlet engine: [Apache Tomcat/9.0.37]
2020-10-08 00:43:54,823 INFO org.apache.juli.logging.DirectJDKLog [restartedMain] Initializing Spring embedded WebApplicationContext
2020-10-08 00:43:54,828 INFO org.springframework.boot.web.servlet.context.ServletWebServerApplicationContext [restartedMain] Root WebApplicationContext: initialization completed in 828 ms
2020-10-08 00:43:54,995 INFO org.springframework.scheduling.concurrent.ExecutorConfigurationSupport [restartedMain] Initializing ExecutorService 'applicationTaskExecutor'
2020-10-08 00:43:55,008 INFO org.hibernate.jpa.internal.util.LogHelper [task-1] HHH000204: Processing PersistenceUnitInfo [name: default]
2020-10-08 00:43:55,025 INFO com.zaxxer.hikari.HikariDataSource [task-1] HikariPool-26 - Starting...
2020-10-08 00:43:55,127 WARN org.springframework.boot.autoconfigure.orm.jpa.JpaBaseConfiguration$JpaWebConfiguration [restartedMain] spring.jpa.open-in-view is enabled by default. Therefore, database queries may be performed during view rendering. Explicitly configure spring.jpa.open-in-view to disable this warning
2020-10-08 00:43:57,877 INFO com.zaxxer.hikari.HikariDataSource [task-1] HikariPool-26 - Start completed.
2020-10-08 00:43:57,878 INFO org.hibernate.dialect.Dialect [task-1] HHH000400: Using dialect: org.hibernate.dialect.MySQL5InnoDBDialect
2020-10-08 00:44:02,385 INFO org.hibernate.engine.transaction.jta.platform.internal.JtaPlatformInitiator [task-1] HHH000490: Using JtaPlatform implementation: [org.hibernate.engine.transaction.jta.platform.internal.NoJtaPlatform]
2020-10-08 00:44:02,386 INFO org.springframework.orm.jpa.AbstractEntityManagerFactoryBean [task-1] Initialized JPA EntityManagerFactory for persistence unit 'default'
2020-10-08 00:44:02,394 INFO org.springframework.boot.devtools.autoconfigure.OptionalLiveReloadServer [task-2] LiveReload server is running on port 35729
2020-10-08 00:44:02,717 INFO org.springframework.boot.actuate.endpoint.web.EndpointLinksResolver [restartedMain] Exposing 2 endpoint(s) beneath base path '/actuator'
2020-10-08 00:44:02,758 INFO org.apache.juli.logging.DirectJDKLog [restartedMain] Starting ProtocolHandler ["http-nio-2027"]
2020-10-08 00:44:02,764 INFO org.springframework.boot.web.embedded.tomcat.TomcatWebServer [restartedMain] Tomcat started on port(s): 2027 (http) with context path ''
2020-10-08 00:44:02,766 INFO org.springframework.data.repository.config.DeferredRepositoryInitializationListener [restartedMain] Triggering deferred initialization of Spring Data repositories…
2020-10-08 00:44:02,842 INFO org.springframework.data.repository.config.DeferredRepositoryInitializationListener [restartedMain] Spring Data repositories initialized!
2020-10-08 00:44:02,863 INFO org.springframework.boot.StartupInfoLogger [restartedMain] Started PulseWorkFlowApplication in 8.937 seconds (JVM running for 4733.754)
2020-10-08 00:44:02,868 INFO org.springframework.boot.devtools.autoconfigure.ConditionEvaluationDeltaLoggingListener [restartedMain] Condition evaluation unchanged
2020-10-08 00:44:05,577 INFO org.springframework.orm.jpa.AbstractEntityManagerFactoryBean [Thread-129] Closing JPA EntityManagerFactory for persistence unit 'default'
2020-10-08 00:44:05,579 INFO org.springframework.scheduling.concurrent.ExecutorConfigurationSupport [Thread-129] Shutting down ExecutorService 'applicationTaskExecutor'
2020-10-08 00:44:05,580 INFO com.zaxxer.hikari.HikariDataSource [Thread-129] HikariPool-26 - Shutdown initiated...
2020-10-08 00:44:06,861 INFO com.zaxxer.hikari.HikariDataSource [Thread-129] HikariPool-26 - Shutdown completed.
2020-10-08 00:44:07,632 INFO org.springframework.boot.StartupInfoLogger [restartedMain] Starting PulseWorkFlowApplication on Arjun-PC with PID 10756 (D:\GSS\Dev-WorkSpace\PulseWorkForce\PulseWorkFlow\target\classes started by Arjun in D:\GSS\Dev-WorkSpace\PulseWorkForce\PulseWorkFlow)
2020-10-08 00:44:07,633 INFO org.springframework.boot.SpringApplication [restartedMain] No active profile set, falling back to default profiles: default
2020-10-08 00:44:08,104 INFO org.springframework.data.repository.config.RepositoryConfigurationDelegate [restartedMain] Multiple Spring Data modules found, entering strict repository configuration mode!
2020-10-08 00:44:08,104 INFO org.springframework.data.repository.config.RepositoryConfigurationDelegate [restartedMain] Bootstrapping Spring Data JDBC repositories in DEFAULT mode.
2020-10-08 00:44:08,117 INFO org.springframework.data.repository.config.RepositoryConfigurationExtensionSupport [restartedMain] Spring Data JDBC - Could not safely identify store assignment for repository candidate interface com.gss.pulseworkflow.dao.UserRepository. If you want this repository to be a JDBC repository, consider annotating your entities with one of these annotations: org.springframework.data.relational.core.mapping.Table.
2020-10-08 00:44:08,118 INFO org.springframework.data.repository.config.RepositoryConfigurationDelegate [restartedMain] Finished Spring Data repository scanning in 13ms. Found 0 JDBC repository interfaces.
2020-10-08 00:44:08,124 INFO org.springframework.data.repository.config.RepositoryConfigurationDelegate [restartedMain] Multiple Spring Data modules found, entering strict repository configuration mode!
2020-10-08 00:44:08,124 INFO org.springframework.data.repository.config.RepositoryConfigurationDelegate [restartedMain] Bootstrapping Spring Data JPA repositories in DEFERRED mode.
2020-10-08 00:44:08,139 INFO org.springframework.data.repository.config.RepositoryConfigurationDelegate [restartedMain] Finished Spring Data repository scanning in 13ms. Found 1 JPA repository interfaces.
2020-10-08 00:44:08,342 INFO org.springframework.boot.web.embedded.tomcat.TomcatWebServer [restartedMain] Tomcat initialized with port(s): 2027 (http)
2020-10-08 00:44:08,343 INFO org.apache.juli.logging.DirectJDKLog [restartedMain] Initializing ProtocolHandler ["http-nio-2027"]
2020-10-08 00:44:08,343 INFO org.apache.juli.logging.DirectJDKLog [restartedMain] Starting service [Tomcat]
2020-10-08 00:44:08,344 INFO org.apache.juli.logging.DirectJDKLog [restartedMain] Starting Servlet engine: [Apache Tomcat/9.0.37]
2020-10-08 00:44:08,390 INFO org.apache.juli.logging.DirectJDKLog [restartedMain] Initializing Spring embedded WebApplicationContext
2020-10-08 00:44:08,390 INFO org.springframework.boot.web.servlet.context.ServletWebServerApplicationContext [restartedMain] Root WebApplicationContext: initialization completed in 754 ms
2020-10-08 00:44:08,527 INFO org.springframework.scheduling.concurrent.ExecutorConfigurationSupport [restartedMain] Initializing ExecutorService 'applicationTaskExecutor'
2020-10-08 00:44:08,539 INFO org.hibernate.jpa.internal.util.LogHelper [task-1] HHH000204: Processing PersistenceUnitInfo [name: default]
2020-10-08 00:44:08,627 INFO com.zaxxer.hikari.HikariDataSource [task-1] HikariPool-27 - Starting...
2020-10-08 00:44:08,633 WARN org.springframework.boot.autoconfigure.orm.jpa.JpaBaseConfiguration$JpaWebConfiguration [restartedMain] spring.jpa.open-in-view is enabled by default. Therefore, database queries may be performed during view rendering. Explicitly configure spring.jpa.open-in-view to disable this warning
2020-10-08 00:44:11,448 INFO com.zaxxer.hikari.HikariDataSource [task-1] HikariPool-27 - Start completed.
2020-10-08 00:44:11,449 INFO org.hibernate.dialect.Dialect [task-1] HHH000400: Using dialect: org.hibernate.dialect.MySQL5InnoDBDialect
2020-10-08 00:44:15,888 INFO org.hibernate.engine.transaction.jta.platform.internal.JtaPlatformInitiator [task-1] HHH000490: Using JtaPlatform implementation: [org.hibernate.engine.transaction.jta.platform.internal.NoJtaPlatform]
2020-10-08 00:44:15,889 INFO org.springframework.orm.jpa.AbstractEntityManagerFactoryBean [task-1] Initialized JPA EntityManagerFactory for persistence unit 'default'
2020-10-08 00:44:16,182 INFO org.springframework.boot.devtools.autoconfigure.OptionalLiveReloadServer [task-2] LiveReload server is running on port 35729
2020-10-08 00:44:16,218 INFO org.springframework.boot.actuate.endpoint.web.EndpointLinksResolver [restartedMain] Exposing 2 endpoint(s) beneath base path '/actuator'
2020-10-08 00:44:16,263 INFO org.apache.juli.logging.DirectJDKLog [restartedMain] Starting ProtocolHandler ["http-nio-2027"]
2020-10-08 00:44:16,268 INFO org.springframework.boot.web.embedded.tomcat.TomcatWebServer [restartedMain] Tomcat started on port(s): 2027 (http) with context path ''
2020-10-08 00:44:16,269 INFO org.springframework.data.repository.config.DeferredRepositoryInitializationListener [restartedMain] Triggering deferred initialization of Spring Data repositories…
2020-10-08 00:44:16,350 INFO org.springframework.data.repository.config.DeferredRepositoryInitializationListener [restartedMain] Spring Data repositories initialized!
2020-10-08 00:44:16,371 INFO org.springframework.boot.StartupInfoLogger [restartedMain] Started PulseWorkFlowApplication in 8.78 seconds (JVM running for 4747.261)
2020-10-08 00:44:16,376 INFO org.springframework.boot.devtools.autoconfigure.ConditionEvaluationDeltaLoggingListener [restartedMain] Condition evaluation unchanged
2020-10-08 00:51:15,160 INFO org.springframework.boot.admin.SpringApplicationAdminMXBeanRegistrar$SpringApplicationAdmin [RMI TCP Connection(91)-127.0.0.1] Application shutdown requested.
2020-10-08 00:51:15,602 INFO org.springframework.orm.jpa.AbstractEntityManagerFactoryBean [RMI TCP Connection(91)-127.0.0.1] Closing JPA EntityManagerFactory for persistence unit 'default'
2020-10-08 00:51:15,604 INFO org.springframework.scheduling.concurrent.ExecutorConfigurationSupport [RMI TCP Connection(91)-127.0.0.1] Shutting down ExecutorService 'applicationTaskExecutor'
2020-10-08 00:51:15,605 INFO com.zaxxer.hikari.HikariDataSource [RMI TCP Connection(91)-127.0.0.1] HikariPool-27 - Shutdown initiated...
2020-10-08 00:51:15,613 INFO com.zaxxer.hikari.HikariDataSource [RMI TCP Connection(91)-127.0.0.1] HikariPool-27 - Shutdown completed.
