2020-12-08 00:06:15,186 INFO org.springframework.orm.jpa.AbstractEntityManagerFactoryBean [Thread-31] Closing JPA EntityManagerFactory for persistence unit 'default'
2020-12-08 00:06:15,189 INFO org.springframework.scheduling.concurrent.ExecutorConfigurationSupport [Thread-31] Shutting down ExecutorService 'applicationTaskExecutor'
2020-12-08 00:06:15,190 INFO com.zaxxer.hikari.HikariDataSource [Thread-31] HikariPool-6 - Shutdown initiated...
2020-12-08 00:06:15,196 INFO com.zaxxer.hikari.HikariDataSource [Thread-31] HikariPool-6 - Shutdown completed.
2020-12-08 00:06:15,353 INFO org.springframework.boot.StartupInfoLogger [restartedMain] Starting PulseWorkFlowApplication on DESKTOP-LN0C744 with PID 10012 (D:\Pulseoftheworkorce\GSS\Dev-WorkSpace\PulseWorkForce\PulseWorkFlow\target\classes started by GSSADMIN in D:\Pulseoftheworkorce\GSS\Dev-WorkSpace\PulseWorkForce\PulseWorkFlow)
2020-12-08 00:06:15,354 INFO org.springframework.boot.SpringApplication [restartedMain] No active profile set, falling back to default profiles: default
2020-12-08 00:06:15,908 INFO org.springframework.data.repository.config.RepositoryConfigurationDelegate [restartedMain] Multiple Spring Data modules found, entering strict repository configuration mode!
2020-12-08 00:06:15,908 INFO org.springframework.data.repository.config.RepositoryConfigurationDelegate [restartedMain] Bootstrapping Spring Data JDBC repositories in DEFAULT mode.
2020-12-08 00:06:15,921 INFO org.springframework.data.repository.config.RepositoryConfigurationExtensionSupport [restartedMain] Spring Data JDBC - Could not safely identify store assignment for repository candidate interface com.gss.pulseworkflow.dao.UserRepository. If you want this repository to be a JDBC repository, consider annotating your entities with one of these annotations: org.springframework.data.relational.core.mapping.Table.
2020-12-08 00:06:15,922 INFO org.springframework.data.repository.config.RepositoryConfigurationDelegate [restartedMain] Finished Spring Data repository scanning in 13ms. Found 0 JDBC repository interfaces.
2020-12-08 00:06:15,927 INFO org.springframework.data.repository.config.RepositoryConfigurationDelegate [restartedMain] Multiple Spring Data modules found, entering strict repository configuration mode!
2020-12-08 00:06:15,927 INFO org.springframework.data.repository.config.RepositoryConfigurationDelegate [restartedMain] Bootstrapping Spring Data JPA repositories in DEFERRED mode.
2020-12-08 00:06:15,948 INFO org.springframework.data.repository.config.RepositoryConfigurationDelegate [restartedMain] Finished Spring Data repository scanning in 20ms. Found 1 JPA repository interfaces.
2020-12-08 00:06:16,198 INFO org.springframework.boot.web.embedded.tomcat.TomcatWebServer [restartedMain] Tomcat initialized with port(s): 2091 (http)
2020-12-08 00:06:16,199 INFO org.apache.juli.logging.DirectJDKLog [restartedMain] Initializing ProtocolHandler ["http-nio-2091"]
2020-12-08 00:06:16,200 INFO org.apache.juli.logging.DirectJDKLog [restartedMain] Starting service [Tomcat]
2020-12-08 00:06:16,200 INFO org.apache.juli.logging.DirectJDKLog [restartedMain] Starting Servlet engine: [Apache Tomcat/9.0.37]
2020-12-08 00:06:16,219 INFO org.apache.juli.logging.DirectJDKLog [restartedMain] Initializing Spring embedded WebApplicationContext
2020-12-08 00:06:16,221 INFO org.springframework.boot.web.servlet.context.ServletWebServerApplicationContext [restartedMain] Root WebApplicationContext: initialization completed in 861 ms
2020-12-08 00:06:16,348 INFO org.springframework.scheduling.concurrent.ExecutorConfigurationSupport [restartedMain] Initializing ExecutorService 'applicationTaskExecutor'
2020-12-08 00:06:16,358 INFO org.hibernate.jpa.internal.util.LogHelper [task-1] HHH000204: Processing PersistenceUnitInfo [name: default]
2020-12-08 00:06:16,364 INFO com.zaxxer.hikari.HikariDataSource [task-1] HikariPool-7 - Starting...
2020-12-08 00:06:16,518 WARN org.springframework.boot.autoconfigure.orm.jpa.JpaBaseConfiguration$JpaWebConfiguration [restartedMain] spring.jpa.open-in-view is enabled by default. Therefore, database queries may be performed during view rendering. Explicitly configure spring.jpa.open-in-view to disable this warning
2020-12-08 00:06:19,504 INFO com.zaxxer.hikari.HikariDataSource [task-1] HikariPool-7 - Start completed.
2020-12-08 00:06:19,506 INFO org.hibernate.dialect.Dialect [task-1] HHH000400: Using dialect: org.hibernate.dialect.MySQL5InnoDBDialect
2020-12-08 00:06:30,925 INFO org.hibernate.engine.transaction.jta.platform.internal.JtaPlatformInitiator [task-1] HHH000490: Using JtaPlatform implementation: [org.hibernate.engine.transaction.jta.platform.internal.NoJtaPlatform]
2020-12-08 00:06:30,927 INFO org.springframework.orm.jpa.AbstractEntityManagerFactoryBean [task-1] Initialized JPA EntityManagerFactory for persistence unit 'default'
2020-12-08 00:06:30,952 INFO org.springframework.boot.devtools.autoconfigure.OptionalLiveReloadServer [task-2] LiveReload server is running on port 35729
2020-12-08 00:06:31,315 INFO org.springframework.boot.actuate.endpoint.web.EndpointLinksResolver [restartedMain] Exposing 2 endpoint(s) beneath base path '/actuator'
2020-12-08 00:06:31,339 INFO org.apache.juli.logging.DirectJDKLog [restartedMain] Starting ProtocolHandler ["http-nio-2091"]
2020-12-08 00:06:31,343 INFO org.springframework.boot.web.embedded.tomcat.TomcatWebServer [restartedMain] Tomcat started on port(s): 2091 (http) with context path ''
2020-12-08 00:06:31,344 INFO org.springframework.data.repository.config.DeferredRepositoryInitializationListener [restartedMain] Triggering deferred initialization of Spring Data repositories…
2020-12-08 00:06:31,402 INFO org.springframework.data.repository.config.DeferredRepositoryInitializationListener [restartedMain] Spring Data repositories initialized!
2020-12-08 00:06:31,415 INFO org.springframework.boot.StartupInfoLogger [restartedMain] Started PulseWorkFlowApplication in 16.132 seconds (JVM running for 7124.06)
2020-12-08 00:06:31,419 INFO org.springframework.boot.devtools.autoconfigure.ConditionEvaluationDeltaLoggingListener [restartedMain] Condition evaluation unchanged
2020-12-08 00:06:42,640 INFO org.springframework.boot.admin.SpringApplicationAdminMXBeanRegistrar$SpringApplicationAdmin [RMI TCP Connection(114)-127.0.0.1] Application shutdown requested.
2020-12-08 00:06:42,907 INFO org.springframework.orm.jpa.AbstractEntityManagerFactoryBean [RMI TCP Connection(114)-127.0.0.1] Closing JPA EntityManagerFactory for persistence unit 'default'
2020-12-08 00:06:42,909 INFO org.springframework.scheduling.concurrent.ExecutorConfigurationSupport [RMI TCP Connection(114)-127.0.0.1] Shutting down ExecutorService 'applicationTaskExecutor'
2020-12-08 00:06:42,910 INFO com.zaxxer.hikari.HikariDataSource [RMI TCP Connection(114)-127.0.0.1] HikariPool-7 - Shutdown initiated...
2020-12-08 00:06:43,529 INFO com.zaxxer.hikari.HikariDataSource [RMI TCP Connection(114)-127.0.0.1] HikariPool-7 - Shutdown completed.
