2021-01-12 13:50:18,007 INFO org.springframework.boot.StartupInfoLogger [restartedMain] Starting PulseWorkFlowApplication on DESKTOP-LN0C744 with PID 14312 (D:\Pulseoftheworkorce\GSS\Dev-WorkSpace\PulseWorkForce\PulseWorkFlow\target\classes started by GSSADMIN in D:\Pulseoftheworkorce\GSS\Dev-WorkSpace\PulseWorkForce\PulseWorkFlow)
2021-01-12 13:50:18,035 INFO org.springframework.boot.SpringApplication [restartedMain] No active profile set, falling back to default profiles: default
2021-01-12 13:50:18,110 INFO org.springframework.boot.logging.DeferredLog [restartedMain] Devtools property defaults active! Set 'spring.devtools.add-properties' to 'false' to disable
2021-01-12 13:50:18,110 INFO org.springframework.boot.logging.DeferredLog [restartedMain] For additional web related logging consider setting the 'logging.level.web' property to 'DEBUG'
2021-01-12 13:50:19,940 INFO org.springframework.data.repository.config.RepositoryConfigurationDelegate [restartedMain] Multiple Spring Data modules found, entering strict repository configuration mode!
2021-01-12 13:50:19,942 INFO org.springframework.data.repository.config.RepositoryConfigurationDelegate [restartedMain] Bootstrapping Spring Data JDBC repositories in DEFAULT mode.
2021-01-12 13:50:20,029 INFO org.springframework.data.repository.config.RepositoryConfigurationExtensionSupport [restartedMain] Spring Data JDBC - Could not safely identify store assignment for repository candidate interface com.gss.pulseworkflow.dao.UserRepository. If you want this repository to be a JDBC repository, consider annotating your entities with one of these annotations: org.springframework.data.relational.core.mapping.Table.
2021-01-12 13:50:20,030 INFO org.springframework.data.repository.config.RepositoryConfigurationDelegate [restartedMain] Finished Spring Data repository scanning in 81ms. Found 0 JDBC repository interfaces.
2021-01-12 13:50:20,050 INFO org.springframework.data.repository.config.RepositoryConfigurationDelegate [restartedMain] Multiple Spring Data modules found, entering strict repository configuration mode!
2021-01-12 13:50:20,051 INFO org.springframework.data.repository.config.RepositoryConfigurationDelegate [restartedMain] Bootstrapping Spring Data JPA repositories in DEFERRED mode.
2021-01-12 13:50:20,120 INFO org.springframework.data.repository.config.RepositoryConfigurationDelegate [restartedMain] Finished Spring Data repository scanning in 62ms. Found 1 JPA repository interfaces.
2021-01-12 13:50:21,398 INFO org.springframework.boot.web.embedded.tomcat.TomcatWebServer [restartedMain] Tomcat initialized with port(s): 8080 (http)
2021-01-12 13:50:21,415 INFO org.apache.juli.logging.DirectJDKLog [restartedMain] Initializing ProtocolHandler ["http-nio-8080"]
2021-01-12 13:50:21,416 INFO org.apache.juli.logging.DirectJDKLog [restartedMain] Starting service [Tomcat]
2021-01-12 13:50:21,416 INFO org.apache.juli.logging.DirectJDKLog [restartedMain] Starting Servlet engine: [Apache Tomcat/9.0.37]
2021-01-12 13:50:21,622 INFO org.apache.juli.logging.DirectJDKLog [restartedMain] Initializing Spring embedded WebApplicationContext
2021-01-12 13:50:21,623 INFO org.springframework.boot.web.servlet.context.ServletWebServerApplicationContext [restartedMain] Root WebApplicationContext: initialization completed in 3511 ms
2021-01-12 13:50:22,007 WARN org.springframework.boot.autoconfigure.orm.jpa.JpaBaseConfiguration$JpaWebConfiguration [restartedMain] spring.jpa.open-in-view is enabled by default. Therefore, database queries may be performed during view rendering. Explicitly configure spring.jpa.open-in-view to disable this warning
2021-01-12 13:50:22,210 INFO org.springframework.scheduling.concurrent.ExecutorConfigurationSupport [restartedMain] Initializing ExecutorService 'applicationTaskExecutor'
2021-01-12 13:50:22,227 INFO com.zaxxer.hikari.HikariDataSource [restartedMain] HikariPool-1 - Starting...
2021-01-12 13:50:25,660 INFO com.zaxxer.hikari.HikariDataSource [restartedMain] HikariPool-1 - Start completed.
2021-01-12 13:50:25,772 INFO org.hibernate.jpa.internal.util.LogHelper [task-1] HHH000204: Processing PersistenceUnitInfo [name: default]
2021-01-12 13:50:25,882 INFO org.hibernate.Version [task-1] HHH000412: Hibernate ORM core version 5.4.20.Final
2021-01-12 13:50:26,218 INFO org.hibernate.annotations.common.reflection.java.JavaReflectionManager [task-1] HCANN000001: Hibernate Commons Annotations {5.1.0.Final}
2021-01-12 13:50:26,236 INFO org.springframework.aop.framework.CglibAopProxy [restartedMain] Unable to proxy interface-implementing method [public final void org.springframework.dao.support.DaoSupport.afterPropertiesSet() throws java.lang.IllegalArgumentException,org.springframework.beans.factory.BeanInitializationException] because it is marked as final: Consider using interface-based JDK proxies instead!
2021-01-12 13:50:26,404 INFO org.springframework.aop.framework.CglibAopProxy [restartedMain] Unable to proxy interface-implementing method [public final void org.springframework.dao.support.DaoSupport.afterPropertiesSet() throws java.lang.IllegalArgumentException,org.springframework.beans.factory.BeanInitializationException] because it is marked as final: Consider using interface-based JDK proxies instead!
2021-01-12 13:50:26,443 INFO org.springframework.aop.framework.CglibAopProxy [restartedMain] Unable to proxy interface-implementing method [public final void org.springframework.dao.support.DaoSupport.afterPropertiesSet() throws java.lang.IllegalArgumentException,org.springframework.beans.factory.BeanInitializationException] because it is marked as final: Consider using interface-based JDK proxies instead!
2021-01-12 13:50:26,475 INFO org.springframework.aop.framework.CglibAopProxy [restartedMain] Unable to proxy interface-implementing method [public final void org.springframework.dao.support.DaoSupport.afterPropertiesSet() throws java.lang.IllegalArgumentException,org.springframework.beans.factory.BeanInitializationException] because it is marked as final: Consider using interface-based JDK proxies instead!
2021-01-12 13:50:26,492 INFO org.springframework.aop.framework.CglibAopProxy [restartedMain] Unable to proxy interface-implementing method [public final void org.springframework.dao.support.DaoSupport.afterPropertiesSet() throws java.lang.IllegalArgumentException,org.springframework.beans.factory.BeanInitializationException] because it is marked as final: Consider using interface-based JDK proxies instead!
2021-01-12 13:50:26,522 INFO org.springframework.aop.framework.CglibAopProxy [restartedMain] Unable to proxy interface-implementing method [public final void org.springframework.dao.support.DaoSupport.afterPropertiesSet() throws java.lang.IllegalArgumentException,org.springframework.beans.factory.BeanInitializationException] because it is marked as final: Consider using interface-based JDK proxies instead!
2021-01-12 13:50:26,542 INFO org.springframework.aop.framework.CglibAopProxy [restartedMain] Unable to proxy interface-implementing method [public final void org.springframework.dao.support.DaoSupport.afterPropertiesSet() throws java.lang.IllegalArgumentException,org.springframework.beans.factory.BeanInitializationException] because it is marked as final: Consider using interface-based JDK proxies instead!
2021-01-12 13:50:26,562 INFO org.springframework.aop.framework.CglibAopProxy [restartedMain] Unable to proxy interface-implementing method [public final void org.springframework.dao.support.DaoSupport.afterPropertiesSet() throws java.lang.IllegalArgumentException,org.springframework.beans.factory.BeanInitializationException] because it is marked as final: Consider using interface-based JDK proxies instead!
2021-01-12 13:50:26,575 INFO org.springframework.aop.framework.CglibAopProxy [restartedMain] Unable to proxy interface-implementing method [public final void org.springframework.dao.support.DaoSupport.afterPropertiesSet() throws java.lang.IllegalArgumentException,org.springframework.beans.factory.BeanInitializationException] because it is marked as final: Consider using interface-based JDK proxies instead!
2021-01-12 13:50:26,585 INFO org.springframework.aop.framework.CglibAopProxy [restartedMain] Unable to proxy interface-implementing method [public final void org.springframework.dao.support.DaoSupport.afterPropertiesSet() throws java.lang.IllegalArgumentException,org.springframework.beans.factory.BeanInitializationException] because it is marked as final: Consider using interface-based JDK proxies instead!
2021-01-12 13:50:26,760 INFO org.hibernate.dialect.Dialect [task-1] HHH000400: Using dialect: org.hibernate.dialect.MySQL57Dialect
2021-01-12 13:50:27,854 INFO org.springframework.boot.actuate.endpoint.web.EndpointLinksResolver [restartedMain] Exposing 2 endpoint(s) beneath base path '/actuator'
2021-01-12 13:50:27,978 INFO org.hibernate.engine.transaction.jta.platform.internal.JtaPlatformInitiator [task-1] HHH000490: Using JtaPlatform implementation: [org.hibernate.engine.transaction.jta.platform.internal.NoJtaPlatform]
2021-01-12 13:50:27,992 INFO org.springframework.orm.jpa.AbstractEntityManagerFactoryBean [task-1] Initialized JPA EntityManagerFactory for persistence unit 'default'
2021-01-12 13:50:28,264 INFO org.springframework.security.web.DefaultSecurityFilterChain [restartedMain] Creating filter chain: any request, [org.springframework.security.web.context.request.async.WebAsyncManagerIntegrationFilter@af89c7, org.springframework.security.web.context.SecurityContextPersistenceFilter@840e22, org.springframework.security.web.header.HeaderWriterFilter@14455dd, org.springframework.web.filter.CorsFilter@1f2ddf0, org.springframework.security.web.authentication.logout.LogoutFilter@13b92f7, com.gss.pulseworkflow.oauth.filter.PulseLoginFilter@bae51f, com.gss.pulseworkflow.oauth.filter.PulseAccessTokenFilter@3c89be, com.gss.pulseworkflow.oauth.filter.PulseTokenCheckerFilter@1c54532, org.springframework.security.web.savedrequest.RequestCacheAwareFilter@1c7acf5, org.springframework.security.web.servletapi.SecurityContextHolderAwareRequestFilter@14f354e, org.springframework.security.web.authentication.AnonymousAuthenticationFilter@a81006, org.springframework.security.web.session.SessionManagementFilter@1ea309a, org.springframework.security.web.access.ExceptionTranslationFilter@1fdc731, org.springframework.security.web.access.intercept.FilterSecurityInterceptor@159d880]
2021-01-12 13:50:28,432 INFO org.springframework.boot.devtools.autoconfigure.OptionalLiveReloadServer [restartedMain] LiveReload server is running on port 35729
2021-01-12 13:50:28,918 INFO org.apache.juli.logging.DirectJDKLog [restartedMain] Starting ProtocolHandler ["http-nio-8080"]
2021-01-12 13:50:28,931 WARN org.springframework.context.support.AbstractApplicationContext [restartedMain] Exception encountered during context initialization - cancelling refresh attempt: org.springframework.context.ApplicationContextException: Failed to start bean 'webServerStartStop'; nested exception is org.springframework.boot.web.server.PortInUseException: Port 8080 is already in use
2021-01-12 13:50:28,938 INFO org.springframework.orm.jpa.AbstractEntityManagerFactoryBean [restartedMain] Closing JPA EntityManagerFactory for persistence unit 'default'
2021-01-12 13:50:28,941 INFO org.springframework.scheduling.concurrent.ExecutorConfigurationSupport [restartedMain] Shutting down ExecutorService 'applicationTaskExecutor'
2021-01-12 13:50:28,945 INFO com.zaxxer.hikari.HikariDataSource [restartedMain] HikariPool-1 - Shutdown initiated...
2021-01-12 13:50:30,905 INFO com.zaxxer.hikari.HikariDataSource [restartedMain] HikariPool-1 - Shutdown completed.
2021-01-12 13:50:30,914 INFO org.apache.juli.logging.DirectJDKLog [restartedMain] Pausing ProtocolHandler ["http-nio-8080"]
2021-01-12 13:50:30,914 INFO org.apache.juli.logging.DirectJDKLog [restartedMain] Stopping service [Tomcat]
2021-01-12 13:50:30,921 INFO org.apache.juli.logging.DirectJDKLog [restartedMain] Stopping ProtocolHandler ["http-nio-8080"]
2021-01-12 13:50:30,921 INFO org.apache.juli.logging.DirectJDKLog [restartedMain] Destroying ProtocolHandler ["http-nio-8080"]
2021-01-12 13:50:30,936 INFO org.springframework.boot.autoconfigure.logging.ConditionEvaluationReportLoggingListener [restartedMain] 

Error starting ApplicationContext. To display the conditions report re-run your application with 'debug' enabled.
2021-01-12 13:50:30,939 ERROR org.springframework.boot.diagnostics.LoggingFailureAnalysisReporter [restartedMain] 

***************************
APPLICATION FAILED TO START
***************************

Description:

Web server failed to start. Port 8080 was already in use.

Action:

Identify and stop the process that's listening on port 8080 or configure this application to listen on another port.

2021-01-12 14:01:28,340 INFO org.springframework.boot.StartupInfoLogger [restartedMain] Starting PulseWorkFlowApplication on DESKTOP-LN0C744 with PID 13204 (D:\Pulseoftheworkorce\GSS\Dev-WorkSpace\PulseWorkForce\PulseWorkFlow\target\classes started by GSSADMIN in D:\Pulseoftheworkorce\GSS\Dev-WorkSpace\PulseWorkForce\PulseWorkFlow)
2021-01-12 14:01:28,345 INFO org.springframework.boot.SpringApplication [restartedMain] No active profile set, falling back to default profiles: default
2021-01-12 14:01:28,426 INFO org.springframework.boot.logging.DeferredLog [restartedMain] Devtools property defaults active! Set 'spring.devtools.add-properties' to 'false' to disable
2021-01-12 14:01:28,427 INFO org.springframework.boot.logging.DeferredLog [restartedMain] For additional web related logging consider setting the 'logging.level.web' property to 'DEBUG'
2021-01-12 14:01:30,252 INFO org.springframework.data.repository.config.RepositoryConfigurationDelegate [restartedMain] Multiple Spring Data modules found, entering strict repository configuration mode!
2021-01-12 14:01:30,254 INFO org.springframework.data.repository.config.RepositoryConfigurationDelegate [restartedMain] Bootstrapping Spring Data JDBC repositories in DEFAULT mode.
2021-01-12 14:01:30,339 INFO org.springframework.data.repository.config.RepositoryConfigurationExtensionSupport [restartedMain] Spring Data JDBC - Could not safely identify store assignment for repository candidate interface com.gss.pulseworkflow.dao.UserRepository. If you want this repository to be a JDBC repository, consider annotating your entities with one of these annotations: org.springframework.data.relational.core.mapping.Table.
2021-01-12 14:01:30,341 INFO org.springframework.data.repository.config.RepositoryConfigurationDelegate [restartedMain] Finished Spring Data repository scanning in 79ms. Found 0 JDBC repository interfaces.
2021-01-12 14:01:30,355 INFO org.springframework.data.repository.config.RepositoryConfigurationDelegate [restartedMain] Multiple Spring Data modules found, entering strict repository configuration mode!
2021-01-12 14:01:30,357 INFO org.springframework.data.repository.config.RepositoryConfigurationDelegate [restartedMain] Bootstrapping Spring Data JPA repositories in DEFERRED mode.
2021-01-12 14:01:30,436 INFO org.springframework.data.repository.config.RepositoryConfigurationDelegate [restartedMain] Finished Spring Data repository scanning in 69ms. Found 1 JPA repository interfaces.
2021-01-12 14:01:31,688 INFO org.springframework.boot.web.embedded.tomcat.TomcatWebServer [restartedMain] Tomcat initialized with port(s): 8080 (http)
2021-01-12 14:01:31,703 INFO org.apache.juli.logging.DirectJDKLog [restartedMain] Initializing ProtocolHandler ["http-nio-8080"]
2021-01-12 14:01:31,704 INFO org.apache.juli.logging.DirectJDKLog [restartedMain] Starting service [Tomcat]
2021-01-12 14:01:31,704 INFO org.apache.juli.logging.DirectJDKLog [restartedMain] Starting Servlet engine: [Apache Tomcat/9.0.37]
2021-01-12 14:01:31,901 INFO org.apache.juli.logging.DirectJDKLog [restartedMain] Initializing Spring embedded WebApplicationContext
2021-01-12 14:01:31,902 INFO org.springframework.boot.web.servlet.context.ServletWebServerApplicationContext [restartedMain] Root WebApplicationContext: initialization completed in 3475 ms
2021-01-12 14:01:32,245 WARN org.springframework.boot.autoconfigure.orm.jpa.JpaBaseConfiguration$JpaWebConfiguration [restartedMain] spring.jpa.open-in-view is enabled by default. Therefore, database queries may be performed during view rendering. Explicitly configure spring.jpa.open-in-view to disable this warning
2021-01-12 14:01:32,464 INFO org.springframework.scheduling.concurrent.ExecutorConfigurationSupport [restartedMain] Initializing ExecutorService 'applicationTaskExecutor'
2021-01-12 14:01:32,488 INFO com.zaxxer.hikari.HikariDataSource [restartedMain] HikariPool-1 - Starting...
2021-01-12 14:01:36,162 INFO com.zaxxer.hikari.HikariDataSource [restartedMain] HikariPool-1 - Start completed.
2021-01-12 14:01:36,275 INFO org.hibernate.jpa.internal.util.LogHelper [task-1] HHH000204: Processing PersistenceUnitInfo [name: default]
2021-01-12 14:01:36,378 INFO org.hibernate.Version [task-1] HHH000412: Hibernate ORM core version 5.4.20.Final
2021-01-12 14:01:36,663 INFO org.hibernate.annotations.common.reflection.java.JavaReflectionManager [task-1] HCANN000001: Hibernate Commons Annotations {5.1.0.Final}
2021-01-12 14:01:36,682 INFO org.springframework.aop.framework.CglibAopProxy [restartedMain] Unable to proxy interface-implementing method [public final void org.springframework.dao.support.DaoSupport.afterPropertiesSet() throws java.lang.IllegalArgumentException,org.springframework.beans.factory.BeanInitializationException] because it is marked as final: Consider using interface-based JDK proxies instead!
2021-01-12 14:01:36,933 INFO org.springframework.aop.framework.CglibAopProxy [restartedMain] Unable to proxy interface-implementing method [public final void org.springframework.dao.support.DaoSupport.afterPropertiesSet() throws java.lang.IllegalArgumentException,org.springframework.beans.factory.BeanInitializationException] because it is marked as final: Consider using interface-based JDK proxies instead!
2021-01-12 14:01:36,970 INFO org.springframework.aop.framework.CglibAopProxy [restartedMain] Unable to proxy interface-implementing method [public final void org.springframework.dao.support.DaoSupport.afterPropertiesSet() throws java.lang.IllegalArgumentException,org.springframework.beans.factory.BeanInitializationException] because it is marked as final: Consider using interface-based JDK proxies instead!
2021-01-12 14:01:37,004 INFO org.springframework.aop.framework.CglibAopProxy [restartedMain] Unable to proxy interface-implementing method [public final void org.springframework.dao.support.DaoSupport.afterPropertiesSet() throws java.lang.IllegalArgumentException,org.springframework.beans.factory.BeanInitializationException] because it is marked as final: Consider using interface-based JDK proxies instead!
2021-01-12 14:01:37,019 INFO org.springframework.aop.framework.CglibAopProxy [restartedMain] Unable to proxy interface-implementing method [public final void org.springframework.dao.support.DaoSupport.afterPropertiesSet() throws java.lang.IllegalArgumentException,org.springframework.beans.factory.BeanInitializationException] because it is marked as final: Consider using interface-based JDK proxies instead!
2021-01-12 14:01:37,038 INFO org.springframework.aop.framework.CglibAopProxy [restartedMain] Unable to proxy interface-implementing method [public final void org.springframework.dao.support.DaoSupport.afterPropertiesSet() throws java.lang.IllegalArgumentException,org.springframework.beans.factory.BeanInitializationException] because it is marked as final: Consider using interface-based JDK proxies instead!
2021-01-12 14:01:37,067 INFO org.springframework.aop.framework.CglibAopProxy [restartedMain] Unable to proxy interface-implementing method [public final void org.springframework.dao.support.DaoSupport.afterPropertiesSet() throws java.lang.IllegalArgumentException,org.springframework.beans.factory.BeanInitializationException] because it is marked as final: Consider using interface-based JDK proxies instead!
2021-01-12 14:01:37,083 INFO org.springframework.aop.framework.CglibAopProxy [restartedMain] Unable to proxy interface-implementing method [public final void org.springframework.dao.support.DaoSupport.afterPropertiesSet() throws java.lang.IllegalArgumentException,org.springframework.beans.factory.BeanInitializationException] because it is marked as final: Consider using interface-based JDK proxies instead!
2021-01-12 14:01:37,093 INFO org.springframework.aop.framework.CglibAopProxy [restartedMain] Unable to proxy interface-implementing method [public final void org.springframework.dao.support.DaoSupport.afterPropertiesSet() throws java.lang.IllegalArgumentException,org.springframework.beans.factory.BeanInitializationException] because it is marked as final: Consider using interface-based JDK proxies instead!
2021-01-12 14:01:37,101 INFO org.springframework.aop.framework.CglibAopProxy [restartedMain] Unable to proxy interface-implementing method [public final void org.springframework.dao.support.DaoSupport.afterPropertiesSet() throws java.lang.IllegalArgumentException,org.springframework.beans.factory.BeanInitializationException] because it is marked as final: Consider using interface-based JDK proxies instead!
2021-01-12 14:01:37,289 INFO org.hibernate.dialect.Dialect [task-1] HHH000400: Using dialect: org.hibernate.dialect.MySQL57Dialect
2021-01-12 14:01:38,205 INFO org.springframework.boot.actuate.endpoint.web.EndpointLinksResolver [restartedMain] Exposing 2 endpoint(s) beneath base path '/actuator'
2021-01-12 14:01:38,353 INFO org.hibernate.engine.transaction.jta.platform.internal.JtaPlatformInitiator [task-1] HHH000490: Using JtaPlatform implementation: [org.hibernate.engine.transaction.jta.platform.internal.NoJtaPlatform]
2021-01-12 14:01:38,370 INFO org.springframework.orm.jpa.AbstractEntityManagerFactoryBean [task-1] Initialized JPA EntityManagerFactory for persistence unit 'default'
2021-01-12 14:01:38,607 INFO org.springframework.security.web.DefaultSecurityFilterChain [restartedMain] Creating filter chain: any request, [org.springframework.security.web.context.request.async.WebAsyncManagerIntegrationFilter@19f6b10, org.springframework.security.web.context.SecurityContextPersistenceFilter@19fde97, org.springframework.security.web.header.HeaderWriterFilter@13b92f7, org.springframework.web.filter.CorsFilter@3ee2c0, org.springframework.security.web.authentication.logout.LogoutFilter@175102a, com.gss.pulseworkflow.oauth.filter.PulseLoginFilter@6920e7, com.gss.pulseworkflow.oauth.filter.PulseAccessTokenFilter@191d9cf, com.gss.pulseworkflow.oauth.filter.PulseTokenCheckerFilter@11b11f7, org.springframework.security.web.savedrequest.RequestCacheAwareFilter@102d8ee, org.springframework.security.web.servletapi.SecurityContextHolderAwareRequestFilter@635329, org.springframework.security.web.authentication.AnonymousAuthenticationFilter@776f7e, org.springframework.security.web.session.SessionManagementFilter@1724f67, org.springframework.security.web.access.ExceptionTranslationFilter@1177781, org.springframework.security.web.access.intercept.FilterSecurityInterceptor@6d51c4]
2021-01-12 14:01:38,774 INFO org.springframework.boot.devtools.autoconfigure.OptionalLiveReloadServer [restartedMain] LiveReload server is running on port 35729
2021-01-12 14:01:39,411 INFO org.apache.juli.logging.DirectJDKLog [restartedMain] Starting ProtocolHandler ["http-nio-8080"]
2021-01-12 14:01:39,425 WARN org.springframework.context.support.AbstractApplicationContext [restartedMain] Exception encountered during context initialization - cancelling refresh attempt: org.springframework.context.ApplicationContextException: Failed to start bean 'webServerStartStop'; nested exception is org.springframework.boot.web.server.PortInUseException: Port 8080 is already in use
2021-01-12 14:01:39,433 INFO org.springframework.orm.jpa.AbstractEntityManagerFactoryBean [restartedMain] Closing JPA EntityManagerFactory for persistence unit 'default'
2021-01-12 14:01:39,436 INFO org.springframework.scheduling.concurrent.ExecutorConfigurationSupport [restartedMain] Shutting down ExecutorService 'applicationTaskExecutor'
2021-01-12 14:01:39,440 INFO com.zaxxer.hikari.HikariDataSource [restartedMain] HikariPool-1 - Shutdown initiated...
2021-01-12 14:01:39,550 INFO com.zaxxer.hikari.HikariDataSource [restartedMain] HikariPool-1 - Shutdown completed.
2021-01-12 14:01:39,556 INFO org.apache.juli.logging.DirectJDKLog [restartedMain] Pausing ProtocolHandler ["http-nio-8080"]
2021-01-12 14:01:39,556 INFO org.apache.juli.logging.DirectJDKLog [restartedMain] Stopping service [Tomcat]
2021-01-12 14:01:39,566 INFO org.apache.juli.logging.DirectJDKLog [restartedMain] Stopping ProtocolHandler ["http-nio-8080"]
2021-01-12 14:01:39,567 INFO org.apache.juli.logging.DirectJDKLog [restartedMain] Destroying ProtocolHandler ["http-nio-8080"]
2021-01-12 14:01:39,579 INFO org.springframework.boot.autoconfigure.logging.ConditionEvaluationReportLoggingListener [restartedMain] 

Error starting ApplicationContext. To display the conditions report re-run your application with 'debug' enabled.
2021-01-12 14:01:39,582 ERROR org.springframework.boot.diagnostics.LoggingFailureAnalysisReporter [restartedMain] 

***************************
APPLICATION FAILED TO START
***************************

Description:

Web server failed to start. Port 8080 was already in use.

Action:

Identify and stop the process that's listening on port 8080 or configure this application to listen on another port.

2021-01-12 14:03:07,184 INFO org.springframework.boot.StartupInfoLogger [restartedMain] Starting PulseWorkFlowApplication on DESKTOP-LN0C744 with PID 18400 (D:\Pulseoftheworkorce\GSS\Dev-WorkSpace\PulseWorkForce\PulseWorkFlow\target\classes started by GSSADMIN in D:\Pulseoftheworkorce\GSS\Dev-WorkSpace\PulseWorkForce\PulseWorkFlow)
2021-01-12 14:03:07,191 INFO org.springframework.boot.SpringApplication [restartedMain] No active profile set, falling back to default profiles: default
2021-01-12 14:03:07,271 INFO org.springframework.boot.logging.DeferredLog [restartedMain] Devtools property defaults active! Set 'spring.devtools.add-properties' to 'false' to disable
2021-01-12 14:03:07,271 INFO org.springframework.boot.logging.DeferredLog [restartedMain] For additional web related logging consider setting the 'logging.level.web' property to 'DEBUG'
2021-01-12 14:03:09,081 INFO org.springframework.data.repository.config.RepositoryConfigurationDelegate [restartedMain] Multiple Spring Data modules found, entering strict repository configuration mode!
2021-01-12 14:03:09,083 INFO org.springframework.data.repository.config.RepositoryConfigurationDelegate [restartedMain] Bootstrapping Spring Data JDBC repositories in DEFAULT mode.
2021-01-12 14:03:09,168 INFO org.springframework.data.repository.config.RepositoryConfigurationExtensionSupport [restartedMain] Spring Data JDBC - Could not safely identify store assignment for repository candidate interface com.gss.pulseworkflow.dao.UserRepository. If you want this repository to be a JDBC repository, consider annotating your entities with one of these annotations: org.springframework.data.relational.core.mapping.Table.
2021-01-12 14:03:09,169 INFO org.springframework.data.repository.config.RepositoryConfigurationDelegate [restartedMain] Finished Spring Data repository scanning in 79ms. Found 0 JDBC repository interfaces.
2021-01-12 14:03:09,182 INFO org.springframework.data.repository.config.RepositoryConfigurationDelegate [restartedMain] Multiple Spring Data modules found, entering strict repository configuration mode!
2021-01-12 14:03:09,183 INFO org.springframework.data.repository.config.RepositoryConfigurationDelegate [restartedMain] Bootstrapping Spring Data JPA repositories in DEFERRED mode.
2021-01-12 14:03:09,248 INFO org.springframework.data.repository.config.RepositoryConfigurationDelegate [restartedMain] Finished Spring Data repository scanning in 60ms. Found 1 JPA repository interfaces.
2021-01-12 14:03:10,500 INFO org.springframework.boot.web.embedded.tomcat.TomcatWebServer [restartedMain] Tomcat initialized with port(s): 2016 (http)
2021-01-12 14:03:10,515 INFO org.apache.juli.logging.DirectJDKLog [restartedMain] Initializing ProtocolHandler ["http-nio-2016"]
2021-01-12 14:03:10,516 INFO org.apache.juli.logging.DirectJDKLog [restartedMain] Starting service [Tomcat]
2021-01-12 14:03:10,517 INFO org.apache.juli.logging.DirectJDKLog [restartedMain] Starting Servlet engine: [Apache Tomcat/9.0.37]
2021-01-12 14:03:10,749 INFO org.apache.juli.logging.DirectJDKLog [restartedMain] Initializing Spring embedded WebApplicationContext
2021-01-12 14:03:10,750 INFO org.springframework.boot.web.servlet.context.ServletWebServerApplicationContext [restartedMain] Root WebApplicationContext: initialization completed in 3479 ms
2021-01-12 14:03:11,120 WARN org.springframework.boot.autoconfigure.orm.jpa.JpaBaseConfiguration$JpaWebConfiguration [restartedMain] spring.jpa.open-in-view is enabled by default. Therefore, database queries may be performed during view rendering. Explicitly configure spring.jpa.open-in-view to disable this warning
2021-01-12 14:03:11,320 INFO org.springframework.scheduling.concurrent.ExecutorConfigurationSupport [restartedMain] Initializing ExecutorService 'applicationTaskExecutor'
2021-01-12 14:03:11,346 INFO com.zaxxer.hikari.HikariDataSource [restartedMain] HikariPool-1 - Starting...
2021-01-12 14:03:15,195 INFO com.zaxxer.hikari.HikariDataSource [restartedMain] HikariPool-1 - Start completed.
2021-01-12 14:03:15,319 INFO org.hibernate.jpa.internal.util.LogHelper [task-1] HHH000204: Processing PersistenceUnitInfo [name: default]
2021-01-12 14:03:15,426 INFO org.hibernate.Version [task-1] HHH000412: Hibernate ORM core version 5.4.20.Final
2021-01-12 14:03:15,701 INFO org.hibernate.annotations.common.reflection.java.JavaReflectionManager [task-1] HCANN000001: Hibernate Commons Annotations {5.1.0.Final}
2021-01-12 14:03:15,724 INFO org.springframework.aop.framework.CglibAopProxy [restartedMain] Unable to proxy interface-implementing method [public final void org.springframework.dao.support.DaoSupport.afterPropertiesSet() throws java.lang.IllegalArgumentException,org.springframework.beans.factory.BeanInitializationException] because it is marked as final: Consider using interface-based JDK proxies instead!
2021-01-12 14:03:15,970 INFO org.springframework.aop.framework.CglibAopProxy [restartedMain] Unable to proxy interface-implementing method [public final void org.springframework.dao.support.DaoSupport.afterPropertiesSet() throws java.lang.IllegalArgumentException,org.springframework.beans.factory.BeanInitializationException] because it is marked as final: Consider using interface-based JDK proxies instead!
2021-01-12 14:03:16,007 INFO org.springframework.aop.framework.CglibAopProxy [restartedMain] Unable to proxy interface-implementing method [public final void org.springframework.dao.support.DaoSupport.afterPropertiesSet() throws java.lang.IllegalArgumentException,org.springframework.beans.factory.BeanInitializationException] because it is marked as final: Consider using interface-based JDK proxies instead!
2021-01-12 14:03:16,044 INFO org.springframework.aop.framework.CglibAopProxy [restartedMain] Unable to proxy interface-implementing method [public final void org.springframework.dao.support.DaoSupport.afterPropertiesSet() throws java.lang.IllegalArgumentException,org.springframework.beans.factory.BeanInitializationException] because it is marked as final: Consider using interface-based JDK proxies instead!
2021-01-12 14:03:16,056 INFO org.springframework.aop.framework.CglibAopProxy [restartedMain] Unable to proxy interface-implementing method [public final void org.springframework.dao.support.DaoSupport.afterPropertiesSet() throws java.lang.IllegalArgumentException,org.springframework.beans.factory.BeanInitializationException] because it is marked as final: Consider using interface-based JDK proxies instead!
2021-01-12 14:03:16,076 INFO org.springframework.aop.framework.CglibAopProxy [restartedMain] Unable to proxy interface-implementing method [public final void org.springframework.dao.support.DaoSupport.afterPropertiesSet() throws java.lang.IllegalArgumentException,org.springframework.beans.factory.BeanInitializationException] because it is marked as final: Consider using interface-based JDK proxies instead!
2021-01-12 14:03:16,104 INFO org.springframework.aop.framework.CglibAopProxy [restartedMain] Unable to proxy interface-implementing method [public final void org.springframework.dao.support.DaoSupport.afterPropertiesSet() throws java.lang.IllegalArgumentException,org.springframework.beans.factory.BeanInitializationException] because it is marked as final: Consider using interface-based JDK proxies instead!
2021-01-12 14:03:16,121 INFO org.springframework.aop.framework.CglibAopProxy [restartedMain] Unable to proxy interface-implementing method [public final void org.springframework.dao.support.DaoSupport.afterPropertiesSet() throws java.lang.IllegalArgumentException,org.springframework.beans.factory.BeanInitializationException] because it is marked as final: Consider using interface-based JDK proxies instead!
2021-01-12 14:03:16,130 INFO org.springframework.aop.framework.CglibAopProxy [restartedMain] Unable to proxy interface-implementing method [public final void org.springframework.dao.support.DaoSupport.afterPropertiesSet() throws java.lang.IllegalArgumentException,org.springframework.beans.factory.BeanInitializationException] because it is marked as final: Consider using interface-based JDK proxies instead!
2021-01-12 14:03:16,139 INFO org.springframework.aop.framework.CglibAopProxy [restartedMain] Unable to proxy interface-implementing method [public final void org.springframework.dao.support.DaoSupport.afterPropertiesSet() throws java.lang.IllegalArgumentException,org.springframework.beans.factory.BeanInitializationException] because it is marked as final: Consider using interface-based JDK proxies instead!
2021-01-12 14:03:16,342 INFO org.hibernate.dialect.Dialect [task-1] HHH000400: Using dialect: org.hibernate.dialect.MySQL57Dialect
2021-01-12 14:03:17,440 INFO org.springframework.boot.actuate.endpoint.web.EndpointLinksResolver [restartedMain] Exposing 2 endpoint(s) beneath base path '/actuator'
2021-01-12 14:03:17,574 INFO org.hibernate.engine.transaction.jta.platform.internal.JtaPlatformInitiator [task-1] HHH000490: Using JtaPlatform implementation: [org.hibernate.engine.transaction.jta.platform.internal.NoJtaPlatform]
2021-01-12 14:03:17,589 INFO org.springframework.orm.jpa.AbstractEntityManagerFactoryBean [task-1] Initialized JPA EntityManagerFactory for persistence unit 'default'
2021-01-12 14:03:17,844 INFO org.springframework.security.web.DefaultSecurityFilterChain [restartedMain] Creating filter chain: any request, [org.springframework.security.web.context.request.async.WebAsyncManagerIntegrationFilter@1593f58, org.springframework.security.web.context.SecurityContextPersistenceFilter@1c1d1f1, org.springframework.security.web.header.HeaderWriterFilter@7df9e1, org.springframework.web.filter.CorsFilter@a638a1, org.springframework.security.web.authentication.logout.LogoutFilter@24e472, com.gss.pulseworkflow.oauth.filter.PulseLoginFilter@163b90a, com.gss.pulseworkflow.oauth.filter.PulseAccessTokenFilter@11b11f7, com.gss.pulseworkflow.oauth.filter.PulseTokenCheckerFilter@97a844, org.springframework.security.web.savedrequest.RequestCacheAwareFilter@11a6f7e, org.springframework.security.web.servletapi.SecurityContextHolderAwareRequestFilter@a3e69, org.springframework.security.web.authentication.AnonymousAuthenticationFilter@16db46e, org.springframework.security.web.session.SessionManagementFilter@e2e3ea, org.springframework.security.web.access.ExceptionTranslationFilter@1b38212, org.springframework.security.web.access.intercept.FilterSecurityInterceptor@cd6824]
2021-01-12 14:03:18,016 INFO org.springframework.boot.devtools.autoconfigure.OptionalLiveReloadServer [restartedMain] LiveReload server is running on port 35729
2021-01-12 14:03:18,510 INFO org.apache.juli.logging.DirectJDKLog [restartedMain] Starting ProtocolHandler ["http-nio-2016"]
2021-01-12 14:03:18,540 INFO org.springframework.boot.web.embedded.tomcat.TomcatWebServer [restartedMain] Tomcat started on port(s): 2016 (http) with context path ''
2021-01-12 14:03:19,307 WARN springfox.documentation.schema.property.CachingModelPropertiesProvider [restartedMain] Exception calculating properties for model(com.gss.pulseworkflow.model.AccessTokenResponse) -> ModelContext{groupName=default, type=com.gss.pulseworkflow.model.AccessTokenResponse, isReturnType=true, view=Optional.empty}. Duplicate key [Property 'access_token'; ctors: null, field(s): null, getter(s): null, setter(s): [method com.gss.pulseworkflow.model.AccessTokenResponse#setAccessToken(1 params)][visible=true,ignore=false,explicitName=true]]
2021-01-12 14:03:19,308 WARN springfox.documentation.schema.property.CachingModelPropertiesProvider [restartedMain] Exception calculating properties for model(com.gss.pulseworkflow.model.AccessTokenResponse) -> ModelContext{groupName=default, type=com.gss.pulseworkflow.model.AccessTokenResponse, isReturnType=true, view=Optional.empty}. Duplicate key [Property 'access_token'; ctors: null, field(s): null, getter(s): null, setter(s): [method com.gss.pulseworkflow.model.AccessTokenResponse#setAccessToken(1 params)][visible=true,ignore=false,explicitName=true]]
2021-01-12 14:03:19,309 WARN springfox.documentation.schema.property.CachingModelPropertiesProvider [restartedMain] Exception calculating properties for model(com.gss.pulseworkflow.model.AccessTokenResponse) -> ModelContext{groupName=default, type=com.gss.pulseworkflow.model.AccessTokenResponse, isReturnType=true, view=Optional.empty}. Duplicate key [Property 'access_token'; ctors: null, field(s): null, getter(s): null, setter(s): [method com.gss.pulseworkflow.model.AccessTokenResponse#setAccessToken(1 params)][visible=true,ignore=false,explicitName=true]]
2021-01-12 14:03:19,318 WARN springfox.documentation.schema.property.CachingModelPropertiesProvider [restartedMain] Exception calculating properties for model(com.gss.pulseworkflow.model.AccessTokenResponse) -> ModelContext{groupName=default, type=com.gss.pulseworkflow.model.AccessTokenResponse, isReturnType=true, view=Optional.empty}. Duplicate key [Property 'access_token'; ctors: null, field(s): null, getter(s): null, setter(s): [method com.gss.pulseworkflow.model.AccessTokenResponse#setAccessToken(1 params)][visible=true,ignore=false,explicitName=true]]
2021-01-12 14:03:19,497 INFO org.springframework.data.repository.config.DeferredRepositoryInitializationListener [restartedMain] Triggering deferred initialization of Spring Data repositories…
2021-01-12 14:03:19,813 INFO org.springframework.data.repository.config.DeferredRepositoryInitializationListener [restartedMain] Spring Data repositories initialized!
2021-01-12 14:03:19,827 INFO org.springframework.boot.StartupInfoLogger [restartedMain] Started PulseWorkFlowApplication in 13.195 seconds (JVM running for 14.653)
2021-01-12 14:33:56,338 INFO org.springframework.orm.jpa.AbstractEntityManagerFactoryBean [Thread-6] Closing JPA EntityManagerFactory for persistence unit 'default'
2021-01-12 14:33:56,340 INFO org.springframework.scheduling.concurrent.ExecutorConfigurationSupport [Thread-6] Shutting down ExecutorService 'applicationTaskExecutor'
2021-01-12 14:33:56,344 INFO com.zaxxer.hikari.HikariDataSource [Thread-6] HikariPool-1 - Shutdown initiated...
2021-01-12 14:33:56,351 INFO com.zaxxer.hikari.HikariDataSource [Thread-6] HikariPool-1 - Shutdown completed.
2021-01-12 14:33:56,540 INFO org.springframework.boot.StartupInfoLogger [restartedMain] Starting PulseWorkFlowApplication on DESKTOP-LN0C744 with PID 18400 (D:\Pulseoftheworkorce\GSS\Dev-WorkSpace\PulseWorkForce\PulseWorkFlow\target\classes started by GSSADMIN in D:\Pulseoftheworkorce\GSS\Dev-WorkSpace\PulseWorkForce\PulseWorkFlow)
2021-01-12 14:33:56,541 INFO org.springframework.boot.SpringApplication [restartedMain] No active profile set, falling back to default profiles: default
2021-01-12 14:33:57,562 INFO org.springframework.data.repository.config.RepositoryConfigurationDelegate [restartedMain] Multiple Spring Data modules found, entering strict repository configuration mode!
2021-01-12 14:33:57,562 INFO org.springframework.data.repository.config.RepositoryConfigurationDelegate [restartedMain] Bootstrapping Spring Data JDBC repositories in DEFAULT mode.
2021-01-12 14:33:57,595 INFO org.springframework.data.repository.config.RepositoryConfigurationExtensionSupport [restartedMain] Spring Data JDBC - Could not safely identify store assignment for repository candidate interface com.gss.pulseworkflow.dao.UserRepository. If you want this repository to be a JDBC repository, consider annotating your entities with one of these annotations: org.springframework.data.relational.core.mapping.Table.
2021-01-12 14:33:57,595 INFO org.springframework.data.repository.config.RepositoryConfigurationDelegate [restartedMain] Finished Spring Data repository scanning in 32ms. Found 0 JDBC repository interfaces.
2021-01-12 14:33:57,601 INFO org.springframework.data.repository.config.RepositoryConfigurationDelegate [restartedMain] Multiple Spring Data modules found, entering strict repository configuration mode!
2021-01-12 14:33:57,602 INFO org.springframework.data.repository.config.RepositoryConfigurationDelegate [restartedMain] Bootstrapping Spring Data JPA repositories in DEFERRED mode.
2021-01-12 14:33:57,640 INFO org.springframework.data.repository.config.RepositoryConfigurationDelegate [restartedMain] Finished Spring Data repository scanning in 38ms. Found 1 JPA repository interfaces.
2021-01-12 14:33:58,066 INFO org.springframework.boot.web.embedded.tomcat.TomcatWebServer [restartedMain] Tomcat initialized with port(s): 8080 (http)
2021-01-12 14:33:58,067 INFO org.apache.juli.logging.DirectJDKLog [restartedMain] Initializing ProtocolHandler ["http-nio-8080"]
2021-01-12 14:33:58,067 INFO org.apache.juli.logging.DirectJDKLog [restartedMain] Starting service [Tomcat]
2021-01-12 14:33:58,068 INFO org.apache.juli.logging.DirectJDKLog [restartedMain] Starting Servlet engine: [Apache Tomcat/9.0.37]
2021-01-12 14:33:58,114 INFO org.apache.juli.logging.DirectJDKLog [restartedMain] Initializing Spring embedded WebApplicationContext
2021-01-12 14:33:58,115 INFO org.springframework.boot.web.servlet.context.ServletWebServerApplicationContext [restartedMain] Root WebApplicationContext: initialization completed in 1561 ms
2021-01-12 14:33:58,290 WARN org.springframework.boot.autoconfigure.orm.jpa.JpaBaseConfiguration$JpaWebConfiguration [restartedMain] spring.jpa.open-in-view is enabled by default. Therefore, database queries may be performed during view rendering. Explicitly configure spring.jpa.open-in-view to disable this warning
2021-01-12 14:33:58,362 INFO org.springframework.scheduling.concurrent.ExecutorConfigurationSupport [restartedMain] Initializing ExecutorService 'applicationTaskExecutor'
2021-01-12 14:33:58,365 INFO com.zaxxer.hikari.HikariDataSource [restartedMain] HikariPool-2 - Starting...
2021-01-12 14:34:01,507 INFO com.zaxxer.hikari.HikariDataSource [restartedMain] HikariPool-2 - Start completed.
2021-01-12 14:34:01,522 INFO org.hibernate.jpa.internal.util.LogHelper [task-1] HHH000204: Processing PersistenceUnitInfo [name: default]
2021-01-12 14:34:01,532 INFO org.hibernate.dialect.Dialect [task-1] HHH000400: Using dialect: org.hibernate.dialect.MySQL57Dialect
2021-01-12 14:34:01,598 INFO org.hibernate.engine.transaction.jta.platform.internal.JtaPlatformInitiator [task-1] HHH000490: Using JtaPlatform implementation: [org.hibernate.engine.transaction.jta.platform.internal.NoJtaPlatform]
2021-01-12 14:34:01,599 INFO org.springframework.orm.jpa.AbstractEntityManagerFactoryBean [task-1] Initialized JPA EntityManagerFactory for persistence unit 'default'
2021-01-12 14:34:01,637 INFO org.springframework.aop.framework.CglibAopProxy [restartedMain] Unable to proxy interface-implementing method [public final void org.springframework.dao.support.DaoSupport.afterPropertiesSet() throws java.lang.IllegalArgumentException,org.springframework.beans.factory.BeanInitializationException] because it is marked as final: Consider using interface-based JDK proxies instead!
2021-01-12 14:34:01,705 INFO org.springframework.aop.framework.CglibAopProxy [restartedMain] Unable to proxy interface-implementing method [public final void org.springframework.dao.support.DaoSupport.afterPropertiesSet() throws java.lang.IllegalArgumentException,org.springframework.beans.factory.BeanInitializationException] because it is marked as final: Consider using interface-based JDK proxies instead!
2021-01-12 14:34:01,738 INFO org.springframework.aop.framework.CglibAopProxy [restartedMain] Unable to proxy interface-implementing method [public final void org.springframework.dao.support.DaoSupport.afterPropertiesSet() throws java.lang.IllegalArgumentException,org.springframework.beans.factory.BeanInitializationException] because it is marked as final: Consider using interface-based JDK proxies instead!
2021-01-12 14:34:01,763 INFO org.springframework.aop.framework.CglibAopProxy [restartedMain] Unable to proxy interface-implementing method [public final void org.springframework.dao.support.DaoSupport.afterPropertiesSet() throws java.lang.IllegalArgumentException,org.springframework.beans.factory.BeanInitializationException] because it is marked as final: Consider using interface-based JDK proxies instead!
2021-01-12 14:34:01,776 INFO org.springframework.aop.framework.CglibAopProxy [restartedMain] Unable to proxy interface-implementing method [public final void org.springframework.dao.support.DaoSupport.afterPropertiesSet() throws java.lang.IllegalArgumentException,org.springframework.beans.factory.BeanInitializationException] because it is marked as final: Consider using interface-based JDK proxies instead!
2021-01-12 14:34:01,794 INFO org.springframework.aop.framework.CglibAopProxy [restartedMain] Unable to proxy interface-implementing method [public final void org.springframework.dao.support.DaoSupport.afterPropertiesSet() throws java.lang.IllegalArgumentException,org.springframework.beans.factory.BeanInitializationException] because it is marked as final: Consider using interface-based JDK proxies instead!
2021-01-12 14:34:01,820 INFO org.springframework.aop.framework.CglibAopProxy [restartedMain] Unable to proxy interface-implementing method [public final void org.springframework.dao.support.DaoSupport.afterPropertiesSet() throws java.lang.IllegalArgumentException,org.springframework.beans.factory.BeanInitializationException] because it is marked as final: Consider using interface-based JDK proxies instead!
2021-01-12 14:34:01,838 INFO org.springframework.aop.framework.CglibAopProxy [restartedMain] Unable to proxy interface-implementing method [public final void org.springframework.dao.support.DaoSupport.afterPropertiesSet() throws java.lang.IllegalArgumentException,org.springframework.beans.factory.BeanInitializationException] because it is marked as final: Consider using interface-based JDK proxies instead!
2021-01-12 14:34:01,851 INFO org.springframework.aop.framework.CglibAopProxy [restartedMain] Unable to proxy interface-implementing method [public final void org.springframework.dao.support.DaoSupport.afterPropertiesSet() throws java.lang.IllegalArgumentException,org.springframework.beans.factory.BeanInitializationException] because it is marked as final: Consider using interface-based JDK proxies instead!
2021-01-12 14:34:01,861 INFO org.springframework.aop.framework.CglibAopProxy [restartedMain] Unable to proxy interface-implementing method [public final void org.springframework.dao.support.DaoSupport.afterPropertiesSet() throws java.lang.IllegalArgumentException,org.springframework.beans.factory.BeanInitializationException] because it is marked as final: Consider using interface-based JDK proxies instead!
2021-01-12 14:34:02,176 INFO org.springframework.boot.actuate.endpoint.web.EndpointLinksResolver [restartedMain] Exposing 2 endpoint(s) beneath base path '/actuator'
2021-01-12 14:34:02,260 INFO org.springframework.security.web.DefaultSecurityFilterChain [restartedMain] Creating filter chain: any request, [org.springframework.security.web.context.request.async.WebAsyncManagerIntegrationFilter@18bff3b, org.springframework.security.web.context.SecurityContextPersistenceFilter@15382fd, org.springframework.security.web.header.HeaderWriterFilter@12b1081, org.springframework.web.filter.CorsFilter@14ae471, org.springframework.security.web.authentication.logout.LogoutFilter@190d89f, com.gss.pulseworkflow.oauth.filter.PulseLoginFilter@16bbc, com.gss.pulseworkflow.oauth.filter.PulseAccessTokenFilter@4adaba, com.gss.pulseworkflow.oauth.filter.PulseTokenCheckerFilter@6b581a, org.springframework.security.web.savedrequest.RequestCacheAwareFilter@1887f22, org.springframework.security.web.servletapi.SecurityContextHolderAwareRequestFilter@ac08a, org.springframework.security.web.authentication.AnonymousAuthenticationFilter@112b010, org.springframework.security.web.session.SessionManagementFilter@1f8fefa, org.springframework.security.web.access.ExceptionTranslationFilter@d856bb, org.springframework.security.web.access.intercept.FilterSecurityInterceptor@1350655]
2021-01-12 14:34:02,352 INFO org.springframework.boot.devtools.autoconfigure.OptionalLiveReloadServer [restartedMain] LiveReload server is running on port 35729
2021-01-12 14:34:02,974 INFO org.apache.juli.logging.DirectJDKLog [restartedMain] Starting ProtocolHandler ["http-nio-8080"]
2021-01-12 14:34:02,978 WARN org.springframework.context.support.AbstractApplicationContext [restartedMain] Exception encountered during context initialization - cancelling refresh attempt: org.springframework.context.ApplicationContextException: Failed to start bean 'webServerStartStop'; nested exception is org.springframework.boot.web.server.PortInUseException: Port 8080 is already in use
2021-01-12 14:34:02,981 INFO org.springframework.orm.jpa.AbstractEntityManagerFactoryBean [restartedMain] Closing JPA EntityManagerFactory for persistence unit 'default'
2021-01-12 14:34:02,981 INFO org.springframework.scheduling.concurrent.ExecutorConfigurationSupport [restartedMain] Shutting down ExecutorService 'applicationTaskExecutor'
2021-01-12 14:34:02,983 INFO com.zaxxer.hikari.HikariDataSource [restartedMain] HikariPool-2 - Shutdown initiated...
2021-01-12 14:34:04,173 INFO com.zaxxer.hikari.HikariDataSource [restartedMain] HikariPool-2 - Shutdown completed.
2021-01-12 14:34:04,177 INFO org.apache.juli.logging.DirectJDKLog [restartedMain] Pausing ProtocolHandler ["http-nio-8080"]
2021-01-12 14:34:04,178 INFO org.apache.juli.logging.DirectJDKLog [restartedMain] Stopping service [Tomcat]
2021-01-12 14:34:04,182 INFO org.apache.juli.logging.DirectJDKLog [restartedMain] Stopping ProtocolHandler ["http-nio-8080"]
2021-01-12 14:34:04,182 INFO org.apache.juli.logging.DirectJDKLog [restartedMain] Destroying ProtocolHandler ["http-nio-8080"]
2021-01-12 14:34:04,191 INFO org.springframework.boot.autoconfigure.logging.ConditionEvaluationReportLoggingListener [restartedMain] 

Error starting ApplicationContext. To display the conditions report re-run your application with 'debug' enabled.
2021-01-12 14:34:04,194 ERROR org.springframework.boot.diagnostics.LoggingFailureAnalysisReporter [restartedMain] 

***************************
APPLICATION FAILED TO START
***************************

Description:

Web server failed to start. Port 8080 was already in use.

Action:

Identify and stop the process that's listening on port 8080 or configure this application to listen on another port.

2021-01-12 14:36:15,850 INFO org.springframework.boot.StartupInfoLogger [restartedMain] Starting PulseWorkFlowApplication on DESKTOP-LN0C744 with PID 18400 (D:\Pulseoftheworkorce\GSS\Dev-WorkSpace\PulseWorkForce\PulseWorkFlow\target\classes started by GSSADMIN in D:\Pulseoftheworkorce\GSS\Dev-WorkSpace\PulseWorkForce\PulseWorkFlow)
2021-01-12 14:36:15,851 INFO org.springframework.boot.SpringApplication [restartedMain] No active profile set, falling back to default profiles: default
2021-01-12 14:36:16,634 INFO org.springframework.data.repository.config.RepositoryConfigurationDelegate [restartedMain] Multiple Spring Data modules found, entering strict repository configuration mode!
2021-01-12 14:36:16,634 INFO org.springframework.data.repository.config.RepositoryConfigurationDelegate [restartedMain] Bootstrapping Spring Data JDBC repositories in DEFAULT mode.
2021-01-12 14:36:16,672 INFO org.springframework.data.repository.config.RepositoryConfigurationExtensionSupport [restartedMain] Spring Data JDBC - Could not safely identify store assignment for repository candidate interface com.gss.pulseworkflow.dao.UserRepository. If you want this repository to be a JDBC repository, consider annotating your entities with one of these annotations: org.springframework.data.relational.core.mapping.Table.
2021-01-12 14:36:16,672 INFO org.springframework.data.repository.config.RepositoryConfigurationDelegate [restartedMain] Finished Spring Data repository scanning in 38ms. Found 0 JDBC repository interfaces.
2021-01-12 14:36:16,678 INFO org.springframework.data.repository.config.RepositoryConfigurationDelegate [restartedMain] Multiple Spring Data modules found, entering strict repository configuration mode!
2021-01-12 14:36:16,678 INFO org.springframework.data.repository.config.RepositoryConfigurationDelegate [restartedMain] Bootstrapping Spring Data JPA repositories in DEFERRED mode.
2021-01-12 14:36:16,704 INFO org.springframework.data.repository.config.RepositoryConfigurationDelegate [restartedMain] Finished Spring Data repository scanning in 25ms. Found 1 JPA repository interfaces.
2021-01-12 14:36:17,105 INFO org.springframework.boot.web.embedded.tomcat.TomcatWebServer [restartedMain] Tomcat initialized with port(s): 8080 (http)
2021-01-12 14:36:17,106 INFO org.apache.juli.logging.DirectJDKLog [restartedMain] Initializing ProtocolHandler ["http-nio-8080"]
2021-01-12 14:36:17,106 INFO org.apache.juli.logging.DirectJDKLog [restartedMain] Starting service [Tomcat]
2021-01-12 14:36:17,107 INFO org.apache.juli.logging.DirectJDKLog [restartedMain] Starting Servlet engine: [Apache Tomcat/9.0.37]
2021-01-12 14:36:17,133 INFO org.apache.juli.logging.DirectJDKLog [restartedMain] Initializing Spring embedded WebApplicationContext
2021-01-12 14:36:17,133 INFO org.springframework.boot.web.servlet.context.ServletWebServerApplicationContext [restartedMain] Root WebApplicationContext: initialization completed in 1279 ms
2021-01-12 14:36:17,274 WARN org.springframework.boot.autoconfigure.orm.jpa.JpaBaseConfiguration$JpaWebConfiguration [restartedMain] spring.jpa.open-in-view is enabled by default. Therefore, database queries may be performed during view rendering. Explicitly configure spring.jpa.open-in-view to disable this warning
2021-01-12 14:36:17,351 INFO org.springframework.scheduling.concurrent.ExecutorConfigurationSupport [restartedMain] Initializing ExecutorService 'applicationTaskExecutor'
2021-01-12 14:36:17,355 INFO com.zaxxer.hikari.HikariDataSource [restartedMain] HikariPool-3 - Starting...
2021-01-12 14:36:20,507 INFO com.zaxxer.hikari.HikariDataSource [restartedMain] HikariPool-3 - Start completed.
2021-01-12 14:36:20,535 INFO org.hibernate.jpa.internal.util.LogHelper [task-1] HHH000204: Processing PersistenceUnitInfo [name: default]
2021-01-12 14:36:20,548 INFO org.hibernate.dialect.Dialect [task-1] HHH000400: Using dialect: org.hibernate.dialect.MySQL57Dialect
2021-01-12 14:36:20,596 INFO org.hibernate.engine.transaction.jta.platform.internal.JtaPlatformInitiator [task-1] HHH000490: Using JtaPlatform implementation: [org.hibernate.engine.transaction.jta.platform.internal.NoJtaPlatform]
2021-01-12 14:36:20,597 INFO org.springframework.orm.jpa.AbstractEntityManagerFactoryBean [task-1] Initialized JPA EntityManagerFactory for persistence unit 'default'
2021-01-12 14:36:20,647 INFO org.springframework.aop.framework.CglibAopProxy [restartedMain] Unable to proxy interface-implementing method [public final void org.springframework.dao.support.DaoSupport.afterPropertiesSet() throws java.lang.IllegalArgumentException,org.springframework.beans.factory.BeanInitializationException] because it is marked as final: Consider using interface-based JDK proxies instead!
2021-01-12 14:36:20,707 INFO org.springframework.aop.framework.CglibAopProxy [restartedMain] Unable to proxy interface-implementing method [public final void org.springframework.dao.support.DaoSupport.afterPropertiesSet() throws java.lang.IllegalArgumentException,org.springframework.beans.factory.BeanInitializationException] because it is marked as final: Consider using interface-based JDK proxies instead!
2021-01-12 14:36:20,743 INFO org.springframework.aop.framework.CglibAopProxy [restartedMain] Unable to proxy interface-implementing method [public final void org.springframework.dao.support.DaoSupport.afterPropertiesSet() throws java.lang.IllegalArgumentException,org.springframework.beans.factory.BeanInitializationException] because it is marked as final: Consider using interface-based JDK proxies instead!
2021-01-12 14:36:20,780 INFO org.springframework.aop.framework.CglibAopProxy [restartedMain] Unable to proxy interface-implementing method [public final void org.springframework.dao.support.DaoSupport.afterPropertiesSet() throws java.lang.IllegalArgumentException,org.springframework.beans.factory.BeanInitializationException] because it is marked as final: Consider using interface-based JDK proxies instead!
2021-01-12 14:36:20,808 INFO org.springframework.aop.framework.CglibAopProxy [restartedMain] Unable to proxy interface-implementing method [public final void org.springframework.dao.support.DaoSupport.afterPropertiesSet() throws java.lang.IllegalArgumentException,org.springframework.beans.factory.BeanInitializationException] because it is marked as final: Consider using interface-based JDK proxies instead!
2021-01-12 14:36:20,829 INFO org.springframework.aop.framework.CglibAopProxy [restartedMain] Unable to proxy interface-implementing method [public final void org.springframework.dao.support.DaoSupport.afterPropertiesSet() throws java.lang.IllegalArgumentException,org.springframework.beans.factory.BeanInitializationException] because it is marked as final: Consider using interface-based JDK proxies instead!
2021-01-12 14:36:20,853 INFO org.springframework.aop.framework.CglibAopProxy [restartedMain] Unable to proxy interface-implementing method [public final void org.springframework.dao.support.DaoSupport.afterPropertiesSet() throws java.lang.IllegalArgumentException,org.springframework.beans.factory.BeanInitializationException] because it is marked as final: Consider using interface-based JDK proxies instead!
2021-01-12 14:36:20,868 INFO org.springframework.aop.framework.CglibAopProxy [restartedMain] Unable to proxy interface-implementing method [public final void org.springframework.dao.support.DaoSupport.afterPropertiesSet() throws java.lang.IllegalArgumentException,org.springframework.beans.factory.BeanInitializationException] because it is marked as final: Consider using interface-based JDK proxies instead!
2021-01-12 14:36:20,878 INFO org.springframework.aop.framework.CglibAopProxy [restartedMain] Unable to proxy interface-implementing method [public final void org.springframework.dao.support.DaoSupport.afterPropertiesSet() throws java.lang.IllegalArgumentException,org.springframework.beans.factory.BeanInitializationException] because it is marked as final: Consider using interface-based JDK proxies instead!
2021-01-12 14:36:20,886 INFO org.springframework.aop.framework.CglibAopProxy [restartedMain] Unable to proxy interface-implementing method [public final void org.springframework.dao.support.DaoSupport.afterPropertiesSet() throws java.lang.IllegalArgumentException,org.springframework.beans.factory.BeanInitializationException] because it is marked as final: Consider using interface-based JDK proxies instead!
2021-01-12 14:36:21,162 INFO org.springframework.boot.actuate.endpoint.web.EndpointLinksResolver [restartedMain] Exposing 2 endpoint(s) beneath base path '/actuator'
2021-01-12 14:36:21,230 INFO org.springframework.security.web.DefaultSecurityFilterChain [restartedMain] Creating filter chain: any request, [org.springframework.security.web.context.request.async.WebAsyncManagerIntegrationFilter@c691db, org.springframework.security.web.context.SecurityContextPersistenceFilter@4b8b70, org.springframework.security.web.header.HeaderWriterFilter@1446494, org.springframework.web.filter.CorsFilter@1dbb896, org.springframework.security.web.authentication.logout.LogoutFilter@1d4936a, com.gss.pulseworkflow.oauth.filter.PulseLoginFilter@5dcfc1, com.gss.pulseworkflow.oauth.filter.PulseAccessTokenFilter@dbb2da, com.gss.pulseworkflow.oauth.filter.PulseTokenCheckerFilter@ac796, org.springframework.security.web.savedrequest.RequestCacheAwareFilter@1f3a781, org.springframework.security.web.servletapi.SecurityContextHolderAwareRequestFilter@1ed00ef, org.springframework.security.web.authentication.AnonymousAuthenticationFilter@1df18a6, org.springframework.security.web.session.SessionManagementFilter@168b73d, org.springframework.security.web.access.ExceptionTranslationFilter@8eb7f7, org.springframework.security.web.access.intercept.FilterSecurityInterceptor@1d85326]
2021-01-12 14:36:21,303 INFO org.springframework.boot.devtools.autoconfigure.OptionalLiveReloadServer [restartedMain] LiveReload server is running on port 35729
2021-01-12 14:36:21,784 INFO org.apache.juli.logging.DirectJDKLog [restartedMain] Starting ProtocolHandler ["http-nio-8080"]
2021-01-12 14:36:21,785 WARN org.springframework.context.support.AbstractApplicationContext [restartedMain] Exception encountered during context initialization - cancelling refresh attempt: org.springframework.context.ApplicationContextException: Failed to start bean 'webServerStartStop'; nested exception is org.springframework.boot.web.server.PortInUseException: Port 8080 is already in use
2021-01-12 14:36:21,788 INFO org.springframework.orm.jpa.AbstractEntityManagerFactoryBean [restartedMain] Closing JPA EntityManagerFactory for persistence unit 'default'
2021-01-12 14:36:21,789 INFO org.springframework.scheduling.concurrent.ExecutorConfigurationSupport [restartedMain] Shutting down ExecutorService 'applicationTaskExecutor'
2021-01-12 14:36:21,791 INFO com.zaxxer.hikari.HikariDataSource [restartedMain] HikariPool-3 - Shutdown initiated...
2021-01-12 14:36:23,208 INFO com.zaxxer.hikari.HikariDataSource [restartedMain] HikariPool-3 - Shutdown completed.
2021-01-12 14:36:23,212 INFO org.apache.juli.logging.DirectJDKLog [restartedMain] Pausing ProtocolHandler ["http-nio-8080"]
2021-01-12 14:36:23,213 INFO org.apache.juli.logging.DirectJDKLog [restartedMain] Stopping service [Tomcat]
2021-01-12 14:36:23,220 INFO org.apache.juli.logging.DirectJDKLog [restartedMain] Stopping ProtocolHandler ["http-nio-8080"]
2021-01-12 14:36:23,221 INFO org.apache.juli.logging.DirectJDKLog [restartedMain] Destroying ProtocolHandler ["http-nio-8080"]
2021-01-12 14:36:23,234 INFO org.springframework.boot.autoconfigure.logging.ConditionEvaluationReportLoggingListener [restartedMain] 

Error starting ApplicationContext. To display the conditions report re-run your application with 'debug' enabled.
2021-01-12 14:36:23,235 ERROR org.springframework.boot.diagnostics.LoggingFailureAnalysisReporter [restartedMain] 

***************************
APPLICATION FAILED TO START
***************************

Description:

Web server failed to start. Port 8080 was already in use.

Action:

Identify and stop the process that's listening on port 8080 or configure this application to listen on another port.

2021-01-12 14:45:49,445 INFO org.springframework.boot.StartupInfoLogger [restartedMain] Starting PulseWorkFlowApplication on DESKTOP-LN0C744 with PID 18400 (D:\Pulseoftheworkorce\GSS\Dev-WorkSpace\PulseWorkForce\PulseWorkFlow\target\classes started by GSSADMIN in D:\Pulseoftheworkorce\GSS\Dev-WorkSpace\PulseWorkForce\PulseWorkFlow)
2021-01-12 14:45:49,445 INFO org.springframework.boot.SpringApplication [restartedMain] No active profile set, falling back to default profiles: default
2021-01-12 14:45:50,349 INFO org.springframework.data.repository.config.RepositoryConfigurationDelegate [restartedMain] Multiple Spring Data modules found, entering strict repository configuration mode!
2021-01-12 14:45:50,350 INFO org.springframework.data.repository.config.RepositoryConfigurationDelegate [restartedMain] Bootstrapping Spring Data JDBC repositories in DEFAULT mode.
2021-01-12 14:45:50,404 INFO org.springframework.data.repository.config.RepositoryConfigurationExtensionSupport [restartedMain] Spring Data JDBC - Could not safely identify store assignment for repository candidate interface com.gss.pulseworkflow.dao.UserRepository. If you want this repository to be a JDBC repository, consider annotating your entities with one of these annotations: org.springframework.data.relational.core.mapping.Table.
2021-01-12 14:45:50,404 INFO org.springframework.data.repository.config.RepositoryConfigurationDelegate [restartedMain] Finished Spring Data repository scanning in 53ms. Found 0 JDBC repository interfaces.
2021-01-12 14:45:50,413 INFO org.springframework.data.repository.config.RepositoryConfigurationDelegate [restartedMain] Multiple Spring Data modules found, entering strict repository configuration mode!
2021-01-12 14:45:50,414 INFO org.springframework.data.repository.config.RepositoryConfigurationDelegate [restartedMain] Bootstrapping Spring Data JPA repositories in DEFERRED mode.
2021-01-12 14:45:50,448 INFO org.springframework.data.repository.config.RepositoryConfigurationDelegate [restartedMain] Finished Spring Data repository scanning in 33ms. Found 1 JPA repository interfaces.
2021-01-12 14:45:50,883 INFO org.springframework.boot.web.embedded.tomcat.TomcatWebServer [restartedMain] Tomcat initialized with port(s): 2017 (http)
2021-01-12 14:45:50,884 INFO org.apache.juli.logging.DirectJDKLog [restartedMain] Initializing ProtocolHandler ["http-nio-2017"]
2021-01-12 14:45:50,884 INFO org.apache.juli.logging.DirectJDKLog [restartedMain] Starting service [Tomcat]
2021-01-12 14:45:50,885 INFO org.apache.juli.logging.DirectJDKLog [restartedMain] Starting Servlet engine: [Apache Tomcat/9.0.37]
2021-01-12 14:45:50,912 INFO org.apache.juli.logging.DirectJDKLog [restartedMain] Initializing Spring embedded WebApplicationContext
2021-01-12 14:45:50,913 INFO org.springframework.boot.web.servlet.context.ServletWebServerApplicationContext [restartedMain] Root WebApplicationContext: initialization completed in 1464 ms
2021-01-12 14:45:51,066 WARN org.springframework.boot.autoconfigure.orm.jpa.JpaBaseConfiguration$JpaWebConfiguration [restartedMain] spring.jpa.open-in-view is enabled by default. Therefore, database queries may be performed during view rendering. Explicitly configure spring.jpa.open-in-view to disable this warning
2021-01-12 14:45:51,146 INFO org.springframework.scheduling.concurrent.ExecutorConfigurationSupport [restartedMain] Initializing ExecutorService 'applicationTaskExecutor'
2021-01-12 14:45:51,150 INFO com.zaxxer.hikari.HikariDataSource [restartedMain] HikariPool-4 - Starting...
2021-01-12 14:45:54,283 INFO com.zaxxer.hikari.HikariDataSource [restartedMain] HikariPool-4 - Start completed.
2021-01-12 14:45:54,298 INFO org.hibernate.jpa.internal.util.LogHelper [task-1] HHH000204: Processing PersistenceUnitInfo [name: default]
2021-01-12 14:45:54,310 INFO org.hibernate.dialect.Dialect [task-1] HHH000400: Using dialect: org.hibernate.dialect.MySQL57Dialect
2021-01-12 14:45:54,370 INFO org.hibernate.engine.transaction.jta.platform.internal.JtaPlatformInitiator [task-1] HHH000490: Using JtaPlatform implementation: [org.hibernate.engine.transaction.jta.platform.internal.NoJtaPlatform]
2021-01-12 14:45:54,372 INFO org.springframework.orm.jpa.AbstractEntityManagerFactoryBean [task-1] Initialized JPA EntityManagerFactory for persistence unit 'default'
2021-01-12 14:45:54,422 INFO org.springframework.aop.framework.CglibAopProxy [restartedMain] Unable to proxy interface-implementing method [public final void org.springframework.dao.support.DaoSupport.afterPropertiesSet() throws java.lang.IllegalArgumentException,org.springframework.beans.factory.BeanInitializationException] because it is marked as final: Consider using interface-based JDK proxies instead!
2021-01-12 14:45:54,475 INFO org.springframework.aop.framework.CglibAopProxy [restartedMain] Unable to proxy interface-implementing method [public final void org.springframework.dao.support.DaoSupport.afterPropertiesSet() throws java.lang.IllegalArgumentException,org.springframework.beans.factory.BeanInitializationException] because it is marked as final: Consider using interface-based JDK proxies instead!
2021-01-12 14:45:54,500 INFO org.springframework.aop.framework.CglibAopProxy [restartedMain] Unable to proxy interface-implementing method [public final void org.springframework.dao.support.DaoSupport.afterPropertiesSet() throws java.lang.IllegalArgumentException,org.springframework.beans.factory.BeanInitializationException] because it is marked as final: Consider using interface-based JDK proxies instead!
2021-01-12 14:45:54,536 INFO org.springframework.aop.framework.CglibAopProxy [restartedMain] Unable to proxy interface-implementing method [public final void org.springframework.dao.support.DaoSupport.afterPropertiesSet() throws java.lang.IllegalArgumentException,org.springframework.beans.factory.BeanInitializationException] because it is marked as final: Consider using interface-based JDK proxies instead!
2021-01-12 14:45:54,553 INFO org.springframework.aop.framework.CglibAopProxy [restartedMain] Unable to proxy interface-implementing method [public final void org.springframework.dao.support.DaoSupport.afterPropertiesSet() throws java.lang.IllegalArgumentException,org.springframework.beans.factory.BeanInitializationException] because it is marked as final: Consider using interface-based JDK proxies instead!
2021-01-12 14:45:54,577 INFO org.springframework.aop.framework.CglibAopProxy [restartedMain] Unable to proxy interface-implementing method [public final void org.springframework.dao.support.DaoSupport.afterPropertiesSet() throws java.lang.IllegalArgumentException,org.springframework.beans.factory.BeanInitializationException] because it is marked as final: Consider using interface-based JDK proxies instead!
2021-01-12 14:45:54,607 INFO org.springframework.aop.framework.CglibAopProxy [restartedMain] Unable to proxy interface-implementing method [public final void org.springframework.dao.support.DaoSupport.afterPropertiesSet() throws java.lang.IllegalArgumentException,org.springframework.beans.factory.BeanInitializationException] because it is marked as final: Consider using interface-based JDK proxies instead!
2021-01-12 14:45:54,622 INFO org.springframework.aop.framework.CglibAopProxy [restartedMain] Unable to proxy interface-implementing method [public final void org.springframework.dao.support.DaoSupport.afterPropertiesSet() throws java.lang.IllegalArgumentException,org.springframework.beans.factory.BeanInitializationException] because it is marked as final: Consider using interface-based JDK proxies instead!
2021-01-12 14:45:54,633 INFO org.springframework.aop.framework.CglibAopProxy [restartedMain] Unable to proxy interface-implementing method [public final void org.springframework.dao.support.DaoSupport.afterPropertiesSet() throws java.lang.IllegalArgumentException,org.springframework.beans.factory.BeanInitializationException] because it is marked as final: Consider using interface-based JDK proxies instead!
2021-01-12 14:45:54,644 INFO org.springframework.aop.framework.CglibAopProxy [restartedMain] Unable to proxy interface-implementing method [public final void org.springframework.dao.support.DaoSupport.afterPropertiesSet() throws java.lang.IllegalArgumentException,org.springframework.beans.factory.BeanInitializationException] because it is marked as final: Consider using interface-based JDK proxies instead!
2021-01-12 14:45:54,984 INFO org.springframework.boot.actuate.endpoint.web.EndpointLinksResolver [restartedMain] Exposing 2 endpoint(s) beneath base path '/actuator'
2021-01-12 14:45:55,061 INFO org.springframework.security.web.DefaultSecurityFilterChain [restartedMain] Creating filter chain: any request, [org.springframework.security.web.context.request.async.WebAsyncManagerIntegrationFilter@83bb44, org.springframework.security.web.context.SecurityContextPersistenceFilter@4ed9ba, org.springframework.security.web.header.HeaderWriterFilter@eca78e, org.springframework.web.filter.CorsFilter@16fafaf, org.springframework.security.web.authentication.logout.LogoutFilter@15d19ca, com.gss.pulseworkflow.oauth.filter.PulseLoginFilter@63662e, com.gss.pulseworkflow.oauth.filter.PulseAccessTokenFilter@7769b2, com.gss.pulseworkflow.oauth.filter.PulseTokenCheckerFilter@d1505, org.springframework.security.web.savedrequest.RequestCacheAwareFilter@4d52ba, org.springframework.security.web.servletapi.SecurityContextHolderAwareRequestFilter@14259aa, org.springframework.security.web.authentication.AnonymousAuthenticationFilter@f19636, org.springframework.security.web.session.SessionManagementFilter@1d8de5, org.springframework.security.web.access.ExceptionTranslationFilter@d55819, org.springframework.security.web.access.intercept.FilterSecurityInterceptor@d60386]
2021-01-12 14:45:55,117 INFO org.springframework.boot.devtools.autoconfigure.OptionalLiveReloadServer [restartedMain] LiveReload server is running on port 35729
2021-01-12 14:45:55,616 INFO org.apache.juli.logging.DirectJDKLog [restartedMain] Starting ProtocolHandler ["http-nio-2017"]
2021-01-12 14:45:55,620 INFO org.springframework.boot.web.embedded.tomcat.TomcatWebServer [restartedMain] Tomcat started on port(s): 2017 (http) with context path ''
2021-01-12 14:45:56,347 WARN springfox.documentation.schema.property.CachingModelPropertiesProvider [restartedMain] Exception calculating properties for model(com.gss.pulseworkflow.model.AccessTokenResponse) -> ModelContext{groupName=default, type=com.gss.pulseworkflow.model.AccessTokenResponse, isReturnType=true, view=Optional.empty}. Duplicate key [Property 'access_token'; ctors: null, field(s): null, getter(s): null, setter(s): [method com.gss.pulseworkflow.model.AccessTokenResponse#setAccessToken(1 params)][visible=true,ignore=false,explicitName=true]]
2021-01-12 14:45:56,348 WARN springfox.documentation.schema.property.CachingModelPropertiesProvider [restartedMain] Exception calculating properties for model(com.gss.pulseworkflow.model.AccessTokenResponse) -> ModelContext{groupName=default, type=com.gss.pulseworkflow.model.AccessTokenResponse, isReturnType=true, view=Optional.empty}. Duplicate key [Property 'access_token'; ctors: null, field(s): null, getter(s): null, setter(s): [method com.gss.pulseworkflow.model.AccessTokenResponse#setAccessToken(1 params)][visible=true,ignore=false,explicitName=true]]
2021-01-12 14:45:56,349 WARN springfox.documentation.schema.property.CachingModelPropertiesProvider [restartedMain] Exception calculating properties for model(com.gss.pulseworkflow.model.AccessTokenResponse) -> ModelContext{groupName=default, type=com.gss.pulseworkflow.model.AccessTokenResponse, isReturnType=true, view=Optional.empty}. Duplicate key [Property 'access_token'; ctors: null, field(s): null, getter(s): null, setter(s): [method com.gss.pulseworkflow.model.AccessTokenResponse#setAccessToken(1 params)][visible=true,ignore=false,explicitName=true]]
2021-01-12 14:45:56,354 WARN springfox.documentation.schema.property.CachingModelPropertiesProvider [restartedMain] Exception calculating properties for model(com.gss.pulseworkflow.model.AccessTokenResponse) -> ModelContext{groupName=default, type=com.gss.pulseworkflow.model.AccessTokenResponse, isReturnType=true, view=Optional.empty}. Duplicate key [Property 'access_token'; ctors: null, field(s): null, getter(s): null, setter(s): [method com.gss.pulseworkflow.model.AccessTokenResponse#setAccessToken(1 params)][visible=true,ignore=false,explicitName=true]]
2021-01-12 14:45:56,523 INFO org.springframework.data.repository.config.DeferredRepositoryInitializationListener [restartedMain] Triggering deferred initialization of Spring Data repositories…
2021-01-12 14:45:56,591 INFO org.springframework.data.repository.config.DeferredRepositoryInitializationListener [restartedMain] Spring Data repositories initialized!
2021-01-12 14:45:56,601 INFO org.springframework.boot.StartupInfoLogger [restartedMain] Started PulseWorkFlowApplication in 7.207 seconds (JVM running for 2571.428)
2021-01-12 14:45:56,605 INFO org.springframework.boot.devtools.autoconfigure.ConditionEvaluationDeltaLoggingListener [restartedMain] Condition evaluation unchanged
2021-01-12 14:46:04,278 INFO org.springframework.boot.admin.SpringApplicationAdminMXBeanRegistrar$SpringApplicationAdmin [RMI TCP Connection(46)-127.0.0.1] Application shutdown requested.
2021-01-12 14:46:04,554 INFO org.springframework.orm.jpa.AbstractEntityManagerFactoryBean [RMI TCP Connection(46)-127.0.0.1] Closing JPA EntityManagerFactory for persistence unit 'default'
2021-01-12 14:46:04,555 INFO org.springframework.scheduling.concurrent.ExecutorConfigurationSupport [RMI TCP Connection(46)-127.0.0.1] Shutting down ExecutorService 'applicationTaskExecutor'
2021-01-12 14:46:04,556 INFO com.zaxxer.hikari.HikariDataSource [RMI TCP Connection(46)-127.0.0.1] HikariPool-4 - Shutdown initiated...
2021-01-12 14:46:04,668 INFO com.zaxxer.hikari.HikariDataSource [RMI TCP Connection(46)-127.0.0.1] HikariPool-4 - Shutdown completed.
